2023-11-04 01:51:45,496 [INFO] Activator:176 - 


2023-11-04 01:51:45,498 [INFO] Activator:177 - !SESSION log4j initialized
2023-11-04 01:51:48,424 [INFO] LogOutputStream:77 - [STDOUT_REDIRECT] 
2023-11-04 01:51:52,393 [INFO] ApplicationProperties:184 - Using Application install path: /opt/st/stm32cubeide_1.13.2/plugins/com.st.stm32cube.common.mx_6.9.2.202309101412
2023-11-04 01:51:52,421 [INFO] DbMcusXml:78 - Set database path to: /opt/st/stm32cubeide_1.13.2/plugins/com.st.stm32cube.common.mx_6.9.2.202309101412//db//mcu/
2023-11-04 01:51:52,423 [INFO] ApiDb:274 - Set plugin database path to: /opt/st/stm32cubeide_1.13.2/plugins/com.st.stm32cube.common.mx_6.9.2.202309101412//db//plugins/boardmanager/
2023-11-04 01:51:52,424 [WARN] ApiDb:259 - Overriding images path with different value:  => /opt/st/stm32cubeide_1.13.2/plugins/com.st.stm32cube.common.mx_6.9.2.202309101412//db//plugins/mcufinder/images/
2023-11-04 01:51:52,440 [INFO] ApiDb:250 - Set database path to: /home/tux/.stmcufinder/plugins/mcufinder//mcu/
2023-11-04 01:51:52,443 [INFO] DbMcusAds:125 - Set database path to: /home/tux/.stmcufinder/plugins/mcufinder//mcu/
2023-11-04 01:51:52,446 [INFO] CrossReferenceDbSqlite:203 - Set database path to: /home/tux/.stmcufinder/plugins/mcufinder//mcu/cs/
2023-11-04 01:51:52,712 [INFO] RulesReader:64 - Compatibility file has been processed (293 Rules)
2023-11-04 01:51:52,887 [INFO] DbMcusXml:78 - Set database path to: /opt/st/stm32cubeide_1.13.2/plugins/com.st.stm32cube.common.mx_6.9.2.202309101412//db//mcu/
2023-11-04 01:51:52,887 [INFO] ApiDb:274 - Set plugin database path to: /opt/st/stm32cubeide_1.13.2/plugins/com.st.stm32cube.common.mx_6.9.2.202309101412//db//plugins/boardmanager/
2023-11-04 01:51:52,888 [INFO] ApiDb:261 - Set plugin images path to: /opt/st/stm32cubeide_1.13.2/plugins/com.st.stm32cube.common.mx_6.9.2.202309101412//db//plugins/mcufinder/images/
2023-11-04 01:51:52,889 [WARN] DbFile:41 - Overriding database path with different value: /home/tux/.stmcufinder/plugins/mcufinder/ => /home/tux/.stmcufinder/plugins/mcufinder
2023-11-04 01:51:52,889 [INFO] ApiDb:250 - Set database path to: /home/tux/.stmcufinder/plugins/mcufinder//mcu/
2023-11-04 01:51:52,890 [WARN] DbFile:41 - Overriding database path with different value: /home/tux/.stmcufinder/plugins/mcufinder/ => /home/tux/.stmcufinder/plugins/mcufinder
2023-11-04 01:51:52,890 [INFO] DbMcusAds:125 - Set database path to: /home/tux/.stmcufinder/plugins/mcufinder//mcu/
2023-11-04 01:51:52,890 [WARN] DbFile:41 - Overriding database path with different value: /home/tux/.stmcufinder/plugins/mcufinder/ => /home/tux/.stmcufinder/plugins/mcufinder
2023-11-04 01:51:52,891 [WARN] DbFile:41 - Overriding database path with different value: /home/tux/.stmcufinder/plugins/mcufinder/ => /home/tux/.stmcufinder/plugins/mcufinder
2023-11-04 01:51:52,892 [INFO] CrossReferenceDbSqlite:203 - Set database path to: /home/tux/.stmcufinder/plugins/mcufinder//mcu/cs/
2023-11-04 01:51:53,041 [INFO] MainPanel:262 - HeapMemory: 268435456
2023-11-04 01:51:53,161 [INFO] DbMcusXml:78 - Set database path to: /opt/st/stm32cubeide_1.13.2/plugins/com.st.stm32cube.common.mx_6.9.2.202309101412//db//mcu/
2023-11-04 01:51:53,162 [INFO] ApiDb:274 - Set plugin database path to: /opt/st/stm32cubeide_1.13.2/plugins/com.st.stm32cube.common.mx_6.9.2.202309101412//db//plugins/boardmanager/
2023-11-04 01:51:53,162 [INFO] ApiDb:261 - Set plugin images path to: /opt/st/stm32cubeide_1.13.2/plugins/com.st.stm32cube.common.mx_6.9.2.202309101412//db//plugins/mcufinder/images/
2023-11-04 01:51:53,163 [WARN] DbFile:41 - Overriding database path with different value: /home/tux/.stmcufinder/plugins/mcufinder/ => /home/tux/.stmcufinder/plugins/mcufinder
2023-11-04 01:51:53,164 [INFO] ApiDb:250 - Set database path to: /home/tux/.stmcufinder/plugins/mcufinder//mcu/
2023-11-04 01:51:53,164 [WARN] DbFile:41 - Overriding database path with different value: /home/tux/.stmcufinder/plugins/mcufinder/ => /home/tux/.stmcufinder/plugins/mcufinder
2023-11-04 01:51:53,165 [INFO] DbMcusAds:125 - Set database path to: /home/tux/.stmcufinder/plugins/mcufinder//mcu/
2023-11-04 01:51:53,165 [WARN] DbFile:41 - Overriding database path with different value: /home/tux/.stmcufinder/plugins/mcufinder/ => /home/tux/.stmcufinder/plugins/mcufinder
2023-11-04 01:51:53,165 [WARN] DbFile:41 - Overriding database path with different value: /home/tux/.stmcufinder/plugins/mcufinder/ => /home/tux/.stmcufinder/plugins/mcufinder
2023-11-04 01:51:53,165 [INFO] CrossReferenceDbSqlite:203 - Set database path to: /home/tux/.stmcufinder/plugins/mcufinder//mcu/cs/
2023-11-04 01:51:53,193 [INFO] ApplicationProperties:184 - Using Application install path: /opt/st/stm32cubeide_1.13.2/plugins/com.st.stm32cube.common.mx_6.9.2.202309101412
2023-11-04 01:51:53,195 [INFO] PluginManage:196 - Search for loadable plugins [exclusion list=, ]
2023-11-04 01:51:53,198 [INFO] PluginManage:310 - Check plugin analytics
2023-11-04 01:51:53,462 [INFO] AnalyticsPlugin:253 - Accepted Software Licenses: 
2023-11-04 01:51:53,463 [INFO] AnalyticsPlugin:255 - Accepted CMSIS Pack Licenses: 
2023-11-04 01:51:53,463 [INFO] AnalyticsPlugin:257 - Accepted Firmware Licenses: 
2023-11-04 01:51:53,466 [INFO] PluginManage:359 - Loaded plugin analytics (category:tool,tabindex:-1)
2023-11-04 01:51:53,466 [INFO] PluginManage:310 - Check plugin cadmodel
2023-11-04 01:51:53,514 [INFO] CADModel:105 - Init CAD model plugin
2023-11-04 01:51:53,515 [INFO] PluginManage:359 - Loaded plugin cadmodel (category:power,tabindex:5)
2023-11-04 01:51:53,516 [INFO] PluginManage:310 - Check plugin clock
2023-11-04 01:51:53,550 [INFO] PluginManage:359 - Loaded plugin clock (category:base,tabindex:2)
2023-11-04 01:51:53,550 [INFO] PluginManage:310 - Check plugin ddr
2023-11-04 01:51:53,559 [INFO] PluginManage:359 - Loaded plugin ddr (category:tool,tabindex:6)
2023-11-04 01:51:53,560 [INFO] PluginManage:310 - Check plugin filemanager
2023-11-04 01:51:53,826 [INFO] PluginManage:359 - Loaded plugin filemanager (category:base,tabindex:10)
2023-11-04 01:51:53,826 [INFO] PluginManage:310 - Check plugin ipmanager
2023-11-04 01:51:53,837 [INFO] PluginManage:359 - Loaded plugin ipmanager (category:base,tabindex:5)
2023-11-04 01:51:53,837 [INFO] PluginManage:310 - Check plugin lpbam
2023-11-04 01:51:53,858 [INFO] PluginManage:359 - Loaded plugin lpbam (category:base,tabindex:0)
2023-11-04 01:51:53,859 [INFO] PluginManage:310 - Check plugin memorymap
2023-11-04 01:51:53,883 [INFO] PluginManage:359 - Loaded plugin memorymap (category:base,tabindex:4)
2023-11-04 01:51:53,884 [INFO] PluginManage:310 - Check plugin pinoutandconfiguration
2023-11-04 01:51:53,899 [INFO] PluginManage:359 - Loaded plugin pinoutandconfiguration (category:base,tabindex:1)
2023-11-04 01:51:53,899 [INFO] PluginManage:310 - Check plugin pinoutconfig
2023-11-04 01:51:54,085 [WARN] SupportedApi:132 - Cannot load RTOS API schema: s4s-elt-must-match.1: The content of 'definitions' must match (annotation?, (simpleType | complexType)?, (unique | key | keyref)*)). A problem was found starting at: attribute.
2023-11-04 01:51:54,413 [INFO] PluginManage:359 - Loaded plugin pinoutconfig (category:base,tabindex:0)
2023-11-04 01:51:54,413 [INFO] PluginManage:310 - Check plugin power
2023-11-04 01:51:54,433 [INFO] PluginManage:359 - Loaded plugin power (category:power,tabindex:4)
2023-11-04 01:51:54,434 [INFO] PluginManage:310 - Check plugin projectmanager
2023-11-04 01:51:54,468 [INFO] PluginManage:359 - Loaded plugin projectmanager (category:projectmanager,tabindex:3)
2023-11-04 01:51:54,468 [INFO] PluginManage:310 - Check plugin thirdparty
2023-11-04 01:51:54,795 [INFO] PluginManage:359 - Loaded plugin thirdparty (category:base,tabindex:-1)
2023-11-04 01:51:54,796 [INFO] PluginManage:310 - Check plugin tools
2023-11-04 01:51:54,803 [INFO] PluginManage:359 - Loaded plugin tools (category:base,tabindex:7)
2023-11-04 01:51:54,803 [INFO] PluginManage:310 - Check plugin tutovideos
2023-11-04 01:51:54,801 [WARN] IntegrityCheckThread:84 - waiting for thirdparty lock release [integrity check]
2023-11-04 01:51:54,808 [INFO] IntegrityCheckThread:86 - entering critical section [integrity check]
2023-11-04 01:51:54,810 [INFO] ThirdPartyUpdaterWithRetryManager:70 - Updater plugin not ready yet. [1/15]
2023-11-04 01:51:55,003 [INFO] PluginManage:359 - Loaded plugin tutovideos (category:base,tabindex:-1)
2023-11-04 01:51:55,003 [INFO] PluginManage:310 - Check plugin updater
2023-11-04 01:51:55,015 [INFO] PluginManage:359 - Loaded plugin updater (category:base,tabindex:12)
2023-11-04 01:51:55,015 [INFO] PluginManage:310 - Check plugin userauth
2023-11-04 01:51:55,022 [INFO] UserAuth:113 - Init User Auth plugin
2023-11-04 01:51:55,022 [INFO] PluginManage:359 - Loaded plugin userauth (category:base,tabindex:14)
2023-11-04 01:51:55,023 [INFO] PluginManage:283 - PluginManage : Loaded plugins [17]
2023-11-04 01:51:55,241 [INFO] PinOutPanel:1499 - setPackage(No Configuration,No Configuration)
2023-11-04 01:51:55,343 [INFO] CADModel:165 - CPN selected for project level
2023-11-04 01:51:55,343 [INFO] CADModel:114 - Register for checkConnection events
2023-11-04 01:51:55,350 [INFO] IPUIPlugin:80 - create IPUIPlugin
2023-11-04 01:51:55,350 [INFO] PluginManager:220 - loadIPPluginJar : add tsc
2023-11-04 01:51:55,353 [INFO] IPUIPlugin:80 - create IPUIPlugin
2023-11-04 01:51:55,354 [INFO] PluginManager:220 - loadIPPluginJar : add i2c
2023-11-04 01:51:55,355 [INFO] IPUIPlugin:80 - create IPUIPlugin
2023-11-04 01:51:55,356 [INFO] PluginManager:220 - loadIPPluginJar : add can
2023-11-04 01:51:55,359 [INFO] IPUIPlugin:80 - create IPUIPlugin
2023-11-04 01:51:55,360 [INFO] PluginManager:220 - loadIPPluginJar : add resmgrutility
2023-11-04 01:51:55,361 [INFO] IPUIPlugin:80 - create IPUIPlugin
2023-11-04 01:51:55,361 [INFO] PluginManager:220 - loadIPPluginJar : add ts
2023-11-04 01:51:55,364 [INFO] IPUIPlugin:80 - create IPUIPlugin
2023-11-04 01:51:55,364 [INFO] PluginManager:220 - loadIPPluginJar : add touchsensing
2023-11-04 01:51:55,365 [INFO] IPUIPlugin:80 - create IPUIPlugin
2023-11-04 01:51:55,365 [INFO] PluginManager:220 - loadIPPluginJar : add ltdc
2023-11-04 01:51:55,368 [INFO] IPUIPlugin:80 - create IPUIPlugin
2023-11-04 01:51:55,369 [INFO] PluginManager:220 - loadIPPluginJar : add gpio
2023-11-04 01:51:55,370 [INFO] IPUIPlugin:80 - create IPUIPlugin
2023-11-04 01:51:55,371 [INFO] PluginManager:220 - loadIPPluginJar : add aes
2023-11-04 01:51:55,373 [INFO] IPUIPlugin:80 - create IPUIPlugin
2023-11-04 01:51:55,373 [INFO] PluginManager:220 - loadIPPluginJar : add nvic
2023-11-04 01:51:55,375 [INFO] IPUIPlugin:80 - create IPUIPlugin
2023-11-04 01:51:55,375 [INFO] PluginManager:220 - loadIPPluginJar : add hash
2023-11-04 01:51:55,379 [INFO] IPUIPlugin:80 - create IPUIPlugin
2023-11-04 01:51:55,382 [INFO] PluginManager:220 - loadIPPluginJar : add plateformsettings
2023-11-04 01:51:55,383 [INFO] IPUIPlugin:80 - create IPUIPlugin
2023-11-04 01:51:55,383 [INFO] PluginManager:220 - loadIPPluginJar : add quadspi
2023-11-04 01:51:55,387 [INFO] IPUIPlugin:80 - create IPUIPlugin
2023-11-04 01:51:55,387 [INFO] PluginManager:220 - loadIPPluginJar : add gic
2023-11-04 01:51:55,391 [INFO] IPUIPlugin:80 - create IPUIPlugin
2023-11-04 01:51:55,392 [INFO] PluginManager:220 - loadIPPluginJar : add freertos
2023-11-04 01:51:55,393 [INFO] IPUIPlugin:80 - create IPUIPlugin
2023-11-04 01:51:55,393 [INFO] PluginManager:220 - loadIPPluginJar : add comp
2023-11-04 01:51:55,396 [INFO] IPUIPlugin:80 - create IPUIPlugin
2023-11-04 01:51:55,396 [INFO] PluginManager:220 - loadIPPluginJar : add ipddr
2023-11-04 01:51:55,400 [INFO] IPUIPlugin:80 - create IPUIPlugin
2023-11-04 01:51:55,400 [INFO] PluginManager:220 - loadIPPluginJar : add stm32_wpan
2023-11-04 01:51:55,402 [INFO] IPUIPlugin:80 - create IPUIPlugin
2023-11-04 01:51:55,402 [INFO] PluginManager:220 - loadIPPluginJar : add dma3
2023-11-04 01:51:55,404 [INFO] IPUIPlugin:80 - create IPUIPlugin
2023-11-04 01:51:55,404 [INFO] PluginManager:220 - loadIPPluginJar : add i3c
2023-11-04 01:51:55,406 [INFO] IPUIPlugin:80 - create IPUIPlugin
2023-11-04 01:51:55,406 [INFO] PluginManager:220 - loadIPPluginJar : add tracer_emb
2023-11-04 01:51:55,409 [INFO] IPUIPlugin:80 - create IPUIPlugin
2023-11-04 01:51:55,409 [INFO] PluginManager:220 - loadIPPluginJar : add fmc
2023-11-04 01:51:55,411 [INFO] IPUIPlugin:80 - create IPUIPlugin
2023-11-04 01:51:55,412 [INFO] PluginManager:220 - loadIPPluginJar : add dfsdm
2023-11-04 01:51:55,416 [INFO] IPUIPlugin:80 - create IPUIPlugin
2023-11-04 01:51:55,416 [INFO] PluginManager:220 - loadIPPluginJar : add dma
2023-11-04 01:51:55,418 [INFO] IPUIPlugin:80 - create IPUIPlugin
2023-11-04 01:51:55,418 [INFO] PluginManager:220 - loadIPPluginJar : add fatfs
2023-11-04 01:51:55,421 [INFO] IPUIPlugin:80 - create IPUIPlugin
2023-11-04 01:51:55,421 [INFO] PluginManager:220 - loadIPPluginJar : add sai
2023-11-04 01:51:55,426 [INFO] IPUIPlugin:80 - create IPUIPlugin
2023-11-04 01:51:55,427 [INFO] PluginManager:220 - loadIPPluginJar : add linkedlist
2023-11-04 01:51:55,429 [INFO] IPUIPlugin:80 - create IPUIPlugin
2023-11-04 01:51:55,429 [INFO] PluginManager:220 - loadIPPluginJar : add spi
2023-11-04 01:51:55,431 [INFO] IPUIPlugin:80 - create IPUIPlugin
2023-11-04 01:51:55,431 [INFO] PluginManager:220 - loadIPPluginJar : add i2s
2023-11-04 01:51:55,438 [INFO] IPUIPlugin:80 - create IPUIPlugin
2023-11-04 01:51:55,438 [INFO] PluginManager:220 - loadIPPluginJar : add mdma
2023-11-04 01:51:55,440 [INFO] IPUIPlugin:80 - create IPUIPlugin
2023-11-04 01:51:55,440 [INFO] PluginManager:220 - loadIPPluginJar : add tim
2023-11-04 01:51:55,442 [INFO] IPUIPlugin:80 - create IPUIPlugin
2023-11-04 01:51:55,442 [INFO] PluginManager:220 - loadIPPluginJar : add cryp
2023-11-04 01:51:55,445 [INFO] IPUIPlugin:80 - create IPUIPlugin
2023-11-04 01:51:55,445 [INFO] PluginManager:220 - loadIPPluginJar : add opamp
2023-11-04 01:51:55,446 [INFO] IPUIPlugin:80 - create IPUIPlugin
2023-11-04 01:51:55,447 [INFO] PluginManager:220 - loadIPPluginJar : add ucpd
2023-11-04 01:51:55,451 [INFO] IPUIPlugin:80 - create IPUIPlugin
2023-11-04 01:51:55,451 [INFO] PluginManager:220 - loadIPPluginJar : add adc
2023-11-04 01:51:55,453 [INFO] IPUIPlugin:80 - create IPUIPlugin
2023-11-04 01:51:55,453 [INFO] PluginManager:220 - loadIPPluginJar : add gfxmmu
2023-11-04 01:51:55,456 [INFO] IPUIPlugin:80 - create IPUIPlugin
2023-11-04 01:51:55,456 [INFO] PluginManager:220 - loadIPPluginJar : add usbx
2023-11-04 01:51:55,458 [INFO] IPUIPlugin:80 - create IPUIPlugin
2023-11-04 01:51:55,459 [INFO] PluginManager:220 - loadIPPluginJar : add gtzc
2023-11-04 01:51:55,460 [INFO] IPUIPlugin:80 - create IPUIPlugin
2023-11-04 01:51:55,460 [INFO] PluginManager:220 - loadIPPluginJar : add genericplugin
2023-11-04 01:51:55,463 [INFO] IPUIPlugin:80 - create IPUIPlugin
2023-11-04 01:51:55,463 [INFO] PluginManager:220 - loadIPPluginJar : add usart
2023-11-04 01:51:55,466 [INFO] IPUIPlugin:80 - create IPUIPlugin
2023-11-04 01:51:55,466 [INFO] PluginManager:220 - loadIPPluginJar : add openamp
2023-11-04 01:51:55,469 [INFO] IPUIPlugin:80 - create IPUIPlugin
2023-11-04 01:51:55,469 [INFO] PluginManager:220 - loadIPPluginJar : add lorawan
2023-11-04 01:51:55,472 [INFO] IPUIPlugin:80 - create IPUIPlugin
2023-11-04 01:51:55,472 [INFO] PluginManager:220 - loadIPPluginJar : add pdm2pcm
2023-11-04 01:51:55,596 [INFO] CADModel:165 - CPN selected for project level
2023-11-04 01:51:55,596 [INFO] CADModel:114 - Register for checkConnection events
2023-11-04 01:51:55,596 [FATAL] Updater:308 - Updater called before beeing initialized
2023-11-04 01:51:55,597 [ERROR] CADModel:125 - Updater not yet initialized, retry later 
2023-11-04 01:51:55,747 [INFO] CADModel:165 - CPN selected for project level
2023-11-04 01:51:55,747 [INFO] CADModel:114 - Register for checkConnection events
2023-11-04 01:51:55,748 [FATAL] Updater:308 - Updater called before beeing initialized
2023-11-04 01:51:55,748 [ERROR] CADModel:125 - Updater not yet initialized, retry later 
2023-11-04 01:51:55,751 [FATAL] Updater:308 - Updater called before beeing initialized
2023-11-04 01:51:55,851 [FATAL] Updater:308 - Updater called before beeing initialized
2023-11-04 01:51:55,857 [INFO] DbMcusAds:53 - JSON generation date=Tue Mar 07 14:20:55 IST 2023 (1678179055114)
2023-11-04 01:51:55,857 [FATAL] Updater:308 - Updater called before beeing initialized
2023-11-04 01:51:55,898 [WARN] DetailPanel:346 - Failed to get advertising image, set to default
2023-11-04 01:51:55,995 [FATAL] Updater:308 - Updater called before beeing initialized
2023-11-04 01:51:55,996 [FATAL] Updater:308 - Updater called before beeing initialized
2023-11-04 01:51:55,996 [FATAL] Updater:308 - Updater called before beeing initialized
2023-11-04 01:51:55,997 [WARN] DetailPanel:346 - Failed to get advertising image, set to default
2023-11-04 01:51:55,997 [FATAL] Updater:308 - Updater called before beeing initialized
2023-11-04 01:51:56,035 [ERROR] Updater:1120 - MainUpdater not yet initialized. External WinMGr cannot be set.
2023-11-04 01:51:56,037 [INFO] Updater:1056 - Updater Version found : 6.9.2
2023-11-04 01:51:56,051 [INFO] ApplicationProperties:184 - Using Application install path: /opt/st/stm32cubeide_1.13.2/plugins/com.st.stm32cube.common.mx_6.9.2.202309101412
2023-11-04 01:51:56,990 [INFO] MainUpdater:2868 - connection check result : 10
2023-11-04 01:51:56,992 [INFO] MainUpdater:285 - Updater Check For Update Now.
2023-11-04 01:51:56,992 [INFO] MicroXplorer:498 - Change Database Version : DB.6.0.92
2023-11-04 01:51:57,006 [INFO] McuFinderGlobals:63 - Set McuFinder mode to 2 (CubeIDE integrated)
2023-11-04 01:51:57,007 [INFO] UserAuth:179 - activating auth plugin
2023-11-04 01:51:57,012 [INFO] UserAuth:393 - Internet connection configuration mode: 1
2023-11-04 01:51:57,028 [INFO] JxBrowserEngine:151 - Initiate JxBrowser Engine with user profile folder
2023-11-04 01:51:57,215 [INFO] CheckServerUpdateThread:120 - End of CheckServer Thread
2023-11-04 01:51:57,717 [INFO] WebApp:157 - Instantiating new browser for Auth
2023-11-04 01:51:58,251 [WARN] PackLoader:240 - Cannot read IP mode file for STMicroelectronics.X-CUBE-SMBUS.2.1.0
2023-11-04 01:51:58,355 [WARN] PackLoader:240 - Cannot read IP mode file for STMicroelectronics.X-CUBE-AZRTOS-F7.1.1.0
2023-11-04 01:51:58,375 [WARN] PackLoader:240 - Cannot read IP mode file for STMicroelectronics.FP-SNS-MOTENV1.4.3.2
2023-11-04 01:51:58,393 [WARN] PackLoader:240 - Cannot read IP mode file for STMicroelectronics.FP-SNS-FLIGHT1.5.0.2
2023-11-04 01:51:58,420 [WARN] PackLoader:240 - Cannot read IP mode file for STMicroelectronics.X-CUBE-DISPLAY.3.0.0
2023-11-04 01:51:58,470 [WARN] PackLoader:240 - Cannot read IP mode file for STMicroelectronics.X-CUBE-BLE1.7.0.0
2023-11-04 01:51:58,483 [WARN] PackLoader:240 - Cannot read IP mode file for emotas.I-CUBE-CANOPEN.1.3.0
2023-11-04 01:51:58,508 [WARN] PackLoader:240 - Cannot read IP mode file for STMicroelectronics.X-CUBE-TOUCHGFX.4.22.1
2023-11-04 01:51:58,536 [WARN] PackLoader:240 - Cannot read IP mode file for STMicroelectronics.FP-SNS-SMARTAG2.1.2.0
2023-11-04 01:51:58,577 [INFO] LogOutputStream:77 - [STDOUT_REDIRECT] 1 : Invalid condition id : UX_CORESTACK_Condition cause : null
2023-11-04 01:51:58,578 [INFO] LogOutputStream:77 - [STDOUT_REDIRECT] 1 : Invalid condition id : UX_CORESTACK_Condition cause : null
2023-11-04 01:51:58,581 [INFO] LogOutputStream:77 - [STDOUT_REDIRECT] 1 : Invalid condition id : UX_CORESTACK_Condition cause : null
2023-11-04 01:51:58,582 [INFO] LogOutputStream:77 - [STDOUT_REDIRECT] 1 : Invalid condition id : UX_CORESTACK_Condition cause : null
2023-11-04 01:51:58,583 [INFO] LogOutputStream:77 - [STDOUT_REDIRECT] 1 : Invalid condition id : UX_CORESTACK_Condition cause : null
2023-11-04 01:51:58,595 [WARN] PackLoader:240 - Cannot read IP mode file for STMicroelectronics.X-CUBE-AZRTOS-WL.2.0.0
2023-11-04 01:51:58,649 [WARN] PackLoader:240 - Cannot read IP mode file for WES.I-CUBE-Cesium.1.3.0
2023-11-04 01:51:58,664 [WARN] PackLoader:240 - Cannot read IP mode file for STMicroelectronics.X-CUBE-BLE2.3.3.0
2023-11-04 01:51:58,683 [WARN] PackLoader:240 - Cannot read IP mode file for STMicroelectronics.X-CUBE-ALGOBUILD.1.3.0
2023-11-04 01:51:58,727 [WARN] PackLoader:240 - Cannot read IP mode file for STMicroelectronics.X-CUBE-AZRTOS-G0.1.1.0
2023-11-04 01:51:58,751 [WARN] PackLoader:240 - Cannot read IP mode file for STMicroelectronics.X-CUBE-NFC4.3.0.0
2023-11-04 01:51:58,793 [WARN] PackLoader:240 - Cannot read IP mode file for STMicroelectronics.X-CUBE-BLEMGR.3.0.0
2023-11-04 01:51:58,824 [WARN] PackLoader:240 - Cannot read IP mode file for STMicroelectronics.FP-ATR-SIGFOX1.3.2.0
2023-11-04 01:51:58,839 [WARN] PackLoader:240 - Cannot read IP mode file for STMicroelectronics.X-CUBE-GNSS1.6.0.0
2023-11-04 01:51:58,946 [WARN] PackLoader:240 - Cannot read IP mode file for STMicroelectronics.X-CUBE-AZRTOS-F4.1.1.0
2023-11-04 01:51:58,975 [WARN] PackLoader:240 - Cannot read IP mode file for wolfSSL.I-CUBE-wolfSSL.5.6.3
2023-11-04 01:51:59,027 [INFO] WebApp:753 - Register for checkConnection events
2023-11-04 01:51:59,027 [INFO] WebApp:390 - Apply proxy settings
2023-11-04 01:51:59,028 [INFO] WebApp:475 - Chromium requires no authentication
2023-11-04 01:51:59,048 [INFO] WebApp:418 - Direct internet connection detected
2023-11-04 01:51:59,062 [WARN] PackLoader:240 - Cannot read IP mode file for STMicroelectronics.X-CUBE-AZRTOS-L5.2.0.0
2023-11-04 01:51:59,074 [WARN] PackLoader:240 - Cannot read IP mode file for STMicroelectronics.X-CUBE-EEPRMA1.4.2.0
2023-11-04 01:51:59,081 [WARN] PackLoader:240 - Cannot read IP mode file for ITTIA_DB.I-CUBE-ITTIADB.8.8.0
2023-11-04 01:51:59,095 [WARN] PackLoader:240 - Cannot read IP mode file for STMicroelectronics.X-CUBE-BLEMGR.2.0.0
2023-11-04 01:51:59,182 [WARN] ConditionMgr:438 - getConditionDescription Invalid condition id : UX DEVICE CLASS RTOS Condition cause : null
2023-11-04 01:51:59,183 [WARN] ConditionMgr:438 - getConditionDescription Invalid condition id : UX DEVICE CLASS RTOS Condition cause : null
2023-11-04 01:51:59,196 [WARN] PackLoader:240 - Cannot read IP mode file for STMicroelectronics.X-CUBE-AZRTOS-H7.3.1.0
2023-11-04 01:51:59,198 [WARN] ConditionMgr:1039 - genDependencies : Invalid condition id : UX DEVICE CLASS RTOS Condition cause : null
2023-11-04 01:51:59,199 [WARN] ConditionMgr:1039 - genDependencies : Invalid condition id : UX DEVICE CLASS RTOS Condition cause : null
2023-11-04 01:51:59,200 [WARN] ConditionMgr:1039 - genDependencies : Invalid condition id : UX DEVICE CLASS RTOS Condition cause : null
2023-11-04 01:51:59,203 [WARN] ConditionMgr:1039 - genDependencies : Invalid condition id : UX DEVICE CLASS RTOS Condition cause : null
2023-11-04 01:51:59,204 [WARN] ConditionMgr:1039 - genDependencies : Invalid condition id : UX DEVICE CLASS RTOS Condition cause : null
2023-11-04 01:51:59,217 [WARN] PackLoader:240 - Cannot read IP mode file for STMicroelectronics.X-CUBE-NFC7.1.0.1
2023-11-04 01:51:59,232 [WARN] PackLoader:240 - Cannot read IP mode file for STMicroelectronics.X-CUBE-NFC6.3.0.0
2023-11-04 01:51:59,243 [WARN] PackLoader:240 - Cannot read IP mode file for STMicroelectronics.X-CUBE-AI.8.1.0
2023-11-04 01:51:59,282 [WARN] ConditionMgr:438 - getConditionDescription Invalid condition id : LAN8742 Phy interface Condition cause : null
2023-11-04 01:51:59,284 [WARN] PackLoader:240 - Cannot read IP mode file for STMicroelectronics.X-CUBE-AZRTOS-L4.2.0.0
2023-11-04 01:51:59,287 [WARN] ConditionMgr:1039 - genDependencies : Invalid condition id : LAN8742 Phy interface Condition cause : null
2023-11-04 01:51:59,287 [WARN] ConditionMgr:1039 - genDependencies : Invalid condition id : LAN8742 Phy interface Condition cause : null
2023-11-04 01:51:59,289 [WARN] ConditionMgr:1039 - genDependencies : Invalid condition id : LAN8742 Phy interface Condition cause : null
2023-11-04 01:51:59,307 [WARN] PackLoader:240 - Cannot read IP mode file for STMicroelectronics.X-CUBE-SFXS2LP1.4.0.0
2023-11-04 01:51:59,315 [WARN] PackLoader:240 - Cannot read IP mode file for STMicroelectronics.X-CUBE-ISPU.1.1.0
2023-11-04 01:51:59,339 [WARN] ConditionMgr:438 - getConditionDescription Invalid condition id : UX DEVICE CLASS RTOS Condition cause : null
2023-11-04 01:51:59,340 [WARN] ConditionMgr:438 - getConditionDescription Invalid condition id : UX DEVICE CLASS RTOS Condition cause : null
2023-11-04 01:51:59,344 [WARN] PackLoader:240 - Cannot read IP mode file for STMicroelectronics.X-CUBE-AZRTOS-WB.2.0.0
2023-11-04 01:51:59,346 [WARN] ConditionMgr:1039 - genDependencies : Invalid condition id : UX DEVICE CLASS RTOS Condition cause : null
2023-11-04 01:51:59,346 [WARN] ConditionMgr:1039 - genDependencies : Invalid condition id : UX DEVICE CLASS RTOS Condition cause : null
2023-11-04 01:51:59,347 [WARN] ConditionMgr:1039 - genDependencies : Invalid condition id : UX DEVICE CLASS RTOS Condition cause : null
2023-11-04 01:51:59,347 [WARN] ConditionMgr:1039 - genDependencies : Invalid condition id : UX DEVICE CLASS RTOS Condition cause : null
2023-11-04 01:51:59,348 [WARN] ConditionMgr:1039 - genDependencies : Invalid condition id : UX DEVICE CLASS RTOS Condition cause : null
2023-11-04 01:51:59,365 [WARN] PackLoader:240 - Cannot read IP mode file for STMicroelectronics.X-CUBE-SUBG2.5.0.0
2023-11-04 01:51:59,425 [WARN] PackLoader:240 - Cannot read IP mode file for STMicroelectronics.X-CUBE-TOF1.3.3.1
2023-11-04 01:51:59,520 [WARN] PackLoader:240 - Cannot read IP mode file for STMicroelectronics.X-CUBE-AZRTOS-G4.2.0.0
2023-11-04 01:51:59,564 [WARN] PackLoader:240 - Cannot read IP mode file for Infineon.AIROC-Wi-Fi-Bluetooth-STM32.1.5.1
2023-11-04 01:51:59,643 [INFO] WebApp:188 - Starting web application
2023-11-04 01:51:59,643 [INFO] WebApp:520 - Web application path used /opt/st/stm32cubeide_1.13.2/plugins/com.st.stm32cube.common.mx_6.9.2.202309101412/db/plugins/mcufinder/reactClient1/index.html
2023-11-04 01:51:59,691 [WARN] PackLoader:240 - Cannot read IP mode file for STMicroelectronics.X-CUBE-MEMS1.10.0.0
2023-11-04 01:52:00,300 [WARN] PackLoader:240 - Cannot read IP mode file for STMicroelectronics.X-CUBE-FREERTOS.1.1.0
2023-11-04 01:52:00,305 [WARN] PackLoader:240 - Cannot read IP mode file for portGmbH.I-Cube-SoM-uGOAL.1.1.0
2023-11-04 01:52:00,309 [WARN] PackLoader:240 - Cannot read IP mode file for STMicroelectronics.X-CUBE-ALS.1.0.1
2023-11-04 01:52:00,314 [WARN] PackLoader:240 - Cannot read IP mode file for STMicroelectronics.FP-ATR-ASTRA1.2.0.0
2023-11-04 01:52:00,315 [INFO] ThirdParty:978 - Integrity check success = true
2023-11-04 01:52:00,316 [INFO] IntegrityCheckThread:100 - exiting critical section [integrity check]
2023-11-04 01:52:00,316 [INFO] IntegrityCheckThread:103 - End integrity checks thread
2023-11-04 01:52:20,693 [ERROR] LogOutputStream:75 - [STDERR_REDIRECT] SLF4J: Failed to load class "org.slf4j.impl.StaticLoggerBinder".
2023-11-04 01:52:20,694 [ERROR] LogOutputStream:75 - [STDERR_REDIRECT] SLF4J: Defaulting to no-operation (NOP) logger implementation
2023-11-04 01:52:20,695 [ERROR] LogOutputStream:75 - [STDERR_REDIRECT] SLF4J: See http://www.slf4j.org/codes.html#StaticLoggerBinder for further details.
2023-11-04 01:55:07,646 [ERROR] LogOutputStream:75 - [STDERR_REDIRECT] 
