2023-11-04 01:55:17,298 [INFO] Activator:176 - 


2023-11-04 01:55:17,300 [INFO] Activator:177 - !SESSION log4j initialized
2023-11-04 01:55:19,668 [INFO] LogOutputStream:77 - [STDOUT_REDIRECT] 
2023-11-04 01:55:22,330 [INFO] ApplicationProperties:184 - Using Application install path: /opt/st/stm32cubeide_1.13.2/plugins/com.st.stm32cube.common.mx_6.9.2.202309101412
2023-11-04 01:55:22,358 [INFO] DbMcusXml:78 - Set database path to: /opt/st/stm32cubeide_1.13.2/plugins/com.st.stm32cube.common.mx_6.9.2.202309101412//db//mcu/
2023-11-04 01:55:22,358 [INFO] ApiDb:274 - Set plugin database path to: /opt/st/stm32cubeide_1.13.2/plugins/com.st.stm32cube.common.mx_6.9.2.202309101412//db//plugins/boardmanager/
2023-11-04 01:55:22,359 [WARN] ApiDb:259 - Overriding images path with different value:  => /opt/st/stm32cubeide_1.13.2/plugins/com.st.stm32cube.common.mx_6.9.2.202309101412//db//plugins/mcufinder/images/
2023-11-04 01:55:22,376 [INFO] ApiDb:250 - Set database path to: /home/tux/.stmcufinder/plugins/mcufinder//mcu/
2023-11-04 01:55:22,378 [INFO] DbMcusAds:125 - Set database path to: /home/tux/.stmcufinder/plugins/mcufinder//mcu/
2023-11-04 01:55:22,382 [INFO] CrossReferenceDbSqlite:203 - Set database path to: /home/tux/.stmcufinder/plugins/mcufinder//mcu/cs/
2023-11-04 01:55:22,609 [INFO] RulesReader:64 - Compatibility file has been processed (293 Rules)
2023-11-04 01:55:22,718 [INFO] DbMcusXml:78 - Set database path to: /opt/st/stm32cubeide_1.13.2/plugins/com.st.stm32cube.common.mx_6.9.2.202309101412//db//mcu/
2023-11-04 01:55:22,718 [INFO] ApiDb:274 - Set plugin database path to: /opt/st/stm32cubeide_1.13.2/plugins/com.st.stm32cube.common.mx_6.9.2.202309101412//db//plugins/boardmanager/
2023-11-04 01:55:22,718 [INFO] ApiDb:261 - Set plugin images path to: /opt/st/stm32cubeide_1.13.2/plugins/com.st.stm32cube.common.mx_6.9.2.202309101412//db//plugins/mcufinder/images/
2023-11-04 01:55:22,719 [WARN] DbFile:41 - Overriding database path with different value: /home/tux/.stmcufinder/plugins/mcufinder/ => /home/tux/.stmcufinder/plugins/mcufinder
2023-11-04 01:55:22,719 [INFO] ApiDb:250 - Set database path to: /home/tux/.stmcufinder/plugins/mcufinder//mcu/
2023-11-04 01:55:22,719 [WARN] DbFile:41 - Overriding database path with different value: /home/tux/.stmcufinder/plugins/mcufinder/ => /home/tux/.stmcufinder/plugins/mcufinder
2023-11-04 01:55:22,719 [INFO] DbMcusAds:125 - Set database path to: /home/tux/.stmcufinder/plugins/mcufinder//mcu/
2023-11-04 01:55:22,719 [WARN] DbFile:41 - Overriding database path with different value: /home/tux/.stmcufinder/plugins/mcufinder/ => /home/tux/.stmcufinder/plugins/mcufinder
2023-11-04 01:55:22,720 [WARN] DbFile:41 - Overriding database path with different value: /home/tux/.stmcufinder/plugins/mcufinder/ => /home/tux/.stmcufinder/plugins/mcufinder
2023-11-04 01:55:22,720 [INFO] CrossReferenceDbSqlite:203 - Set database path to: /home/tux/.stmcufinder/plugins/mcufinder//mcu/cs/
2023-11-04 01:55:22,832 [INFO] MainPanel:262 - HeapMemory: 268435456
2023-11-04 01:55:22,966 [INFO] DbMcusXml:78 - Set database path to: /opt/st/stm32cubeide_1.13.2/plugins/com.st.stm32cube.common.mx_6.9.2.202309101412//db//mcu/
2023-11-04 01:55:22,967 [INFO] ApiDb:274 - Set plugin database path to: /opt/st/stm32cubeide_1.13.2/plugins/com.st.stm32cube.common.mx_6.9.2.202309101412//db//plugins/boardmanager/
2023-11-04 01:55:22,967 [INFO] ApiDb:261 - Set plugin images path to: /opt/st/stm32cubeide_1.13.2/plugins/com.st.stm32cube.common.mx_6.9.2.202309101412//db//plugins/mcufinder/images/
2023-11-04 01:55:22,968 [WARN] DbFile:41 - Overriding database path with different value: /home/tux/.stmcufinder/plugins/mcufinder/ => /home/tux/.stmcufinder/plugins/mcufinder
2023-11-04 01:55:22,968 [INFO] ApiDb:250 - Set database path to: /home/tux/.stmcufinder/plugins/mcufinder//mcu/
2023-11-04 01:55:22,969 [WARN] DbFile:41 - Overriding database path with different value: /home/tux/.stmcufinder/plugins/mcufinder/ => /home/tux/.stmcufinder/plugins/mcufinder
2023-11-04 01:55:22,969 [INFO] DbMcusAds:125 - Set database path to: /home/tux/.stmcufinder/plugins/mcufinder//mcu/
2023-11-04 01:55:22,969 [WARN] DbFile:41 - Overriding database path with different value: /home/tux/.stmcufinder/plugins/mcufinder/ => /home/tux/.stmcufinder/plugins/mcufinder
2023-11-04 01:55:22,970 [WARN] DbFile:41 - Overriding database path with different value: /home/tux/.stmcufinder/plugins/mcufinder/ => /home/tux/.stmcufinder/plugins/mcufinder
2023-11-04 01:55:22,971 [INFO] CrossReferenceDbSqlite:203 - Set database path to: /home/tux/.stmcufinder/plugins/mcufinder//mcu/cs/
2023-11-04 01:55:23,000 [INFO] ApplicationProperties:184 - Using Application install path: /opt/st/stm32cubeide_1.13.2/plugins/com.st.stm32cube.common.mx_6.9.2.202309101412
2023-11-04 01:55:23,002 [INFO] PluginManage:196 - Search for loadable plugins [exclusion list=, ]
2023-11-04 01:55:23,004 [INFO] PluginManage:310 - Check plugin analytics
2023-11-04 01:55:23,337 [INFO] AnalyticsPlugin:253 - Accepted Software Licenses: 
2023-11-04 01:55:23,338 [INFO] AnalyticsPlugin:255 - Accepted CMSIS Pack Licenses: 
2023-11-04 01:55:23,339 [INFO] AnalyticsPlugin:257 - Accepted Firmware Licenses: 
2023-11-04 01:55:23,343 [INFO] PluginManage:359 - Loaded plugin analytics (category:tool,tabindex:-1)
2023-11-04 01:55:23,344 [INFO] PluginManage:310 - Check plugin cadmodel
2023-11-04 01:55:23,442 [INFO] CADModel:105 - Init CAD model plugin
2023-11-04 01:55:23,443 [INFO] PluginManage:359 - Loaded plugin cadmodel (category:power,tabindex:5)
2023-11-04 01:55:23,443 [INFO] PluginManage:310 - Check plugin clock
2023-11-04 01:55:23,461 [INFO] PluginManage:359 - Loaded plugin clock (category:base,tabindex:2)
2023-11-04 01:55:23,461 [INFO] PluginManage:310 - Check plugin ddr
2023-11-04 01:55:23,465 [INFO] PluginManage:359 - Loaded plugin ddr (category:tool,tabindex:6)
2023-11-04 01:55:23,466 [INFO] PluginManage:310 - Check plugin filemanager
2023-11-04 01:55:23,864 [INFO] PluginManage:359 - Loaded plugin filemanager (category:base,tabindex:10)
2023-11-04 01:55:23,865 [INFO] PluginManage:310 - Check plugin ipmanager
2023-11-04 01:55:23,879 [INFO] PluginManage:359 - Loaded plugin ipmanager (category:base,tabindex:5)
2023-11-04 01:55:23,880 [INFO] PluginManage:310 - Check plugin lpbam
2023-11-04 01:55:23,913 [INFO] PluginManage:359 - Loaded plugin lpbam (category:base,tabindex:0)
2023-11-04 01:55:23,914 [INFO] PluginManage:310 - Check plugin memorymap
2023-11-04 01:55:23,943 [INFO] PluginManage:359 - Loaded plugin memorymap (category:base,tabindex:4)
2023-11-04 01:55:23,943 [INFO] PluginManage:310 - Check plugin pinoutandconfiguration
2023-11-04 01:55:23,960 [INFO] PluginManage:359 - Loaded plugin pinoutandconfiguration (category:base,tabindex:1)
2023-11-04 01:55:23,961 [INFO] PluginManage:310 - Check plugin pinoutconfig
2023-11-04 01:55:24,097 [WARN] SupportedApi:132 - Cannot load RTOS API schema: s4s-elt-must-match.1: The content of 'definitions' must match (annotation?, (simpleType | complexType)?, (unique | key | keyref)*)). A problem was found starting at: attribute.
2023-11-04 01:55:24,466 [INFO] PluginManage:359 - Loaded plugin pinoutconfig (category:base,tabindex:0)
2023-11-04 01:55:24,466 [INFO] PluginManage:310 - Check plugin power
2023-11-04 01:55:24,480 [INFO] PluginManage:359 - Loaded plugin power (category:power,tabindex:4)
2023-11-04 01:55:24,481 [INFO] PluginManage:310 - Check plugin projectmanager
2023-11-04 01:55:24,516 [INFO] PluginManage:359 - Loaded plugin projectmanager (category:projectmanager,tabindex:3)
2023-11-04 01:55:24,517 [INFO] PluginManage:310 - Check plugin thirdparty
2023-11-04 01:55:24,749 [INFO] PluginManage:359 - Loaded plugin thirdparty (category:base,tabindex:-1)
2023-11-04 01:55:24,749 [INFO] PluginManage:310 - Check plugin tools
2023-11-04 01:55:24,753 [INFO] PluginManage:359 - Loaded plugin tools (category:base,tabindex:7)
2023-11-04 01:55:24,753 [WARN] IntegrityCheckThread:84 - waiting for thirdparty lock release [integrity check]
2023-11-04 01:55:24,754 [INFO] IntegrityCheckThread:86 - entering critical section [integrity check]
2023-11-04 01:55:24,754 [INFO] PluginManage:310 - Check plugin tutovideos
2023-11-04 01:55:24,754 [INFO] ThirdPartyUpdaterWithRetryManager:70 - Updater plugin not ready yet. [1/15]
2023-11-04 01:55:24,991 [INFO] PluginManage:359 - Loaded plugin tutovideos (category:base,tabindex:-1)
2023-11-04 01:55:24,992 [INFO] PluginManage:310 - Check plugin updater
2023-11-04 01:55:25,011 [INFO] PluginManage:359 - Loaded plugin updater (category:base,tabindex:12)
2023-11-04 01:55:25,011 [INFO] PluginManage:310 - Check plugin userauth
2023-11-04 01:55:25,015 [INFO] UserAuth:113 - Init User Auth plugin
2023-11-04 01:55:25,016 [INFO] PluginManage:359 - Loaded plugin userauth (category:base,tabindex:14)
2023-11-04 01:55:25,016 [INFO] PluginManage:283 - PluginManage : Loaded plugins [17]
2023-11-04 01:55:25,351 [INFO] PinOutPanel:1499 - setPackage(No Configuration,No Configuration)
2023-11-04 01:55:25,486 [INFO] CADModel:165 - CPN selected for project level
2023-11-04 01:55:25,487 [INFO] CADModel:114 - Register for checkConnection events
2023-11-04 01:55:25,499 [INFO] IPUIPlugin:80 - create IPUIPlugin
2023-11-04 01:55:25,499 [INFO] PluginManager:220 - loadIPPluginJar : add tsc
2023-11-04 01:55:25,505 [INFO] IPUIPlugin:80 - create IPUIPlugin
2023-11-04 01:55:25,505 [INFO] PluginManager:220 - loadIPPluginJar : add i2c
2023-11-04 01:55:25,509 [INFO] IPUIPlugin:80 - create IPUIPlugin
2023-11-04 01:55:25,510 [INFO] PluginManager:220 - loadIPPluginJar : add can
2023-11-04 01:55:25,515 [INFO] IPUIPlugin:80 - create IPUIPlugin
2023-11-04 01:55:25,515 [INFO] PluginManager:220 - loadIPPluginJar : add resmgrutility
2023-11-04 01:55:25,517 [INFO] IPUIPlugin:80 - create IPUIPlugin
2023-11-04 01:55:25,517 [INFO] PluginManager:220 - loadIPPluginJar : add ts
2023-11-04 01:55:25,522 [INFO] IPUIPlugin:80 - create IPUIPlugin
2023-11-04 01:55:25,522 [INFO] PluginManager:220 - loadIPPluginJar : add touchsensing
2023-11-04 01:55:25,525 [INFO] IPUIPlugin:80 - create IPUIPlugin
2023-11-04 01:55:25,525 [INFO] PluginManager:220 - loadIPPluginJar : add ltdc
2023-11-04 01:55:25,529 [INFO] IPUIPlugin:80 - create IPUIPlugin
2023-11-04 01:55:25,530 [INFO] PluginManager:220 - loadIPPluginJar : add gpio
2023-11-04 01:55:25,532 [INFO] IPUIPlugin:80 - create IPUIPlugin
2023-11-04 01:55:25,532 [INFO] PluginManager:220 - loadIPPluginJar : add aes
2023-11-04 01:55:25,536 [INFO] IPUIPlugin:80 - create IPUIPlugin
2023-11-04 01:55:25,537 [INFO] PluginManager:220 - loadIPPluginJar : add nvic
2023-11-04 01:55:25,540 [INFO] IPUIPlugin:80 - create IPUIPlugin
2023-11-04 01:55:25,540 [INFO] PluginManager:220 - loadIPPluginJar : add hash
2023-11-04 01:55:25,549 [INFO] IPUIPlugin:80 - create IPUIPlugin
2023-11-04 01:55:25,553 [INFO] PluginManager:220 - loadIPPluginJar : add plateformsettings
2023-11-04 01:55:25,555 [INFO] IPUIPlugin:80 - create IPUIPlugin
2023-11-04 01:55:25,556 [INFO] PluginManager:220 - loadIPPluginJar : add quadspi
2023-11-04 01:55:25,564 [INFO] IPUIPlugin:80 - create IPUIPlugin
2023-11-04 01:55:25,564 [INFO] PluginManager:220 - loadIPPluginJar : add gic
2023-11-04 01:55:25,570 [INFO] IPUIPlugin:80 - create IPUIPlugin
2023-11-04 01:55:25,571 [INFO] PluginManager:220 - loadIPPluginJar : add freertos
2023-11-04 01:55:25,573 [INFO] IPUIPlugin:80 - create IPUIPlugin
2023-11-04 01:55:25,573 [INFO] PluginManager:220 - loadIPPluginJar : add comp
2023-11-04 01:55:25,577 [INFO] IPUIPlugin:80 - create IPUIPlugin
2023-11-04 01:55:25,577 [INFO] PluginManager:220 - loadIPPluginJar : add ipddr
2023-11-04 01:55:25,582 [INFO] IPUIPlugin:80 - create IPUIPlugin
2023-11-04 01:55:25,582 [INFO] PluginManager:220 - loadIPPluginJar : add stm32_wpan
2023-11-04 01:55:25,584 [INFO] IPUIPlugin:80 - create IPUIPlugin
2023-11-04 01:55:25,585 [INFO] PluginManager:220 - loadIPPluginJar : add dma3
2023-11-04 01:55:25,588 [INFO] IPUIPlugin:80 - create IPUIPlugin
2023-11-04 01:55:25,589 [INFO] PluginManager:220 - loadIPPluginJar : add i3c
2023-11-04 01:55:25,592 [INFO] IPUIPlugin:80 - create IPUIPlugin
2023-11-04 01:55:25,592 [INFO] PluginManager:220 - loadIPPluginJar : add tracer_emb
2023-11-04 01:55:25,597 [INFO] IPUIPlugin:80 - create IPUIPlugin
2023-11-04 01:55:25,598 [INFO] PluginManager:220 - loadIPPluginJar : add fmc
2023-11-04 01:55:25,599 [INFO] IPUIPlugin:80 - create IPUIPlugin
2023-11-04 01:55:25,599 [INFO] PluginManager:220 - loadIPPluginJar : add dfsdm
2023-11-04 01:55:25,608 [INFO] IPUIPlugin:80 - create IPUIPlugin
2023-11-04 01:55:25,608 [INFO] PluginManager:220 - loadIPPluginJar : add dma
2023-11-04 01:55:25,609 [INFO] IPUIPlugin:80 - create IPUIPlugin
2023-11-04 01:55:25,610 [INFO] PluginManager:220 - loadIPPluginJar : add fatfs
2023-11-04 01:55:25,613 [INFO] IPUIPlugin:80 - create IPUIPlugin
2023-11-04 01:55:25,613 [INFO] PluginManager:220 - loadIPPluginJar : add sai
2023-11-04 01:55:25,621 [INFO] IPUIPlugin:80 - create IPUIPlugin
2023-11-04 01:55:25,621 [INFO] PluginManager:220 - loadIPPluginJar : add linkedlist
2023-11-04 01:55:25,624 [INFO] IPUIPlugin:80 - create IPUIPlugin
2023-11-04 01:55:25,625 [INFO] PluginManager:220 - loadIPPluginJar : add spi
2023-11-04 01:55:25,627 [INFO] IPUIPlugin:80 - create IPUIPlugin
2023-11-04 01:55:25,628 [INFO] PluginManager:220 - loadIPPluginJar : add i2s
2023-11-04 01:55:25,633 [INFO] IPUIPlugin:80 - create IPUIPlugin
2023-11-04 01:55:25,634 [INFO] PluginManager:220 - loadIPPluginJar : add mdma
2023-11-04 01:55:25,637 [INFO] IPUIPlugin:80 - create IPUIPlugin
2023-11-04 01:55:25,637 [INFO] PluginManager:220 - loadIPPluginJar : add tim
2023-11-04 01:55:25,640 [INFO] IPUIPlugin:80 - create IPUIPlugin
2023-11-04 01:55:25,641 [INFO] PluginManager:220 - loadIPPluginJar : add cryp
2023-11-04 01:55:25,646 [INFO] IPUIPlugin:80 - create IPUIPlugin
2023-11-04 01:55:25,646 [INFO] PluginManager:220 - loadIPPluginJar : add opamp
2023-11-04 01:55:25,649 [INFO] IPUIPlugin:80 - create IPUIPlugin
2023-11-04 01:55:25,649 [INFO] PluginManager:220 - loadIPPluginJar : add ucpd
2023-11-04 01:55:25,657 [INFO] IPUIPlugin:80 - create IPUIPlugin
2023-11-04 01:55:25,657 [INFO] PluginManager:220 - loadIPPluginJar : add adc
2023-11-04 01:55:25,659 [INFO] IPUIPlugin:80 - create IPUIPlugin
2023-11-04 01:55:25,660 [INFO] PluginManager:220 - loadIPPluginJar : add gfxmmu
2023-11-04 01:55:25,663 [INFO] IPUIPlugin:80 - create IPUIPlugin
2023-11-04 01:55:25,663 [INFO] PluginManager:220 - loadIPPluginJar : add usbx
2023-11-04 01:55:25,667 [INFO] IPUIPlugin:80 - create IPUIPlugin
2023-11-04 01:55:25,668 [INFO] PluginManager:220 - loadIPPluginJar : add gtzc
2023-11-04 01:55:25,671 [INFO] IPUIPlugin:80 - create IPUIPlugin
2023-11-04 01:55:25,672 [INFO] PluginManager:220 - loadIPPluginJar : add genericplugin
2023-11-04 01:55:25,676 [INFO] IPUIPlugin:80 - create IPUIPlugin
2023-11-04 01:55:25,676 [INFO] PluginManager:220 - loadIPPluginJar : add usart
2023-11-04 01:55:25,680 [INFO] IPUIPlugin:80 - create IPUIPlugin
2023-11-04 01:55:25,681 [INFO] PluginManager:220 - loadIPPluginJar : add openamp
2023-11-04 01:55:25,686 [INFO] IPUIPlugin:80 - create IPUIPlugin
2023-11-04 01:55:25,686 [INFO] PluginManager:220 - loadIPPluginJar : add lorawan
2023-11-04 01:55:25,689 [INFO] IPUIPlugin:80 - create IPUIPlugin
2023-11-04 01:55:25,689 [INFO] PluginManager:220 - loadIPPluginJar : add pdm2pcm
2023-11-04 01:55:25,796 [INFO] CADModel:165 - CPN selected for project level
2023-11-04 01:55:25,796 [INFO] CADModel:114 - Register for checkConnection events
2023-11-04 01:55:25,797 [FATAL] Updater:308 - Updater called before beeing initialized
2023-11-04 01:55:25,797 [ERROR] CADModel:125 - Updater not yet initialized, retry later 
2023-11-04 01:55:25,948 [INFO] CADModel:165 - CPN selected for project level
2023-11-04 01:55:25,949 [INFO] CADModel:114 - Register for checkConnection events
2023-11-04 01:55:25,949 [FATAL] Updater:308 - Updater called before beeing initialized
2023-11-04 01:55:25,949 [ERROR] CADModel:125 - Updater not yet initialized, retry later 
2023-11-04 01:55:25,953 [FATAL] Updater:308 - Updater called before beeing initialized
2023-11-04 01:55:26,062 [FATAL] Updater:308 - Updater called before beeing initialized
2023-11-04 01:55:26,069 [INFO] DbMcusAds:53 - JSON generation date=Tue Mar 07 14:20:55 IST 2023 (1678179055114)
2023-11-04 01:55:26,069 [FATAL] Updater:308 - Updater called before beeing initialized
2023-11-04 01:55:26,113 [WARN] DetailPanel:346 - Failed to get advertising image, set to default
2023-11-04 01:55:26,218 [FATAL] Updater:308 - Updater called before beeing initialized
2023-11-04 01:55:26,219 [FATAL] Updater:308 - Updater called before beeing initialized
2023-11-04 01:55:26,219 [FATAL] Updater:308 - Updater called before beeing initialized
2023-11-04 01:55:26,220 [WARN] DetailPanel:346 - Failed to get advertising image, set to default
2023-11-04 01:55:26,221 [FATAL] Updater:308 - Updater called before beeing initialized
2023-11-04 01:55:26,261 [ERROR] Updater:1120 - MainUpdater not yet initialized. External WinMGr cannot be set.
2023-11-04 01:55:26,263 [INFO] Updater:1056 - Updater Version found : 6.9.2
2023-11-04 01:55:26,286 [INFO] ApplicationProperties:184 - Using Application install path: /opt/st/stm32cubeide_1.13.2/plugins/com.st.stm32cube.common.mx_6.9.2.202309101412
2023-11-04 01:55:26,448 [INFO] MainUpdater:2868 - connection check result : 10
2023-11-04 01:55:26,449 [INFO] MainUpdater:285 - Updater Check For Update Now.
2023-11-04 01:55:26,449 [INFO] MicroXplorer:498 - Change Database Version : DB.6.0.92
2023-11-04 01:55:26,454 [INFO] McuFinderGlobals:63 - Set McuFinder mode to 2 (CubeIDE integrated)
2023-11-04 01:55:26,455 [INFO] UserAuth:179 - activating auth plugin
2023-11-04 01:55:26,458 [INFO] UserAuth:393 - Internet connection configuration mode: 1
2023-11-04 01:55:26,471 [INFO] JxBrowserEngine:151 - Initiate JxBrowser Engine with user profile folder
2023-11-04 01:55:26,705 [INFO] CheckServerUpdateThread:120 - End of CheckServer Thread
2023-11-04 01:55:27,113 [INFO] WebApp:157 - Instantiating new browser for Auth
2023-11-04 01:55:27,682 [INFO] WebApp:753 - Register for checkConnection events
2023-11-04 01:55:27,683 [INFO] WebApp:390 - Apply proxy settings
2023-11-04 01:55:27,683 [INFO] WebApp:475 - Chromium requires no authentication
2023-11-04 01:55:27,698 [INFO] WebApp:418 - Direct internet connection detected
2023-11-04 01:55:27,970 [WARN] PackLoader:240 - Cannot read IP mode file for STMicroelectronics.X-CUBE-SMBUS.2.1.0
2023-11-04 01:55:28,007 [INFO] WebApp:188 - Starting web application
2023-11-04 01:55:28,008 [INFO] WebApp:520 - Web application path used /opt/st/stm32cubeide_1.13.2/plugins/com.st.stm32cube.common.mx_6.9.2.202309101412/db/plugins/mcufinder/reactClient1/index.html
2023-11-04 01:55:28,089 [WARN] PackLoader:240 - Cannot read IP mode file for STMicroelectronics.X-CUBE-AZRTOS-F7.1.1.0
2023-11-04 01:55:28,116 [WARN] PackLoader:240 - Cannot read IP mode file for STMicroelectronics.FP-SNS-MOTENV1.4.3.2
2023-11-04 01:55:28,126 [WARN] PackLoader:240 - Cannot read IP mode file for STMicroelectronics.FP-SNS-FLIGHT1.5.0.2
2023-11-04 01:55:28,138 [WARN] PackLoader:240 - Cannot read IP mode file for STMicroelectronics.X-CUBE-DISPLAY.3.0.0
2023-11-04 01:55:28,160 [WARN] PackLoader:240 - Cannot read IP mode file for STMicroelectronics.X-CUBE-BLE1.7.0.0
2023-11-04 01:55:28,181 [WARN] PackLoader:240 - Cannot read IP mode file for emotas.I-CUBE-CANOPEN.1.3.0
2023-11-04 01:55:28,197 [WARN] PackLoader:240 - Cannot read IP mode file for STMicroelectronics.X-CUBE-TOUCHGFX.4.22.1
2023-11-04 01:55:28,204 [WARN] PackLoader:240 - Cannot read IP mode file for STMicroelectronics.FP-SNS-SMARTAG2.1.2.0
2023-11-04 01:55:28,235 [INFO] LogOutputStream:77 - [STDOUT_REDIRECT] 1 : Invalid condition id : UX_CORESTACK_Condition cause : null
2023-11-04 01:55:28,247 [INFO] LogOutputStream:77 - [STDOUT_REDIRECT] 1 : Invalid condition id : UX_CORESTACK_Condition cause : null
2023-11-04 01:55:28,250 [INFO] LogOutputStream:77 - [STDOUT_REDIRECT] 1 : Invalid condition id : UX_CORESTACK_Condition cause : null
2023-11-04 01:55:28,251 [INFO] LogOutputStream:77 - [STDOUT_REDIRECT] 1 : Invalid condition id : UX_CORESTACK_Condition cause : null
2023-11-04 01:55:28,252 [INFO] LogOutputStream:77 - [STDOUT_REDIRECT] 1 : Invalid condition id : UX_CORESTACK_Condition cause : null
2023-11-04 01:55:28,280 [WARN] PackLoader:240 - Cannot read IP mode file for STMicroelectronics.X-CUBE-AZRTOS-WL.2.0.0
2023-11-04 01:55:28,304 [WARN] PackLoader:240 - Cannot read IP mode file for WES.I-CUBE-Cesium.1.3.0
2023-11-04 01:55:28,312 [WARN] PackLoader:240 - Cannot read IP mode file for STMicroelectronics.X-CUBE-BLE2.3.3.0
2023-11-04 01:55:28,331 [WARN] PackLoader:240 - Cannot read IP mode file for STMicroelectronics.X-CUBE-ALGOBUILD.1.3.0
2023-11-04 01:55:28,416 [WARN] PackLoader:240 - Cannot read IP mode file for STMicroelectronics.X-CUBE-AZRTOS-G0.1.1.0
2023-11-04 01:55:28,451 [WARN] PackLoader:240 - Cannot read IP mode file for STMicroelectronics.X-CUBE-NFC4.3.0.0
2023-11-04 01:55:28,498 [WARN] PackLoader:240 - Cannot read IP mode file for STMicroelectronics.X-CUBE-BLEMGR.3.0.0
2023-11-04 01:55:28,526 [WARN] PackLoader:240 - Cannot read IP mode file for STMicroelectronics.FP-ATR-SIGFOX1.3.2.0
2023-11-04 01:55:28,547 [WARN] PackLoader:240 - Cannot read IP mode file for STMicroelectronics.X-CUBE-GNSS1.6.0.0
2023-11-04 01:55:28,617 [WARN] PackLoader:240 - Cannot read IP mode file for STMicroelectronics.X-CUBE-AZRTOS-F4.1.1.0
2023-11-04 01:55:28,632 [WARN] PackLoader:240 - Cannot read IP mode file for wolfSSL.I-CUBE-wolfSSL.5.6.3
2023-11-04 01:55:28,687 [WARN] PackLoader:240 - Cannot read IP mode file for STMicroelectronics.X-CUBE-AZRTOS-L5.2.0.0
2023-11-04 01:55:28,704 [WARN] PackLoader:240 - Cannot read IP mode file for STMicroelectronics.X-CUBE-EEPRMA1.4.2.0
2023-11-04 01:55:28,715 [WARN] PackLoader:240 - Cannot read IP mode file for ITTIA_DB.I-CUBE-ITTIADB.8.8.0
2023-11-04 01:55:28,725 [WARN] PackLoader:240 - Cannot read IP mode file for STMicroelectronics.X-CUBE-BLEMGR.2.0.0
2023-11-04 01:55:28,765 [WARN] ConditionMgr:438 - getConditionDescription Invalid condition id : UX DEVICE CLASS RTOS Condition cause : null
2023-11-04 01:55:28,766 [WARN] ConditionMgr:438 - getConditionDescription Invalid condition id : UX DEVICE CLASS RTOS Condition cause : null
2023-11-04 01:55:28,796 [WARN] PackLoader:240 - Cannot read IP mode file for STMicroelectronics.X-CUBE-AZRTOS-H7.3.1.0
2023-11-04 01:55:28,798 [WARN] ConditionMgr:1039 - genDependencies : Invalid condition id : UX DEVICE CLASS RTOS Condition cause : null
2023-11-04 01:55:28,798 [WARN] ConditionMgr:1039 - genDependencies : Invalid condition id : UX DEVICE CLASS RTOS Condition cause : null
2023-11-04 01:55:28,799 [WARN] ConditionMgr:1039 - genDependencies : Invalid condition id : UX DEVICE CLASS RTOS Condition cause : null
2023-11-04 01:55:28,801 [WARN] ConditionMgr:1039 - genDependencies : Invalid condition id : UX DEVICE CLASS RTOS Condition cause : null
2023-11-04 01:55:28,802 [WARN] ConditionMgr:1039 - genDependencies : Invalid condition id : UX DEVICE CLASS RTOS Condition cause : null
2023-11-04 01:55:28,809 [WARN] PackLoader:240 - Cannot read IP mode file for STMicroelectronics.X-CUBE-NFC7.1.0.1
2023-11-04 01:55:28,837 [WARN] PackLoader:240 - Cannot read IP mode file for STMicroelectronics.X-CUBE-NFC6.3.0.0
2023-11-04 01:55:28,863 [WARN] PackLoader:240 - Cannot read IP mode file for STMicroelectronics.X-CUBE-AI.8.1.0
2023-11-04 01:55:28,905 [WARN] ConditionMgr:438 - getConditionDescription Invalid condition id : LAN8742 Phy interface Condition cause : null
2023-11-04 01:55:28,906 [WARN] PackLoader:240 - Cannot read IP mode file for STMicroelectronics.X-CUBE-AZRTOS-L4.2.0.0
2023-11-04 01:55:28,908 [WARN] ConditionMgr:1039 - genDependencies : Invalid condition id : LAN8742 Phy interface Condition cause : null
2023-11-04 01:55:28,909 [WARN] ConditionMgr:1039 - genDependencies : Invalid condition id : LAN8742 Phy interface Condition cause : null
2023-11-04 01:55:28,911 [WARN] ConditionMgr:1039 - genDependencies : Invalid condition id : LAN8742 Phy interface Condition cause : null
2023-11-04 01:55:28,922 [WARN] PackLoader:240 - Cannot read IP mode file for STMicroelectronics.X-CUBE-SFXS2LP1.4.0.0
2023-11-04 01:55:28,929 [WARN] PackLoader:240 - Cannot read IP mode file for STMicroelectronics.X-CUBE-ISPU.1.1.0
2023-11-04 01:55:28,952 [WARN] ConditionMgr:438 - getConditionDescription Invalid condition id : UX DEVICE CLASS RTOS Condition cause : null
2023-11-04 01:55:28,953 [WARN] ConditionMgr:438 - getConditionDescription Invalid condition id : UX DEVICE CLASS RTOS Condition cause : null
2023-11-04 01:55:28,956 [WARN] PackLoader:240 - Cannot read IP mode file for STMicroelectronics.X-CUBE-AZRTOS-WB.2.0.0
2023-11-04 01:55:28,957 [WARN] ConditionMgr:1039 - genDependencies : Invalid condition id : UX DEVICE CLASS RTOS Condition cause : null
2023-11-04 01:55:28,958 [WARN] ConditionMgr:1039 - genDependencies : Invalid condition id : UX DEVICE CLASS RTOS Condition cause : null
2023-11-04 01:55:28,958 [WARN] ConditionMgr:1039 - genDependencies : Invalid condition id : UX DEVICE CLASS RTOS Condition cause : null
2023-11-04 01:55:28,959 [WARN] ConditionMgr:1039 - genDependencies : Invalid condition id : UX DEVICE CLASS RTOS Condition cause : null
2023-11-04 01:55:28,959 [WARN] ConditionMgr:1039 - genDependencies : Invalid condition id : UX DEVICE CLASS RTOS Condition cause : null
2023-11-04 01:55:28,978 [WARN] PackLoader:240 - Cannot read IP mode file for STMicroelectronics.X-CUBE-SUBG2.5.0.0
2023-11-04 01:55:29,024 [WARN] PackLoader:240 - Cannot read IP mode file for STMicroelectronics.X-CUBE-TOF1.3.3.1
2023-11-04 01:55:29,083 [WARN] PackLoader:240 - Cannot read IP mode file for STMicroelectronics.X-CUBE-AZRTOS-G4.2.0.0
2023-11-04 01:55:29,112 [WARN] PackLoader:240 - Cannot read IP mode file for Infineon.AIROC-Wi-Fi-Bluetooth-STM32.1.5.1
2023-11-04 01:55:29,271 [WARN] PackLoader:240 - Cannot read IP mode file for STMicroelectronics.X-CUBE-MEMS1.10.0.0
2023-11-04 01:55:29,666 [WARN] PackLoader:240 - Cannot read IP mode file for STMicroelectronics.X-CUBE-FREERTOS.1.1.0
2023-11-04 01:55:29,673 [WARN] PackLoader:240 - Cannot read IP mode file for portGmbH.I-Cube-SoM-uGOAL.1.1.0
2023-11-04 01:55:29,679 [WARN] PackLoader:240 - Cannot read IP mode file for STMicroelectronics.X-CUBE-ALS.1.0.1
2023-11-04 01:55:29,684 [WARN] PackLoader:240 - Cannot read IP mode file for STMicroelectronics.FP-ATR-ASTRA1.2.0.0
2023-11-04 01:55:29,685 [INFO] ThirdParty:978 - Integrity check success = true
2023-11-04 01:55:29,686 [INFO] IntegrityCheckThread:100 - exiting critical section [integrity check]
2023-11-04 01:55:29,686 [INFO] IntegrityCheckThread:103 - End integrity checks thread
2023-11-04 01:55:49,162 [ERROR] LogOutputStream:75 - [STDERR_REDIRECT] SLF4J: Failed to load class "org.slf4j.impl.StaticLoggerBinder".
2023-11-04 01:55:49,163 [ERROR] LogOutputStream:75 - [STDERR_REDIRECT] SLF4J: Defaulting to no-operation (NOP) logger implementation
2023-11-04 01:55:49,164 [ERROR] LogOutputStream:75 - [STDERR_REDIRECT] SLF4J: See http://www.slf4j.org/codes.html#StaticLoggerBinder for further details.
