2023-11-12 17:43:40,560 [INFO] Activator:176 - 


2023-11-12 17:43:40,567 [INFO] Activator:177 - !SESSION log4j initialized
2023-11-12 17:43:46,066 [INFO] LogOutputStream:77 - [STDOUT_REDIRECT] 
2023-11-12 17:43:50,848 [INFO] ApplicationProperties:184 - Using Application install path: /opt/st/stm32cubeide_1.13.2/plugins/com.st.stm32cube.common.mx_6.9.2.202309101412
2023-11-12 17:43:50,893 [INFO] DbMcusXml:78 - Set database path to: /opt/st/stm32cubeide_1.13.2/plugins/com.st.stm32cube.common.mx_6.9.2.202309101412//db//mcu/
2023-11-12 17:43:50,894 [INFO] ApiDb:274 - Set plugin database path to: /opt/st/stm32cubeide_1.13.2/plugins/com.st.stm32cube.common.mx_6.9.2.202309101412//db//plugins/boardmanager/
2023-11-12 17:43:50,895 [WARN] ApiDb:259 - Overriding images path with different value:  => /opt/st/stm32cubeide_1.13.2/plugins/com.st.stm32cube.common.mx_6.9.2.202309101412//db//plugins/mcufinder/images/
2023-11-12 17:43:50,915 [INFO] ApiDb:250 - Set database path to: /home/tux/.stmcufinder/plugins/mcufinder//mcu/
2023-11-12 17:43:50,917 [INFO] DbMcusAds:125 - Set database path to: /home/tux/.stmcufinder/plugins/mcufinder//mcu/
2023-11-12 17:43:50,921 [INFO] CrossReferenceDbSqlite:203 - Set database path to: /home/tux/.stmcufinder/plugins/mcufinder//mcu/cs/
2023-11-12 17:43:51,158 [INFO] RulesReader:64 - Compatibility file has been processed (293 Rules)
2023-11-12 17:43:51,330 [INFO] DbMcusXml:78 - Set database path to: /opt/st/stm32cubeide_1.13.2/plugins/com.st.stm32cube.common.mx_6.9.2.202309101412//db//mcu/
2023-11-12 17:43:51,330 [INFO] ApiDb:274 - Set plugin database path to: /opt/st/stm32cubeide_1.13.2/plugins/com.st.stm32cube.common.mx_6.9.2.202309101412//db//plugins/boardmanager/
2023-11-12 17:43:51,331 [INFO] ApiDb:261 - Set plugin images path to: /opt/st/stm32cubeide_1.13.2/plugins/com.st.stm32cube.common.mx_6.9.2.202309101412//db//plugins/mcufinder/images/
2023-11-12 17:43:51,337 [WARN] DbFile:41 - Overriding database path with different value: /home/tux/.stmcufinder/plugins/mcufinder/ => /home/tux/.stmcufinder/plugins/mcufinder
2023-11-12 17:43:51,337 [INFO] ApiDb:250 - Set database path to: /home/tux/.stmcufinder/plugins/mcufinder//mcu/
2023-11-12 17:43:51,338 [WARN] DbFile:41 - Overriding database path with different value: /home/tux/.stmcufinder/plugins/mcufinder/ => /home/tux/.stmcufinder/plugins/mcufinder
2023-11-12 17:43:51,338 [INFO] DbMcusAds:125 - Set database path to: /home/tux/.stmcufinder/plugins/mcufinder//mcu/
2023-11-12 17:43:51,339 [WARN] DbFile:41 - Overriding database path with different value: /home/tux/.stmcufinder/plugins/mcufinder/ => /home/tux/.stmcufinder/plugins/mcufinder
2023-11-12 17:43:51,339 [WARN] DbFile:41 - Overriding database path with different value: /home/tux/.stmcufinder/plugins/mcufinder/ => /home/tux/.stmcufinder/plugins/mcufinder
2023-11-12 17:43:51,339 [INFO] CrossReferenceDbSqlite:203 - Set database path to: /home/tux/.stmcufinder/plugins/mcufinder//mcu/cs/
2023-11-12 17:43:51,469 [INFO] MainPanel:262 - HeapMemory: 268435456
2023-11-12 17:43:51,629 [INFO] DbMcusXml:78 - Set database path to: /opt/st/stm32cubeide_1.13.2/plugins/com.st.stm32cube.common.mx_6.9.2.202309101412//db//mcu/
2023-11-12 17:43:51,629 [INFO] ApiDb:274 - Set plugin database path to: /opt/st/stm32cubeide_1.13.2/plugins/com.st.stm32cube.common.mx_6.9.2.202309101412//db//plugins/boardmanager/
2023-11-12 17:43:51,629 [INFO] ApiDb:261 - Set plugin images path to: /opt/st/stm32cubeide_1.13.2/plugins/com.st.stm32cube.common.mx_6.9.2.202309101412//db//plugins/mcufinder/images/
2023-11-12 17:43:51,630 [WARN] DbFile:41 - Overriding database path with different value: /home/tux/.stmcufinder/plugins/mcufinder/ => /home/tux/.stmcufinder/plugins/mcufinder
2023-11-12 17:43:51,630 [INFO] ApiDb:250 - Set database path to: /home/tux/.stmcufinder/plugins/mcufinder//mcu/
2023-11-12 17:43:51,630 [WARN] DbFile:41 - Overriding database path with different value: /home/tux/.stmcufinder/plugins/mcufinder/ => /home/tux/.stmcufinder/plugins/mcufinder
2023-11-12 17:43:51,630 [INFO] DbMcusAds:125 - Set database path to: /home/tux/.stmcufinder/plugins/mcufinder//mcu/
2023-11-12 17:43:51,630 [WARN] DbFile:41 - Overriding database path with different value: /home/tux/.stmcufinder/plugins/mcufinder/ => /home/tux/.stmcufinder/plugins/mcufinder
2023-11-12 17:43:51,630 [WARN] DbFile:41 - Overriding database path with different value: /home/tux/.stmcufinder/plugins/mcufinder/ => /home/tux/.stmcufinder/plugins/mcufinder
2023-11-12 17:43:51,631 [INFO] CrossReferenceDbSqlite:203 - Set database path to: /home/tux/.stmcufinder/plugins/mcufinder//mcu/cs/
2023-11-12 17:43:51,659 [INFO] ApplicationProperties:184 - Using Application install path: /opt/st/stm32cubeide_1.13.2/plugins/com.st.stm32cube.common.mx_6.9.2.202309101412
2023-11-12 17:43:51,661 [INFO] PluginManage:196 - Search for loadable plugins [exclusion list=, ]
2023-11-12 17:43:51,663 [INFO] PluginManage:310 - Check plugin analytics
2023-11-12 17:43:51,989 [INFO] AnalyticsPlugin:253 - Accepted Software Licenses: 
2023-11-12 17:43:51,990 [INFO] AnalyticsPlugin:255 - Accepted CMSIS Pack Licenses: 
2023-11-12 17:43:51,990 [INFO] AnalyticsPlugin:257 - Accepted Firmware Licenses: 
2023-11-12 17:43:51,996 [INFO] PluginManage:359 - Loaded plugin analytics (category:tool,tabindex:-1)
2023-11-12 17:43:52,002 [INFO] PluginManage:310 - Check plugin cadmodel
2023-11-12 17:43:52,278 [INFO] CADModel:105 - Init CAD model plugin
2023-11-12 17:43:52,279 [INFO] PluginManage:359 - Loaded plugin cadmodel (category:power,tabindex:5)
2023-11-12 17:43:52,279 [INFO] PluginManage:310 - Check plugin clock
2023-11-12 17:43:52,309 [INFO] PluginManage:359 - Loaded plugin clock (category:base,tabindex:2)
2023-11-12 17:43:52,309 [INFO] PluginManage:310 - Check plugin ddr
2023-11-12 17:43:52,312 [INFO] PluginManage:359 - Loaded plugin ddr (category:tool,tabindex:6)
2023-11-12 17:43:52,313 [INFO] PluginManage:310 - Check plugin filemanager
2023-11-12 17:43:52,574 [INFO] PluginManage:359 - Loaded plugin filemanager (category:base,tabindex:10)
2023-11-12 17:43:52,574 [INFO] PluginManage:310 - Check plugin ipmanager
2023-11-12 17:43:52,586 [INFO] PluginManage:359 - Loaded plugin ipmanager (category:base,tabindex:5)
2023-11-12 17:43:52,587 [INFO] PluginManage:310 - Check plugin lpbam
2023-11-12 17:43:52,600 [INFO] PluginManage:359 - Loaded plugin lpbam (category:base,tabindex:0)
2023-11-12 17:43:52,601 [INFO] PluginManage:310 - Check plugin memorymap
2023-11-12 17:43:52,624 [INFO] PluginManage:359 - Loaded plugin memorymap (category:base,tabindex:4)
2023-11-12 17:43:52,625 [INFO] PluginManage:310 - Check plugin pinoutandconfiguration
2023-11-12 17:43:52,640 [INFO] PluginManage:359 - Loaded plugin pinoutandconfiguration (category:base,tabindex:1)
2023-11-12 17:43:52,640 [INFO] PluginManage:310 - Check plugin pinoutconfig
2023-11-12 17:43:52,799 [WARN] SupportedApi:132 - Cannot load RTOS API schema: s4s-elt-must-match.1: The content of 'definitions' must match (annotation?, (simpleType | complexType)?, (unique | key | keyref)*)). A problem was found starting at: attribute.
2023-11-12 17:43:53,054 [INFO] PluginManage:359 - Loaded plugin pinoutconfig (category:base,tabindex:0)
2023-11-12 17:43:53,054 [INFO] PluginManage:310 - Check plugin power
2023-11-12 17:43:53,075 [INFO] PluginManage:359 - Loaded plugin power (category:power,tabindex:4)
2023-11-12 17:43:53,075 [INFO] PluginManage:310 - Check plugin projectmanager
2023-11-12 17:43:53,111 [INFO] PluginManage:359 - Loaded plugin projectmanager (category:projectmanager,tabindex:3)
2023-11-12 17:43:53,112 [INFO] PluginManage:310 - Check plugin thirdparty
2023-11-12 17:43:53,366 [INFO] PluginManage:359 - Loaded plugin thirdparty (category:base,tabindex:-1)
2023-11-12 17:43:53,365 [WARN] IntegrityCheckThread:84 - waiting for thirdparty lock release [integrity check]
2023-11-12 17:43:53,366 [INFO] IntegrityCheckThread:86 - entering critical section [integrity check]
2023-11-12 17:43:53,366 [INFO] PluginManage:310 - Check plugin tools
2023-11-12 17:43:53,368 [INFO] ThirdPartyUpdaterWithRetryManager:70 - Updater plugin not ready yet. [1/15]
2023-11-12 17:43:53,371 [INFO] PluginManage:359 - Loaded plugin tools (category:base,tabindex:7)
2023-11-12 17:43:53,372 [INFO] PluginManage:310 - Check plugin tutovideos
2023-11-12 17:43:53,575 [INFO] PluginManage:359 - Loaded plugin tutovideos (category:base,tabindex:-1)
2023-11-12 17:43:53,575 [INFO] PluginManage:310 - Check plugin updater
2023-11-12 17:43:53,596 [INFO] PluginManage:359 - Loaded plugin updater (category:base,tabindex:12)
2023-11-12 17:43:53,596 [INFO] PluginManage:310 - Check plugin userauth
2023-11-12 17:43:53,602 [INFO] UserAuth:113 - Init User Auth plugin
2023-11-12 17:43:53,602 [INFO] PluginManage:359 - Loaded plugin userauth (category:base,tabindex:14)
2023-11-12 17:43:53,602 [INFO] PluginManage:283 - PluginManage : Loaded plugins [17]
2023-11-12 17:43:53,867 [INFO] PinOutPanel:1499 - setPackage(No Configuration,No Configuration)
2023-11-12 17:43:54,026 [INFO] CADModel:165 - CPN selected for project level
2023-11-12 17:43:54,027 [INFO] CADModel:114 - Register for checkConnection events
2023-11-12 17:43:54,044 [INFO] IPUIPlugin:80 - create IPUIPlugin
2023-11-12 17:43:54,045 [INFO] PluginManager:220 - loadIPPluginJar : add tsc
2023-11-12 17:43:54,055 [INFO] IPUIPlugin:80 - create IPUIPlugin
2023-11-12 17:43:54,055 [INFO] PluginManager:220 - loadIPPluginJar : add i2c
2023-11-12 17:43:54,058 [INFO] IPUIPlugin:80 - create IPUIPlugin
2023-11-12 17:43:54,058 [INFO] PluginManager:220 - loadIPPluginJar : add can
2023-11-12 17:43:54,066 [INFO] IPUIPlugin:80 - create IPUIPlugin
2023-11-12 17:43:54,067 [INFO] PluginManager:220 - loadIPPluginJar : add resmgrutility
2023-11-12 17:43:54,071 [INFO] IPUIPlugin:80 - create IPUIPlugin
2023-11-12 17:43:54,072 [INFO] PluginManager:220 - loadIPPluginJar : add ts
2023-11-12 17:43:54,077 [INFO] IPUIPlugin:80 - create IPUIPlugin
2023-11-12 17:43:54,077 [INFO] PluginManager:220 - loadIPPluginJar : add touchsensing
2023-11-12 17:43:54,079 [INFO] IPUIPlugin:80 - create IPUIPlugin
2023-11-12 17:43:54,080 [INFO] PluginManager:220 - loadIPPluginJar : add ltdc
2023-11-12 17:43:54,087 [INFO] IPUIPlugin:80 - create IPUIPlugin
2023-11-12 17:43:54,088 [INFO] PluginManager:220 - loadIPPluginJar : add gpio
2023-11-12 17:43:54,091 [INFO] IPUIPlugin:80 - create IPUIPlugin
2023-11-12 17:43:54,092 [INFO] PluginManager:220 - loadIPPluginJar : add aes
2023-11-12 17:43:54,097 [INFO] IPUIPlugin:80 - create IPUIPlugin
2023-11-12 17:43:54,098 [INFO] PluginManager:220 - loadIPPluginJar : add nvic
2023-11-12 17:43:54,101 [INFO] IPUIPlugin:80 - create IPUIPlugin
2023-11-12 17:43:54,101 [INFO] PluginManager:220 - loadIPPluginJar : add hash
2023-11-12 17:43:54,110 [INFO] IPUIPlugin:80 - create IPUIPlugin
2023-11-12 17:43:54,115 [INFO] PluginManager:220 - loadIPPluginJar : add plateformsettings
2023-11-12 17:43:54,118 [INFO] IPUIPlugin:80 - create IPUIPlugin
2023-11-12 17:43:54,118 [INFO] PluginManager:220 - loadIPPluginJar : add quadspi
2023-11-12 17:43:54,126 [INFO] IPUIPlugin:80 - create IPUIPlugin
2023-11-12 17:43:54,126 [INFO] PluginManager:220 - loadIPPluginJar : add gic
2023-11-12 17:43:54,135 [INFO] IPUIPlugin:80 - create IPUIPlugin
2023-11-12 17:43:54,135 [INFO] PluginManager:220 - loadIPPluginJar : add freertos
2023-11-12 17:43:54,137 [INFO] IPUIPlugin:80 - create IPUIPlugin
2023-11-12 17:43:54,138 [INFO] PluginManager:220 - loadIPPluginJar : add comp
2023-11-12 17:43:54,143 [INFO] IPUIPlugin:80 - create IPUIPlugin
2023-11-12 17:43:54,144 [INFO] PluginManager:220 - loadIPPluginJar : add ipddr
2023-11-12 17:43:54,152 [INFO] IPUIPlugin:80 - create IPUIPlugin
2023-11-12 17:43:54,152 [INFO] PluginManager:220 - loadIPPluginJar : add stm32_wpan
2023-11-12 17:43:54,156 [INFO] IPUIPlugin:80 - create IPUIPlugin
2023-11-12 17:43:54,157 [INFO] PluginManager:220 - loadIPPluginJar : add dma3
2023-11-12 17:43:54,160 [INFO] IPUIPlugin:80 - create IPUIPlugin
2023-11-12 17:43:54,160 [INFO] PluginManager:220 - loadIPPluginJar : add i3c
2023-11-12 17:43:54,163 [INFO] IPUIPlugin:80 - create IPUIPlugin
2023-11-12 17:43:54,163 [INFO] PluginManager:220 - loadIPPluginJar : add tracer_emb
2023-11-12 17:43:54,171 [INFO] IPUIPlugin:80 - create IPUIPlugin
2023-11-12 17:43:54,171 [INFO] PluginManager:220 - loadIPPluginJar : add fmc
2023-11-12 17:43:54,174 [INFO] IPUIPlugin:80 - create IPUIPlugin
2023-11-12 17:43:54,174 [INFO] PluginManager:220 - loadIPPluginJar : add dfsdm
2023-11-12 17:43:54,181 [INFO] IPUIPlugin:80 - create IPUIPlugin
2023-11-12 17:43:54,181 [INFO] PluginManager:220 - loadIPPluginJar : add dma
2023-11-12 17:43:54,183 [INFO] IPUIPlugin:80 - create IPUIPlugin
2023-11-12 17:43:54,185 [INFO] PluginManager:220 - loadIPPluginJar : add fatfs
2023-11-12 17:43:54,191 [INFO] IPUIPlugin:80 - create IPUIPlugin
2023-11-12 17:43:54,191 [INFO] PluginManager:220 - loadIPPluginJar : add sai
2023-11-12 17:43:54,204 [INFO] IPUIPlugin:80 - create IPUIPlugin
2023-11-12 17:43:54,204 [INFO] PluginManager:220 - loadIPPluginJar : add linkedlist
2023-11-12 17:43:54,208 [INFO] IPUIPlugin:80 - create IPUIPlugin
2023-11-12 17:43:54,208 [INFO] PluginManager:220 - loadIPPluginJar : add spi
2023-11-12 17:43:54,213 [INFO] IPUIPlugin:80 - create IPUIPlugin
2023-11-12 17:43:54,213 [INFO] PluginManager:220 - loadIPPluginJar : add i2s
2023-11-12 17:43:54,223 [INFO] IPUIPlugin:80 - create IPUIPlugin
2023-11-12 17:43:54,223 [INFO] PluginManager:220 - loadIPPluginJar : add mdma
2023-11-12 17:43:54,225 [INFO] IPUIPlugin:80 - create IPUIPlugin
2023-11-12 17:43:54,226 [INFO] PluginManager:220 - loadIPPluginJar : add tim
2023-11-12 17:43:54,229 [INFO] IPUIPlugin:80 - create IPUIPlugin
2023-11-12 17:43:54,230 [INFO] PluginManager:220 - loadIPPluginJar : add cryp
2023-11-12 17:43:54,234 [INFO] IPUIPlugin:80 - create IPUIPlugin
2023-11-12 17:43:54,234 [INFO] PluginManager:220 - loadIPPluginJar : add opamp
2023-11-12 17:43:54,239 [INFO] IPUIPlugin:80 - create IPUIPlugin
2023-11-12 17:43:54,239 [INFO] PluginManager:220 - loadIPPluginJar : add ucpd
2023-11-12 17:43:54,248 [INFO] IPUIPlugin:80 - create IPUIPlugin
2023-11-12 17:43:54,248 [INFO] PluginManager:220 - loadIPPluginJar : add adc
2023-11-12 17:43:54,250 [INFO] IPUIPlugin:80 - create IPUIPlugin
2023-11-12 17:43:54,251 [INFO] PluginManager:220 - loadIPPluginJar : add gfxmmu
2023-11-12 17:43:54,255 [INFO] IPUIPlugin:80 - create IPUIPlugin
2023-11-12 17:43:54,256 [INFO] PluginManager:220 - loadIPPluginJar : add usbx
2023-11-12 17:43:54,259 [INFO] IPUIPlugin:80 - create IPUIPlugin
2023-11-12 17:43:54,259 [INFO] PluginManager:220 - loadIPPluginJar : add gtzc
2023-11-12 17:43:54,262 [INFO] IPUIPlugin:80 - create IPUIPlugin
2023-11-12 17:43:54,262 [INFO] PluginManager:220 - loadIPPluginJar : add genericplugin
2023-11-12 17:43:54,266 [INFO] IPUIPlugin:80 - create IPUIPlugin
2023-11-12 17:43:54,267 [INFO] PluginManager:220 - loadIPPluginJar : add usart
2023-11-12 17:43:54,272 [INFO] IPUIPlugin:80 - create IPUIPlugin
2023-11-12 17:43:54,273 [INFO] PluginManager:220 - loadIPPluginJar : add openamp
2023-11-12 17:43:54,275 [INFO] IPUIPlugin:80 - create IPUIPlugin
2023-11-12 17:43:54,275 [INFO] PluginManager:220 - loadIPPluginJar : add lorawan
2023-11-12 17:43:54,279 [INFO] IPUIPlugin:80 - create IPUIPlugin
2023-11-12 17:43:54,279 [INFO] PluginManager:220 - loadIPPluginJar : add pdm2pcm
2023-11-12 17:43:54,415 [INFO] CADModel:165 - CPN selected for project level
2023-11-12 17:43:54,417 [INFO] CADModel:114 - Register for checkConnection events
2023-11-12 17:43:54,418 [FATAL] Updater:308 - Updater called before beeing initialized
2023-11-12 17:43:54,418 [ERROR] CADModel:125 - Updater not yet initialized, retry later 
2023-11-12 17:43:54,614 [INFO] CADModel:165 - CPN selected for project level
2023-11-12 17:43:54,614 [INFO] CADModel:114 - Register for checkConnection events
2023-11-12 17:43:54,614 [FATAL] Updater:308 - Updater called before beeing initialized
2023-11-12 17:43:54,615 [ERROR] CADModel:125 - Updater not yet initialized, retry later 
2023-11-12 17:43:54,620 [FATAL] Updater:308 - Updater called before beeing initialized
2023-11-12 17:43:54,784 [FATAL] Updater:308 - Updater called before beeing initialized
2023-11-12 17:43:54,793 [INFO] DbMcusAds:53 - JSON generation date=Tue Mar 07 14:20:55 IST 2023 (1678179055114)
2023-11-12 17:43:54,794 [FATAL] Updater:308 - Updater called before beeing initialized
2023-11-12 17:43:54,847 [WARN] DetailPanel:346 - Failed to get advertising image, set to default
2023-11-12 17:43:54,974 [FATAL] Updater:308 - Updater called before beeing initialized
2023-11-12 17:43:54,975 [FATAL] Updater:308 - Updater called before beeing initialized
2023-11-12 17:43:54,976 [FATAL] Updater:308 - Updater called before beeing initialized
2023-11-12 17:43:54,976 [WARN] DetailPanel:346 - Failed to get advertising image, set to default
2023-11-12 17:43:54,977 [FATAL] Updater:308 - Updater called before beeing initialized
2023-11-12 17:43:55,032 [ERROR] Updater:1120 - MainUpdater not yet initialized. External WinMGr cannot be set.
2023-11-12 17:43:55,037 [INFO] Updater:1056 - Updater Version found : 6.9.2
2023-11-12 17:43:55,072 [INFO] ApplicationProperties:184 - Using Application install path: /opt/st/stm32cubeide_1.13.2/plugins/com.st.stm32cube.common.mx_6.9.2.202309101412
2023-11-12 17:43:55,687 [INFO] MainUpdater:2868 - connection check result : 10
2023-11-12 17:43:55,688 [INFO] MainUpdater:3562 - Updater definition file requires update
2023-11-12 17:43:55,690 [INFO] MainUpdater:285 - Updater Check For Update Now.
2023-11-12 17:43:55,690 [INFO] MicroXplorer:498 - Change Database Version : DB.6.0.92
2023-11-12 17:43:55,717 [INFO] McuFinderGlobals:63 - Set McuFinder mode to 2 (CubeIDE integrated)
2023-11-12 17:43:55,717 [INFO] UserAuth:179 - activating auth plugin
2023-11-12 17:43:55,725 [INFO] UserAuth:393 - Internet connection configuration mode: 1
2023-11-12 17:43:55,761 [INFO] JxBrowserEngine:151 - Initiate JxBrowser Engine with user profile folder
2023-11-12 17:43:56,370 [WARN] MainUpdater:1189 - Updater busy. Cannot search thirdparties
2023-11-12 17:43:56,370 [INFO] ThirdPartyUpdaterWithRetryManager:96 - Updater plugin is busy. [1/15]
2023-11-12 17:43:57,027 [INFO] WebApp:157 - Instantiating new browser for Auth
2023-11-12 17:43:57,127 [INFO] ServerAccessManage:473 - Download File updaters.zip
2023-11-12 17:43:57,549 [INFO] FileExtend:240 - Unzip File : updaters.zip
2023-11-12 17:43:57,549 [INFO] FileExtend:255 - Standard Zip Deflate
2023-11-12 17:43:58,397 [INFO] WebApp:753 - Register for checkConnection events
2023-11-12 17:43:58,398 [INFO] WebApp:390 - Apply proxy settings
2023-11-12 17:43:58,398 [INFO] WebApp:475 - Chromium requires no authentication
2023-11-12 17:43:58,405 [INFO] WebApp:418 - Direct internet connection detected
2023-11-12 17:43:58,620 [INFO] WebApp:188 - Starting web application
2023-11-12 17:43:58,620 [INFO] WebApp:520 - Web application path used /opt/st/stm32cubeide_1.13.2/plugins/com.st.stm32cube.common.mx_6.9.2.202309101412/db/plugins/mcufinder/reactClient1/index.html
2023-11-12 17:43:59,114 [INFO] ServerAccessManage:473 - Download File PacksControlFlags.xml
2023-11-12 17:43:59,372 [WARN] MainUpdater:1189 - Updater busy. Cannot search thirdparties
2023-11-12 17:43:59,372 [INFO] ThirdPartyUpdaterWithRetryManager:96 - Updater plugin is busy. [2/15]
2023-11-12 17:44:00,187 [INFO] ServerAccessManage:473 - Download File cubemx.pidx
2023-11-12 17:44:01,326 [INFO] ServerAccessManage:473 - Download File STMicroelectronics.FP-SNS-MOTENVWB1.pdsc
2023-11-12 17:44:02,373 [WARN] MainUpdater:1189 - Updater busy. Cannot search thirdparties
2023-11-12 17:44:02,373 [INFO] ThirdPartyUpdaterWithRetryManager:96 - Updater plugin is busy. [3/15]
2023-11-12 17:44:04,795 [ERROR] ServerAccessManage:1096 - Problem, Http access forbiden
2023-11-12 17:44:04,798 [ERROR] ServerAccessManage:651 - Problem, Http access forbiden : RoweBots.I-CUBE-UNISONRTOS.pdsc.
2023-11-12 17:44:05,374 [WARN] MainUpdater:1189 - Updater busy. Cannot search thirdparties
2023-11-12 17:44:05,375 [INFO] ThirdPartyUpdaterWithRetryManager:96 - Updater plugin is busy. [4/15]
2023-11-12 17:44:05,560 [ERROR] ServerAccessManage:1172 - Problem during Server Connection :  IO error PKIX path building failed: sun.security.provider.certpath.SunCertPathBuilderException: unable to find valid certification path to requested target
2023-11-12 17:44:05,561 [ERROR] ServerAccessManage:651 - Problem during Server Connection :  : SEGGER.I-CUBE-embOS.pdsc.
2023-11-12 17:44:05,844 [WARN] PackLoader:240 - Cannot read IP mode file for STMicroelectronics.FP-SNS-MOTENVWB1.1.3.0
2023-11-12 17:44:05,849 [INFO] PopulateThirdPartyThread:66 - Ending populate Thread
2023-11-12 17:44:05,851 [INFO] ThirdParty:1030 - CMSIS Pack Vendor :STMicroelectronics FP-SNS-MOTENVWB1 1.3.0
2023-11-12 17:44:05,851 [INFO] LoadServerUpdatesThread:373 - End of LoadServerUpdate Thread
2023-11-12 17:44:05,982 [INFO] CheckServerUpdateThread:120 - End of CheckServer Thread
2023-11-12 17:44:08,621 [WARN] PackLoader:240 - Cannot read IP mode file for STMicroelectronics.X-CUBE-SMBUS.2.1.0
2023-11-12 17:44:08,674 [WARN] PackLoader:240 - Cannot read IP mode file for STMicroelectronics.X-CUBE-AZRTOS-F7.1.1.0
2023-11-12 17:44:08,691 [WARN] PackLoader:240 - Cannot read IP mode file for STMicroelectronics.FP-SNS-MOTENV1.4.3.2
2023-11-12 17:44:08,700 [WARN] PackLoader:240 - Cannot read IP mode file for STMicroelectronics.FP-SNS-FLIGHT1.5.0.2
2023-11-12 17:44:08,712 [WARN] PackLoader:240 - Cannot read IP mode file for STMicroelectronics.X-CUBE-DISPLAY.3.0.0
2023-11-12 17:44:08,732 [WARN] PackLoader:240 - Cannot read IP mode file for STMicroelectronics.X-CUBE-BLE1.7.0.0
2023-11-12 17:44:08,743 [WARN] PackLoader:240 - Cannot read IP mode file for emotas.I-CUBE-CANOPEN.1.3.0
2023-11-12 17:44:08,747 [WARN] PackLoader:240 - Cannot read IP mode file for STMicroelectronics.X-CUBE-TOUCHGFX.4.22.1
2023-11-12 17:44:08,754 [WARN] PackLoader:240 - Cannot read IP mode file for STMicroelectronics.FP-SNS-SMARTAG2.1.2.0
2023-11-12 17:44:08,773 [INFO] LogOutputStream:77 - [STDOUT_REDIRECT] 1 : Invalid condition id : UX_CORESTACK_Condition cause : null
2023-11-12 17:44:08,775 [INFO] LogOutputStream:77 - [STDOUT_REDIRECT] 1 : Invalid condition id : UX_CORESTACK_Condition cause : null
2023-11-12 17:44:08,776 [INFO] LogOutputStream:77 - [STDOUT_REDIRECT] 1 : Invalid condition id : UX_CORESTACK_Condition cause : null
2023-11-12 17:44:08,777 [INFO] LogOutputStream:77 - [STDOUT_REDIRECT] 1 : Invalid condition id : UX_CORESTACK_Condition cause : null
2023-11-12 17:44:08,779 [INFO] LogOutputStream:77 - [STDOUT_REDIRECT] 1 : Invalid condition id : UX_CORESTACK_Condition cause : null
2023-11-12 17:44:08,786 [WARN] PackLoader:240 - Cannot read IP mode file for STMicroelectronics.X-CUBE-AZRTOS-WL.2.0.0
2023-11-12 17:44:08,798 [WARN] PackLoader:240 - Cannot read IP mode file for WES.I-CUBE-Cesium.1.3.0
2023-11-12 17:44:08,804 [WARN] PackLoader:240 - Cannot read IP mode file for STMicroelectronics.X-CUBE-BLE2.3.3.0
2023-11-12 17:44:08,813 [WARN] PackLoader:240 - Cannot read IP mode file for STMicroelectronics.X-CUBE-ALGOBUILD.1.3.0
2023-11-12 17:44:08,860 [WARN] PackLoader:240 - Cannot read IP mode file for STMicroelectronics.X-CUBE-AZRTOS-G0.1.1.0
2023-11-12 17:44:08,881 [WARN] PackLoader:240 - Cannot read IP mode file for STMicroelectronics.X-CUBE-NFC4.3.0.0
2023-11-12 17:44:08,903 [WARN] PackLoader:240 - Cannot read IP mode file for STMicroelectronics.X-CUBE-BLEMGR.3.0.0
2023-11-12 17:44:08,913 [WARN] PackLoader:240 - Cannot read IP mode file for STMicroelectronics.FP-ATR-SIGFOX1.3.2.0
2023-11-12 17:44:08,919 [WARN] PackLoader:240 - Cannot read IP mode file for STMicroelectronics.X-CUBE-GNSS1.6.0.0
2023-11-12 17:44:08,959 [WARN] PackLoader:240 - Cannot read IP mode file for STMicroelectronics.X-CUBE-AZRTOS-F4.1.1.0
2023-11-12 17:44:08,972 [WARN] PackLoader:240 - Cannot read IP mode file for wolfSSL.I-CUBE-wolfSSL.5.6.3
2023-11-12 17:44:09,010 [WARN] PackLoader:240 - Cannot read IP mode file for STMicroelectronics.X-CUBE-AZRTOS-L5.2.0.0
2023-11-12 17:44:09,022 [WARN] PackLoader:240 - Cannot read IP mode file for STMicroelectronics.X-CUBE-EEPRMA1.4.2.0
2023-11-12 17:44:09,031 [WARN] PackLoader:240 - Cannot read IP mode file for ITTIA_DB.I-CUBE-ITTIADB.8.8.0
2023-11-12 17:44:09,043 [WARN] PackLoader:240 - Cannot read IP mode file for STMicroelectronics.X-CUBE-BLEMGR.2.0.0
2023-11-12 17:44:09,075 [WARN] ConditionMgr:438 - getConditionDescription Invalid condition id : UX DEVICE CLASS RTOS Condition cause : null
2023-11-12 17:44:09,075 [WARN] ConditionMgr:438 - getConditionDescription Invalid condition id : UX DEVICE CLASS RTOS Condition cause : null
2023-11-12 17:44:09,080 [WARN] PackLoader:240 - Cannot read IP mode file for STMicroelectronics.X-CUBE-AZRTOS-H7.3.1.0
2023-11-12 17:44:09,082 [WARN] ConditionMgr:1039 - genDependencies : Invalid condition id : UX DEVICE CLASS RTOS Condition cause : null
2023-11-12 17:44:09,082 [WARN] ConditionMgr:1039 - genDependencies : Invalid condition id : UX DEVICE CLASS RTOS Condition cause : null
2023-11-12 17:44:09,084 [WARN] ConditionMgr:1039 - genDependencies : Invalid condition id : UX DEVICE CLASS RTOS Condition cause : null
2023-11-12 17:44:09,085 [WARN] ConditionMgr:1039 - genDependencies : Invalid condition id : UX DEVICE CLASS RTOS Condition cause : null
2023-11-12 17:44:09,086 [WARN] ConditionMgr:1039 - genDependencies : Invalid condition id : UX DEVICE CLASS RTOS Condition cause : null
2023-11-12 17:44:09,094 [WARN] PackLoader:240 - Cannot read IP mode file for STMicroelectronics.X-CUBE-NFC7.1.0.1
2023-11-12 17:44:09,105 [WARN] PackLoader:240 - Cannot read IP mode file for STMicroelectronics.X-CUBE-NFC6.3.0.0
2023-11-12 17:44:09,154 [WARN] PackLoader:240 - Cannot read IP mode file for STMicroelectronics.X-CUBE-AI.8.1.0
2023-11-12 17:44:09,193 [WARN] ConditionMgr:438 - getConditionDescription Invalid condition id : LAN8742 Phy interface Condition cause : null
2023-11-12 17:44:09,194 [WARN] PackLoader:240 - Cannot read IP mode file for STMicroelectronics.X-CUBE-AZRTOS-L4.2.0.0
2023-11-12 17:44:09,196 [WARN] ConditionMgr:1039 - genDependencies : Invalid condition id : LAN8742 Phy interface Condition cause : null
2023-11-12 17:44:09,196 [WARN] ConditionMgr:1039 - genDependencies : Invalid condition id : LAN8742 Phy interface Condition cause : null
2023-11-12 17:44:09,198 [WARN] ConditionMgr:1039 - genDependencies : Invalid condition id : LAN8742 Phy interface Condition cause : null
2023-11-12 17:44:09,228 [WARN] PackLoader:240 - Cannot read IP mode file for STMicroelectronics.X-CUBE-SFXS2LP1.4.0.0
2023-11-12 17:44:09,235 [WARN] PackLoader:240 - Cannot read IP mode file for STMicroelectronics.X-CUBE-ISPU.1.1.0
2023-11-12 17:44:09,267 [WARN] ConditionMgr:438 - getConditionDescription Invalid condition id : UX DEVICE CLASS RTOS Condition cause : null
2023-11-12 17:44:09,268 [WARN] ConditionMgr:438 - getConditionDescription Invalid condition id : UX DEVICE CLASS RTOS Condition cause : null
2023-11-12 17:44:09,275 [WARN] PackLoader:240 - Cannot read IP mode file for STMicroelectronics.X-CUBE-AZRTOS-WB.2.0.0
2023-11-12 17:44:09,276 [WARN] ConditionMgr:1039 - genDependencies : Invalid condition id : UX DEVICE CLASS RTOS Condition cause : null
2023-11-12 17:44:09,276 [WARN] ConditionMgr:1039 - genDependencies : Invalid condition id : UX DEVICE CLASS RTOS Condition cause : null
2023-11-12 17:44:09,277 [WARN] ConditionMgr:1039 - genDependencies : Invalid condition id : UX DEVICE CLASS RTOS Condition cause : null
2023-11-12 17:44:09,278 [WARN] ConditionMgr:1039 - genDependencies : Invalid condition id : UX DEVICE CLASS RTOS Condition cause : null
2023-11-12 17:44:09,278 [WARN] ConditionMgr:1039 - genDependencies : Invalid condition id : UX DEVICE CLASS RTOS Condition cause : null
2023-11-12 17:44:09,296 [WARN] PackLoader:240 - Cannot read IP mode file for STMicroelectronics.X-CUBE-SUBG2.5.0.0
2023-11-12 17:44:09,321 [WARN] PackLoader:240 - Cannot read IP mode file for STMicroelectronics.X-CUBE-TOF1.3.3.1
2023-11-12 17:44:09,362 [WARN] PackLoader:240 - Cannot read IP mode file for STMicroelectronics.X-CUBE-AZRTOS-G4.2.0.0
2023-11-12 17:44:09,384 [WARN] PackLoader:240 - Cannot read IP mode file for Infineon.AIROC-Wi-Fi-Bluetooth-STM32.1.5.1
2023-11-12 17:44:09,396 [WARN] PackLoader:240 - Cannot read IP mode file for STMicroelectronics.FP-SNS-MOTENVWB1.1.3.0
2023-11-12 17:44:09,462 [WARN] PackLoader:240 - Cannot read IP mode file for STMicroelectronics.X-CUBE-MEMS1.10.0.0
2023-11-12 17:44:09,698 [WARN] PackLoader:240 - Cannot read IP mode file for STMicroelectronics.X-CUBE-FREERTOS.1.1.0
2023-11-12 17:44:09,703 [WARN] PackLoader:240 - Cannot read IP mode file for portGmbH.I-Cube-SoM-uGOAL.1.1.0
2023-11-12 17:44:09,708 [WARN] PackLoader:240 - Cannot read IP mode file for STMicroelectronics.X-CUBE-ALS.1.0.1
2023-11-12 17:44:09,712 [WARN] PackLoader:240 - Cannot read IP mode file for STMicroelectronics.FP-ATR-ASTRA1.2.0.0
2023-11-12 17:44:09,713 [INFO] ThirdParty:978 - Integrity check success = true
2023-11-12 17:44:09,713 [INFO] IntegrityCheckThread:100 - exiting critical section [integrity check]
2023-11-12 17:44:09,713 [INFO] IntegrityCheckThread:103 - End integrity checks thread
2023-11-12 17:44:19,419 [ERROR] LogOutputStream:75 - [STDERR_REDIRECT] SLF4J: Failed to load class "org.slf4j.impl.StaticLoggerBinder".
2023-11-12 17:44:19,420 [ERROR] LogOutputStream:75 - [STDERR_REDIRECT] SLF4J: Defaulting to no-operation (NOP) logger implementation
2023-11-12 17:44:19,422 [ERROR] LogOutputStream:75 - [STDERR_REDIRECT] SLF4J: See http://www.slf4j.org/codes.html#StaticLoggerBinder for further details.
2023-11-12 17:44:57,522 [ERROR] LogOutputStream:75 - [STDERR_REDIRECT] org.eclipse.cdt.managedbuilder.core.BuildException: No toolchain option in toolchain configuration cdt.managedbuild.toolchain.gnu.mingw.exe.debug.1892369854: 
2023-11-12 17:44:57,523 [ERROR] LogOutputStream:75 - [STDERR_REDIRECT] 	at com.st.stm32cube.ide.mcu.toolchain.ToolChainHelper.getToolChainId(ToolChainHelper.java:166)
2023-11-12 17:44:57,524 [ERROR] LogOutputStream:75 - [STDERR_REDIRECT] 	at com.st.stm32cube.ide.mcu.toolchain.ToolChainHelper.getToolChainInfo(ToolChainHelper.java:109)
2023-11-12 17:44:57,525 [ERROR] LogOutputStream:75 - [STDERR_REDIRECT] 	at com.st.stm32cube.ide.mcu.toolchain.ui.unmanaged.ToolSettingsTab.createControls(ToolSettingsTab.java:149)
2023-11-12 17:44:57,525 [ERROR] LogOutputStream:75 - [STDERR_REDIRECT] 	at org.eclipse.cdt.ui.newui.AbstractCPropertyTab.createControls(AbstractCPropertyTab.java:139)
2023-11-12 17:44:57,525 [ERROR] LogOutputStream:75 - [STDERR_REDIRECT] 	at org.eclipse.cdt.ui.newui.AbstractPage.loadTab(AbstractPage.java:1199)
2023-11-12 17:44:57,526 [ERROR] LogOutputStream:75 - [STDERR_REDIRECT] 	at org.eclipse.cdt.ui.newui.AbstractPage.loadExtensionsSynchronized(AbstractPage.java:1143)
2023-11-12 17:44:57,526 [ERROR] LogOutputStream:75 - [STDERR_REDIRECT] 	at org.eclipse.cdt.ui.newui.AbstractPage.createWidgets(AbstractPage.java:373)
2023-11-12 17:44:57,526 [ERROR] LogOutputStream:75 - [STDERR_REDIRECT] 	at org.eclipse.cdt.ui.newui.AbstractPage.contentForCDT(AbstractPage.java:359)
2023-11-12 17:44:57,526 [ERROR] LogOutputStream:75 - [STDERR_REDIRECT] 	at org.eclipse.cdt.ui.newui.AbstractPage.createContents(AbstractPage.java:256)
2023-11-12 17:44:57,527 [ERROR] LogOutputStream:75 - [STDERR_REDIRECT] 	at org.eclipse.jface.preference.PreferencePage.createControl(PreferencePage.java:244)
2023-11-12 17:44:57,527 [ERROR] LogOutputStream:75 - [STDERR_REDIRECT] 	at org.eclipse.jface.preference.PreferenceDialog.createPageControl(PreferenceDialog.java:1434)
2023-11-12 17:44:57,527 [ERROR] LogOutputStream:75 - [STDERR_REDIRECT] 	at org.eclipse.jface.preference.PreferenceDialog$8.run(PreferenceDialog.java:1197)
2023-11-12 17:44:57,527 [ERROR] LogOutputStream:75 - [STDERR_REDIRECT] 	at org.eclipse.core.runtime.SafeRunner.run(SafeRunner.java:45)
2023-11-12 17:44:57,528 [ERROR] LogOutputStream:75 - [STDERR_REDIRECT] 	at org.eclipse.jface.util.SafeRunnable.run(SafeRunnable.java:174)
2023-11-12 17:44:57,528 [ERROR] LogOutputStream:75 - [STDERR_REDIRECT] 	at org.eclipse.jface.preference.PreferenceDialog.showPage(PreferenceDialog.java:1189)
2023-11-12 17:44:57,528 [ERROR] LogOutputStream:75 - [STDERR_REDIRECT] 	at org.eclipse.ui.internal.dialogs.FilteredPreferenceDialog.showPage(FilteredPreferenceDialog.java:630)
2023-11-12 17:44:57,529 [ERROR] LogOutputStream:75 - [STDERR_REDIRECT] 	at org.eclipse.jface.preference.PreferenceDialog$5.lambda$0(PreferenceDialog.java:661)
2023-11-12 17:44:57,529 [ERROR] LogOutputStream:75 - [STDERR_REDIRECT] 	at org.eclipse.swt.custom.BusyIndicator.showWhile(BusyIndicator.java:67)
2023-11-12 17:44:57,530 [ERROR] LogOutputStream:75 - [STDERR_REDIRECT] 	at org.eclipse.jface.preference.PreferenceDialog$5.selectionChanged(PreferenceDialog.java:658)
2023-11-12 17:44:57,530 [ERROR] LogOutputStream:75 - [STDERR_REDIRECT] 	at org.eclipse.jface.viewers.StructuredViewer$3.run(StructuredViewer.java:821)
2023-11-12 17:44:57,530 [ERROR] LogOutputStream:75 - [STDERR_REDIRECT] 	at org.eclipse.core.runtime.SafeRunner.run(SafeRunner.java:45)
2023-11-12 17:44:57,530 [ERROR] LogOutputStream:75 - [STDERR_REDIRECT] 	at org.eclipse.jface.util.SafeRunnable.run(SafeRunnable.java:174)
2023-11-12 17:44:57,531 [ERROR] LogOutputStream:75 - [STDERR_REDIRECT] 	at org.eclipse.jface.viewers.StructuredViewer.firePostSelectionChanged(StructuredViewer.java:818)
2023-11-12 17:44:57,531 [ERROR] LogOutputStream:75 - [STDERR_REDIRECT] 	at org.eclipse.jface.viewers.StructuredViewer.handlePostSelect(StructuredViewer.java:1191)
2023-11-12 17:44:57,531 [ERROR] LogOutputStream:75 - [STDERR_REDIRECT] 	at org.eclipse.swt.events.SelectionListener$1.widgetSelected(SelectionListener.java:84)
2023-11-12 17:44:57,531 [ERROR] LogOutputStream:75 - [STDERR_REDIRECT] 	at org.eclipse.jface.util.OpenStrategy.firePostSelectionEvent(OpenStrategy.java:284)
2023-11-12 17:44:57,532 [ERROR] LogOutputStream:75 - [STDERR_REDIRECT] 	at org.eclipse.jface.util.OpenStrategy$1.lambda$1(OpenStrategy.java:438)
2023-11-12 17:44:57,532 [ERROR] LogOutputStream:75 - [STDERR_REDIRECT] 	at org.eclipse.swt.widgets.RunnableLock.run(RunnableLock.java:40)
2023-11-12 17:44:57,532 [ERROR] LogOutputStream:75 - [STDERR_REDIRECT] 	at org.eclipse.swt.widgets.Synchronizer.runAsyncMessages(Synchronizer.java:132)
2023-11-12 17:44:57,532 [ERROR] LogOutputStream:75 - [STDERR_REDIRECT] 	at org.eclipse.swt.widgets.Display.runAsyncMessages(Display.java:5040)
2023-11-12 17:44:57,533 [ERROR] LogOutputStream:75 - [STDERR_REDIRECT] 	at org.eclipse.swt.widgets.Display.readAndDispatch(Display.java:4520)
2023-11-12 17:44:57,533 [ERROR] LogOutputStream:75 - [STDERR_REDIRECT] 	at org.eclipse.jface.window.Window.runEventLoop(Window.java:823)
2023-11-12 17:44:57,533 [ERROR] LogOutputStream:75 - [STDERR_REDIRECT] 	at org.eclipse.jface.window.Window.open(Window.java:799)
2023-11-12 17:44:57,533 [ERROR] LogOutputStream:75 - [STDERR_REDIRECT] 	at org.eclipse.ui.dialogs.PropertyDialogAction.run(PropertyDialogAction.java:155)
2023-11-12 17:44:57,534 [ERROR] LogOutputStream:75 - [STDERR_REDIRECT] 	at org.eclipse.jface.action.Action.runWithEvent(Action.java:474)
2023-11-12 17:44:57,534 [ERROR] LogOutputStream:75 - [STDERR_REDIRECT] 	at org.eclipse.jface.action.ActionContributionItem.handleWidgetSelection(ActionContributionItem.java:580)
2023-11-12 17:44:57,534 [ERROR] LogOutputStream:75 - [STDERR_REDIRECT] 	at org.eclipse.jface.action.ActionContributionItem.lambda$4(ActionContributionItem.java:414)
2023-11-12 17:44:57,536 [ERROR] LogOutputStream:75 - [STDERR_REDIRECT] 	at org.eclipse.swt.widgets.EventTable.sendEvent(EventTable.java:89)
2023-11-12 17:44:57,537 [ERROR] LogOutputStream:75 - [STDERR_REDIRECT] 	at org.eclipse.swt.widgets.Display.sendEvent(Display.java:5855)
2023-11-12 17:44:57,538 [ERROR] LogOutputStream:75 - [STDERR_REDIRECT] 	at org.eclipse.swt.widgets.Widget.sendEvent(Widget.java:1529)
2023-11-12 17:44:57,539 [ERROR] LogOutputStream:75 - [STDERR_REDIRECT] 	at org.eclipse.swt.widgets.Display.runDeferredEvents(Display.java:5065)
2023-11-12 17:44:57,539 [ERROR] LogOutputStream:75 - [STDERR_REDIRECT] 	at org.eclipse.swt.widgets.Display.readAndDispatch(Display.java:4517)
2023-11-12 17:44:57,542 [ERROR] LogOutputStream:75 - [STDERR_REDIRECT] 	at org.eclipse.e4.ui.internal.workbench.swt.PartRenderingEngine$5.run(PartRenderingEngine.java:1155)
2023-11-12 17:44:57,542 [ERROR] LogOutputStream:75 - [STDERR_REDIRECT] 	at org.eclipse.core.databinding.observable.Realm.runWithDefault(Realm.java:338)
2023-11-12 17:44:57,543 [ERROR] LogOutputStream:75 - [STDERR_REDIRECT] 	at org.eclipse.e4.ui.internal.workbench.swt.PartRenderingEngine.run(PartRenderingEngine.java:1046)
2023-11-12 17:44:57,543 [ERROR] LogOutputStream:75 - [STDERR_REDIRECT] 	at org.eclipse.e4.ui.internal.workbench.E4Workbench.createAndRunUI(E4Workbench.java:155)
2023-11-12 17:44:57,543 [ERROR] LogOutputStream:75 - [STDERR_REDIRECT] 	at org.eclipse.ui.internal.Workbench.lambda$3(Workbench.java:643)
2023-11-12 17:44:57,543 [ERROR] LogOutputStream:75 - [STDERR_REDIRECT] 	at org.eclipse.core.databinding.observable.Realm.runWithDefault(Realm.java:338)
2023-11-12 17:44:57,544 [ERROR] LogOutputStream:75 - [STDERR_REDIRECT] 	at org.eclipse.ui.internal.Workbench.createAndRunWorkbench(Workbench.java:550)
2023-11-12 17:44:57,544 [ERROR] LogOutputStream:75 - [STDERR_REDIRECT] 	at org.eclipse.ui.PlatformUI.createAndRunWorkbench(PlatformUI.java:171)
2023-11-12 17:44:57,544 [ERROR] LogOutputStream:75 - [STDERR_REDIRECT] 	at org.eclipse.ui.internal.ide.application.IDEApplication.start(IDEApplication.java:152)
2023-11-12 17:44:57,545 [ERROR] LogOutputStream:75 - [STDERR_REDIRECT] 	at org.eclipse.equinox.internal.app.EclipseAppHandle.run(EclipseAppHandle.java:203)
2023-11-12 17:44:57,545 [ERROR] LogOutputStream:75 - [STDERR_REDIRECT] 	at org.eclipse.core.runtime.internal.adaptor.EclipseAppLauncher.runApplication(EclipseAppLauncher.java:136)
2023-11-12 17:44:57,546 [ERROR] LogOutputStream:75 - [STDERR_REDIRECT] 	at org.eclipse.core.runtime.internal.adaptor.EclipseAppLauncher.start(EclipseAppLauncher.java:104)
2023-11-12 17:44:57,546 [ERROR] LogOutputStream:75 - [STDERR_REDIRECT] 	at org.eclipse.core.runtime.adaptor.EclipseStarter.run(EclipseStarter.java:402)
2023-11-12 17:44:57,547 [ERROR] LogOutputStream:75 - [STDERR_REDIRECT] 	at org.eclipse.core.runtime.adaptor.EclipseStarter.run(EclipseStarter.java:255)
2023-11-12 17:44:57,547 [ERROR] LogOutputStream:75 - [STDERR_REDIRECT] 	at java.base/jdk.internal.reflect.NativeMethodAccessorImpl.invoke0(Native Method)
2023-11-12 17:44:57,547 [ERROR] LogOutputStream:75 - [STDERR_REDIRECT] 	at java.base/jdk.internal.reflect.NativeMethodAccessorImpl.invoke(NativeMethodAccessorImpl.java:77)
2023-11-12 17:44:57,548 [ERROR] LogOutputStream:75 - [STDERR_REDIRECT] 	at java.base/jdk.internal.reflect.DelegatingMethodAccessorImpl.invoke(DelegatingMethodAccessorImpl.java:43)
2023-11-12 17:44:57,548 [ERROR] LogOutputStream:75 - [STDERR_REDIRECT] 	at java.base/java.lang.reflect.Method.invoke(Method.java:568)
2023-11-12 17:44:57,548 [ERROR] LogOutputStream:75 - [STDERR_REDIRECT] 	at org.eclipse.equinox.launcher.Main.invokeFramework(Main.java:659)
2023-11-12 17:44:57,548 [ERROR] LogOutputStream:75 - [STDERR_REDIRECT] 	at org.eclipse.equinox.launcher.Main.basicRun(Main.java:596)
2023-11-12 17:44:57,549 [ERROR] LogOutputStream:75 - [STDERR_REDIRECT] 	at org.eclipse.equinox.launcher.Main.run(Main.java:1467)
2023-11-12 17:44:57,549 [ERROR] LogOutputStream:75 - [STDERR_REDIRECT] 	at org.eclipse.equinox.launcher.Main.main(Main.java:1440)
2023-11-12 17:55:25,591 [ERROR] LogOutputStream:75 - [STDERR_REDIRECT] 
2023-11-12 18:17:58,872 [INFO] Activator:176 - 


2023-11-12 18:17:58,886 [INFO] Activator:177 - !SESSION log4j initialized
2023-11-12 18:18:03,522 [INFO] LogOutputStream:77 - [STDOUT_REDIRECT] 
2023-11-12 18:18:07,491 [INFO] ApplicationProperties:184 - Using Application install path: /opt/st/stm32cubeide_1.13.2/plugins/com.st.stm32cube.common.mx_6.9.2.202309101412
2023-11-12 18:18:07,527 [INFO] DbMcusXml:78 - Set database path to: /opt/st/stm32cubeide_1.13.2/plugins/com.st.stm32cube.common.mx_6.9.2.202309101412//db//mcu/
2023-11-12 18:18:07,532 [INFO] ApiDb:274 - Set plugin database path to: /opt/st/stm32cubeide_1.13.2/plugins/com.st.stm32cube.common.mx_6.9.2.202309101412//db//plugins/boardmanager/
2023-11-12 18:18:07,533 [WARN] ApiDb:259 - Overriding images path with different value:  => /opt/st/stm32cubeide_1.13.2/plugins/com.st.stm32cube.common.mx_6.9.2.202309101412//db//plugins/mcufinder/images/
2023-11-12 18:18:07,550 [INFO] ApiDb:250 - Set database path to: /home/tux/.stmcufinder/plugins/mcufinder//mcu/
2023-11-12 18:18:07,552 [INFO] DbMcusAds:125 - Set database path to: /home/tux/.stmcufinder/plugins/mcufinder//mcu/
2023-11-12 18:18:07,555 [INFO] CrossReferenceDbSqlite:203 - Set database path to: /home/tux/.stmcufinder/plugins/mcufinder//mcu/cs/
2023-11-12 18:18:07,815 [INFO] RulesReader:64 - Compatibility file has been processed (293 Rules)
2023-11-12 18:18:07,929 [INFO] DbMcusXml:78 - Set database path to: /opt/st/stm32cubeide_1.13.2/plugins/com.st.stm32cube.common.mx_6.9.2.202309101412//db//mcu/
2023-11-12 18:18:07,930 [INFO] ApiDb:274 - Set plugin database path to: /opt/st/stm32cubeide_1.13.2/plugins/com.st.stm32cube.common.mx_6.9.2.202309101412//db//plugins/boardmanager/
2023-11-12 18:18:07,930 [INFO] ApiDb:261 - Set plugin images path to: /opt/st/stm32cubeide_1.13.2/plugins/com.st.stm32cube.common.mx_6.9.2.202309101412//db//plugins/mcufinder/images/
2023-11-12 18:18:07,931 [WARN] DbFile:41 - Overriding database path with different value: /home/tux/.stmcufinder/plugins/mcufinder/ => /home/tux/.stmcufinder/plugins/mcufinder
2023-11-12 18:18:07,931 [INFO] ApiDb:250 - Set database path to: /home/tux/.stmcufinder/plugins/mcufinder//mcu/
2023-11-12 18:18:07,931 [WARN] DbFile:41 - Overriding database path with different value: /home/tux/.stmcufinder/plugins/mcufinder/ => /home/tux/.stmcufinder/plugins/mcufinder
2023-11-12 18:18:07,931 [INFO] DbMcusAds:125 - Set database path to: /home/tux/.stmcufinder/plugins/mcufinder//mcu/
2023-11-12 18:18:07,931 [WARN] DbFile:41 - Overriding database path with different value: /home/tux/.stmcufinder/plugins/mcufinder/ => /home/tux/.stmcufinder/plugins/mcufinder
2023-11-12 18:18:07,932 [WARN] DbFile:41 - Overriding database path with different value: /home/tux/.stmcufinder/plugins/mcufinder/ => /home/tux/.stmcufinder/plugins/mcufinder
2023-11-12 18:18:07,932 [INFO] CrossReferenceDbSqlite:203 - Set database path to: /home/tux/.stmcufinder/plugins/mcufinder//mcu/cs/
2023-11-12 18:18:08,114 [INFO] MainPanel:262 - HeapMemory: 268435456
2023-11-12 18:18:08,244 [INFO] DbMcusXml:78 - Set database path to: /opt/st/stm32cubeide_1.13.2/plugins/com.st.stm32cube.common.mx_6.9.2.202309101412//db//mcu/
2023-11-12 18:18:08,246 [INFO] ApiDb:274 - Set plugin database path to: /opt/st/stm32cubeide_1.13.2/plugins/com.st.stm32cube.common.mx_6.9.2.202309101412//db//plugins/boardmanager/
2023-11-12 18:18:08,246 [INFO] ApiDb:261 - Set plugin images path to: /opt/st/stm32cubeide_1.13.2/plugins/com.st.stm32cube.common.mx_6.9.2.202309101412//db//plugins/mcufinder/images/
2023-11-12 18:18:08,247 [WARN] DbFile:41 - Overriding database path with different value: /home/tux/.stmcufinder/plugins/mcufinder/ => /home/tux/.stmcufinder/plugins/mcufinder
2023-11-12 18:18:08,247 [INFO] ApiDb:250 - Set database path to: /home/tux/.stmcufinder/plugins/mcufinder//mcu/
2023-11-12 18:18:08,247 [WARN] DbFile:41 - Overriding database path with different value: /home/tux/.stmcufinder/plugins/mcufinder/ => /home/tux/.stmcufinder/plugins/mcufinder
2023-11-12 18:18:08,248 [INFO] DbMcusAds:125 - Set database path to: /home/tux/.stmcufinder/plugins/mcufinder//mcu/
2023-11-12 18:18:08,248 [WARN] DbFile:41 - Overriding database path with different value: /home/tux/.stmcufinder/plugins/mcufinder/ => /home/tux/.stmcufinder/plugins/mcufinder
2023-11-12 18:18:08,248 [WARN] DbFile:41 - Overriding database path with different value: /home/tux/.stmcufinder/plugins/mcufinder/ => /home/tux/.stmcufinder/plugins/mcufinder
2023-11-12 18:18:08,249 [INFO] CrossReferenceDbSqlite:203 - Set database path to: /home/tux/.stmcufinder/plugins/mcufinder//mcu/cs/
2023-11-12 18:18:08,272 [INFO] ApplicationProperties:184 - Using Application install path: /opt/st/stm32cubeide_1.13.2/plugins/com.st.stm32cube.common.mx_6.9.2.202309101412
2023-11-12 18:18:08,274 [INFO] PluginManage:196 - Search for loadable plugins [exclusion list=, ]
2023-11-12 18:18:08,275 [INFO] PluginManage:310 - Check plugin analytics
2023-11-12 18:18:08,545 [INFO] AnalyticsPlugin:253 - Accepted Software Licenses: 
2023-11-12 18:18:08,545 [INFO] AnalyticsPlugin:255 - Accepted CMSIS Pack Licenses: 
2023-11-12 18:18:08,546 [INFO] AnalyticsPlugin:257 - Accepted Firmware Licenses: 
2023-11-12 18:18:08,549 [INFO] PluginManage:359 - Loaded plugin analytics (category:tool,tabindex:-1)
2023-11-12 18:18:08,550 [INFO] PluginManage:310 - Check plugin cadmodel
2023-11-12 18:18:08,598 [INFO] CADModel:105 - Init CAD model plugin
2023-11-12 18:18:08,598 [INFO] PluginManage:359 - Loaded plugin cadmodel (category:power,tabindex:5)
2023-11-12 18:18:08,599 [INFO] PluginManage:310 - Check plugin clock
2023-11-12 18:18:08,610 [INFO] PluginManage:359 - Loaded plugin clock (category:base,tabindex:2)
2023-11-12 18:18:08,610 [INFO] PluginManage:310 - Check plugin ddr
2023-11-12 18:18:08,612 [INFO] PluginManage:359 - Loaded plugin ddr (category:tool,tabindex:6)
2023-11-12 18:18:08,612 [INFO] PluginManage:310 - Check plugin filemanager
2023-11-12 18:18:08,773 [INFO] PluginManage:359 - Loaded plugin filemanager (category:base,tabindex:10)
2023-11-12 18:18:08,773 [INFO] PluginManage:310 - Check plugin ipmanager
2023-11-12 18:18:08,781 [INFO] PluginManage:359 - Loaded plugin ipmanager (category:base,tabindex:5)
2023-11-12 18:18:08,781 [INFO] PluginManage:310 - Check plugin lpbam
2023-11-12 18:18:08,793 [INFO] PluginManage:359 - Loaded plugin lpbam (category:base,tabindex:0)
2023-11-12 18:18:08,794 [INFO] PluginManage:310 - Check plugin memorymap
2023-11-12 18:18:08,810 [INFO] PluginManage:359 - Loaded plugin memorymap (category:base,tabindex:4)
2023-11-12 18:18:08,810 [INFO] PluginManage:310 - Check plugin pinoutandconfiguration
2023-11-12 18:18:08,823 [INFO] PluginManage:359 - Loaded plugin pinoutandconfiguration (category:base,tabindex:1)
2023-11-12 18:18:08,823 [INFO] PluginManage:310 - Check plugin pinoutconfig
2023-11-12 18:18:08,952 [WARN] SupportedApi:132 - Cannot load RTOS API schema: s4s-elt-must-match.1: The content of 'definitions' must match (annotation?, (simpleType | complexType)?, (unique | key | keyref)*)). A problem was found starting at: attribute.
2023-11-12 18:18:09,118 [INFO] PluginManage:359 - Loaded plugin pinoutconfig (category:base,tabindex:0)
2023-11-12 18:18:09,119 [INFO] PluginManage:310 - Check plugin power
2023-11-12 18:18:09,128 [INFO] PluginManage:359 - Loaded plugin power (category:power,tabindex:4)
2023-11-12 18:18:09,129 [INFO] PluginManage:310 - Check plugin projectmanager
2023-11-12 18:18:09,148 [INFO] PluginManage:359 - Loaded plugin projectmanager (category:projectmanager,tabindex:3)
2023-11-12 18:18:09,148 [INFO] PluginManage:310 - Check plugin thirdparty
2023-11-12 18:18:09,335 [INFO] PluginManage:359 - Loaded plugin thirdparty (category:base,tabindex:-1)
2023-11-12 18:18:09,336 [INFO] PluginManage:310 - Check plugin tools
2023-11-12 18:18:09,335 [WARN] IntegrityCheckThread:84 - waiting for thirdparty lock release [integrity check]
2023-11-12 18:18:09,337 [INFO] IntegrityCheckThread:86 - entering critical section [integrity check]
2023-11-12 18:18:09,338 [INFO] ThirdPartyUpdaterWithRetryManager:70 - Updater plugin not ready yet. [1/15]
2023-11-12 18:18:09,338 [INFO] PluginManage:359 - Loaded plugin tools (category:base,tabindex:7)
2023-11-12 18:18:09,338 [INFO] PluginManage:310 - Check plugin tutovideos
2023-11-12 18:18:09,529 [INFO] PluginManage:359 - Loaded plugin tutovideos (category:base,tabindex:-1)
2023-11-12 18:18:09,530 [INFO] PluginManage:310 - Check plugin updater
2023-11-12 18:18:09,542 [INFO] PluginManage:359 - Loaded plugin updater (category:base,tabindex:12)
2023-11-12 18:18:09,543 [INFO] PluginManage:310 - Check plugin userauth
2023-11-12 18:18:09,548 [INFO] UserAuth:113 - Init User Auth plugin
2023-11-12 18:18:09,549 [INFO] PluginManage:359 - Loaded plugin userauth (category:base,tabindex:14)
2023-11-12 18:18:09,550 [INFO] PluginManage:283 - PluginManage : Loaded plugins [17]
2023-11-12 18:18:09,785 [INFO] PinOutPanel:1499 - setPackage(No Configuration,No Configuration)
2023-11-12 18:18:09,901 [INFO] CADModel:165 - CPN selected for project level
2023-11-12 18:18:09,901 [INFO] CADModel:114 - Register for checkConnection events
2023-11-12 18:18:09,911 [INFO] IPUIPlugin:80 - create IPUIPlugin
2023-11-12 18:18:09,911 [INFO] PluginManager:220 - loadIPPluginJar : add tsc
2023-11-12 18:18:09,916 [INFO] IPUIPlugin:80 - create IPUIPlugin
2023-11-12 18:18:09,917 [INFO] PluginManager:220 - loadIPPluginJar : add i2c
2023-11-12 18:18:09,920 [INFO] IPUIPlugin:80 - create IPUIPlugin
2023-11-12 18:18:09,920 [INFO] PluginManager:220 - loadIPPluginJar : add can
2023-11-12 18:18:09,925 [INFO] IPUIPlugin:80 - create IPUIPlugin
2023-11-12 18:18:09,926 [INFO] PluginManager:220 - loadIPPluginJar : add resmgrutility
2023-11-12 18:18:09,928 [INFO] IPUIPlugin:80 - create IPUIPlugin
2023-11-12 18:18:09,928 [INFO] PluginManager:220 - loadIPPluginJar : add ts
2023-11-12 18:18:09,932 [INFO] IPUIPlugin:80 - create IPUIPlugin
2023-11-12 18:18:09,932 [INFO] PluginManager:220 - loadIPPluginJar : add touchsensing
2023-11-12 18:18:09,934 [INFO] IPUIPlugin:80 - create IPUIPlugin
2023-11-12 18:18:09,934 [INFO] PluginManager:220 - loadIPPluginJar : add ltdc
2023-11-12 18:18:09,939 [INFO] IPUIPlugin:80 - create IPUIPlugin
2023-11-12 18:18:09,940 [INFO] PluginManager:220 - loadIPPluginJar : add gpio
2023-11-12 18:18:09,942 [INFO] IPUIPlugin:80 - create IPUIPlugin
2023-11-12 18:18:09,943 [INFO] PluginManager:220 - loadIPPluginJar : add aes
2023-11-12 18:18:09,948 [INFO] IPUIPlugin:80 - create IPUIPlugin
2023-11-12 18:18:09,948 [INFO] PluginManager:220 - loadIPPluginJar : add nvic
2023-11-12 18:18:09,950 [INFO] IPUIPlugin:80 - create IPUIPlugin
2023-11-12 18:18:09,950 [INFO] PluginManager:220 - loadIPPluginJar : add hash
2023-11-12 18:18:09,955 [INFO] IPUIPlugin:80 - create IPUIPlugin
2023-11-12 18:18:09,957 [INFO] PluginManager:220 - loadIPPluginJar : add plateformsettings
2023-11-12 18:18:09,959 [INFO] IPUIPlugin:80 - create IPUIPlugin
2023-11-12 18:18:09,959 [INFO] PluginManager:220 - loadIPPluginJar : add quadspi
2023-11-12 18:18:09,965 [INFO] IPUIPlugin:80 - create IPUIPlugin
2023-11-12 18:18:09,965 [INFO] PluginManager:220 - loadIPPluginJar : add gic
2023-11-12 18:18:09,972 [INFO] IPUIPlugin:80 - create IPUIPlugin
2023-11-12 18:18:09,972 [INFO] PluginManager:220 - loadIPPluginJar : add freertos
2023-11-12 18:18:09,974 [INFO] IPUIPlugin:80 - create IPUIPlugin
2023-11-12 18:18:09,975 [INFO] PluginManager:220 - loadIPPluginJar : add comp
2023-11-12 18:18:09,978 [INFO] IPUIPlugin:80 - create IPUIPlugin
2023-11-12 18:18:09,979 [INFO] PluginManager:220 - loadIPPluginJar : add ipddr
2023-11-12 18:18:09,985 [INFO] IPUIPlugin:80 - create IPUIPlugin
2023-11-12 18:18:09,985 [INFO] PluginManager:220 - loadIPPluginJar : add stm32_wpan
2023-11-12 18:18:09,989 [INFO] IPUIPlugin:80 - create IPUIPlugin
2023-11-12 18:18:09,990 [INFO] PluginManager:220 - loadIPPluginJar : add dma3
2023-11-12 18:18:09,993 [INFO] IPUIPlugin:80 - create IPUIPlugin
2023-11-12 18:18:09,994 [INFO] PluginManager:220 - loadIPPluginJar : add i3c
2023-11-12 18:18:09,999 [INFO] IPUIPlugin:80 - create IPUIPlugin
2023-11-12 18:18:09,999 [INFO] PluginManager:220 - loadIPPluginJar : add tracer_emb
2023-11-12 18:18:10,006 [INFO] IPUIPlugin:80 - create IPUIPlugin
2023-11-12 18:18:10,007 [INFO] PluginManager:220 - loadIPPluginJar : add fmc
2023-11-12 18:18:10,010 [INFO] IPUIPlugin:80 - create IPUIPlugin
2023-11-12 18:18:10,011 [INFO] PluginManager:220 - loadIPPluginJar : add dfsdm
2023-11-12 18:18:10,021 [INFO] IPUIPlugin:80 - create IPUIPlugin
2023-11-12 18:18:10,022 [INFO] PluginManager:220 - loadIPPluginJar : add dma
2023-11-12 18:18:10,023 [INFO] IPUIPlugin:80 - create IPUIPlugin
2023-11-12 18:18:10,024 [INFO] PluginManager:220 - loadIPPluginJar : add fatfs
2023-11-12 18:18:10,028 [INFO] IPUIPlugin:80 - create IPUIPlugin
2023-11-12 18:18:10,028 [INFO] PluginManager:220 - loadIPPluginJar : add sai
2023-11-12 18:18:10,037 [INFO] IPUIPlugin:80 - create IPUIPlugin
2023-11-12 18:18:10,038 [INFO] PluginManager:220 - loadIPPluginJar : add linkedlist
2023-11-12 18:18:10,040 [INFO] IPUIPlugin:80 - create IPUIPlugin
2023-11-12 18:18:10,040 [INFO] PluginManager:220 - loadIPPluginJar : add spi
2023-11-12 18:18:10,043 [INFO] IPUIPlugin:80 - create IPUIPlugin
2023-11-12 18:18:10,043 [INFO] PluginManager:220 - loadIPPluginJar : add i2s
2023-11-12 18:18:10,050 [INFO] IPUIPlugin:80 - create IPUIPlugin
2023-11-12 18:18:10,050 [INFO] PluginManager:220 - loadIPPluginJar : add mdma
2023-11-12 18:18:10,052 [INFO] IPUIPlugin:80 - create IPUIPlugin
2023-11-12 18:18:10,052 [INFO] PluginManager:220 - loadIPPluginJar : add tim
2023-11-12 18:18:10,055 [INFO] IPUIPlugin:80 - create IPUIPlugin
2023-11-12 18:18:10,055 [INFO] PluginManager:220 - loadIPPluginJar : add cryp
2023-11-12 18:18:10,058 [INFO] IPUIPlugin:80 - create IPUIPlugin
2023-11-12 18:18:10,059 [INFO] PluginManager:220 - loadIPPluginJar : add opamp
2023-11-12 18:18:10,061 [INFO] IPUIPlugin:80 - create IPUIPlugin
2023-11-12 18:18:10,061 [INFO] PluginManager:220 - loadIPPluginJar : add ucpd
2023-11-12 18:18:10,069 [INFO] IPUIPlugin:80 - create IPUIPlugin
2023-11-12 18:18:10,069 [INFO] PluginManager:220 - loadIPPluginJar : add adc
2023-11-12 18:18:10,071 [INFO] IPUIPlugin:80 - create IPUIPlugin
2023-11-12 18:18:10,071 [INFO] PluginManager:220 - loadIPPluginJar : add gfxmmu
2023-11-12 18:18:10,075 [INFO] IPUIPlugin:80 - create IPUIPlugin
2023-11-12 18:18:10,075 [INFO] PluginManager:220 - loadIPPluginJar : add usbx
2023-11-12 18:18:10,078 [INFO] IPUIPlugin:80 - create IPUIPlugin
2023-11-12 18:18:10,078 [INFO] PluginManager:220 - loadIPPluginJar : add gtzc
2023-11-12 18:18:10,080 [INFO] IPUIPlugin:80 - create IPUIPlugin
2023-11-12 18:18:10,081 [INFO] PluginManager:220 - loadIPPluginJar : add genericplugin
2023-11-12 18:18:10,085 [INFO] IPUIPlugin:80 - create IPUIPlugin
2023-11-12 18:18:10,085 [INFO] PluginManager:220 - loadIPPluginJar : add usart
2023-11-12 18:18:10,089 [INFO] IPUIPlugin:80 - create IPUIPlugin
2023-11-12 18:18:10,089 [INFO] PluginManager:220 - loadIPPluginJar : add openamp
2023-11-12 18:18:10,093 [INFO] IPUIPlugin:80 - create IPUIPlugin
2023-11-12 18:18:10,093 [INFO] PluginManager:220 - loadIPPluginJar : add lorawan
2023-11-12 18:18:10,097 [INFO] IPUIPlugin:80 - create IPUIPlugin
2023-11-12 18:18:10,097 [INFO] PluginManager:220 - loadIPPluginJar : add pdm2pcm
2023-11-12 18:18:10,216 [INFO] CADModel:165 - CPN selected for project level
2023-11-12 18:18:10,216 [INFO] CADModel:114 - Register for checkConnection events
2023-11-12 18:18:10,217 [FATAL] Updater:308 - Updater called before beeing initialized
2023-11-12 18:18:10,217 [ERROR] CADModel:125 - Updater not yet initialized, retry later 
2023-11-12 18:18:10,381 [INFO] CADModel:165 - CPN selected for project level
2023-11-12 18:18:10,382 [INFO] CADModel:114 - Register for checkConnection events
2023-11-12 18:18:10,382 [FATAL] Updater:308 - Updater called before beeing initialized
2023-11-12 18:18:10,383 [ERROR] CADModel:125 - Updater not yet initialized, retry later 
2023-11-12 18:18:10,387 [FATAL] Updater:308 - Updater called before beeing initialized
2023-11-12 18:18:10,527 [FATAL] Updater:308 - Updater called before beeing initialized
2023-11-12 18:18:10,535 [INFO] DbMcusAds:53 - JSON generation date=Tue Mar 07 14:20:55 IST 2023 (1678179055114)
2023-11-12 18:18:10,536 [FATAL] Updater:308 - Updater called before beeing initialized
2023-11-12 18:18:10,574 [WARN] DetailPanel:346 - Failed to get advertising image, set to default
2023-11-12 18:18:10,679 [FATAL] Updater:308 - Updater called before beeing initialized
2023-11-12 18:18:10,681 [FATAL] Updater:308 - Updater called before beeing initialized
2023-11-12 18:18:10,681 [FATAL] Updater:308 - Updater called before beeing initialized
2023-11-12 18:18:10,681 [WARN] DetailPanel:346 - Failed to get advertising image, set to default
2023-11-12 18:18:10,682 [FATAL] Updater:308 - Updater called before beeing initialized
2023-11-12 18:18:10,722 [ERROR] Updater:1120 - MainUpdater not yet initialized. External WinMGr cannot be set.
2023-11-12 18:18:10,724 [INFO] Updater:1056 - Updater Version found : 6.9.2
2023-11-12 18:18:10,748 [INFO] ApplicationProperties:184 - Using Application install path: /opt/st/stm32cubeide_1.13.2/plugins/com.st.stm32cube.common.mx_6.9.2.202309101412
2023-11-12 18:18:10,884 [INFO] MainUpdater:2868 - connection check result : 10
2023-11-12 18:18:10,886 [INFO] MainUpdater:285 - Updater Check For Update Now.
2023-11-12 18:18:10,886 [INFO] MicroXplorer:498 - Change Database Version : DB.6.0.92
2023-11-12 18:18:10,894 [INFO] McuFinderGlobals:63 - Set McuFinder mode to 2 (CubeIDE integrated)
2023-11-12 18:18:10,894 [INFO] UserAuth:179 - activating auth plugin
2023-11-12 18:18:10,902 [INFO] UserAuth:393 - Internet connection configuration mode: 1
2023-11-12 18:18:10,924 [INFO] JxBrowserEngine:151 - Initiate JxBrowser Engine with user profile folder
2023-11-12 18:18:11,120 [INFO] CheckServerUpdateThread:120 - End of CheckServer Thread
2023-11-12 18:18:11,757 [INFO] WebApp:157 - Instantiating new browser for Auth
2023-11-12 18:18:12,285 [INFO] WebApp:753 - Register for checkConnection events
2023-11-12 18:18:12,285 [INFO] WebApp:390 - Apply proxy settings
2023-11-12 18:18:12,286 [INFO] WebApp:475 - Chromium requires no authentication
2023-11-12 18:18:12,291 [INFO] WebApp:418 - Direct internet connection detected
2023-11-12 18:18:12,553 [INFO] WebApp:188 - Starting web application
2023-11-12 18:18:12,553 [INFO] WebApp:520 - Web application path used /opt/st/stm32cubeide_1.13.2/plugins/com.st.stm32cube.common.mx_6.9.2.202309101412/db/plugins/mcufinder/reactClient1/index.html
2023-11-12 18:18:12,642 [WARN] PackLoader:240 - Cannot read IP mode file for STMicroelectronics.X-CUBE-SMBUS.2.1.0
2023-11-12 18:18:12,767 [WARN] PackLoader:240 - Cannot read IP mode file for STMicroelectronics.X-CUBE-AZRTOS-F7.1.1.0
2023-11-12 18:18:12,795 [WARN] PackLoader:240 - Cannot read IP mode file for STMicroelectronics.FP-SNS-MOTENV1.4.3.2
2023-11-12 18:18:12,819 [WARN] PackLoader:240 - Cannot read IP mode file for STMicroelectronics.FP-SNS-FLIGHT1.5.0.2
2023-11-12 18:18:12,873 [WARN] PackLoader:240 - Cannot read IP mode file for STMicroelectronics.X-CUBE-DISPLAY.3.0.0
2023-11-12 18:18:12,890 [WARN] PackLoader:240 - Cannot read IP mode file for STMicroelectronics.X-CUBE-BLE1.7.0.0
2023-11-12 18:18:12,907 [WARN] PackLoader:240 - Cannot read IP mode file for emotas.I-CUBE-CANOPEN.1.3.0
2023-11-12 18:18:12,913 [WARN] PackLoader:240 - Cannot read IP mode file for STMicroelectronics.X-CUBE-TOUCHGFX.4.22.1
2023-11-12 18:18:12,924 [WARN] PackLoader:240 - Cannot read IP mode file for STMicroelectronics.FP-SNS-SMARTAG2.1.2.0
2023-11-12 18:18:12,956 [INFO] LogOutputStream:77 - [STDOUT_REDIRECT] 1 : Invalid condition id : UX_CORESTACK_Condition cause : null
2023-11-12 18:18:12,963 [INFO] LogOutputStream:77 - [STDOUT_REDIRECT] 1 : Invalid condition id : UX_CORESTACK_Condition cause : null
2023-11-12 18:18:12,964 [INFO] LogOutputStream:77 - [STDOUT_REDIRECT] 1 : Invalid condition id : UX_CORESTACK_Condition cause : null
2023-11-12 18:18:12,966 [INFO] LogOutputStream:77 - [STDOUT_REDIRECT] 1 : Invalid condition id : UX_CORESTACK_Condition cause : null
2023-11-12 18:18:12,969 [INFO] LogOutputStream:77 - [STDOUT_REDIRECT] 1 : Invalid condition id : UX_CORESTACK_Condition cause : null
2023-11-12 18:18:12,981 [WARN] PackLoader:240 - Cannot read IP mode file for STMicroelectronics.X-CUBE-AZRTOS-WL.2.0.0
2023-11-12 18:18:13,003 [WARN] PackLoader:240 - Cannot read IP mode file for WES.I-CUBE-Cesium.1.3.0
2023-11-12 18:18:13,020 [WARN] PackLoader:240 - Cannot read IP mode file for STMicroelectronics.X-CUBE-BLE2.3.3.0
2023-11-12 18:18:13,035 [WARN] PackLoader:240 - Cannot read IP mode file for STMicroelectronics.X-CUBE-ALGOBUILD.1.3.0
2023-11-12 18:18:13,097 [WARN] PackLoader:240 - Cannot read IP mode file for STMicroelectronics.X-CUBE-AZRTOS-G0.1.1.0
2023-11-12 18:18:13,109 [WARN] PackLoader:240 - Cannot read IP mode file for STMicroelectronics.X-CUBE-NFC4.3.0.0
2023-11-12 18:18:13,126 [WARN] PackLoader:240 - Cannot read IP mode file for STMicroelectronics.X-CUBE-BLEMGR.3.0.0
2023-11-12 18:18:13,135 [WARN] PackLoader:240 - Cannot read IP mode file for STMicroelectronics.FP-ATR-SIGFOX1.3.2.0
2023-11-12 18:18:13,142 [WARN] PackLoader:240 - Cannot read IP mode file for STMicroelectronics.X-CUBE-GNSS1.6.0.0
2023-11-12 18:18:13,177 [WARN] PackLoader:240 - Cannot read IP mode file for STMicroelectronics.X-CUBE-AZRTOS-F4.1.1.0
2023-11-12 18:18:13,188 [WARN] PackLoader:240 - Cannot read IP mode file for wolfSSL.I-CUBE-wolfSSL.5.6.3
2023-11-12 18:18:13,222 [WARN] PackLoader:240 - Cannot read IP mode file for STMicroelectronics.X-CUBE-AZRTOS-L5.2.0.0
2023-11-12 18:18:13,235 [WARN] PackLoader:240 - Cannot read IP mode file for STMicroelectronics.X-CUBE-EEPRMA1.4.2.0
2023-11-12 18:18:13,243 [WARN] PackLoader:240 - Cannot read IP mode file for ITTIA_DB.I-CUBE-ITTIADB.8.8.0
2023-11-12 18:18:13,268 [WARN] PackLoader:240 - Cannot read IP mode file for STMicroelectronics.X-CUBE-BLEMGR.2.0.0
2023-11-12 18:18:13,316 [WARN] ConditionMgr:438 - getConditionDescription Invalid condition id : UX DEVICE CLASS RTOS Condition cause : null
2023-11-12 18:18:13,317 [WARN] ConditionMgr:438 - getConditionDescription Invalid condition id : UX DEVICE CLASS RTOS Condition cause : null
2023-11-12 18:18:13,321 [WARN] PackLoader:240 - Cannot read IP mode file for STMicroelectronics.X-CUBE-AZRTOS-H7.3.1.0
2023-11-12 18:18:13,323 [WARN] ConditionMgr:1039 - genDependencies : Invalid condition id : UX DEVICE CLASS RTOS Condition cause : null
2023-11-12 18:18:13,324 [WARN] ConditionMgr:1039 - genDependencies : Invalid condition id : UX DEVICE CLASS RTOS Condition cause : null
2023-11-12 18:18:13,325 [WARN] ConditionMgr:1039 - genDependencies : Invalid condition id : UX DEVICE CLASS RTOS Condition cause : null
2023-11-12 18:18:13,326 [WARN] ConditionMgr:1039 - genDependencies : Invalid condition id : UX DEVICE CLASS RTOS Condition cause : null
2023-11-12 18:18:13,326 [WARN] ConditionMgr:1039 - genDependencies : Invalid condition id : UX DEVICE CLASS RTOS Condition cause : null
2023-11-12 18:18:13,335 [WARN] PackLoader:240 - Cannot read IP mode file for STMicroelectronics.X-CUBE-NFC7.1.0.1
2023-11-12 18:18:13,345 [WARN] PackLoader:240 - Cannot read IP mode file for STMicroelectronics.X-CUBE-NFC6.3.0.0
2023-11-12 18:18:13,353 [WARN] PackLoader:240 - Cannot read IP mode file for STMicroelectronics.X-CUBE-AI.8.1.0
2023-11-12 18:18:13,389 [WARN] ConditionMgr:438 - getConditionDescription Invalid condition id : LAN8742 Phy interface Condition cause : null
2023-11-12 18:18:13,390 [WARN] PackLoader:240 - Cannot read IP mode file for STMicroelectronics.X-CUBE-AZRTOS-L4.2.0.0
2023-11-12 18:18:13,392 [WARN] ConditionMgr:1039 - genDependencies : Invalid condition id : LAN8742 Phy interface Condition cause : null
2023-11-12 18:18:13,393 [WARN] ConditionMgr:1039 - genDependencies : Invalid condition id : LAN8742 Phy interface Condition cause : null
2023-11-12 18:18:13,405 [WARN] ConditionMgr:1039 - genDependencies : Invalid condition id : LAN8742 Phy interface Condition cause : null
2023-11-12 18:18:13,415 [WARN] PackLoader:240 - Cannot read IP mode file for STMicroelectronics.X-CUBE-SFXS2LP1.4.0.0
2023-11-12 18:18:13,421 [WARN] PackLoader:240 - Cannot read IP mode file for STMicroelectronics.X-CUBE-ISPU.1.1.0
2023-11-12 18:18:13,440 [WARN] ConditionMgr:438 - getConditionDescription Invalid condition id : UX DEVICE CLASS RTOS Condition cause : null
2023-11-12 18:18:13,440 [WARN] ConditionMgr:438 - getConditionDescription Invalid condition id : UX DEVICE CLASS RTOS Condition cause : null
2023-11-12 18:18:13,444 [WARN] PackLoader:240 - Cannot read IP mode file for STMicroelectronics.X-CUBE-AZRTOS-WB.2.0.0
2023-11-12 18:18:13,445 [WARN] ConditionMgr:1039 - genDependencies : Invalid condition id : UX DEVICE CLASS RTOS Condition cause : null
2023-11-12 18:18:13,445 [WARN] ConditionMgr:1039 - genDependencies : Invalid condition id : UX DEVICE CLASS RTOS Condition cause : null
2023-11-12 18:18:13,446 [WARN] ConditionMgr:1039 - genDependencies : Invalid condition id : UX DEVICE CLASS RTOS Condition cause : null
2023-11-12 18:18:13,446 [WARN] ConditionMgr:1039 - genDependencies : Invalid condition id : UX DEVICE CLASS RTOS Condition cause : null
2023-11-12 18:18:13,447 [WARN] ConditionMgr:1039 - genDependencies : Invalid condition id : UX DEVICE CLASS RTOS Condition cause : null
2023-11-12 18:18:13,461 [WARN] PackLoader:240 - Cannot read IP mode file for STMicroelectronics.X-CUBE-SUBG2.5.0.0
2023-11-12 18:18:13,484 [WARN] PackLoader:240 - Cannot read IP mode file for STMicroelectronics.X-CUBE-TOF1.3.3.1
2023-11-12 18:18:13,524 [WARN] PackLoader:240 - Cannot read IP mode file for STMicroelectronics.X-CUBE-AZRTOS-G4.2.0.0
2023-11-12 18:18:13,544 [WARN] PackLoader:240 - Cannot read IP mode file for Infineon.AIROC-Wi-Fi-Bluetooth-STM32.1.5.1
2023-11-12 18:18:13,553 [WARN] PackLoader:240 - Cannot read IP mode file for STMicroelectronics.FP-SNS-MOTENVWB1.1.3.0
2023-11-12 18:18:13,626 [WARN] PackLoader:240 - Cannot read IP mode file for STMicroelectronics.X-CUBE-MEMS1.10.0.0
2023-11-12 18:18:13,833 [WARN] PackLoader:240 - Cannot read IP mode file for STMicroelectronics.X-CUBE-FREERTOS.1.1.0
2023-11-12 18:18:13,840 [WARN] PackLoader:240 - Cannot read IP mode file for portGmbH.I-Cube-SoM-uGOAL.1.1.0
2023-11-12 18:18:13,844 [WARN] PackLoader:240 - Cannot read IP mode file for STMicroelectronics.X-CUBE-ALS.1.0.1
2023-11-12 18:18:13,848 [WARN] PackLoader:240 - Cannot read IP mode file for STMicroelectronics.FP-ATR-ASTRA1.2.0.0
2023-11-12 18:18:13,849 [INFO] ThirdParty:978 - Integrity check success = true
2023-11-12 18:18:13,850 [INFO] IntegrityCheckThread:100 - exiting critical section [integrity check]
2023-11-12 18:18:13,850 [INFO] IntegrityCheckThread:103 - End integrity checks thread
