2023-11-12 18:16:32,728 [INFO] Activator:176 - 


2023-11-12 18:16:32,739 [INFO] Activator:177 - !SESSION log4j initialized
2023-11-12 18:16:36,461 [INFO] LogOutputStream:77 - [STDOUT_REDIRECT] 
2023-11-12 18:16:40,815 [INFO] ApplicationProperties:184 - Using Application install path: /opt/st/stm32cubeide_1.13.2/plugins/com.st.stm32cube.common.mx_6.9.2.202309101412
2023-11-12 18:16:40,841 [INFO] DbMcusXml:78 - Set database path to: /opt/st/stm32cubeide_1.13.2/plugins/com.st.stm32cube.common.mx_6.9.2.202309101412//db//mcu/
2023-11-12 18:16:40,842 [INFO] ApiDb:274 - Set plugin database path to: /opt/st/stm32cubeide_1.13.2/plugins/com.st.stm32cube.common.mx_6.9.2.202309101412//db//plugins/boardmanager/
2023-11-12 18:16:40,842 [WARN] ApiDb:259 - Overriding images path with different value:  => /opt/st/stm32cubeide_1.13.2/plugins/com.st.stm32cube.common.mx_6.9.2.202309101412//db//plugins/mcufinder/images/
2023-11-12 18:16:40,869 [INFO] ApiDb:250 - Set database path to: /home/tux/.stmcufinder/plugins/mcufinder//mcu/
2023-11-12 18:16:40,871 [INFO] DbMcusAds:125 - Set database path to: /home/tux/.stmcufinder/plugins/mcufinder//mcu/
2023-11-12 18:16:40,874 [INFO] CrossReferenceDbSqlite:203 - Set database path to: /home/tux/.stmcufinder/plugins/mcufinder//mcu/cs/
2023-11-12 18:16:41,083 [INFO] RulesReader:64 - Compatibility file has been processed (293 Rules)
2023-11-12 18:16:41,207 [INFO] DbMcusXml:78 - Set database path to: /opt/st/stm32cubeide_1.13.2/plugins/com.st.stm32cube.common.mx_6.9.2.202309101412//db//mcu/
2023-11-12 18:16:41,207 [INFO] ApiDb:274 - Set plugin database path to: /opt/st/stm32cubeide_1.13.2/plugins/com.st.stm32cube.common.mx_6.9.2.202309101412//db//plugins/boardmanager/
2023-11-12 18:16:41,208 [INFO] ApiDb:261 - Set plugin images path to: /opt/st/stm32cubeide_1.13.2/plugins/com.st.stm32cube.common.mx_6.9.2.202309101412//db//plugins/mcufinder/images/
2023-11-12 18:16:41,208 [WARN] DbFile:41 - Overriding database path with different value: /home/tux/.stmcufinder/plugins/mcufinder/ => /home/tux/.stmcufinder/plugins/mcufinder
2023-11-12 18:16:41,211 [INFO] ApiDb:250 - Set database path to: /home/tux/.stmcufinder/plugins/mcufinder//mcu/
2023-11-12 18:16:41,211 [WARN] DbFile:41 - Overriding database path with different value: /home/tux/.stmcufinder/plugins/mcufinder/ => /home/tux/.stmcufinder/plugins/mcufinder
2023-11-12 18:16:41,212 [INFO] DbMcusAds:125 - Set database path to: /home/tux/.stmcufinder/plugins/mcufinder//mcu/
2023-11-12 18:16:41,212 [WARN] DbFile:41 - Overriding database path with different value: /home/tux/.stmcufinder/plugins/mcufinder/ => /home/tux/.stmcufinder/plugins/mcufinder
2023-11-12 18:16:41,212 [WARN] DbFile:41 - Overriding database path with different value: /home/tux/.stmcufinder/plugins/mcufinder/ => /home/tux/.stmcufinder/plugins/mcufinder
2023-11-12 18:16:41,212 [INFO] CrossReferenceDbSqlite:203 - Set database path to: /home/tux/.stmcufinder/plugins/mcufinder//mcu/cs/
2023-11-12 18:16:41,329 [INFO] MainPanel:262 - HeapMemory: 268435456
2023-11-12 18:16:41,455 [INFO] DbMcusXml:78 - Set database path to: /opt/st/stm32cubeide_1.13.2/plugins/com.st.stm32cube.common.mx_6.9.2.202309101412//db//mcu/
2023-11-12 18:16:41,455 [INFO] ApiDb:274 - Set plugin database path to: /opt/st/stm32cubeide_1.13.2/plugins/com.st.stm32cube.common.mx_6.9.2.202309101412//db//plugins/boardmanager/
2023-11-12 18:16:41,455 [INFO] ApiDb:261 - Set plugin images path to: /opt/st/stm32cubeide_1.13.2/plugins/com.st.stm32cube.common.mx_6.9.2.202309101412//db//plugins/mcufinder/images/
2023-11-12 18:16:41,455 [WARN] DbFile:41 - Overriding database path with different value: /home/tux/.stmcufinder/plugins/mcufinder/ => /home/tux/.stmcufinder/plugins/mcufinder
2023-11-12 18:16:41,456 [INFO] ApiDb:250 - Set database path to: /home/tux/.stmcufinder/plugins/mcufinder//mcu/
2023-11-12 18:16:41,456 [WARN] DbFile:41 - Overriding database path with different value: /home/tux/.stmcufinder/plugins/mcufinder/ => /home/tux/.stmcufinder/plugins/mcufinder
2023-11-12 18:16:41,456 [INFO] DbMcusAds:125 - Set database path to: /home/tux/.stmcufinder/plugins/mcufinder//mcu/
2023-11-12 18:16:41,456 [WARN] DbFile:41 - Overriding database path with different value: /home/tux/.stmcufinder/plugins/mcufinder/ => /home/tux/.stmcufinder/plugins/mcufinder
2023-11-12 18:16:41,456 [WARN] DbFile:41 - Overriding database path with different value: /home/tux/.stmcufinder/plugins/mcufinder/ => /home/tux/.stmcufinder/plugins/mcufinder
2023-11-12 18:16:41,457 [INFO] CrossReferenceDbSqlite:203 - Set database path to: /home/tux/.stmcufinder/plugins/mcufinder//mcu/cs/
2023-11-12 18:16:41,485 [INFO] ApplicationProperties:184 - Using Application install path: /opt/st/stm32cubeide_1.13.2/plugins/com.st.stm32cube.common.mx_6.9.2.202309101412
2023-11-12 18:16:41,487 [INFO] PluginManage:196 - Search for loadable plugins [exclusion list=, ]
2023-11-12 18:16:41,489 [INFO] PluginManage:310 - Check plugin analytics
2023-11-12 18:16:41,867 [INFO] AnalyticsPlugin:253 - Accepted Software Licenses: 
2023-11-12 18:16:41,867 [INFO] AnalyticsPlugin:255 - Accepted CMSIS Pack Licenses: 
2023-11-12 18:16:41,868 [INFO] AnalyticsPlugin:257 - Accepted Firmware Licenses: 
2023-11-12 18:16:41,873 [INFO] PluginManage:359 - Loaded plugin analytics (category:tool,tabindex:-1)
2023-11-12 18:16:41,877 [INFO] PluginManage:310 - Check plugin cadmodel
2023-11-12 18:16:42,043 [INFO] CADModel:105 - Init CAD model plugin
2023-11-12 18:16:42,047 [INFO] PluginManage:359 - Loaded plugin cadmodel (category:power,tabindex:5)
2023-11-12 18:16:42,048 [INFO] PluginManage:310 - Check plugin clock
2023-11-12 18:16:42,081 [INFO] PluginManage:359 - Loaded plugin clock (category:base,tabindex:2)
2023-11-12 18:16:42,082 [INFO] PluginManage:310 - Check plugin ddr
2023-11-12 18:16:42,089 [INFO] PluginManage:359 - Loaded plugin ddr (category:tool,tabindex:6)
2023-11-12 18:16:42,090 [INFO] PluginManage:310 - Check plugin filemanager
2023-11-12 18:16:42,590 [INFO] PluginManage:359 - Loaded plugin filemanager (category:base,tabindex:10)
2023-11-12 18:16:42,590 [INFO] PluginManage:310 - Check plugin ipmanager
2023-11-12 18:16:42,609 [INFO] PluginManage:359 - Loaded plugin ipmanager (category:base,tabindex:5)
2023-11-12 18:16:42,609 [INFO] PluginManage:310 - Check plugin lpbam
2023-11-12 18:16:42,633 [INFO] PluginManage:359 - Loaded plugin lpbam (category:base,tabindex:0)
2023-11-12 18:16:42,635 [INFO] PluginManage:310 - Check plugin memorymap
2023-11-12 18:16:42,662 [INFO] PluginManage:359 - Loaded plugin memorymap (category:base,tabindex:4)
2023-11-12 18:16:42,663 [INFO] PluginManage:310 - Check plugin pinoutandconfiguration
2023-11-12 18:16:42,689 [INFO] PluginManage:359 - Loaded plugin pinoutandconfiguration (category:base,tabindex:1)
2023-11-12 18:16:42,689 [INFO] PluginManage:310 - Check plugin pinoutconfig
2023-11-12 18:16:42,950 [WARN] SupportedApi:132 - Cannot load RTOS API schema: s4s-elt-must-match.1: The content of 'definitions' must match (annotation?, (simpleType | complexType)?, (unique | key | keyref)*)). A problem was found starting at: attribute.
2023-11-12 18:16:43,372 [INFO] PluginManage:359 - Loaded plugin pinoutconfig (category:base,tabindex:0)
2023-11-12 18:16:43,398 [INFO] PluginManage:310 - Check plugin power
2023-11-12 18:16:43,462 [INFO] PluginManage:359 - Loaded plugin power (category:power,tabindex:4)
2023-11-12 18:16:43,489 [INFO] PluginManage:310 - Check plugin projectmanager
2023-11-12 18:16:43,565 [INFO] PluginManage:359 - Loaded plugin projectmanager (category:projectmanager,tabindex:3)
2023-11-12 18:16:43,567 [INFO] PluginManage:310 - Check plugin thirdparty
2023-11-12 18:16:43,941 [INFO] PluginManage:359 - Loaded plugin thirdparty (category:base,tabindex:-1)
2023-11-12 18:16:43,941 [INFO] PluginManage:310 - Check plugin tools
2023-11-12 18:16:43,942 [WARN] IntegrityCheckThread:84 - waiting for thirdparty lock release [integrity check]
2023-11-12 18:16:43,946 [INFO] PluginManage:359 - Loaded plugin tools (category:base,tabindex:7)
2023-11-12 18:16:43,949 [INFO] PluginManage:310 - Check plugin tutovideos
2023-11-12 18:16:43,952 [INFO] IntegrityCheckThread:86 - entering critical section [integrity check]
2023-11-12 18:16:43,953 [INFO] ThirdPartyUpdaterWithRetryManager:70 - Updater plugin not ready yet. [1/15]
2023-11-12 18:16:44,140 [INFO] PluginManage:359 - Loaded plugin tutovideos (category:base,tabindex:-1)
2023-11-12 18:16:44,141 [INFO] PluginManage:310 - Check plugin updater
2023-11-12 18:16:44,155 [INFO] PluginManage:359 - Loaded plugin updater (category:base,tabindex:12)
2023-11-12 18:16:44,155 [INFO] PluginManage:310 - Check plugin userauth
2023-11-12 18:16:44,161 [INFO] UserAuth:113 - Init User Auth plugin
2023-11-12 18:16:44,162 [INFO] PluginManage:359 - Loaded plugin userauth (category:base,tabindex:14)
2023-11-12 18:16:44,162 [INFO] PluginManage:283 - PluginManage : Loaded plugins [17]
2023-11-12 18:16:44,452 [INFO] PinOutPanel:1499 - setPackage(No Configuration,No Configuration)
2023-11-12 18:16:44,595 [INFO] CADModel:165 - CPN selected for project level
2023-11-12 18:16:44,595 [INFO] CADModel:114 - Register for checkConnection events
2023-11-12 18:16:44,608 [INFO] IPUIPlugin:80 - create IPUIPlugin
2023-11-12 18:16:44,609 [INFO] PluginManager:220 - loadIPPluginJar : add tsc
2023-11-12 18:16:44,617 [INFO] IPUIPlugin:80 - create IPUIPlugin
2023-11-12 18:16:44,617 [INFO] PluginManager:220 - loadIPPluginJar : add i2c
2023-11-12 18:16:44,621 [INFO] IPUIPlugin:80 - create IPUIPlugin
2023-11-12 18:16:44,622 [INFO] PluginManager:220 - loadIPPluginJar : add can
2023-11-12 18:16:44,629 [INFO] IPUIPlugin:80 - create IPUIPlugin
2023-11-12 18:16:44,630 [INFO] PluginManager:220 - loadIPPluginJar : add resmgrutility
2023-11-12 18:16:44,637 [INFO] IPUIPlugin:80 - create IPUIPlugin
2023-11-12 18:16:44,637 [INFO] PluginManager:220 - loadIPPluginJar : add ts
2023-11-12 18:16:44,644 [INFO] IPUIPlugin:80 - create IPUIPlugin
2023-11-12 18:16:44,645 [INFO] PluginManager:220 - loadIPPluginJar : add touchsensing
2023-11-12 18:16:44,647 [INFO] IPUIPlugin:80 - create IPUIPlugin
2023-11-12 18:16:44,647 [INFO] PluginManager:220 - loadIPPluginJar : add ltdc
2023-11-12 18:16:44,653 [INFO] IPUIPlugin:80 - create IPUIPlugin
2023-11-12 18:16:44,654 [INFO] PluginManager:220 - loadIPPluginJar : add gpio
2023-11-12 18:16:44,657 [INFO] IPUIPlugin:80 - create IPUIPlugin
2023-11-12 18:16:44,658 [INFO] PluginManager:220 - loadIPPluginJar : add aes
2023-11-12 18:16:44,662 [INFO] IPUIPlugin:80 - create IPUIPlugin
2023-11-12 18:16:44,662 [INFO] PluginManager:220 - loadIPPluginJar : add nvic
2023-11-12 18:16:44,666 [INFO] IPUIPlugin:80 - create IPUIPlugin
2023-11-12 18:16:44,667 [INFO] PluginManager:220 - loadIPPluginJar : add hash
2023-11-12 18:16:44,674 [INFO] IPUIPlugin:80 - create IPUIPlugin
2023-11-12 18:16:44,679 [INFO] PluginManager:220 - loadIPPluginJar : add plateformsettings
2023-11-12 18:16:44,681 [INFO] IPUIPlugin:80 - create IPUIPlugin
2023-11-12 18:16:44,682 [INFO] PluginManager:220 - loadIPPluginJar : add quadspi
2023-11-12 18:16:44,690 [INFO] IPUIPlugin:80 - create IPUIPlugin
2023-11-12 18:16:44,691 [INFO] PluginManager:220 - loadIPPluginJar : add gic
2023-11-12 18:16:44,699 [INFO] IPUIPlugin:80 - create IPUIPlugin
2023-11-12 18:16:44,700 [INFO] PluginManager:220 - loadIPPluginJar : add freertos
2023-11-12 18:16:44,701 [INFO] IPUIPlugin:80 - create IPUIPlugin
2023-11-12 18:16:44,702 [INFO] PluginManager:220 - loadIPPluginJar : add comp
2023-11-12 18:16:44,704 [INFO] IPUIPlugin:80 - create IPUIPlugin
2023-11-12 18:16:44,705 [INFO] PluginManager:220 - loadIPPluginJar : add ipddr
2023-11-12 18:16:44,720 [INFO] IPUIPlugin:80 - create IPUIPlugin
2023-11-12 18:16:44,720 [INFO] PluginManager:220 - loadIPPluginJar : add stm32_wpan
2023-11-12 18:16:44,728 [INFO] IPUIPlugin:80 - create IPUIPlugin
2023-11-12 18:16:44,731 [INFO] PluginManager:220 - loadIPPluginJar : add dma3
2023-11-12 18:16:44,736 [INFO] IPUIPlugin:80 - create IPUIPlugin
2023-11-12 18:16:44,736 [INFO] PluginManager:220 - loadIPPluginJar : add i3c
2023-11-12 18:16:44,739 [INFO] IPUIPlugin:80 - create IPUIPlugin
2023-11-12 18:16:44,740 [INFO] PluginManager:220 - loadIPPluginJar : add tracer_emb
2023-11-12 18:16:44,748 [INFO] IPUIPlugin:80 - create IPUIPlugin
2023-11-12 18:16:44,749 [INFO] PluginManager:220 - loadIPPluginJar : add fmc
2023-11-12 18:16:44,753 [INFO] IPUIPlugin:80 - create IPUIPlugin
2023-11-12 18:16:44,753 [INFO] PluginManager:220 - loadIPPluginJar : add dfsdm
2023-11-12 18:16:44,763 [INFO] IPUIPlugin:80 - create IPUIPlugin
2023-11-12 18:16:44,763 [INFO] PluginManager:220 - loadIPPluginJar : add dma
2023-11-12 18:16:44,767 [INFO] IPUIPlugin:80 - create IPUIPlugin
2023-11-12 18:16:44,767 [INFO] PluginManager:220 - loadIPPluginJar : add fatfs
2023-11-12 18:16:44,772 [INFO] IPUIPlugin:80 - create IPUIPlugin
2023-11-12 18:16:44,772 [INFO] PluginManager:220 - loadIPPluginJar : add sai
2023-11-12 18:16:44,784 [INFO] IPUIPlugin:80 - create IPUIPlugin
2023-11-12 18:16:44,785 [INFO] PluginManager:220 - loadIPPluginJar : add linkedlist
2023-11-12 18:16:44,787 [INFO] IPUIPlugin:80 - create IPUIPlugin
2023-11-12 18:16:44,788 [INFO] PluginManager:220 - loadIPPluginJar : add spi
2023-11-12 18:16:44,791 [INFO] IPUIPlugin:80 - create IPUIPlugin
2023-11-12 18:16:44,791 [INFO] PluginManager:220 - loadIPPluginJar : add i2s
2023-11-12 18:16:44,801 [INFO] IPUIPlugin:80 - create IPUIPlugin
2023-11-12 18:16:44,802 [INFO] PluginManager:220 - loadIPPluginJar : add mdma
2023-11-12 18:16:44,803 [INFO] IPUIPlugin:80 - create IPUIPlugin
2023-11-12 18:16:44,803 [INFO] PluginManager:220 - loadIPPluginJar : add tim
2023-11-12 18:16:44,805 [INFO] IPUIPlugin:80 - create IPUIPlugin
2023-11-12 18:16:44,806 [INFO] PluginManager:220 - loadIPPluginJar : add cryp
2023-11-12 18:16:44,809 [INFO] IPUIPlugin:80 - create IPUIPlugin
2023-11-12 18:16:44,809 [INFO] PluginManager:220 - loadIPPluginJar : add opamp
2023-11-12 18:16:44,812 [INFO] IPUIPlugin:80 - create IPUIPlugin
2023-11-12 18:16:44,812 [INFO] PluginManager:220 - loadIPPluginJar : add ucpd
2023-11-12 18:16:44,818 [INFO] IPUIPlugin:80 - create IPUIPlugin
2023-11-12 18:16:44,818 [INFO] PluginManager:220 - loadIPPluginJar : add adc
2023-11-12 18:16:44,820 [INFO] IPUIPlugin:80 - create IPUIPlugin
2023-11-12 18:16:44,820 [INFO] PluginManager:220 - loadIPPluginJar : add gfxmmu
2023-11-12 18:16:44,822 [INFO] IPUIPlugin:80 - create IPUIPlugin
2023-11-12 18:16:44,823 [INFO] PluginManager:220 - loadIPPluginJar : add usbx
2023-11-12 18:16:44,827 [INFO] IPUIPlugin:80 - create IPUIPlugin
2023-11-12 18:16:44,827 [INFO] PluginManager:220 - loadIPPluginJar : add gtzc
2023-11-12 18:16:44,829 [INFO] IPUIPlugin:80 - create IPUIPlugin
2023-11-12 18:16:44,829 [INFO] PluginManager:220 - loadIPPluginJar : add genericplugin
2023-11-12 18:16:44,832 [INFO] IPUIPlugin:80 - create IPUIPlugin
2023-11-12 18:16:44,833 [INFO] PluginManager:220 - loadIPPluginJar : add usart
2023-11-12 18:16:44,836 [INFO] IPUIPlugin:80 - create IPUIPlugin
2023-11-12 18:16:44,837 [INFO] PluginManager:220 - loadIPPluginJar : add openamp
2023-11-12 18:16:44,840 [INFO] IPUIPlugin:80 - create IPUIPlugin
2023-11-12 18:16:44,840 [INFO] PluginManager:220 - loadIPPluginJar : add lorawan
2023-11-12 18:16:44,844 [INFO] IPUIPlugin:80 - create IPUIPlugin
2023-11-12 18:16:44,844 [INFO] PluginManager:220 - loadIPPluginJar : add pdm2pcm
2023-11-12 18:16:44,963 [INFO] CADModel:165 - CPN selected for project level
2023-11-12 18:16:44,963 [INFO] CADModel:114 - Register for checkConnection events
2023-11-12 18:16:44,963 [FATAL] Updater:308 - Updater called before beeing initialized
2023-11-12 18:16:44,964 [ERROR] CADModel:125 - Updater not yet initialized, retry later 
2023-11-12 18:16:45,155 [INFO] CADModel:165 - CPN selected for project level
2023-11-12 18:16:45,155 [INFO] CADModel:114 - Register for checkConnection events
2023-11-12 18:16:45,156 [FATAL] Updater:308 - Updater called before beeing initialized
2023-11-12 18:16:45,156 [ERROR] CADModel:125 - Updater not yet initialized, retry later 
2023-11-12 18:16:45,160 [FATAL] Updater:308 - Updater called before beeing initialized
2023-11-12 18:16:45,299 [FATAL] Updater:308 - Updater called before beeing initialized
2023-11-12 18:16:45,308 [INFO] DbMcusAds:53 - JSON generation date=Tue Mar 07 14:20:55 IST 2023 (1678179055114)
2023-11-12 18:16:45,309 [FATAL] Updater:308 - Updater called before beeing initialized
2023-11-12 18:16:45,375 [WARN] DetailPanel:346 - Failed to get advertising image, set to default
2023-11-12 18:16:45,563 [FATAL] Updater:308 - Updater called before beeing initialized
2023-11-12 18:16:45,566 [FATAL] Updater:308 - Updater called before beeing initialized
2023-11-12 18:16:45,567 [FATAL] Updater:308 - Updater called before beeing initialized
2023-11-12 18:16:45,568 [WARN] DetailPanel:346 - Failed to get advertising image, set to default
2023-11-12 18:16:45,569 [FATAL] Updater:308 - Updater called before beeing initialized
2023-11-12 18:16:45,637 [ERROR] Updater:1120 - MainUpdater not yet initialized. External WinMGr cannot be set.
2023-11-12 18:16:45,645 [INFO] Updater:1056 - Updater Version found : 6.9.2
2023-11-12 18:16:45,698 [INFO] ApplicationProperties:184 - Using Application install path: /opt/st/stm32cubeide_1.13.2/plugins/com.st.stm32cube.common.mx_6.9.2.202309101412
2023-11-12 18:16:46,274 [INFO] MainUpdater:2868 - connection check result : 10
2023-11-12 18:16:46,276 [INFO] MainUpdater:285 - Updater Check For Update Now.
2023-11-12 18:16:46,277 [INFO] MicroXplorer:498 - Change Database Version : DB.6.0.92
2023-11-12 18:16:46,292 [INFO] McuFinderGlobals:63 - Set McuFinder mode to 2 (CubeIDE integrated)
2023-11-12 18:16:46,293 [INFO] UserAuth:179 - activating auth plugin
2023-11-12 18:16:46,302 [INFO] UserAuth:393 - Internet connection configuration mode: 1
2023-11-12 18:16:46,376 [INFO] JxBrowserEngine:151 - Initiate JxBrowser Engine with user profile folder
2023-11-12 18:16:46,644 [INFO] CheckServerUpdateThread:120 - End of CheckServer Thread
2023-11-12 18:16:47,464 [WARN] PackLoader:240 - Cannot read IP mode file for STMicroelectronics.X-CUBE-SMBUS.2.1.0
2023-11-12 18:16:47,583 [WARN] PackLoader:240 - Cannot read IP mode file for STMicroelectronics.X-CUBE-AZRTOS-F7.1.1.0
2023-11-12 18:16:47,617 [WARN] PackLoader:240 - Cannot read IP mode file for STMicroelectronics.FP-SNS-MOTENV1.4.3.2
2023-11-12 18:16:47,633 [WARN] PackLoader:240 - Cannot read IP mode file for STMicroelectronics.FP-SNS-FLIGHT1.5.0.2
2023-11-12 18:16:47,650 [WARN] PackLoader:240 - Cannot read IP mode file for STMicroelectronics.X-CUBE-DISPLAY.3.0.0
2023-11-12 18:16:47,688 [WARN] PackLoader:240 - Cannot read IP mode file for STMicroelectronics.X-CUBE-BLE1.7.0.0
2023-11-12 18:16:47,722 [WARN] PackLoader:240 - Cannot read IP mode file for emotas.I-CUBE-CANOPEN.1.3.0
2023-11-12 18:16:47,754 [WARN] PackLoader:240 - Cannot read IP mode file for STMicroelectronics.X-CUBE-TOUCHGFX.4.22.1
2023-11-12 18:16:47,774 [WARN] PackLoader:240 - Cannot read IP mode file for STMicroelectronics.FP-SNS-SMARTAG2.1.2.0
2023-11-12 18:16:47,821 [INFO] LogOutputStream:77 - [STDOUT_REDIRECT] 1 : Invalid condition id : UX_CORESTACK_Condition cause : null
2023-11-12 18:16:47,822 [INFO] LogOutputStream:77 - [STDOUT_REDIRECT] 1 : Invalid condition id : UX_CORESTACK_Condition cause : null
2023-11-12 18:16:47,823 [INFO] LogOutputStream:77 - [STDOUT_REDIRECT] 1 : Invalid condition id : UX_CORESTACK_Condition cause : null
2023-11-12 18:16:47,823 [INFO] LogOutputStream:77 - [STDOUT_REDIRECT] 1 : Invalid condition id : UX_CORESTACK_Condition cause : null
2023-11-12 18:16:47,824 [INFO] LogOutputStream:77 - [STDOUT_REDIRECT] 1 : Invalid condition id : UX_CORESTACK_Condition cause : null
2023-11-12 18:16:47,839 [WARN] PackLoader:240 - Cannot read IP mode file for STMicroelectronics.X-CUBE-AZRTOS-WL.2.0.0
2023-11-12 18:16:47,866 [WARN] PackLoader:240 - Cannot read IP mode file for WES.I-CUBE-Cesium.1.3.0
2023-11-12 18:16:47,887 [WARN] PackLoader:240 - Cannot read IP mode file for STMicroelectronics.X-CUBE-BLE2.3.3.0
2023-11-12 18:16:47,904 [WARN] PackLoader:240 - Cannot read IP mode file for STMicroelectronics.X-CUBE-ALGOBUILD.1.3.0
2023-11-12 18:16:47,986 [WARN] PackLoader:240 - Cannot read IP mode file for STMicroelectronics.X-CUBE-AZRTOS-G0.1.1.0
2023-11-12 18:16:48,002 [WARN] PackLoader:240 - Cannot read IP mode file for STMicroelectronics.X-CUBE-NFC4.3.0.0
2023-11-12 18:16:48,034 [WARN] PackLoader:240 - Cannot read IP mode file for STMicroelectronics.X-CUBE-BLEMGR.3.0.0
2023-11-12 18:16:48,070 [WARN] PackLoader:240 - Cannot read IP mode file for STMicroelectronics.FP-ATR-SIGFOX1.3.2.0
2023-11-12 18:16:48,090 [WARN] PackLoader:240 - Cannot read IP mode file for STMicroelectronics.X-CUBE-GNSS1.6.0.0
2023-11-12 18:16:48,258 [WARN] PackLoader:240 - Cannot read IP mode file for STMicroelectronics.X-CUBE-AZRTOS-F4.1.1.0
2023-11-12 18:16:48,282 [WARN] PackLoader:240 - Cannot read IP mode file for wolfSSL.I-CUBE-wolfSSL.5.6.3
2023-11-12 18:16:48,417 [WARN] PackLoader:240 - Cannot read IP mode file for STMicroelectronics.X-CUBE-AZRTOS-L5.2.0.0
2023-11-12 18:16:48,495 [WARN] PackLoader:240 - Cannot read IP mode file for STMicroelectronics.X-CUBE-EEPRMA1.4.2.0
2023-11-12 18:16:48,506 [WARN] PackLoader:240 - Cannot read IP mode file for ITTIA_DB.I-CUBE-ITTIADB.8.8.0
2023-11-12 18:16:48,517 [WARN] PackLoader:240 - Cannot read IP mode file for STMicroelectronics.X-CUBE-BLEMGR.2.0.0
2023-11-12 18:16:48,561 [WARN] ConditionMgr:438 - getConditionDescription Invalid condition id : UX DEVICE CLASS RTOS Condition cause : null
2023-11-12 18:16:48,562 [WARN] ConditionMgr:438 - getConditionDescription Invalid condition id : UX DEVICE CLASS RTOS Condition cause : null
2023-11-12 18:16:48,568 [WARN] PackLoader:240 - Cannot read IP mode file for STMicroelectronics.X-CUBE-AZRTOS-H7.3.1.0
2023-11-12 18:16:48,571 [WARN] ConditionMgr:1039 - genDependencies : Invalid condition id : UX DEVICE CLASS RTOS Condition cause : null
2023-11-12 18:16:48,572 [WARN] ConditionMgr:1039 - genDependencies : Invalid condition id : UX DEVICE CLASS RTOS Condition cause : null
2023-11-12 18:16:48,573 [WARN] ConditionMgr:1039 - genDependencies : Invalid condition id : UX DEVICE CLASS RTOS Condition cause : null
2023-11-12 18:16:48,575 [WARN] ConditionMgr:1039 - genDependencies : Invalid condition id : UX DEVICE CLASS RTOS Condition cause : null
2023-11-12 18:16:48,575 [WARN] ConditionMgr:1039 - genDependencies : Invalid condition id : UX DEVICE CLASS RTOS Condition cause : null
2023-11-12 18:16:48,588 [WARN] PackLoader:240 - Cannot read IP mode file for STMicroelectronics.X-CUBE-NFC7.1.0.1
2023-11-12 18:16:48,601 [WARN] PackLoader:240 - Cannot read IP mode file for STMicroelectronics.X-CUBE-NFC6.3.0.0
2023-11-12 18:16:48,614 [WARN] PackLoader:240 - Cannot read IP mode file for STMicroelectronics.X-CUBE-AI.8.1.0
2023-11-12 18:16:48,655 [WARN] ConditionMgr:438 - getConditionDescription Invalid condition id : LAN8742 Phy interface Condition cause : null
2023-11-12 18:16:48,657 [WARN] PackLoader:240 - Cannot read IP mode file for STMicroelectronics.X-CUBE-AZRTOS-L4.2.0.0
2023-11-12 18:16:48,659 [WARN] ConditionMgr:1039 - genDependencies : Invalid condition id : LAN8742 Phy interface Condition cause : null
2023-11-12 18:16:48,660 [WARN] ConditionMgr:1039 - genDependencies : Invalid condition id : LAN8742 Phy interface Condition cause : null
2023-11-12 18:16:48,661 [WARN] ConditionMgr:1039 - genDependencies : Invalid condition id : LAN8742 Phy interface Condition cause : null
2023-11-12 18:16:48,674 [WARN] PackLoader:240 - Cannot read IP mode file for STMicroelectronics.X-CUBE-SFXS2LP1.4.0.0
2023-11-12 18:16:48,689 [WARN] PackLoader:240 - Cannot read IP mode file for STMicroelectronics.X-CUBE-ISPU.1.1.0
2023-11-12 18:16:48,720 [WARN] ConditionMgr:438 - getConditionDescription Invalid condition id : UX DEVICE CLASS RTOS Condition cause : null
2023-11-12 18:16:48,721 [WARN] ConditionMgr:438 - getConditionDescription Invalid condition id : UX DEVICE CLASS RTOS Condition cause : null
2023-11-12 18:16:48,725 [WARN] PackLoader:240 - Cannot read IP mode file for STMicroelectronics.X-CUBE-AZRTOS-WB.2.0.0
2023-11-12 18:16:48,726 [WARN] ConditionMgr:1039 - genDependencies : Invalid condition id : UX DEVICE CLASS RTOS Condition cause : null
2023-11-12 18:16:48,726 [WARN] ConditionMgr:1039 - genDependencies : Invalid condition id : UX DEVICE CLASS RTOS Condition cause : null
2023-11-12 18:16:48,727 [WARN] ConditionMgr:1039 - genDependencies : Invalid condition id : UX DEVICE CLASS RTOS Condition cause : null
2023-11-12 18:16:48,749 [WARN] ConditionMgr:1039 - genDependencies : Invalid condition id : UX DEVICE CLASS RTOS Condition cause : null
2023-11-12 18:16:48,749 [WARN] ConditionMgr:1039 - genDependencies : Invalid condition id : UX DEVICE CLASS RTOS Condition cause : null
2023-11-12 18:16:48,781 [WARN] PackLoader:240 - Cannot read IP mode file for STMicroelectronics.X-CUBE-SUBG2.5.0.0
2023-11-12 18:16:48,868 [WARN] PackLoader:240 - Cannot read IP mode file for STMicroelectronics.X-CUBE-TOF1.3.3.1
2023-11-12 18:16:49,040 [WARN] PackLoader:240 - Cannot read IP mode file for STMicroelectronics.X-CUBE-AZRTOS-G4.2.0.0
2023-11-12 18:16:49,145 [WARN] PackLoader:240 - Cannot read IP mode file for Infineon.AIROC-Wi-Fi-Bluetooth-STM32.1.5.1
2023-11-12 18:16:49,167 [WARN] PackLoader:240 - Cannot read IP mode file for STMicroelectronics.FP-SNS-MOTENVWB1.1.3.0
2023-11-12 18:16:49,321 [WARN] PackLoader:240 - Cannot read IP mode file for STMicroelectronics.X-CUBE-MEMS1.10.0.0
2023-11-12 18:16:49,402 [INFO] WebApp:157 - Instantiating new browser for Auth
2023-11-12 18:16:49,635 [WARN] PackLoader:240 - Cannot read IP mode file for STMicroelectronics.X-CUBE-FREERTOS.1.1.0
2023-11-12 18:16:49,642 [WARN] PackLoader:240 - Cannot read IP mode file for portGmbH.I-Cube-SoM-uGOAL.1.1.0
2023-11-12 18:16:49,647 [WARN] PackLoader:240 - Cannot read IP mode file for STMicroelectronics.X-CUBE-ALS.1.0.1
2023-11-12 18:16:49,651 [WARN] PackLoader:240 - Cannot read IP mode file for STMicroelectronics.FP-ATR-ASTRA1.2.0.0
2023-11-12 18:16:49,653 [INFO] ThirdParty:978 - Integrity check success = true
2023-11-12 18:16:49,653 [INFO] IntegrityCheckThread:100 - exiting critical section [integrity check]
2023-11-12 18:16:49,653 [INFO] IntegrityCheckThread:103 - End integrity checks thread
2023-11-12 18:16:50,621 [INFO] WebApp:753 - Register for checkConnection events
2023-11-12 18:16:50,621 [INFO] WebApp:390 - Apply proxy settings
2023-11-12 18:16:50,622 [INFO] WebApp:475 - Chromium requires no authentication
2023-11-12 18:16:50,632 [INFO] WebApp:418 - Direct internet connection detected
2023-11-12 18:16:50,796 [INFO] WebApp:188 - Starting web application
2023-11-12 18:16:50,796 [INFO] WebApp:520 - Web application path used /opt/st/stm32cubeide_1.13.2/plugins/com.st.stm32cube.common.mx_6.9.2.202309101412/db/plugins/mcufinder/reactClient1/index.html
2023-11-12 18:17:11,425 [ERROR] LogOutputStream:75 - [STDERR_REDIRECT] SLF4J: Failed to load class "org.slf4j.impl.StaticLoggerBinder".
2023-11-12 18:17:11,426 [ERROR] LogOutputStream:75 - [STDERR_REDIRECT] SLF4J: Defaulting to no-operation (NOP) logger implementation
2023-11-12 18:17:11,426 [ERROR] LogOutputStream:75 - [STDERR_REDIRECT] SLF4J: See http://www.slf4j.org/codes.html#StaticLoggerBinder for further details.
2023-11-12 18:18:28,299 [INFO] Activator:176 - 


2023-11-12 18:18:28,301 [INFO] Activator:177 - !SESSION log4j initialized
2023-11-12 18:18:32,910 [INFO] LogOutputStream:77 - [STDOUT_REDIRECT] 
2023-11-12 18:18:35,886 [INFO] ApplicationProperties:184 - Using Application install path: /opt/st/stm32cubeide_1.13.2/plugins/com.st.stm32cube.common.mx_6.9.2.202309101412
2023-11-12 18:18:35,906 [INFO] DbMcusXml:78 - Set database path to: /opt/st/stm32cubeide_1.13.2/plugins/com.st.stm32cube.common.mx_6.9.2.202309101412//db//mcu/
2023-11-12 18:18:35,906 [INFO] ApiDb:274 - Set plugin database path to: /opt/st/stm32cubeide_1.13.2/plugins/com.st.stm32cube.common.mx_6.9.2.202309101412//db//plugins/boardmanager/
2023-11-12 18:18:35,907 [WARN] ApiDb:259 - Overriding images path with different value:  => /opt/st/stm32cubeide_1.13.2/plugins/com.st.stm32cube.common.mx_6.9.2.202309101412//db//plugins/mcufinder/images/
2023-11-12 18:18:35,919 [INFO] ApiDb:250 - Set database path to: /home/tux/.stmcufinder/plugins/mcufinder//mcu/
2023-11-12 18:18:35,920 [INFO] DbMcusAds:125 - Set database path to: /home/tux/.stmcufinder/plugins/mcufinder//mcu/
2023-11-12 18:18:35,923 [INFO] CrossReferenceDbSqlite:203 - Set database path to: /home/tux/.stmcufinder/plugins/mcufinder//mcu/cs/
2023-11-12 18:18:36,130 [INFO] RulesReader:64 - Compatibility file has been processed (293 Rules)
2023-11-12 18:18:36,224 [INFO] DbMcusXml:78 - Set database path to: /opt/st/stm32cubeide_1.13.2/plugins/com.st.stm32cube.common.mx_6.9.2.202309101412//db//mcu/
2023-11-12 18:18:36,224 [INFO] ApiDb:274 - Set plugin database path to: /opt/st/stm32cubeide_1.13.2/plugins/com.st.stm32cube.common.mx_6.9.2.202309101412//db//plugins/boardmanager/
2023-11-12 18:18:36,224 [INFO] ApiDb:261 - Set plugin images path to: /opt/st/stm32cubeide_1.13.2/plugins/com.st.stm32cube.common.mx_6.9.2.202309101412//db//plugins/mcufinder/images/
2023-11-12 18:18:36,225 [WARN] DbFile:41 - Overriding database path with different value: /home/tux/.stmcufinder/plugins/mcufinder/ => /home/tux/.stmcufinder/plugins/mcufinder
2023-11-12 18:18:36,225 [INFO] ApiDb:250 - Set database path to: /home/tux/.stmcufinder/plugins/mcufinder//mcu/
2023-11-12 18:18:36,225 [WARN] DbFile:41 - Overriding database path with different value: /home/tux/.stmcufinder/plugins/mcufinder/ => /home/tux/.stmcufinder/plugins/mcufinder
2023-11-12 18:18:36,225 [INFO] DbMcusAds:125 - Set database path to: /home/tux/.stmcufinder/plugins/mcufinder//mcu/
2023-11-12 18:18:36,225 [WARN] DbFile:41 - Overriding database path with different value: /home/tux/.stmcufinder/plugins/mcufinder/ => /home/tux/.stmcufinder/plugins/mcufinder
2023-11-12 18:18:36,226 [WARN] DbFile:41 - Overriding database path with different value: /home/tux/.stmcufinder/plugins/mcufinder/ => /home/tux/.stmcufinder/plugins/mcufinder
2023-11-12 18:18:36,226 [INFO] CrossReferenceDbSqlite:203 - Set database path to: /home/tux/.stmcufinder/plugins/mcufinder//mcu/cs/
2023-11-12 18:18:36,307 [INFO] MainPanel:262 - HeapMemory: 268435456
2023-11-12 18:18:36,605 [INFO] DbMcusXml:78 - Set database path to: /opt/st/stm32cubeide_1.13.2/plugins/com.st.stm32cube.common.mx_6.9.2.202309101412//db//mcu/
2023-11-12 18:18:36,605 [INFO] ApiDb:274 - Set plugin database path to: /opt/st/stm32cubeide_1.13.2/plugins/com.st.stm32cube.common.mx_6.9.2.202309101412//db//plugins/boardmanager/
2023-11-12 18:18:36,605 [INFO] ApiDb:261 - Set plugin images path to: /opt/st/stm32cubeide_1.13.2/plugins/com.st.stm32cube.common.mx_6.9.2.202309101412//db//plugins/mcufinder/images/
2023-11-12 18:18:36,607 [WARN] DbFile:41 - Overriding database path with different value: /home/tux/.stmcufinder/plugins/mcufinder/ => /home/tux/.stmcufinder/plugins/mcufinder
2023-11-12 18:18:36,609 [INFO] ApiDb:250 - Set database path to: /home/tux/.stmcufinder/plugins/mcufinder//mcu/
2023-11-12 18:18:36,609 [WARN] DbFile:41 - Overriding database path with different value: /home/tux/.stmcufinder/plugins/mcufinder/ => /home/tux/.stmcufinder/plugins/mcufinder
2023-11-12 18:18:36,609 [INFO] DbMcusAds:125 - Set database path to: /home/tux/.stmcufinder/plugins/mcufinder//mcu/
2023-11-12 18:18:36,610 [WARN] DbFile:41 - Overriding database path with different value: /home/tux/.stmcufinder/plugins/mcufinder/ => /home/tux/.stmcufinder/plugins/mcufinder
2023-11-12 18:18:36,610 [WARN] DbFile:41 - Overriding database path with different value: /home/tux/.stmcufinder/plugins/mcufinder/ => /home/tux/.stmcufinder/plugins/mcufinder
2023-11-12 18:18:36,610 [INFO] CrossReferenceDbSqlite:203 - Set database path to: /home/tux/.stmcufinder/plugins/mcufinder//mcu/cs/
2023-11-12 18:18:36,654 [INFO] ApplicationProperties:184 - Using Application install path: /opt/st/stm32cubeide_1.13.2/plugins/com.st.stm32cube.common.mx_6.9.2.202309101412
2023-11-12 18:18:36,658 [INFO] PluginManage:196 - Search for loadable plugins [exclusion list=, ]
2023-11-12 18:18:36,660 [INFO] PluginManage:310 - Check plugin analytics
2023-11-12 18:18:36,976 [INFO] AnalyticsPlugin:253 - Accepted Software Licenses: 
2023-11-12 18:18:36,982 [INFO] AnalyticsPlugin:255 - Accepted CMSIS Pack Licenses: 
2023-11-12 18:18:36,982 [INFO] AnalyticsPlugin:257 - Accepted Firmware Licenses: 
2023-11-12 18:18:36,998 [INFO] PluginManage:359 - Loaded plugin analytics (category:tool,tabindex:-1)
2023-11-12 18:18:37,004 [INFO] PluginManage:310 - Check plugin cadmodel
2023-11-12 18:18:37,118 [INFO] CADModel:105 - Init CAD model plugin
2023-11-12 18:18:37,118 [INFO] PluginManage:359 - Loaded plugin cadmodel (category:power,tabindex:5)
2023-11-12 18:18:37,118 [INFO] PluginManage:310 - Check plugin clock
2023-11-12 18:18:37,136 [INFO] PluginManage:359 - Loaded plugin clock (category:base,tabindex:2)
2023-11-12 18:18:37,136 [INFO] PluginManage:310 - Check plugin ddr
2023-11-12 18:18:37,143 [INFO] PluginManage:359 - Loaded plugin ddr (category:tool,tabindex:6)
2023-11-12 18:18:37,144 [INFO] PluginManage:310 - Check plugin filemanager
2023-11-12 18:18:37,476 [INFO] PluginManage:359 - Loaded plugin filemanager (category:base,tabindex:10)
2023-11-12 18:18:37,478 [INFO] PluginManage:310 - Check plugin ipmanager
2023-11-12 18:18:37,528 [INFO] PluginManage:359 - Loaded plugin ipmanager (category:base,tabindex:5)
2023-11-12 18:18:37,534 [INFO] PluginManage:310 - Check plugin lpbam
2023-11-12 18:18:37,587 [INFO] PluginManage:359 - Loaded plugin lpbam (category:base,tabindex:0)
2023-11-12 18:18:37,588 [INFO] PluginManage:310 - Check plugin memorymap
2023-11-12 18:18:37,631 [INFO] PluginManage:359 - Loaded plugin memorymap (category:base,tabindex:4)
2023-11-12 18:18:37,634 [INFO] PluginManage:310 - Check plugin pinoutandconfiguration
2023-11-12 18:18:37,664 [INFO] PluginManage:359 - Loaded plugin pinoutandconfiguration (category:base,tabindex:1)
2023-11-12 18:18:37,667 [INFO] PluginManage:310 - Check plugin pinoutconfig
2023-11-12 18:18:37,959 [WARN] SupportedApi:132 - Cannot load RTOS API schema: s4s-elt-must-match.1: The content of 'definitions' must match (annotation?, (simpleType | complexType)?, (unique | key | keyref)*)). A problem was found starting at: attribute.
2023-11-12 18:18:38,495 [INFO] PluginManage:359 - Loaded plugin pinoutconfig (category:base,tabindex:0)
2023-11-12 18:18:38,496 [INFO] PluginManage:310 - Check plugin power
2023-11-12 18:18:38,519 [INFO] PluginManage:359 - Loaded plugin power (category:power,tabindex:4)
2023-11-12 18:18:38,520 [INFO] PluginManage:310 - Check plugin projectmanager
2023-11-12 18:18:38,553 [INFO] PluginManage:359 - Loaded plugin projectmanager (category:projectmanager,tabindex:3)
2023-11-12 18:18:38,554 [INFO] PluginManage:310 - Check plugin thirdparty
2023-11-12 18:18:38,826 [INFO] PluginManage:359 - Loaded plugin thirdparty (category:base,tabindex:-1)
2023-11-12 18:18:38,826 [INFO] PluginManage:310 - Check plugin tools
2023-11-12 18:18:38,830 [INFO] PluginManage:359 - Loaded plugin tools (category:base,tabindex:7)
2023-11-12 18:18:38,831 [INFO] PluginManage:310 - Check plugin tutovideos
2023-11-12 18:18:38,829 [WARN] IntegrityCheckThread:84 - waiting for thirdparty lock release [integrity check]
2023-11-12 18:18:38,838 [INFO] IntegrityCheckThread:86 - entering critical section [integrity check]
2023-11-12 18:18:38,839 [INFO] ThirdPartyUpdaterWithRetryManager:70 - Updater plugin not ready yet. [1/15]
2023-11-12 18:18:39,276 [INFO] PluginManage:359 - Loaded plugin tutovideos (category:base,tabindex:-1)
2023-11-12 18:18:39,277 [INFO] PluginManage:310 - Check plugin updater
2023-11-12 18:18:39,333 [INFO] PluginManage:359 - Loaded plugin updater (category:base,tabindex:12)
2023-11-12 18:18:39,333 [INFO] PluginManage:310 - Check plugin userauth
2023-11-12 18:18:39,350 [INFO] UserAuth:113 - Init User Auth plugin
2023-11-12 18:18:39,350 [INFO] PluginManage:359 - Loaded plugin userauth (category:base,tabindex:14)
2023-11-12 18:18:39,352 [INFO] PluginManage:283 - PluginManage : Loaded plugins [17]
2023-11-12 18:18:39,970 [INFO] PinOutPanel:1499 - setPackage(No Configuration,No Configuration)
2023-11-12 18:18:40,096 [INFO] CADModel:165 - CPN selected for project level
2023-11-12 18:18:40,097 [INFO] CADModel:114 - Register for checkConnection events
2023-11-12 18:18:40,107 [INFO] IPUIPlugin:80 - create IPUIPlugin
2023-11-12 18:18:40,108 [INFO] PluginManager:220 - loadIPPluginJar : add tsc
2023-11-12 18:18:40,114 [INFO] IPUIPlugin:80 - create IPUIPlugin
2023-11-12 18:18:40,114 [INFO] PluginManager:220 - loadIPPluginJar : add i2c
2023-11-12 18:18:40,117 [INFO] IPUIPlugin:80 - create IPUIPlugin
2023-11-12 18:18:40,117 [INFO] PluginManager:220 - loadIPPluginJar : add can
2023-11-12 18:18:40,123 [INFO] IPUIPlugin:80 - create IPUIPlugin
2023-11-12 18:18:40,123 [INFO] PluginManager:220 - loadIPPluginJar : add resmgrutility
2023-11-12 18:18:40,126 [INFO] IPUIPlugin:80 - create IPUIPlugin
2023-11-12 18:18:40,126 [INFO] PluginManager:220 - loadIPPluginJar : add ts
2023-11-12 18:18:40,130 [INFO] IPUIPlugin:80 - create IPUIPlugin
2023-11-12 18:18:40,130 [INFO] PluginManager:220 - loadIPPluginJar : add touchsensing
2023-11-12 18:18:40,131 [INFO] IPUIPlugin:80 - create IPUIPlugin
2023-11-12 18:18:40,132 [INFO] PluginManager:220 - loadIPPluginJar : add ltdc
2023-11-12 18:18:40,135 [INFO] IPUIPlugin:80 - create IPUIPlugin
2023-11-12 18:18:40,136 [INFO] PluginManager:220 - loadIPPluginJar : add gpio
2023-11-12 18:18:40,139 [INFO] IPUIPlugin:80 - create IPUIPlugin
2023-11-12 18:18:40,139 [INFO] PluginManager:220 - loadIPPluginJar : add aes
2023-11-12 18:18:40,144 [INFO] IPUIPlugin:80 - create IPUIPlugin
2023-11-12 18:18:40,144 [INFO] PluginManager:220 - loadIPPluginJar : add nvic
2023-11-12 18:18:40,147 [INFO] IPUIPlugin:80 - create IPUIPlugin
2023-11-12 18:18:40,147 [INFO] PluginManager:220 - loadIPPluginJar : add hash
2023-11-12 18:18:40,152 [INFO] IPUIPlugin:80 - create IPUIPlugin
2023-11-12 18:18:40,156 [INFO] PluginManager:220 - loadIPPluginJar : add plateformsettings
2023-11-12 18:18:40,158 [INFO] IPUIPlugin:80 - create IPUIPlugin
2023-11-12 18:18:40,158 [INFO] PluginManager:220 - loadIPPluginJar : add quadspi
2023-11-12 18:18:40,164 [INFO] IPUIPlugin:80 - create IPUIPlugin
2023-11-12 18:18:40,164 [INFO] PluginManager:220 - loadIPPluginJar : add gic
2023-11-12 18:18:40,168 [INFO] IPUIPlugin:80 - create IPUIPlugin
2023-11-12 18:18:40,168 [INFO] PluginManager:220 - loadIPPluginJar : add freertos
2023-11-12 18:18:40,170 [INFO] IPUIPlugin:80 - create IPUIPlugin
2023-11-12 18:18:40,170 [INFO] PluginManager:220 - loadIPPluginJar : add comp
2023-11-12 18:18:40,172 [INFO] IPUIPlugin:80 - create IPUIPlugin
2023-11-12 18:18:40,172 [INFO] PluginManager:220 - loadIPPluginJar : add ipddr
2023-11-12 18:18:40,177 [INFO] IPUIPlugin:80 - create IPUIPlugin
2023-11-12 18:18:40,177 [INFO] PluginManager:220 - loadIPPluginJar : add stm32_wpan
2023-11-12 18:18:40,179 [INFO] IPUIPlugin:80 - create IPUIPlugin
2023-11-12 18:18:40,180 [INFO] PluginManager:220 - loadIPPluginJar : add dma3
2023-11-12 18:18:40,182 [INFO] IPUIPlugin:80 - create IPUIPlugin
2023-11-12 18:18:40,182 [INFO] PluginManager:220 - loadIPPluginJar : add i3c
2023-11-12 18:18:40,184 [INFO] IPUIPlugin:80 - create IPUIPlugin
2023-11-12 18:18:40,184 [INFO] PluginManager:220 - loadIPPluginJar : add tracer_emb
2023-11-12 18:18:40,188 [INFO] IPUIPlugin:80 - create IPUIPlugin
2023-11-12 18:18:40,188 [INFO] PluginManager:220 - loadIPPluginJar : add fmc
2023-11-12 18:18:40,191 [INFO] IPUIPlugin:80 - create IPUIPlugin
2023-11-12 18:18:40,191 [INFO] PluginManager:220 - loadIPPluginJar : add dfsdm
2023-11-12 18:18:40,198 [INFO] IPUIPlugin:80 - create IPUIPlugin
2023-11-12 18:18:40,198 [INFO] PluginManager:220 - loadIPPluginJar : add dma
2023-11-12 18:18:40,200 [INFO] IPUIPlugin:80 - create IPUIPlugin
2023-11-12 18:18:40,200 [INFO] PluginManager:220 - loadIPPluginJar : add fatfs
2023-11-12 18:18:40,204 [INFO] IPUIPlugin:80 - create IPUIPlugin
2023-11-12 18:18:40,204 [INFO] PluginManager:220 - loadIPPluginJar : add sai
2023-11-12 18:18:40,215 [INFO] IPUIPlugin:80 - create IPUIPlugin
2023-11-12 18:18:40,215 [INFO] PluginManager:220 - loadIPPluginJar : add linkedlist
2023-11-12 18:18:40,218 [INFO] IPUIPlugin:80 - create IPUIPlugin
2023-11-12 18:18:40,219 [INFO] PluginManager:220 - loadIPPluginJar : add spi
2023-11-12 18:18:40,221 [INFO] IPUIPlugin:80 - create IPUIPlugin
2023-11-12 18:18:40,222 [INFO] PluginManager:220 - loadIPPluginJar : add i2s
2023-11-12 18:18:40,228 [INFO] IPUIPlugin:80 - create IPUIPlugin
2023-11-12 18:18:40,229 [INFO] PluginManager:220 - loadIPPluginJar : add mdma
2023-11-12 18:18:40,231 [INFO] IPUIPlugin:80 - create IPUIPlugin
2023-11-12 18:18:40,232 [INFO] PluginManager:220 - loadIPPluginJar : add tim
2023-11-12 18:18:40,234 [INFO] IPUIPlugin:80 - create IPUIPlugin
2023-11-12 18:18:40,234 [INFO] PluginManager:220 - loadIPPluginJar : add cryp
2023-11-12 18:18:40,236 [INFO] IPUIPlugin:80 - create IPUIPlugin
2023-11-12 18:18:40,237 [INFO] PluginManager:220 - loadIPPluginJar : add opamp
2023-11-12 18:18:40,238 [INFO] IPUIPlugin:80 - create IPUIPlugin
2023-11-12 18:18:40,238 [INFO] PluginManager:220 - loadIPPluginJar : add ucpd
2023-11-12 18:18:40,246 [INFO] IPUIPlugin:80 - create IPUIPlugin
2023-11-12 18:18:40,247 [INFO] PluginManager:220 - loadIPPluginJar : add adc
2023-11-12 18:18:40,249 [INFO] IPUIPlugin:80 - create IPUIPlugin
2023-11-12 18:18:40,249 [INFO] PluginManager:220 - loadIPPluginJar : add gfxmmu
2023-11-12 18:18:40,253 [INFO] IPUIPlugin:80 - create IPUIPlugin
2023-11-12 18:18:40,253 [INFO] PluginManager:220 - loadIPPluginJar : add usbx
2023-11-12 18:18:40,259 [INFO] IPUIPlugin:80 - create IPUIPlugin
2023-11-12 18:18:40,259 [INFO] PluginManager:220 - loadIPPluginJar : add gtzc
2023-11-12 18:18:40,261 [INFO] IPUIPlugin:80 - create IPUIPlugin
2023-11-12 18:18:40,261 [INFO] PluginManager:220 - loadIPPluginJar : add genericplugin
2023-11-12 18:18:40,267 [INFO] IPUIPlugin:80 - create IPUIPlugin
2023-11-12 18:18:40,267 [INFO] PluginManager:220 - loadIPPluginJar : add usart
2023-11-12 18:18:40,274 [INFO] IPUIPlugin:80 - create IPUIPlugin
2023-11-12 18:18:40,275 [INFO] PluginManager:220 - loadIPPluginJar : add openamp
2023-11-12 18:18:40,279 [INFO] IPUIPlugin:80 - create IPUIPlugin
2023-11-12 18:18:40,279 [INFO] PluginManager:220 - loadIPPluginJar : add lorawan
2023-11-12 18:18:40,287 [INFO] IPUIPlugin:80 - create IPUIPlugin
2023-11-12 18:18:40,287 [INFO] PluginManager:220 - loadIPPluginJar : add pdm2pcm
2023-11-12 18:18:40,458 [INFO] CADModel:165 - CPN selected for project level
2023-11-12 18:18:40,458 [INFO] CADModel:114 - Register for checkConnection events
2023-11-12 18:18:40,459 [FATAL] Updater:308 - Updater called before beeing initialized
2023-11-12 18:18:40,459 [ERROR] CADModel:125 - Updater not yet initialized, retry later 
2023-11-12 18:18:40,668 [INFO] CADModel:165 - CPN selected for project level
2023-11-12 18:18:40,669 [INFO] CADModel:114 - Register for checkConnection events
2023-11-12 18:18:40,669 [FATAL] Updater:308 - Updater called before beeing initialized
2023-11-12 18:18:40,669 [ERROR] CADModel:125 - Updater not yet initialized, retry later 
2023-11-12 18:18:40,673 [FATAL] Updater:308 - Updater called before beeing initialized
2023-11-12 18:18:40,846 [FATAL] Updater:308 - Updater called before beeing initialized
2023-11-12 18:18:40,859 [INFO] DbMcusAds:53 - JSON generation date=Tue Mar 07 14:20:55 IST 2023 (1678179055114)
2023-11-12 18:18:40,860 [FATAL] Updater:308 - Updater called before beeing initialized
2023-11-12 18:18:40,917 [WARN] DetailPanel:346 - Failed to get advertising image, set to default
2023-11-12 18:18:41,160 [FATAL] Updater:308 - Updater called before beeing initialized
2023-11-12 18:18:41,162 [FATAL] Updater:308 - Updater called before beeing initialized
2023-11-12 18:18:41,162 [FATAL] Updater:308 - Updater called before beeing initialized
2023-11-12 18:18:41,162 [WARN] DetailPanel:346 - Failed to get advertising image, set to default
2023-11-12 18:18:41,165 [FATAL] Updater:308 - Updater called before beeing initialized
2023-11-12 18:18:41,276 [ERROR] Updater:1120 - MainUpdater not yet initialized. External WinMGr cannot be set.
2023-11-12 18:18:41,285 [INFO] Updater:1056 - Updater Version found : 6.9.2
2023-11-12 18:18:41,334 [INFO] ApplicationProperties:184 - Using Application install path: /opt/st/stm32cubeide_1.13.2/plugins/com.st.stm32cube.common.mx_6.9.2.202309101412
2023-11-12 18:18:41,762 [INFO] MainUpdater:2868 - connection check result : 10
2023-11-12 18:18:41,764 [INFO] MainUpdater:285 - Updater Check For Update Now.
2023-11-12 18:18:41,765 [INFO] MicroXplorer:498 - Change Database Version : DB.6.0.92
2023-11-12 18:18:41,773 [INFO] McuFinderGlobals:63 - Set McuFinder mode to 2 (CubeIDE integrated)
2023-11-12 18:18:41,774 [INFO] UserAuth:179 - activating auth plugin
2023-11-12 18:18:41,782 [INFO] UserAuth:393 - Internet connection configuration mode: 1
2023-11-12 18:18:41,840 [WARN] MainUpdater:1189 - Updater busy. Cannot search thirdparties
2023-11-12 18:18:41,841 [INFO] ThirdPartyUpdaterWithRetryManager:96 - Updater plugin is busy. [1/15]
2023-11-12 18:18:41,844 [INFO] JxBrowserEngine:151 - Initiate JxBrowser Engine with user profile folder
2023-11-12 18:18:42,062 [INFO] CheckServerUpdateThread:120 - End of CheckServer Thread
2023-11-12 18:18:43,087 [INFO] WebApp:157 - Instantiating new browser for Auth
2023-11-12 18:18:44,042 [INFO] WebApp:753 - Register for checkConnection events
2023-11-12 18:18:44,042 [INFO] WebApp:390 - Apply proxy settings
2023-11-12 18:18:44,043 [INFO] WebApp:475 - Chromium requires no authentication
2023-11-12 18:18:44,059 [INFO] WebApp:418 - Direct internet connection detected
2023-11-12 18:18:44,390 [INFO] WebApp:188 - Starting web application
2023-11-12 18:18:44,390 [INFO] WebApp:520 - Web application path used /opt/st/stm32cubeide_1.13.2/plugins/com.st.stm32cube.common.mx_6.9.2.202309101412/db/plugins/mcufinder/reactClient1/index.html
2023-11-12 18:18:45,229 [WARN] PackLoader:240 - Cannot read IP mode file for STMicroelectronics.X-CUBE-SMBUS.2.1.0
2023-11-12 18:18:45,317 [WARN] PackLoader:240 - Cannot read IP mode file for STMicroelectronics.X-CUBE-AZRTOS-F7.1.1.0
2023-11-12 18:18:45,348 [WARN] PackLoader:240 - Cannot read IP mode file for STMicroelectronics.FP-SNS-MOTENV1.4.3.2
2023-11-12 18:18:45,365 [WARN] PackLoader:240 - Cannot read IP mode file for STMicroelectronics.FP-SNS-FLIGHT1.5.0.2
2023-11-12 18:18:45,385 [WARN] PackLoader:240 - Cannot read IP mode file for STMicroelectronics.X-CUBE-DISPLAY.3.0.0
2023-11-12 18:18:45,419 [WARN] PackLoader:240 - Cannot read IP mode file for STMicroelectronics.X-CUBE-BLE1.7.0.0
2023-11-12 18:18:45,434 [WARN] PackLoader:240 - Cannot read IP mode file for emotas.I-CUBE-CANOPEN.1.3.0
2023-11-12 18:18:45,446 [WARN] PackLoader:240 - Cannot read IP mode file for STMicroelectronics.X-CUBE-TOUCHGFX.4.22.1
2023-11-12 18:18:45,453 [WARN] PackLoader:240 - Cannot read IP mode file for STMicroelectronics.FP-SNS-SMARTAG2.1.2.0
2023-11-12 18:18:45,485 [INFO] LogOutputStream:77 - [STDOUT_REDIRECT] 1 : Invalid condition id : UX_CORESTACK_Condition cause : null
2023-11-12 18:18:45,486 [INFO] LogOutputStream:77 - [STDOUT_REDIRECT] 1 : Invalid condition id : UX_CORESTACK_Condition cause : null
2023-11-12 18:18:45,491 [INFO] LogOutputStream:77 - [STDOUT_REDIRECT] 1 : Invalid condition id : UX_CORESTACK_Condition cause : null
2023-11-12 18:18:45,493 [INFO] LogOutputStream:77 - [STDOUT_REDIRECT] 1 : Invalid condition id : UX_CORESTACK_Condition cause : null
2023-11-12 18:18:45,493 [INFO] LogOutputStream:77 - [STDOUT_REDIRECT] 1 : Invalid condition id : UX_CORESTACK_Condition cause : null
2023-11-12 18:18:45,512 [WARN] PackLoader:240 - Cannot read IP mode file for STMicroelectronics.X-CUBE-AZRTOS-WL.2.0.0
2023-11-12 18:18:45,549 [WARN] PackLoader:240 - Cannot read IP mode file for WES.I-CUBE-Cesium.1.3.0
2023-11-12 18:18:45,558 [WARN] PackLoader:240 - Cannot read IP mode file for STMicroelectronics.X-CUBE-BLE2.3.3.0
2023-11-12 18:18:45,571 [WARN] PackLoader:240 - Cannot read IP mode file for STMicroelectronics.X-CUBE-ALGOBUILD.1.3.0
2023-11-12 18:18:45,639 [WARN] PackLoader:240 - Cannot read IP mode file for STMicroelectronics.X-CUBE-AZRTOS-G0.1.1.0
2023-11-12 18:18:45,657 [WARN] PackLoader:240 - Cannot read IP mode file for STMicroelectronics.X-CUBE-NFC4.3.0.0
2023-11-12 18:18:45,680 [WARN] PackLoader:240 - Cannot read IP mode file for STMicroelectronics.X-CUBE-BLEMGR.3.0.0
2023-11-12 18:18:45,690 [WARN] PackLoader:240 - Cannot read IP mode file for STMicroelectronics.FP-ATR-SIGFOX1.3.2.0
2023-11-12 18:18:45,698 [WARN] PackLoader:240 - Cannot read IP mode file for STMicroelectronics.X-CUBE-GNSS1.6.0.0
2023-11-12 18:18:45,731 [WARN] PackLoader:240 - Cannot read IP mode file for STMicroelectronics.X-CUBE-AZRTOS-F4.1.1.0
2023-11-12 18:18:45,742 [WARN] PackLoader:240 - Cannot read IP mode file for wolfSSL.I-CUBE-wolfSSL.5.6.3
2023-11-12 18:18:45,774 [WARN] PackLoader:240 - Cannot read IP mode file for STMicroelectronics.X-CUBE-AZRTOS-L5.2.0.0
2023-11-12 18:18:45,785 [WARN] PackLoader:240 - Cannot read IP mode file for STMicroelectronics.X-CUBE-EEPRMA1.4.2.0
2023-11-12 18:18:45,792 [WARN] PackLoader:240 - Cannot read IP mode file for ITTIA_DB.I-CUBE-ITTIADB.8.8.0
2023-11-12 18:18:45,804 [WARN] PackLoader:240 - Cannot read IP mode file for STMicroelectronics.X-CUBE-BLEMGR.2.0.0
2023-11-12 18:18:45,864 [WARN] ConditionMgr:438 - getConditionDescription Invalid condition id : UX DEVICE CLASS RTOS Condition cause : null
2023-11-12 18:18:45,864 [WARN] ConditionMgr:438 - getConditionDescription Invalid condition id : UX DEVICE CLASS RTOS Condition cause : null
2023-11-12 18:18:45,886 [WARN] PackLoader:240 - Cannot read IP mode file for STMicroelectronics.X-CUBE-AZRTOS-H7.3.1.0
2023-11-12 18:18:45,888 [WARN] ConditionMgr:1039 - genDependencies : Invalid condition id : UX DEVICE CLASS RTOS Condition cause : null
2023-11-12 18:18:45,889 [WARN] ConditionMgr:1039 - genDependencies : Invalid condition id : UX DEVICE CLASS RTOS Condition cause : null
2023-11-12 18:18:45,890 [WARN] ConditionMgr:1039 - genDependencies : Invalid condition id : UX DEVICE CLASS RTOS Condition cause : null
2023-11-12 18:18:45,891 [WARN] ConditionMgr:1039 - genDependencies : Invalid condition id : UX DEVICE CLASS RTOS Condition cause : null
2023-11-12 18:18:45,891 [WARN] ConditionMgr:1039 - genDependencies : Invalid condition id : UX DEVICE CLASS RTOS Condition cause : null
2023-11-12 18:18:45,907 [WARN] PackLoader:240 - Cannot read IP mode file for STMicroelectronics.X-CUBE-NFC7.1.0.1
2023-11-12 18:18:45,928 [WARN] PackLoader:240 - Cannot read IP mode file for STMicroelectronics.X-CUBE-NFC6.3.0.0
2023-11-12 18:18:45,941 [WARN] PackLoader:240 - Cannot read IP mode file for STMicroelectronics.X-CUBE-AI.8.1.0
2023-11-12 18:18:45,983 [WARN] ConditionMgr:438 - getConditionDescription Invalid condition id : LAN8742 Phy interface Condition cause : null
2023-11-12 18:18:45,985 [WARN] PackLoader:240 - Cannot read IP mode file for STMicroelectronics.X-CUBE-AZRTOS-L4.2.0.0
2023-11-12 18:18:45,987 [WARN] ConditionMgr:1039 - genDependencies : Invalid condition id : LAN8742 Phy interface Condition cause : null
2023-11-12 18:18:45,988 [WARN] ConditionMgr:1039 - genDependencies : Invalid condition id : LAN8742 Phy interface Condition cause : null
2023-11-12 18:18:45,989 [WARN] ConditionMgr:1039 - genDependencies : Invalid condition id : LAN8742 Phy interface Condition cause : null
2023-11-12 18:18:45,999 [WARN] PackLoader:240 - Cannot read IP mode file for STMicroelectronics.X-CUBE-SFXS2LP1.4.0.0
2023-11-12 18:18:46,007 [WARN] PackLoader:240 - Cannot read IP mode file for STMicroelectronics.X-CUBE-ISPU.1.1.0
2023-11-12 18:18:46,025 [WARN] ConditionMgr:438 - getConditionDescription Invalid condition id : UX DEVICE CLASS RTOS Condition cause : null
2023-11-12 18:18:46,026 [WARN] ConditionMgr:438 - getConditionDescription Invalid condition id : UX DEVICE CLASS RTOS Condition cause : null
2023-11-12 18:18:46,028 [WARN] PackLoader:240 - Cannot read IP mode file for STMicroelectronics.X-CUBE-AZRTOS-WB.2.0.0
2023-11-12 18:18:46,029 [WARN] ConditionMgr:1039 - genDependencies : Invalid condition id : UX DEVICE CLASS RTOS Condition cause : null
2023-11-12 18:18:46,029 [WARN] ConditionMgr:1039 - genDependencies : Invalid condition id : UX DEVICE CLASS RTOS Condition cause : null
2023-11-12 18:18:46,032 [WARN] ConditionMgr:1039 - genDependencies : Invalid condition id : UX DEVICE CLASS RTOS Condition cause : null
2023-11-12 18:18:46,034 [WARN] ConditionMgr:1039 - genDependencies : Invalid condition id : UX DEVICE CLASS RTOS Condition cause : null
2023-11-12 18:18:46,034 [WARN] ConditionMgr:1039 - genDependencies : Invalid condition id : UX DEVICE CLASS RTOS Condition cause : null
2023-11-12 18:18:46,049 [WARN] PackLoader:240 - Cannot read IP mode file for STMicroelectronics.X-CUBE-SUBG2.5.0.0
2023-11-12 18:18:46,079 [WARN] PackLoader:240 - Cannot read IP mode file for STMicroelectronics.X-CUBE-TOF1.3.3.1
2023-11-12 18:18:46,127 [WARN] PackLoader:240 - Cannot read IP mode file for STMicroelectronics.X-CUBE-AZRTOS-G4.2.0.0
2023-11-12 18:18:46,159 [WARN] PackLoader:240 - Cannot read IP mode file for Infineon.AIROC-Wi-Fi-Bluetooth-STM32.1.5.1
2023-11-12 18:18:46,183 [WARN] PackLoader:240 - Cannot read IP mode file for STMicroelectronics.FP-SNS-MOTENVWB1.1.3.0
2023-11-12 18:18:46,297 [WARN] PackLoader:240 - Cannot read IP mode file for STMicroelectronics.X-CUBE-MEMS1.10.0.0
2023-11-12 18:18:46,612 [WARN] PackLoader:240 - Cannot read IP mode file for STMicroelectronics.X-CUBE-FREERTOS.1.1.0
2023-11-12 18:18:46,622 [WARN] PackLoader:240 - Cannot read IP mode file for portGmbH.I-Cube-SoM-uGOAL.1.1.0
2023-11-12 18:18:46,646 [WARN] PackLoader:240 - Cannot read IP mode file for STMicroelectronics.X-CUBE-ALS.1.0.1
2023-11-12 18:18:46,652 [WARN] PackLoader:240 - Cannot read IP mode file for STMicroelectronics.FP-ATR-ASTRA1.2.0.0
2023-11-12 18:18:46,663 [INFO] ThirdParty:978 - Integrity check success = true
2023-11-12 18:18:46,664 [INFO] IntegrityCheckThread:100 - exiting critical section [integrity check]
2023-11-12 18:18:46,665 [INFO] IntegrityCheckThread:103 - End integrity checks thread
2023-11-12 18:19:04,972 [ERROR] LogOutputStream:75 - [STDERR_REDIRECT] SLF4J: Failed to load class "org.slf4j.impl.StaticLoggerBinder".
2023-11-12 18:19:04,973 [ERROR] LogOutputStream:75 - [STDERR_REDIRECT] SLF4J: Defaulting to no-operation (NOP) logger implementation
2023-11-12 18:19:04,973 [ERROR] LogOutputStream:75 - [STDERR_REDIRECT] SLF4J: See http://www.slf4j.org/codes.html#StaticLoggerBinder for further details.
2023-11-12 18:21:33,454 [ERROR] LogOutputStream:75 - [STDERR_REDIRECT] java.lang.StringIndexOutOfBoundsException: begin 0, end -1, length 0
2023-11-12 18:21:33,455 [ERROR] LogOutputStream:75 - [STDERR_REDIRECT] 	at java.base/java.lang.String.checkBoundsBeginEnd(String.java:4602)
2023-11-12 18:21:33,455 [ERROR] LogOutputStream:75 - [STDERR_REDIRECT] 	at java.base/java.lang.String.substring(String.java:2705)
2023-11-12 18:21:33,455 [ERROR] LogOutputStream:75 - [STDERR_REDIRECT] 	at com.st.stm32cube.ide.mcu.utils.assembly.InstructionRecord.calcJumpInstructionDirect(InstructionRecord.java:190)
2023-11-12 18:21:33,455 [ERROR] LogOutputStream:75 - [STDERR_REDIRECT] 	at com.st.stm32cube.ide.mcu.utils.assembly.InstructionRecord.isJumpInstructionDirect(InstructionRecord.java:153)
2023-11-12 18:21:33,456 [ERROR] LogOutputStream:75 - [STDERR_REDIRECT] 	at com.st.stm32cube.ide.mcu.cyclomaticcomplexity.model.CallGraph.fromInstructions(CallGraph.java:59)
2023-11-12 18:21:33,456 [ERROR] LogOutputStream:75 - [STDERR_REDIRECT] 	at com.st.stm32cube.ide.mcu.cyclomaticcomplexity.CyclomaticView.inputChanged(CyclomaticView.java:699)
2023-11-12 18:21:33,456 [ERROR] LogOutputStream:75 - [STDERR_REDIRECT] 	at com.st.stm32cube.ide.mcu.cyclomaticcomplexity.CyclomaticView.lambda$4(CyclomaticView.java:561)
2023-11-12 18:21:33,456 [ERROR] LogOutputStream:75 - [STDERR_REDIRECT] 	at java.base/java.lang.Thread.run(Thread.java:833)
2023-11-12 18:21:33,456 [ERROR] LogOutputStream:75 - [STDERR_REDIRECT] java.lang.StringIndexOutOfBoundsException: begin 0, end -1, length 0
2023-11-12 18:21:33,457 [ERROR] LogOutputStream:75 - [STDERR_REDIRECT] 	at java.base/java.lang.String.checkBoundsBeginEnd(String.java:4602)
2023-11-12 18:21:33,457 [ERROR] LogOutputStream:75 - [STDERR_REDIRECT] 	at java.base/java.lang.String.substring(String.java:2705)
2023-11-12 18:21:33,457 [ERROR] LogOutputStream:75 - [STDERR_REDIRECT] 	at com.st.stm32cube.ide.mcu.utils.assembly.InstructionRecord.calcJumpInstructionDirect(InstructionRecord.java:190)
2023-11-12 18:21:33,457 [ERROR] LogOutputStream:75 - [STDERR_REDIRECT] 	at com.st.stm32cube.ide.mcu.utils.assembly.InstructionRecord.isJumpInstructionDirect(InstructionRecord.java:153)
2023-11-12 18:21:33,459 [ERROR] LogOutputStream:75 - [STDERR_REDIRECT] 	at com.st.stm32cube.ide.mcu.cyclomaticcomplexity.model.CallGraph.fromInstructions(CallGraph.java:59)
2023-11-12 18:21:33,460 [ERROR] LogOutputStream:75 - [STDERR_REDIRECT] 	at com.st.stm32cube.ide.mcu.cyclomaticcomplexity.CyclomaticView.inputChanged(CyclomaticView.java:699)
2023-11-12 18:21:33,460 [ERROR] LogOutputStream:75 - [STDERR_REDIRECT] 	at com.st.stm32cube.ide.mcu.cyclomaticcomplexity.CyclomaticView.lambda$4(CyclomaticView.java:561)
2023-11-12 18:21:33,460 [ERROR] LogOutputStream:75 - [STDERR_REDIRECT] 	at java.base/java.lang.Thread.run(Thread.java:833)
2023-11-12 18:21:33,461 [ERROR] LogOutputStream:75 - [STDERR_REDIRECT] java.lang.StringIndexOutOfBoundsException: begin 0, end -1, length 0
2023-11-12 18:21:33,461 [ERROR] LogOutputStream:75 - [STDERR_REDIRECT] 	at java.base/java.lang.String.checkBoundsBeginEnd(String.java:4602)
2023-11-12 18:21:33,461 [ERROR] LogOutputStream:75 - [STDERR_REDIRECT] 	at java.base/java.lang.String.substring(String.java:2705)
2023-11-12 18:21:33,462 [ERROR] LogOutputStream:75 - [STDERR_REDIRECT] 	at com.st.stm32cube.ide.mcu.utils.assembly.InstructionRecord.calcJumpInstructionDirect(InstructionRecord.java:190)
2023-11-12 18:21:33,462 [ERROR] LogOutputStream:75 - [STDERR_REDIRECT] 	at com.st.stm32cube.ide.mcu.utils.assembly.InstructionRecord.isJumpInstructionDirect(InstructionRecord.java:153)
2023-11-12 18:21:33,462 [ERROR] LogOutputStream:75 - [STDERR_REDIRECT] 	at com.st.stm32cube.ide.mcu.cyclomaticcomplexity.model.CallGraph.fromInstructions(CallGraph.java:59)
2023-11-12 18:21:33,462 [ERROR] LogOutputStream:75 - [STDERR_REDIRECT] 	at com.st.stm32cube.ide.mcu.cyclomaticcomplexity.CyclomaticView.inputChanged(CyclomaticView.java:699)
2023-11-12 18:21:33,463 [ERROR] LogOutputStream:75 - [STDERR_REDIRECT] 	at com.st.stm32cube.ide.mcu.cyclomaticcomplexity.CyclomaticView.lambda$4(CyclomaticView.java:561)
2023-11-12 18:21:33,463 [ERROR] LogOutputStream:75 - [STDERR_REDIRECT] 	at java.base/java.lang.Thread.run(Thread.java:833)
2023-11-12 18:21:33,463 [ERROR] LogOutputStream:75 - [STDERR_REDIRECT] java.lang.StringIndexOutOfBoundsException: begin 0, end -1, length 0
2023-11-12 18:21:33,464 [ERROR] LogOutputStream:75 - [STDERR_REDIRECT] 	at java.base/java.lang.String.checkBoundsBeginEnd(String.java:4602)
2023-11-12 18:21:33,464 [ERROR] LogOutputStream:75 - [STDERR_REDIRECT] 	at java.base/java.lang.String.substring(String.java:2705)
2023-11-12 18:21:33,464 [ERROR] LogOutputStream:75 - [STDERR_REDIRECT] 	at com.st.stm32cube.ide.mcu.utils.assembly.InstructionRecord.calcJumpInstructionDirect(InstructionRecord.java:190)
2023-11-12 18:21:33,465 [ERROR] LogOutputStream:75 - [STDERR_REDIRECT] 	at com.st.stm32cube.ide.mcu.utils.assembly.InstructionRecord.isJumpInstructionDirect(InstructionRecord.java:153)
2023-11-12 18:21:33,465 [ERROR] LogOutputStream:75 - [STDERR_REDIRECT] 	at com.st.stm32cube.ide.mcu.cyclomaticcomplexity.model.CallGraph.fromInstructions(CallGraph.java:59)
2023-11-12 18:21:33,465 [ERROR] LogOutputStream:75 - [STDERR_REDIRECT] 	at com.st.stm32cube.ide.mcu.cyclomaticcomplexity.CyclomaticView.inputChanged(CyclomaticView.java:699)
2023-11-12 18:21:33,466 [ERROR] LogOutputStream:75 - [STDERR_REDIRECT] 	at com.st.stm32cube.ide.mcu.cyclomaticcomplexity.CyclomaticView.lambda$4(CyclomaticView.java:561)
2023-11-12 18:21:33,466 [ERROR] LogOutputStream:75 - [STDERR_REDIRECT] 	at java.base/java.lang.Thread.run(Thread.java:833)
2023-11-12 18:21:33,469 [ERROR] LogOutputStream:75 - [STDERR_REDIRECT] java.lang.StringIndexOutOfBoundsException: begin 0, end -1, length 0
2023-11-12 18:21:33,470 [ERROR] LogOutputStream:75 - [STDERR_REDIRECT] 	at java.base/java.lang.String.checkBoundsBeginEnd(String.java:4602)
2023-11-12 18:21:33,471 [ERROR] LogOutputStream:75 - [STDERR_REDIRECT] 	at java.base/java.lang.String.substring(String.java:2705)
2023-11-12 18:21:33,473 [ERROR] LogOutputStream:75 - [STDERR_REDIRECT] 	at com.st.stm32cube.ide.mcu.utils.assembly.InstructionRecord.calcJumpInstructionDirect(InstructionRecord.java:190)
2023-11-12 18:21:33,474 [ERROR] LogOutputStream:75 - [STDERR_REDIRECT] 	at com.st.stm32cube.ide.mcu.utils.assembly.InstructionRecord.isJumpInstructionDirect(InstructionRecord.java:153)
2023-11-12 18:21:33,474 [ERROR] LogOutputStream:75 - [STDERR_REDIRECT] 	at com.st.stm32cube.ide.mcu.cyclomaticcomplexity.model.CallGraph.fromInstructions(CallGraph.java:59)
2023-11-12 18:21:33,476 [ERROR] LogOutputStream:75 - [STDERR_REDIRECT] 	at com.st.stm32cube.ide.mcu.cyclomaticcomplexity.CyclomaticView.inputChanged(CyclomaticView.java:699)
2023-11-12 18:21:33,477 [ERROR] LogOutputStream:75 - [STDERR_REDIRECT] 	at com.st.stm32cube.ide.mcu.cyclomaticcomplexity.CyclomaticView.lambda$4(CyclomaticView.java:561)
2023-11-12 18:21:33,477 [ERROR] LogOutputStream:75 - [STDERR_REDIRECT] 	at java.base/java.lang.Thread.run(Thread.java:833)
2023-11-12 18:21:33,478 [ERROR] LogOutputStream:75 - [STDERR_REDIRECT] java.lang.StringIndexOutOfBoundsException: begin 0, end -1, length 0
2023-11-12 18:21:33,478 [ERROR] LogOutputStream:75 - [STDERR_REDIRECT] 	at java.base/java.lang.String.checkBoundsBeginEnd(String.java:4602)
2023-11-12 18:21:33,478 [ERROR] LogOutputStream:75 - [STDERR_REDIRECT] 	at java.base/java.lang.String.substring(String.java:2705)
2023-11-12 18:21:33,478 [ERROR] LogOutputStream:75 - [STDERR_REDIRECT] 	at com.st.stm32cube.ide.mcu.utils.assembly.InstructionRecord.calcJumpInstructionDirect(InstructionRecord.java:190)
2023-11-12 18:21:33,478 [ERROR] LogOutputStream:75 - [STDERR_REDIRECT] 	at com.st.stm32cube.ide.mcu.utils.assembly.InstructionRecord.isJumpInstructionDirect(InstructionRecord.java:153)
2023-11-12 18:21:33,478 [ERROR] LogOutputStream:75 - [STDERR_REDIRECT] 	at com.st.stm32cube.ide.mcu.cyclomaticcomplexity.model.CallGraph.fromInstructions(CallGraph.java:59)
2023-11-12 18:21:33,479 [ERROR] LogOutputStream:75 - [STDERR_REDIRECT] 	at com.st.stm32cube.ide.mcu.cyclomaticcomplexity.CyclomaticView.inputChanged(CyclomaticView.java:699)
2023-11-12 18:21:33,480 [ERROR] LogOutputStream:75 - [STDERR_REDIRECT] 	at com.st.stm32cube.ide.mcu.cyclomaticcomplexity.CyclomaticView.lambda$4(CyclomaticView.java:561)
2023-11-12 18:21:33,481 [ERROR] LogOutputStream:75 - [STDERR_REDIRECT] 	at java.base/java.lang.Thread.run(Thread.java:833)
2023-11-12 18:21:33,635 [ERROR] LogOutputStream:75 - [STDERR_REDIRECT] java.lang.StringIndexOutOfBoundsException: begin 0, end -1, length 0
2023-11-12 18:21:33,637 [ERROR] LogOutputStream:75 - [STDERR_REDIRECT] 	at java.base/java.lang.String.checkBoundsBeginEnd(String.java:4602)
2023-11-12 18:21:33,638 [ERROR] LogOutputStream:75 - [STDERR_REDIRECT] 	at java.base/java.lang.String.substring(String.java:2705)
2023-11-12 18:21:33,639 [ERROR] LogOutputStream:75 - [STDERR_REDIRECT] 	at com.st.stm32cube.ide.mcu.utils.assembly.InstructionRecord.calcJumpInstructionDirect(InstructionRecord.java:190)
2023-11-12 18:21:33,643 [ERROR] LogOutputStream:75 - [STDERR_REDIRECT] 	at com.st.stm32cube.ide.mcu.utils.assembly.InstructionRecord.isJumpInstructionDirect(InstructionRecord.java:153)
2023-11-12 18:21:33,644 [ERROR] LogOutputStream:75 - [STDERR_REDIRECT] 	at com.st.stm32cube.ide.mcu.stackanalyzer.model.CallGraph.fromInstructions(CallGraph.java:64)
2023-11-12 18:21:33,645 [ERROR] LogOutputStream:75 - [STDERR_REDIRECT] 	at com.st.stm32cube.ide.mcu.stackanalyzer.ui.StackAnalyzerView.inputChanged(StackAnalyzerView.java:960)
2023-11-12 18:21:33,646 [ERROR] LogOutputStream:75 - [STDERR_REDIRECT] 	at com.st.stm32cube.ide.mcu.stackanalyzer.ui.StackAnalyzerView.lambda$15(StackAnalyzerView.java:1307)
2023-11-12 18:21:33,647 [ERROR] LogOutputStream:75 - [STDERR_REDIRECT] 	at java.base/java.lang.Thread.run(Thread.java:833)
2023-11-12 18:21:33,648 [ERROR] LogOutputStream:75 - [STDERR_REDIRECT] java.lang.StringIndexOutOfBoundsException: begin 0, end -1, length 0
2023-11-12 18:21:33,653 [ERROR] LogOutputStream:75 - [STDERR_REDIRECT] 	at java.base/java.lang.String.checkBoundsBeginEnd(String.java:4602)
2023-11-12 18:21:33,654 [ERROR] LogOutputStream:75 - [STDERR_REDIRECT] 	at java.base/java.lang.String.substring(String.java:2705)
2023-11-12 18:21:33,655 [ERROR] LogOutputStream:75 - [STDERR_REDIRECT] 	at com.st.stm32cube.ide.mcu.utils.assembly.InstructionRecord.calcJumpInstructionDirect(InstructionRecord.java:190)
2023-11-12 18:21:33,657 [ERROR] LogOutputStream:75 - [STDERR_REDIRECT] 	at com.st.stm32cube.ide.mcu.utils.assembly.InstructionRecord.isJumpInstructionDirect(InstructionRecord.java:153)
2023-11-12 18:21:33,658 [ERROR] LogOutputStream:75 - [STDERR_REDIRECT] 	at com.st.stm32cube.ide.mcu.stackanalyzer.model.CallGraph.fromInstructions(CallGraph.java:64)
2023-11-12 18:21:33,659 [ERROR] LogOutputStream:75 - [STDERR_REDIRECT] 	at com.st.stm32cube.ide.mcu.stackanalyzer.ui.StackAnalyzerView.inputChanged(StackAnalyzerView.java:960)
2023-11-12 18:21:33,662 [ERROR] LogOutputStream:75 - [STDERR_REDIRECT] 	at com.st.stm32cube.ide.mcu.stackanalyzer.ui.StackAnalyzerView.lambda$15(StackAnalyzerView.java:1307)
2023-11-12 18:21:33,663 [ERROR] LogOutputStream:75 - [STDERR_REDIRECT] 	at java.base/java.lang.Thread.run(Thread.java:833)
2023-11-12 18:21:33,665 [ERROR] LogOutputStream:75 - [STDERR_REDIRECT] java.lang.StringIndexOutOfBoundsException: begin 0, end -1, length 0
2023-11-12 18:21:33,666 [ERROR] LogOutputStream:75 - [STDERR_REDIRECT] 	at java.base/java.lang.String.checkBoundsBeginEnd(String.java:4602)
2023-11-12 18:21:33,667 [ERROR] LogOutputStream:75 - [STDERR_REDIRECT] 	at java.base/java.lang.String.substring(String.java:2705)
2023-11-12 18:21:33,683 [ERROR] LogOutputStream:75 - [STDERR_REDIRECT] 	at com.st.stm32cube.ide.mcu.utils.assembly.InstructionRecord.calcJumpInstructionDirect(InstructionRecord.java:190)
2023-11-12 18:21:33,685 [ERROR] LogOutputStream:75 - [STDERR_REDIRECT] 	at com.st.stm32cube.ide.mcu.utils.assembly.InstructionRecord.isJumpInstructionDirect(InstructionRecord.java:153)
2023-11-12 18:21:33,696 [ERROR] LogOutputStream:75 - [STDERR_REDIRECT] 	at com.st.stm32cube.ide.mcu.stackanalyzer.model.CallGraph.fromInstructions(CallGraph.java:64)
2023-11-12 18:21:33,697 [ERROR] LogOutputStream:75 - [STDERR_REDIRECT] 	at com.st.stm32cube.ide.mcu.stackanalyzer.ui.StackAnalyzerView.inputChanged(StackAnalyzerView.java:960)
2023-11-12 18:21:33,698 [ERROR] LogOutputStream:75 - [STDERR_REDIRECT] 	at com.st.stm32cube.ide.mcu.stackanalyzer.ui.StackAnalyzerView.lambda$15(StackAnalyzerView.java:1307)
2023-11-12 18:21:33,699 [ERROR] LogOutputStream:75 - [STDERR_REDIRECT] 	at java.base/java.lang.Thread.run(Thread.java:833)
2023-11-12 18:21:33,700 [ERROR] LogOutputStream:75 - [STDERR_REDIRECT] java.lang.StringIndexOutOfBoundsException: begin 0, end -1, length 0
2023-11-12 18:21:33,701 [ERROR] LogOutputStream:75 - [STDERR_REDIRECT] 	at java.base/java.lang.String.checkBoundsBeginEnd(String.java:4602)
2023-11-12 18:21:33,704 [ERROR] LogOutputStream:75 - [STDERR_REDIRECT] 	at java.base/java.lang.String.substring(String.java:2705)
2023-11-12 18:21:33,706 [ERROR] LogOutputStream:75 - [STDERR_REDIRECT] 	at com.st.stm32cube.ide.mcu.utils.assembly.InstructionRecord.calcJumpInstructionDirect(InstructionRecord.java:190)
2023-11-12 18:21:33,707 [ERROR] LogOutputStream:75 - [STDERR_REDIRECT] 	at com.st.stm32cube.ide.mcu.utils.assembly.InstructionRecord.isJumpInstructionDirect(InstructionRecord.java:153)
2023-11-12 18:21:33,708 [ERROR] LogOutputStream:75 - [STDERR_REDIRECT] 	at com.st.stm32cube.ide.mcu.stackanalyzer.model.CallGraph.fromInstructions(CallGraph.java:64)
2023-11-12 18:21:33,709 [ERROR] LogOutputStream:75 - [STDERR_REDIRECT] 	at com.st.stm32cube.ide.mcu.stackanalyzer.ui.StackAnalyzerView.inputChanged(StackAnalyzerView.java:960)
2023-11-12 18:21:33,710 [ERROR] LogOutputStream:75 - [STDERR_REDIRECT] 	at com.st.stm32cube.ide.mcu.stackanalyzer.ui.StackAnalyzerView.lambda$15(StackAnalyzerView.java:1307)
2023-11-12 18:21:33,710 [ERROR] LogOutputStream:75 - [STDERR_REDIRECT] 	at java.base/java.lang.Thread.run(Thread.java:833)
2023-11-12 18:21:33,711 [ERROR] LogOutputStream:75 - [STDERR_REDIRECT] java.lang.StringIndexOutOfBoundsException: begin 0, end -1, length 0
2023-11-12 18:21:33,715 [ERROR] LogOutputStream:75 - [STDERR_REDIRECT] 	at java.base/java.lang.String.checkBoundsBeginEnd(String.java:4602)
2023-11-12 18:21:33,716 [ERROR] LogOutputStream:75 - [STDERR_REDIRECT] 	at java.base/java.lang.String.substring(String.java:2705)
2023-11-12 18:21:33,737 [ERROR] LogOutputStream:75 - [STDERR_REDIRECT] 	at com.st.stm32cube.ide.mcu.utils.assembly.InstructionRecord.calcJumpInstructionDirect(InstructionRecord.java:190)
2023-11-12 18:21:33,737 [ERROR] LogOutputStream:75 - [STDERR_REDIRECT] 	at com.st.stm32cube.ide.mcu.utils.assembly.InstructionRecord.isJumpInstructionDirect(InstructionRecord.java:153)
2023-11-12 18:21:33,737 [ERROR] LogOutputStream:75 - [STDERR_REDIRECT] 	at com.st.stm32cube.ide.mcu.stackanalyzer.model.CallGraph.fromInstructions(CallGraph.java:64)
2023-11-12 18:21:33,738 [ERROR] LogOutputStream:75 - [STDERR_REDIRECT] 	at com.st.stm32cube.ide.mcu.stackanalyzer.ui.StackAnalyzerView.inputChanged(StackAnalyzerView.java:960)
2023-11-12 18:21:33,739 [ERROR] LogOutputStream:75 - [STDERR_REDIRECT] 	at com.st.stm32cube.ide.mcu.stackanalyzer.ui.StackAnalyzerView.lambda$15(StackAnalyzerView.java:1307)
2023-11-12 18:21:33,740 [ERROR] LogOutputStream:75 - [STDERR_REDIRECT] 	at java.base/java.lang.Thread.run(Thread.java:833)
2023-11-12 18:21:33,740 [ERROR] LogOutputStream:75 - [STDERR_REDIRECT] java.lang.StringIndexOutOfBoundsException: begin 0, end -1, length 0
2023-11-12 18:21:33,740 [ERROR] LogOutputStream:75 - [STDERR_REDIRECT] 	at java.base/java.lang.String.checkBoundsBeginEnd(String.java:4602)
2023-11-12 18:21:33,741 [ERROR] LogOutputStream:75 - [STDERR_REDIRECT] 	at java.base/java.lang.String.substring(String.java:2705)
2023-11-12 18:21:33,741 [ERROR] LogOutputStream:75 - [STDERR_REDIRECT] 	at com.st.stm32cube.ide.mcu.utils.assembly.InstructionRecord.calcJumpInstructionDirect(InstructionRecord.java:190)
2023-11-12 18:21:33,741 [ERROR] LogOutputStream:75 - [STDERR_REDIRECT] 	at com.st.stm32cube.ide.mcu.utils.assembly.InstructionRecord.isJumpInstructionDirect(InstructionRecord.java:153)
2023-11-12 18:21:33,742 [ERROR] LogOutputStream:75 - [STDERR_REDIRECT] 	at com.st.stm32cube.ide.mcu.stackanalyzer.model.CallGraph.fromInstructions(CallGraph.java:64)
2023-11-12 18:21:33,742 [ERROR] LogOutputStream:75 - [STDERR_REDIRECT] 	at com.st.stm32cube.ide.mcu.stackanalyzer.ui.StackAnalyzerView.inputChanged(StackAnalyzerView.java:960)
2023-11-12 18:21:33,743 [ERROR] LogOutputStream:75 - [STDERR_REDIRECT] 	at com.st.stm32cube.ide.mcu.stackanalyzer.ui.StackAnalyzerView.lambda$15(StackAnalyzerView.java:1307)
2023-11-12 18:21:33,743 [ERROR] LogOutputStream:75 - [STDERR_REDIRECT] 	at java.base/java.lang.Thread.run(Thread.java:833)
2023-11-12 22:45:07,526 [ERROR] LogOutputStream:75 - [STDERR_REDIRECT] 
