2023-11-12 17:55:34,507 [INFO] Activator:176 - 


2023-11-12 17:55:34,530 [INFO] Activator:177 - !SESSION log4j initialized
2023-11-12 17:55:39,094 [INFO] LogOutputStream:77 - [STDOUT_REDIRECT] 
2023-11-12 17:55:44,118 [INFO] ApplicationProperties:184 - Using Application install path: /opt/st/stm32cubeide_1.13.2/plugins/com.st.stm32cube.common.mx_6.9.2.202309101412
2023-11-12 17:55:44,145 [INFO] DbMcusXml:78 - Set database path to: /opt/st/stm32cubeide_1.13.2/plugins/com.st.stm32cube.common.mx_6.9.2.202309101412//db//mcu/
2023-11-12 17:55:44,147 [INFO] ApiDb:274 - Set plugin database path to: /opt/st/stm32cubeide_1.13.2/plugins/com.st.stm32cube.common.mx_6.9.2.202309101412//db//plugins/boardmanager/
2023-11-12 17:55:44,147 [WARN] ApiDb:259 - Overriding images path with different value:  => /opt/st/stm32cubeide_1.13.2/plugins/com.st.stm32cube.common.mx_6.9.2.202309101412//db//plugins/mcufinder/images/
2023-11-12 17:55:44,167 [INFO] ApiDb:250 - Set database path to: /home/tux/.stmcufinder/plugins/mcufinder//mcu/
2023-11-12 17:55:44,169 [INFO] DbMcusAds:125 - Set database path to: /home/tux/.stmcufinder/plugins/mcufinder//mcu/
2023-11-12 17:55:44,173 [INFO] CrossReferenceDbSqlite:203 - Set database path to: /home/tux/.stmcufinder/plugins/mcufinder//mcu/cs/
2023-11-12 17:55:44,476 [INFO] RulesReader:64 - Compatibility file has been processed (293 Rules)
2023-11-12 17:55:44,776 [INFO] DbMcusXml:78 - Set database path to: /opt/st/stm32cubeide_1.13.2/plugins/com.st.stm32cube.common.mx_6.9.2.202309101412//db//mcu/
2023-11-12 17:55:44,776 [INFO] ApiDb:274 - Set plugin database path to: /opt/st/stm32cubeide_1.13.2/plugins/com.st.stm32cube.common.mx_6.9.2.202309101412//db//plugins/boardmanager/
2023-11-12 17:55:44,777 [INFO] ApiDb:261 - Set plugin images path to: /opt/st/stm32cubeide_1.13.2/plugins/com.st.stm32cube.common.mx_6.9.2.202309101412//db//plugins/mcufinder/images/
2023-11-12 17:55:44,786 [WARN] DbFile:41 - Overriding database path with different value: /home/tux/.stmcufinder/plugins/mcufinder/ => /home/tux/.stmcufinder/plugins/mcufinder
2023-11-12 17:55:44,786 [INFO] ApiDb:250 - Set database path to: /home/tux/.stmcufinder/plugins/mcufinder//mcu/
2023-11-12 17:55:44,787 [WARN] DbFile:41 - Overriding database path with different value: /home/tux/.stmcufinder/plugins/mcufinder/ => /home/tux/.stmcufinder/plugins/mcufinder
2023-11-12 17:55:44,788 [INFO] DbMcusAds:125 - Set database path to: /home/tux/.stmcufinder/plugins/mcufinder//mcu/
2023-11-12 17:55:44,790 [WARN] DbFile:41 - Overriding database path with different value: /home/tux/.stmcufinder/plugins/mcufinder/ => /home/tux/.stmcufinder/plugins/mcufinder
2023-11-12 17:55:44,791 [WARN] DbFile:41 - Overriding database path with different value: /home/tux/.stmcufinder/plugins/mcufinder/ => /home/tux/.stmcufinder/plugins/mcufinder
2023-11-12 17:55:44,792 [INFO] CrossReferenceDbSqlite:203 - Set database path to: /home/tux/.stmcufinder/plugins/mcufinder//mcu/cs/
2023-11-12 17:55:45,048 [INFO] MainPanel:262 - HeapMemory: 268435456
2023-11-12 17:55:45,252 [INFO] DbMcusXml:78 - Set database path to: /opt/st/stm32cubeide_1.13.2/plugins/com.st.stm32cube.common.mx_6.9.2.202309101412//db//mcu/
2023-11-12 17:55:45,253 [INFO] ApiDb:274 - Set plugin database path to: /opt/st/stm32cubeide_1.13.2/plugins/com.st.stm32cube.common.mx_6.9.2.202309101412//db//plugins/boardmanager/
2023-11-12 17:55:45,253 [INFO] ApiDb:261 - Set plugin images path to: /opt/st/stm32cubeide_1.13.2/plugins/com.st.stm32cube.common.mx_6.9.2.202309101412//db//plugins/mcufinder/images/
2023-11-12 17:55:45,263 [WARN] DbFile:41 - Overriding database path with different value: /home/tux/.stmcufinder/plugins/mcufinder/ => /home/tux/.stmcufinder/plugins/mcufinder
2023-11-12 17:55:45,264 [INFO] ApiDb:250 - Set database path to: /home/tux/.stmcufinder/plugins/mcufinder//mcu/
2023-11-12 17:55:45,265 [WARN] DbFile:41 - Overriding database path with different value: /home/tux/.stmcufinder/plugins/mcufinder/ => /home/tux/.stmcufinder/plugins/mcufinder
2023-11-12 17:55:45,265 [INFO] DbMcusAds:125 - Set database path to: /home/tux/.stmcufinder/plugins/mcufinder//mcu/
2023-11-12 17:55:45,266 [WARN] DbFile:41 - Overriding database path with different value: /home/tux/.stmcufinder/plugins/mcufinder/ => /home/tux/.stmcufinder/plugins/mcufinder
2023-11-12 17:55:45,283 [WARN] DbFile:41 - Overriding database path with different value: /home/tux/.stmcufinder/plugins/mcufinder/ => /home/tux/.stmcufinder/plugins/mcufinder
2023-11-12 17:55:45,283 [INFO] CrossReferenceDbSqlite:203 - Set database path to: /home/tux/.stmcufinder/plugins/mcufinder//mcu/cs/
2023-11-12 17:55:45,335 [INFO] ApplicationProperties:184 - Using Application install path: /opt/st/stm32cubeide_1.13.2/plugins/com.st.stm32cube.common.mx_6.9.2.202309101412
2023-11-12 17:55:45,340 [INFO] PluginManage:196 - Search for loadable plugins [exclusion list=, ]
2023-11-12 17:55:45,347 [INFO] PluginManage:310 - Check plugin analytics
2023-11-12 17:55:46,093 [INFO] AnalyticsPlugin:253 - Accepted Software Licenses: 
2023-11-12 17:55:46,094 [INFO] AnalyticsPlugin:255 - Accepted CMSIS Pack Licenses: 
2023-11-12 17:55:46,094 [INFO] AnalyticsPlugin:257 - Accepted Firmware Licenses: 
2023-11-12 17:55:46,097 [INFO] PluginManage:359 - Loaded plugin analytics (category:tool,tabindex:-1)
2023-11-12 17:55:46,098 [INFO] PluginManage:310 - Check plugin cadmodel
2023-11-12 17:55:46,183 [INFO] CADModel:105 - Init CAD model plugin
2023-11-12 17:55:46,183 [INFO] PluginManage:359 - Loaded plugin cadmodel (category:power,tabindex:5)
2023-11-12 17:55:46,185 [INFO] PluginManage:310 - Check plugin clock
2023-11-12 17:55:46,201 [INFO] PluginManage:359 - Loaded plugin clock (category:base,tabindex:2)
2023-11-12 17:55:46,202 [INFO] PluginManage:310 - Check plugin ddr
2023-11-12 17:55:46,205 [INFO] PluginManage:359 - Loaded plugin ddr (category:tool,tabindex:6)
2023-11-12 17:55:46,205 [INFO] PluginManage:310 - Check plugin filemanager
2023-11-12 17:55:46,500 [INFO] PluginManage:359 - Loaded plugin filemanager (category:base,tabindex:10)
2023-11-12 17:55:46,500 [INFO] PluginManage:310 - Check plugin ipmanager
2023-11-12 17:55:46,512 [INFO] PluginManage:359 - Loaded plugin ipmanager (category:base,tabindex:5)
2023-11-12 17:55:46,514 [INFO] PluginManage:310 - Check plugin lpbam
2023-11-12 17:55:46,536 [INFO] PluginManage:359 - Loaded plugin lpbam (category:base,tabindex:0)
2023-11-12 17:55:46,536 [INFO] PluginManage:310 - Check plugin memorymap
2023-11-12 17:55:46,556 [INFO] PluginManage:359 - Loaded plugin memorymap (category:base,tabindex:4)
2023-11-12 17:55:46,556 [INFO] PluginManage:310 - Check plugin pinoutandconfiguration
2023-11-12 17:55:46,569 [INFO] PluginManage:359 - Loaded plugin pinoutandconfiguration (category:base,tabindex:1)
2023-11-12 17:55:46,570 [INFO] PluginManage:310 - Check plugin pinoutconfig
2023-11-12 17:55:46,786 [WARN] SupportedApi:132 - Cannot load RTOS API schema: s4s-elt-must-match.1: The content of 'definitions' must match (annotation?, (simpleType | complexType)?, (unique | key | keyref)*)). A problem was found starting at: attribute.
2023-11-12 17:55:47,093 [INFO] PluginManage:359 - Loaded plugin pinoutconfig (category:base,tabindex:0)
2023-11-12 17:55:47,094 [INFO] PluginManage:310 - Check plugin power
2023-11-12 17:55:47,112 [INFO] PluginManage:359 - Loaded plugin power (category:power,tabindex:4)
2023-11-12 17:55:47,112 [INFO] PluginManage:310 - Check plugin projectmanager
2023-11-12 17:55:47,149 [INFO] PluginManage:359 - Loaded plugin projectmanager (category:projectmanager,tabindex:3)
2023-11-12 17:55:47,149 [INFO] PluginManage:310 - Check plugin thirdparty
2023-11-12 17:55:47,366 [INFO] PluginManage:359 - Loaded plugin thirdparty (category:base,tabindex:-1)
2023-11-12 17:55:47,366 [WARN] IntegrityCheckThread:84 - waiting for thirdparty lock release [integrity check]
2023-11-12 17:55:47,366 [INFO] PluginManage:310 - Check plugin tools
2023-11-12 17:55:47,367 [INFO] IntegrityCheckThread:86 - entering critical section [integrity check]
2023-11-12 17:55:47,368 [INFO] ThirdPartyUpdaterWithRetryManager:70 - Updater plugin not ready yet. [1/15]
2023-11-12 17:55:47,369 [INFO] PluginManage:359 - Loaded plugin tools (category:base,tabindex:7)
2023-11-12 17:55:47,370 [INFO] PluginManage:310 - Check plugin tutovideos
2023-11-12 17:55:47,747 [INFO] PluginManage:359 - Loaded plugin tutovideos (category:base,tabindex:-1)
2023-11-12 17:55:47,747 [INFO] PluginManage:310 - Check plugin updater
2023-11-12 17:55:47,772 [INFO] PluginManage:359 - Loaded plugin updater (category:base,tabindex:12)
2023-11-12 17:55:47,772 [INFO] PluginManage:310 - Check plugin userauth
2023-11-12 17:55:47,784 [INFO] UserAuth:113 - Init User Auth plugin
2023-11-12 17:55:47,784 [INFO] PluginManage:359 - Loaded plugin userauth (category:base,tabindex:14)
2023-11-12 17:55:47,785 [INFO] PluginManage:283 - PluginManage : Loaded plugins [17]
2023-11-12 17:55:48,250 [INFO] PinOutPanel:1499 - setPackage(No Configuration,No Configuration)
2023-11-12 17:55:48,523 [INFO] CADModel:165 - CPN selected for project level
2023-11-12 17:55:48,528 [INFO] CADModel:114 - Register for checkConnection events
2023-11-12 17:55:48,565 [INFO] IPUIPlugin:80 - create IPUIPlugin
2023-11-12 17:55:48,565 [INFO] PluginManager:220 - loadIPPluginJar : add tsc
2023-11-12 17:55:48,580 [INFO] IPUIPlugin:80 - create IPUIPlugin
2023-11-12 17:55:48,580 [INFO] PluginManager:220 - loadIPPluginJar : add i2c
2023-11-12 17:55:48,586 [INFO] IPUIPlugin:80 - create IPUIPlugin
2023-11-12 17:55:48,586 [INFO] PluginManager:220 - loadIPPluginJar : add can
2023-11-12 17:55:48,601 [INFO] IPUIPlugin:80 - create IPUIPlugin
2023-11-12 17:55:48,601 [INFO] PluginManager:220 - loadIPPluginJar : add resmgrutility
2023-11-12 17:55:48,603 [INFO] IPUIPlugin:80 - create IPUIPlugin
2023-11-12 17:55:48,603 [INFO] PluginManager:220 - loadIPPluginJar : add ts
2023-11-12 17:55:48,617 [INFO] IPUIPlugin:80 - create IPUIPlugin
2023-11-12 17:55:48,618 [INFO] PluginManager:220 - loadIPPluginJar : add touchsensing
2023-11-12 17:55:48,619 [INFO] IPUIPlugin:80 - create IPUIPlugin
2023-11-12 17:55:48,619 [INFO] PluginManager:220 - loadIPPluginJar : add ltdc
2023-11-12 17:55:48,630 [INFO] IPUIPlugin:80 - create IPUIPlugin
2023-11-12 17:55:48,633 [INFO] PluginManager:220 - loadIPPluginJar : add gpio
2023-11-12 17:55:48,636 [INFO] IPUIPlugin:80 - create IPUIPlugin
2023-11-12 17:55:48,637 [INFO] PluginManager:220 - loadIPPluginJar : add aes
2023-11-12 17:55:48,644 [INFO] IPUIPlugin:80 - create IPUIPlugin
2023-11-12 17:55:48,644 [INFO] PluginManager:220 - loadIPPluginJar : add nvic
2023-11-12 17:55:48,647 [INFO] IPUIPlugin:80 - create IPUIPlugin
2023-11-12 17:55:48,647 [INFO] PluginManager:220 - loadIPPluginJar : add hash
2023-11-12 17:55:48,656 [INFO] IPUIPlugin:80 - create IPUIPlugin
2023-11-12 17:55:48,662 [INFO] PluginManager:220 - loadIPPluginJar : add plateformsettings
2023-11-12 17:55:48,665 [INFO] IPUIPlugin:80 - create IPUIPlugin
2023-11-12 17:55:48,666 [INFO] PluginManager:220 - loadIPPluginJar : add quadspi
2023-11-12 17:55:48,673 [INFO] IPUIPlugin:80 - create IPUIPlugin
2023-11-12 17:55:48,676 [INFO] PluginManager:220 - loadIPPluginJar : add gic
2023-11-12 17:55:48,686 [INFO] IPUIPlugin:80 - create IPUIPlugin
2023-11-12 17:55:48,686 [INFO] PluginManager:220 - loadIPPluginJar : add freertos
2023-11-12 17:55:48,688 [INFO] IPUIPlugin:80 - create IPUIPlugin
2023-11-12 17:55:48,688 [INFO] PluginManager:220 - loadIPPluginJar : add comp
2023-11-12 17:55:48,695 [INFO] IPUIPlugin:80 - create IPUIPlugin
2023-11-12 17:55:48,695 [INFO] PluginManager:220 - loadIPPluginJar : add ipddr
2023-11-12 17:55:48,701 [INFO] IPUIPlugin:80 - create IPUIPlugin
2023-11-12 17:55:48,701 [INFO] PluginManager:220 - loadIPPluginJar : add stm32_wpan
2023-11-12 17:55:48,704 [INFO] IPUIPlugin:80 - create IPUIPlugin
2023-11-12 17:55:48,704 [INFO] PluginManager:220 - loadIPPluginJar : add dma3
2023-11-12 17:55:48,710 [INFO] IPUIPlugin:80 - create IPUIPlugin
2023-11-12 17:55:48,710 [INFO] PluginManager:220 - loadIPPluginJar : add i3c
2023-11-12 17:55:48,714 [INFO] IPUIPlugin:80 - create IPUIPlugin
2023-11-12 17:55:48,714 [INFO] PluginManager:220 - loadIPPluginJar : add tracer_emb
2023-11-12 17:55:48,720 [INFO] IPUIPlugin:80 - create IPUIPlugin
2023-11-12 17:55:48,721 [INFO] PluginManager:220 - loadIPPluginJar : add fmc
2023-11-12 17:55:48,727 [INFO] IPUIPlugin:80 - create IPUIPlugin
2023-11-12 17:55:48,728 [INFO] PluginManager:220 - loadIPPluginJar : add dfsdm
2023-11-12 17:55:48,736 [INFO] IPUIPlugin:80 - create IPUIPlugin
2023-11-12 17:55:48,737 [INFO] PluginManager:220 - loadIPPluginJar : add dma
2023-11-12 17:55:48,739 [INFO] IPUIPlugin:80 - create IPUIPlugin
2023-11-12 17:55:48,744 [INFO] PluginManager:220 - loadIPPluginJar : add fatfs
2023-11-12 17:55:48,750 [INFO] IPUIPlugin:80 - create IPUIPlugin
2023-11-12 17:55:48,751 [INFO] PluginManager:220 - loadIPPluginJar : add sai
2023-11-12 17:55:48,763 [INFO] IPUIPlugin:80 - create IPUIPlugin
2023-11-12 17:55:48,763 [INFO] PluginManager:220 - loadIPPluginJar : add linkedlist
2023-11-12 17:55:48,766 [INFO] IPUIPlugin:80 - create IPUIPlugin
2023-11-12 17:55:48,767 [INFO] PluginManager:220 - loadIPPluginJar : add spi
2023-11-12 17:55:48,769 [INFO] IPUIPlugin:80 - create IPUIPlugin
2023-11-12 17:55:48,770 [INFO] PluginManager:220 - loadIPPluginJar : add i2s
2023-11-12 17:55:48,780 [INFO] IPUIPlugin:80 - create IPUIPlugin
2023-11-12 17:55:48,781 [INFO] PluginManager:220 - loadIPPluginJar : add mdma
2023-11-12 17:55:48,784 [INFO] IPUIPlugin:80 - create IPUIPlugin
2023-11-12 17:55:48,784 [INFO] PluginManager:220 - loadIPPluginJar : add tim
2023-11-12 17:55:48,787 [INFO] IPUIPlugin:80 - create IPUIPlugin
2023-11-12 17:55:48,787 [INFO] PluginManager:220 - loadIPPluginJar : add cryp
2023-11-12 17:55:48,794 [INFO] IPUIPlugin:80 - create IPUIPlugin
2023-11-12 17:55:48,795 [INFO] PluginManager:220 - loadIPPluginJar : add opamp
2023-11-12 17:55:48,798 [INFO] IPUIPlugin:80 - create IPUIPlugin
2023-11-12 17:55:48,799 [INFO] PluginManager:220 - loadIPPluginJar : add ucpd
2023-11-12 17:55:48,808 [INFO] IPUIPlugin:80 - create IPUIPlugin
2023-11-12 17:55:48,809 [INFO] PluginManager:220 - loadIPPluginJar : add adc
2023-11-12 17:55:48,813 [INFO] IPUIPlugin:80 - create IPUIPlugin
2023-11-12 17:55:48,813 [INFO] PluginManager:220 - loadIPPluginJar : add gfxmmu
2023-11-12 17:55:48,817 [INFO] IPUIPlugin:80 - create IPUIPlugin
2023-11-12 17:55:48,817 [INFO] PluginManager:220 - loadIPPluginJar : add usbx
2023-11-12 17:55:48,821 [INFO] IPUIPlugin:80 - create IPUIPlugin
2023-11-12 17:55:48,821 [INFO] PluginManager:220 - loadIPPluginJar : add gtzc
2023-11-12 17:55:48,825 [INFO] IPUIPlugin:80 - create IPUIPlugin
2023-11-12 17:55:48,825 [INFO] PluginManager:220 - loadIPPluginJar : add genericplugin
2023-11-12 17:55:48,829 [INFO] IPUIPlugin:80 - create IPUIPlugin
2023-11-12 17:55:48,829 [INFO] PluginManager:220 - loadIPPluginJar : add usart
2023-11-12 17:55:48,833 [INFO] IPUIPlugin:80 - create IPUIPlugin
2023-11-12 17:55:48,834 [INFO] PluginManager:220 - loadIPPluginJar : add openamp
2023-11-12 17:55:48,837 [INFO] IPUIPlugin:80 - create IPUIPlugin
2023-11-12 17:55:48,838 [INFO] PluginManager:220 - loadIPPluginJar : add lorawan
2023-11-12 17:55:48,844 [INFO] IPUIPlugin:80 - create IPUIPlugin
2023-11-12 17:55:48,844 [INFO] PluginManager:220 - loadIPPluginJar : add pdm2pcm
2023-11-12 17:55:48,992 [INFO] CADModel:165 - CPN selected for project level
2023-11-12 17:55:48,992 [INFO] CADModel:114 - Register for checkConnection events
2023-11-12 17:55:48,993 [FATAL] Updater:308 - Updater called before beeing initialized
2023-11-12 17:55:48,993 [ERROR] CADModel:125 - Updater not yet initialized, retry later 
2023-11-12 17:55:49,243 [INFO] CADModel:165 - CPN selected for project level
2023-11-12 17:55:49,244 [INFO] CADModel:114 - Register for checkConnection events
2023-11-12 17:55:49,244 [FATAL] Updater:308 - Updater called before beeing initialized
2023-11-12 17:55:49,244 [ERROR] CADModel:125 - Updater not yet initialized, retry later 
2023-11-12 17:55:49,248 [FATAL] Updater:308 - Updater called before beeing initialized
2023-11-12 17:55:49,478 [FATAL] Updater:308 - Updater called before beeing initialized
2023-11-12 17:55:49,496 [INFO] DbMcusAds:53 - JSON generation date=Tue Mar 07 14:20:55 IST 2023 (1678179055114)
2023-11-12 17:55:49,496 [FATAL] Updater:308 - Updater called before beeing initialized
2023-11-12 17:55:49,575 [WARN] DetailPanel:346 - Failed to get advertising image, set to default
2023-11-12 17:55:49,739 [FATAL] Updater:308 - Updater called before beeing initialized
2023-11-12 17:55:49,744 [FATAL] Updater:308 - Updater called before beeing initialized
2023-11-12 17:55:49,745 [FATAL] Updater:308 - Updater called before beeing initialized
2023-11-12 17:55:49,745 [WARN] DetailPanel:346 - Failed to get advertising image, set to default
2023-11-12 17:55:49,746 [FATAL] Updater:308 - Updater called before beeing initialized
2023-11-12 17:55:49,809 [ERROR] Updater:1120 - MainUpdater not yet initialized. External WinMGr cannot be set.
2023-11-12 17:55:49,816 [INFO] Updater:1056 - Updater Version found : 6.9.2
2023-11-12 17:55:49,853 [INFO] ApplicationProperties:184 - Using Application install path: /opt/st/stm32cubeide_1.13.2/plugins/com.st.stm32cube.common.mx_6.9.2.202309101412
2023-11-12 17:55:50,151 [INFO] MainUpdater:2868 - connection check result : 10
2023-11-12 17:55:50,152 [INFO] MainUpdater:285 - Updater Check For Update Now.
2023-11-12 17:55:50,153 [INFO] MicroXplorer:498 - Change Database Version : DB.6.0.92
2023-11-12 17:55:50,172 [INFO] McuFinderGlobals:63 - Set McuFinder mode to 2 (CubeIDE integrated)
2023-11-12 17:55:50,173 [INFO] UserAuth:179 - activating auth plugin
2023-11-12 17:55:50,196 [INFO] UserAuth:393 - Internet connection configuration mode: 1
2023-11-12 17:55:50,240 [INFO] JxBrowserEngine:151 - Initiate JxBrowser Engine with user profile folder
2023-11-12 17:55:50,369 [WARN] MainUpdater:1189 - Updater busy. Cannot search thirdparties
2023-11-12 17:55:50,369 [INFO] ThirdPartyUpdaterWithRetryManager:96 - Updater plugin is busy. [1/15]
2023-11-12 17:55:50,605 [INFO] CheckServerUpdateThread:120 - End of CheckServer Thread
2023-11-12 17:55:52,561 [INFO] WebApp:157 - Instantiating new browser for Auth
2023-11-12 17:55:53,478 [INFO] WebApp:753 - Register for checkConnection events
2023-11-12 17:55:53,478 [INFO] WebApp:390 - Apply proxy settings
2023-11-12 17:55:53,478 [INFO] WebApp:475 - Chromium requires no authentication
2023-11-12 17:55:53,527 [INFO] WebApp:418 - Direct internet connection detected
2023-11-12 17:55:53,831 [WARN] PackLoader:240 - Cannot read IP mode file for STMicroelectronics.X-CUBE-SMBUS.2.1.0
2023-11-12 17:55:53,987 [WARN] PackLoader:240 - Cannot read IP mode file for STMicroelectronics.X-CUBE-AZRTOS-F7.1.1.0
2023-11-12 17:55:54,127 [WARN] PackLoader:240 - Cannot read IP mode file for STMicroelectronics.FP-SNS-MOTENV1.4.3.2
2023-11-12 17:55:54,170 [WARN] PackLoader:240 - Cannot read IP mode file for STMicroelectronics.FP-SNS-FLIGHT1.5.0.2
2023-11-12 17:55:54,257 [WARN] PackLoader:240 - Cannot read IP mode file for STMicroelectronics.X-CUBE-DISPLAY.3.0.0
2023-11-12 17:55:54,289 [WARN] PackLoader:240 - Cannot read IP mode file for STMicroelectronics.X-CUBE-BLE1.7.0.0
2023-11-12 17:55:54,301 [WARN] PackLoader:240 - Cannot read IP mode file for emotas.I-CUBE-CANOPEN.1.3.0
2023-11-12 17:55:54,329 [WARN] PackLoader:240 - Cannot read IP mode file for STMicroelectronics.X-CUBE-TOUCHGFX.4.22.1
2023-11-12 17:55:54,340 [WARN] PackLoader:240 - Cannot read IP mode file for STMicroelectronics.FP-SNS-SMARTAG2.1.2.0
2023-11-12 17:55:54,352 [INFO] WebApp:188 - Starting web application
2023-11-12 17:55:54,353 [INFO] WebApp:520 - Web application path used /opt/st/stm32cubeide_1.13.2/plugins/com.st.stm32cube.common.mx_6.9.2.202309101412/db/plugins/mcufinder/reactClient1/index.html
2023-11-12 17:55:54,370 [INFO] LogOutputStream:77 - [STDOUT_REDIRECT] 1 : Invalid condition id : UX_CORESTACK_Condition cause : null
2023-11-12 17:55:54,371 [INFO] LogOutputStream:77 - [STDOUT_REDIRECT] 1 : Invalid condition id : UX_CORESTACK_Condition cause : null
2023-11-12 17:55:54,372 [INFO] LogOutputStream:77 - [STDOUT_REDIRECT] 1 : Invalid condition id : UX_CORESTACK_Condition cause : null
2023-11-12 17:55:54,373 [INFO] LogOutputStream:77 - [STDOUT_REDIRECT] 1 : Invalid condition id : UX_CORESTACK_Condition cause : null
2023-11-12 17:55:54,374 [INFO] LogOutputStream:77 - [STDOUT_REDIRECT] 1 : Invalid condition id : UX_CORESTACK_Condition cause : null
2023-11-12 17:55:54,381 [WARN] PackLoader:240 - Cannot read IP mode file for STMicroelectronics.X-CUBE-AZRTOS-WL.2.0.0
2023-11-12 17:55:54,394 [WARN] PackLoader:240 - Cannot read IP mode file for WES.I-CUBE-Cesium.1.3.0
2023-11-12 17:55:54,401 [WARN] PackLoader:240 - Cannot read IP mode file for STMicroelectronics.X-CUBE-BLE2.3.3.0
2023-11-12 17:55:54,412 [WARN] PackLoader:240 - Cannot read IP mode file for STMicroelectronics.X-CUBE-ALGOBUILD.1.3.0
2023-11-12 17:55:54,447 [WARN] PackLoader:240 - Cannot read IP mode file for STMicroelectronics.X-CUBE-AZRTOS-G0.1.1.0
2023-11-12 17:55:54,459 [WARN] PackLoader:240 - Cannot read IP mode file for STMicroelectronics.X-CUBE-NFC4.3.0.0
2023-11-12 17:55:54,476 [WARN] PackLoader:240 - Cannot read IP mode file for STMicroelectronics.X-CUBE-BLEMGR.3.0.0
2023-11-12 17:55:54,484 [WARN] PackLoader:240 - Cannot read IP mode file for STMicroelectronics.FP-ATR-SIGFOX1.3.2.0
2023-11-12 17:55:54,492 [WARN] PackLoader:240 - Cannot read IP mode file for STMicroelectronics.X-CUBE-GNSS1.6.0.0
2023-11-12 17:55:54,530 [WARN] PackLoader:240 - Cannot read IP mode file for STMicroelectronics.X-CUBE-AZRTOS-F4.1.1.0
2023-11-12 17:55:54,540 [WARN] PackLoader:240 - Cannot read IP mode file for wolfSSL.I-CUBE-wolfSSL.5.6.3
2023-11-12 17:55:54,577 [WARN] PackLoader:240 - Cannot read IP mode file for STMicroelectronics.X-CUBE-AZRTOS-L5.2.0.0
2023-11-12 17:55:54,590 [WARN] PackLoader:240 - Cannot read IP mode file for STMicroelectronics.X-CUBE-EEPRMA1.4.2.0
2023-11-12 17:55:54,598 [WARN] PackLoader:240 - Cannot read IP mode file for ITTIA_DB.I-CUBE-ITTIADB.8.8.0
2023-11-12 17:55:54,613 [WARN] PackLoader:240 - Cannot read IP mode file for STMicroelectronics.X-CUBE-BLEMGR.2.0.0
2023-11-12 17:55:54,654 [WARN] ConditionMgr:438 - getConditionDescription Invalid condition id : UX DEVICE CLASS RTOS Condition cause : null
2023-11-12 17:55:54,655 [WARN] ConditionMgr:438 - getConditionDescription Invalid condition id : UX DEVICE CLASS RTOS Condition cause : null
2023-11-12 17:55:54,662 [WARN] PackLoader:240 - Cannot read IP mode file for STMicroelectronics.X-CUBE-AZRTOS-H7.3.1.0
2023-11-12 17:55:54,664 [WARN] ConditionMgr:1039 - genDependencies : Invalid condition id : UX DEVICE CLASS RTOS Condition cause : null
2023-11-12 17:55:54,664 [WARN] ConditionMgr:1039 - genDependencies : Invalid condition id : UX DEVICE CLASS RTOS Condition cause : null
2023-11-12 17:55:54,666 [WARN] ConditionMgr:1039 - genDependencies : Invalid condition id : UX DEVICE CLASS RTOS Condition cause : null
2023-11-12 17:55:54,667 [WARN] ConditionMgr:1039 - genDependencies : Invalid condition id : UX DEVICE CLASS RTOS Condition cause : null
2023-11-12 17:55:54,668 [WARN] ConditionMgr:1039 - genDependencies : Invalid condition id : UX DEVICE CLASS RTOS Condition cause : null
2023-11-12 17:55:54,681 [WARN] PackLoader:240 - Cannot read IP mode file for STMicroelectronics.X-CUBE-NFC7.1.0.1
2023-11-12 17:55:54,697 [WARN] PackLoader:240 - Cannot read IP mode file for STMicroelectronics.X-CUBE-NFC6.3.0.0
2023-11-12 17:55:54,707 [WARN] PackLoader:240 - Cannot read IP mode file for STMicroelectronics.X-CUBE-AI.8.1.0
2023-11-12 17:55:54,836 [WARN] ConditionMgr:438 - getConditionDescription Invalid condition id : LAN8742 Phy interface Condition cause : null
2023-11-12 17:55:54,838 [WARN] PackLoader:240 - Cannot read IP mode file for STMicroelectronics.X-CUBE-AZRTOS-L4.2.0.0
2023-11-12 17:55:54,854 [WARN] ConditionMgr:1039 - genDependencies : Invalid condition id : LAN8742 Phy interface Condition cause : null
2023-11-12 17:55:54,855 [WARN] ConditionMgr:1039 - genDependencies : Invalid condition id : LAN8742 Phy interface Condition cause : null
2023-11-12 17:55:54,860 [WARN] ConditionMgr:1039 - genDependencies : Invalid condition id : LAN8742 Phy interface Condition cause : null
2023-11-12 17:55:54,941 [WARN] PackLoader:240 - Cannot read IP mode file for STMicroelectronics.X-CUBE-SFXS2LP1.4.0.0
2023-11-12 17:55:54,953 [WARN] PackLoader:240 - Cannot read IP mode file for STMicroelectronics.X-CUBE-ISPU.1.1.0
2023-11-12 17:55:55,003 [WARN] ConditionMgr:438 - getConditionDescription Invalid condition id : UX DEVICE CLASS RTOS Condition cause : null
2023-11-12 17:55:55,004 [WARN] ConditionMgr:438 - getConditionDescription Invalid condition id : UX DEVICE CLASS RTOS Condition cause : null
2023-11-12 17:55:55,009 [WARN] PackLoader:240 - Cannot read IP mode file for STMicroelectronics.X-CUBE-AZRTOS-WB.2.0.0
2023-11-12 17:55:55,010 [WARN] ConditionMgr:1039 - genDependencies : Invalid condition id : UX DEVICE CLASS RTOS Condition cause : null
2023-11-12 17:55:55,010 [WARN] ConditionMgr:1039 - genDependencies : Invalid condition id : UX DEVICE CLASS RTOS Condition cause : null
2023-11-12 17:55:55,011 [WARN] ConditionMgr:1039 - genDependencies : Invalid condition id : UX DEVICE CLASS RTOS Condition cause : null
2023-11-12 17:55:55,011 [WARN] ConditionMgr:1039 - genDependencies : Invalid condition id : UX DEVICE CLASS RTOS Condition cause : null
2023-11-12 17:55:55,012 [WARN] ConditionMgr:1039 - genDependencies : Invalid condition id : UX DEVICE CLASS RTOS Condition cause : null
2023-11-12 17:55:55,031 [WARN] PackLoader:240 - Cannot read IP mode file for STMicroelectronics.X-CUBE-SUBG2.5.0.0
2023-11-12 17:55:55,061 [WARN] PackLoader:240 - Cannot read IP mode file for STMicroelectronics.X-CUBE-TOF1.3.3.1
2023-11-12 17:55:55,157 [WARN] PackLoader:240 - Cannot read IP mode file for STMicroelectronics.X-CUBE-AZRTOS-G4.2.0.0
2023-11-12 17:55:55,185 [WARN] PackLoader:240 - Cannot read IP mode file for Infineon.AIROC-Wi-Fi-Bluetooth-STM32.1.5.1
2023-11-12 17:55:55,199 [WARN] PackLoader:240 - Cannot read IP mode file for STMicroelectronics.FP-SNS-MOTENVWB1.1.3.0
2023-11-12 17:55:55,303 [WARN] PackLoader:240 - Cannot read IP mode file for STMicroelectronics.X-CUBE-MEMS1.10.0.0
2023-11-12 17:55:55,907 [WARN] PackLoader:240 - Cannot read IP mode file for STMicroelectronics.X-CUBE-FREERTOS.1.1.0
2023-11-12 17:55:55,918 [WARN] PackLoader:240 - Cannot read IP mode file for portGmbH.I-Cube-SoM-uGOAL.1.1.0
2023-11-12 17:55:55,923 [WARN] PackLoader:240 - Cannot read IP mode file for STMicroelectronics.X-CUBE-ALS.1.0.1
2023-11-12 17:55:55,929 [WARN] PackLoader:240 - Cannot read IP mode file for STMicroelectronics.FP-ATR-ASTRA1.2.0.0
2023-11-12 17:55:55,930 [INFO] ThirdParty:978 - Integrity check success = true
2023-11-12 17:55:55,930 [INFO] IntegrityCheckThread:100 - exiting critical section [integrity check]
2023-11-12 17:55:55,931 [INFO] IntegrityCheckThread:103 - End integrity checks thread
2023-11-12 17:56:15,941 [ERROR] LogOutputStream:75 - [STDERR_REDIRECT] SLF4J: Failed to load class "org.slf4j.impl.StaticLoggerBinder".
2023-11-12 17:56:15,942 [ERROR] LogOutputStream:75 - [STDERR_REDIRECT] SLF4J: Defaulting to no-operation (NOP) logger implementation
2023-11-12 17:56:15,943 [ERROR] LogOutputStream:75 - [STDERR_REDIRECT] SLF4J: See http://www.slf4j.org/codes.html#StaticLoggerBinder for further details.
2023-11-12 17:56:22,781 [ERROR] LogOutputStream:75 - [STDERR_REDIRECT] 
2023-11-12 18:02:27,508 [INFO] Activator:176 - 


2023-11-12 18:02:27,511 [INFO] Activator:177 - !SESSION log4j initialized
2023-11-12 18:02:30,730 [INFO] LogOutputStream:77 - [STDOUT_REDIRECT] 
2023-11-12 18:02:33,428 [INFO] ApplicationProperties:184 - Using Application install path: /opt/st/stm32cubeide_1.13.2/plugins/com.st.stm32cube.common.mx_6.9.2.202309101412
2023-11-12 18:02:33,452 [INFO] DbMcusXml:78 - Set database path to: /opt/st/stm32cubeide_1.13.2/plugins/com.st.stm32cube.common.mx_6.9.2.202309101412//db//mcu/
2023-11-12 18:02:33,453 [INFO] ApiDb:274 - Set plugin database path to: /opt/st/stm32cubeide_1.13.2/plugins/com.st.stm32cube.common.mx_6.9.2.202309101412//db//plugins/boardmanager/
2023-11-12 18:02:33,454 [WARN] ApiDb:259 - Overriding images path with different value:  => /opt/st/stm32cubeide_1.13.2/plugins/com.st.stm32cube.common.mx_6.9.2.202309101412//db//plugins/mcufinder/images/
2023-11-12 18:02:33,472 [INFO] ApiDb:250 - Set database path to: /home/tux/.stmcufinder/plugins/mcufinder//mcu/
2023-11-12 18:02:33,475 [INFO] DbMcusAds:125 - Set database path to: /home/tux/.stmcufinder/plugins/mcufinder//mcu/
2023-11-12 18:02:33,478 [INFO] CrossReferenceDbSqlite:203 - Set database path to: /home/tux/.stmcufinder/plugins/mcufinder//mcu/cs/
2023-11-12 18:02:33,710 [INFO] RulesReader:64 - Compatibility file has been processed (293 Rules)
2023-11-12 18:02:33,868 [INFO] DbMcusXml:78 - Set database path to: /opt/st/stm32cubeide_1.13.2/plugins/com.st.stm32cube.common.mx_6.9.2.202309101412//db//mcu/
2023-11-12 18:02:33,868 [INFO] ApiDb:274 - Set plugin database path to: /opt/st/stm32cubeide_1.13.2/plugins/com.st.stm32cube.common.mx_6.9.2.202309101412//db//plugins/boardmanager/
2023-11-12 18:02:33,869 [INFO] ApiDb:261 - Set plugin images path to: /opt/st/stm32cubeide_1.13.2/plugins/com.st.stm32cube.common.mx_6.9.2.202309101412//db//plugins/mcufinder/images/
2023-11-12 18:02:33,873 [WARN] DbFile:41 - Overriding database path with different value: /home/tux/.stmcufinder/plugins/mcufinder/ => /home/tux/.stmcufinder/plugins/mcufinder
2023-11-12 18:02:33,874 [INFO] ApiDb:250 - Set database path to: /home/tux/.stmcufinder/plugins/mcufinder//mcu/
2023-11-12 18:02:33,874 [WARN] DbFile:41 - Overriding database path with different value: /home/tux/.stmcufinder/plugins/mcufinder/ => /home/tux/.stmcufinder/plugins/mcufinder
2023-11-12 18:02:33,874 [INFO] DbMcusAds:125 - Set database path to: /home/tux/.stmcufinder/plugins/mcufinder//mcu/
2023-11-12 18:02:33,874 [WARN] DbFile:41 - Overriding database path with different value: /home/tux/.stmcufinder/plugins/mcufinder/ => /home/tux/.stmcufinder/plugins/mcufinder
2023-11-12 18:02:33,874 [WARN] DbFile:41 - Overriding database path with different value: /home/tux/.stmcufinder/plugins/mcufinder/ => /home/tux/.stmcufinder/plugins/mcufinder
2023-11-12 18:02:33,875 [INFO] CrossReferenceDbSqlite:203 - Set database path to: /home/tux/.stmcufinder/plugins/mcufinder//mcu/cs/
2023-11-12 18:02:34,018 [INFO] MainPanel:262 - HeapMemory: 268435456
2023-11-12 18:02:34,286 [INFO] DbMcusXml:78 - Set database path to: /opt/st/stm32cubeide_1.13.2/plugins/com.st.stm32cube.common.mx_6.9.2.202309101412//db//mcu/
2023-11-12 18:02:34,287 [INFO] ApiDb:274 - Set plugin database path to: /opt/st/stm32cubeide_1.13.2/plugins/com.st.stm32cube.common.mx_6.9.2.202309101412//db//plugins/boardmanager/
2023-11-12 18:02:34,287 [INFO] ApiDb:261 - Set plugin images path to: /opt/st/stm32cubeide_1.13.2/plugins/com.st.stm32cube.common.mx_6.9.2.202309101412//db//plugins/mcufinder/images/
2023-11-12 18:02:34,288 [WARN] DbFile:41 - Overriding database path with different value: /home/tux/.stmcufinder/plugins/mcufinder/ => /home/tux/.stmcufinder/plugins/mcufinder
2023-11-12 18:02:34,292 [INFO] ApiDb:250 - Set database path to: /home/tux/.stmcufinder/plugins/mcufinder//mcu/
2023-11-12 18:02:34,292 [WARN] DbFile:41 - Overriding database path with different value: /home/tux/.stmcufinder/plugins/mcufinder/ => /home/tux/.stmcufinder/plugins/mcufinder
2023-11-12 18:02:34,292 [INFO] DbMcusAds:125 - Set database path to: /home/tux/.stmcufinder/plugins/mcufinder//mcu/
2023-11-12 18:02:34,294 [WARN] DbFile:41 - Overriding database path with different value: /home/tux/.stmcufinder/plugins/mcufinder/ => /home/tux/.stmcufinder/plugins/mcufinder
2023-11-12 18:02:34,294 [WARN] DbFile:41 - Overriding database path with different value: /home/tux/.stmcufinder/plugins/mcufinder/ => /home/tux/.stmcufinder/plugins/mcufinder
2023-11-12 18:02:34,295 [INFO] CrossReferenceDbSqlite:203 - Set database path to: /home/tux/.stmcufinder/plugins/mcufinder//mcu/cs/
2023-11-12 18:02:34,350 [INFO] ApplicationProperties:184 - Using Application install path: /opt/st/stm32cubeide_1.13.2/plugins/com.st.stm32cube.common.mx_6.9.2.202309101412
2023-11-12 18:02:34,355 [INFO] PluginManage:196 - Search for loadable plugins [exclusion list=, ]
2023-11-12 18:02:34,359 [INFO] PluginManage:310 - Check plugin analytics
2023-11-12 18:02:34,643 [INFO] AnalyticsPlugin:253 - Accepted Software Licenses: 
2023-11-12 18:02:34,643 [INFO] AnalyticsPlugin:255 - Accepted CMSIS Pack Licenses: 
2023-11-12 18:02:34,644 [INFO] AnalyticsPlugin:257 - Accepted Firmware Licenses: 
2023-11-12 18:02:34,648 [INFO] PluginManage:359 - Loaded plugin analytics (category:tool,tabindex:-1)
2023-11-12 18:02:34,648 [INFO] PluginManage:310 - Check plugin cadmodel
2023-11-12 18:02:34,712 [INFO] CADModel:105 - Init CAD model plugin
2023-11-12 18:02:34,712 [INFO] PluginManage:359 - Loaded plugin cadmodel (category:power,tabindex:5)
2023-11-12 18:02:34,712 [INFO] PluginManage:310 - Check plugin clock
2023-11-12 18:02:34,729 [INFO] PluginManage:359 - Loaded plugin clock (category:base,tabindex:2)
2023-11-12 18:02:34,729 [INFO] PluginManage:310 - Check plugin ddr
2023-11-12 18:02:34,732 [INFO] PluginManage:359 - Loaded plugin ddr (category:tool,tabindex:6)
2023-11-12 18:02:34,732 [INFO] PluginManage:310 - Check plugin filemanager
2023-11-12 18:02:34,942 [INFO] PluginManage:359 - Loaded plugin filemanager (category:base,tabindex:10)
2023-11-12 18:02:34,942 [INFO] PluginManage:310 - Check plugin ipmanager
2023-11-12 18:02:34,954 [INFO] PluginManage:359 - Loaded plugin ipmanager (category:base,tabindex:5)
2023-11-12 18:02:34,955 [INFO] PluginManage:310 - Check plugin lpbam
2023-11-12 18:02:34,967 [INFO] PluginManage:359 - Loaded plugin lpbam (category:base,tabindex:0)
2023-11-12 18:02:34,967 [INFO] PluginManage:310 - Check plugin memorymap
2023-11-12 18:02:34,981 [INFO] PluginManage:359 - Loaded plugin memorymap (category:base,tabindex:4)
2023-11-12 18:02:34,981 [INFO] PluginManage:310 - Check plugin pinoutandconfiguration
2023-11-12 18:02:34,996 [INFO] PluginManage:359 - Loaded plugin pinoutandconfiguration (category:base,tabindex:1)
2023-11-12 18:02:34,997 [INFO] PluginManage:310 - Check plugin pinoutconfig
2023-11-12 18:02:35,150 [WARN] SupportedApi:132 - Cannot load RTOS API schema: s4s-elt-must-match.1: The content of 'definitions' must match (annotation?, (simpleType | complexType)?, (unique | key | keyref)*)). A problem was found starting at: attribute.
2023-11-12 18:02:35,404 [INFO] PluginManage:359 - Loaded plugin pinoutconfig (category:base,tabindex:0)
2023-11-12 18:02:35,404 [INFO] PluginManage:310 - Check plugin power
2023-11-12 18:02:35,417 [INFO] PluginManage:359 - Loaded plugin power (category:power,tabindex:4)
2023-11-12 18:02:35,418 [INFO] PluginManage:310 - Check plugin projectmanager
2023-11-12 18:02:35,440 [INFO] PluginManage:359 - Loaded plugin projectmanager (category:projectmanager,tabindex:3)
2023-11-12 18:02:35,441 [INFO] PluginManage:310 - Check plugin thirdparty
2023-11-12 18:02:35,620 [INFO] PluginManage:359 - Loaded plugin thirdparty (category:base,tabindex:-1)
2023-11-12 18:02:35,621 [INFO] PluginManage:310 - Check plugin tools
2023-11-12 18:02:35,620 [WARN] IntegrityCheckThread:84 - waiting for thirdparty lock release [integrity check]
2023-11-12 18:02:35,622 [INFO] IntegrityCheckThread:86 - entering critical section [integrity check]
2023-11-12 18:02:35,622 [INFO] ThirdPartyUpdaterWithRetryManager:70 - Updater plugin not ready yet. [1/15]
2023-11-12 18:02:35,623 [INFO] PluginManage:359 - Loaded plugin tools (category:base,tabindex:7)
2023-11-12 18:02:35,623 [INFO] PluginManage:310 - Check plugin tutovideos
2023-11-12 18:02:35,895 [INFO] PluginManage:359 - Loaded plugin tutovideos (category:base,tabindex:-1)
2023-11-12 18:02:35,896 [INFO] PluginManage:310 - Check plugin updater
2023-11-12 18:02:35,910 [INFO] PluginManage:359 - Loaded plugin updater (category:base,tabindex:12)
2023-11-12 18:02:35,910 [INFO] PluginManage:310 - Check plugin userauth
2023-11-12 18:02:35,918 [INFO] UserAuth:113 - Init User Auth plugin
2023-11-12 18:02:35,919 [INFO] PluginManage:359 - Loaded plugin userauth (category:base,tabindex:14)
2023-11-12 18:02:35,919 [INFO] PluginManage:283 - PluginManage : Loaded plugins [17]
2023-11-12 18:02:36,172 [INFO] PinOutPanel:1499 - setPackage(No Configuration,No Configuration)
2023-11-12 18:02:36,299 [INFO] CADModel:165 - CPN selected for project level
2023-11-12 18:02:36,299 [INFO] CADModel:114 - Register for checkConnection events
2023-11-12 18:02:36,309 [INFO] IPUIPlugin:80 - create IPUIPlugin
2023-11-12 18:02:36,310 [INFO] PluginManager:220 - loadIPPluginJar : add tsc
2023-11-12 18:02:36,315 [INFO] IPUIPlugin:80 - create IPUIPlugin
2023-11-12 18:02:36,316 [INFO] PluginManager:220 - loadIPPluginJar : add i2c
2023-11-12 18:02:36,318 [INFO] IPUIPlugin:80 - create IPUIPlugin
2023-11-12 18:02:36,318 [INFO] PluginManager:220 - loadIPPluginJar : add can
2023-11-12 18:02:36,324 [INFO] IPUIPlugin:80 - create IPUIPlugin
2023-11-12 18:02:36,324 [INFO] PluginManager:220 - loadIPPluginJar : add resmgrutility
2023-11-12 18:02:36,326 [INFO] IPUIPlugin:80 - create IPUIPlugin
2023-11-12 18:02:36,326 [INFO] PluginManager:220 - loadIPPluginJar : add ts
2023-11-12 18:02:36,329 [INFO] IPUIPlugin:80 - create IPUIPlugin
2023-11-12 18:02:36,329 [INFO] PluginManager:220 - loadIPPluginJar : add touchsensing
2023-11-12 18:02:36,331 [INFO] IPUIPlugin:80 - create IPUIPlugin
2023-11-12 18:02:36,331 [INFO] PluginManager:220 - loadIPPluginJar : add ltdc
2023-11-12 18:02:36,335 [INFO] IPUIPlugin:80 - create IPUIPlugin
2023-11-12 18:02:36,336 [INFO] PluginManager:220 - loadIPPluginJar : add gpio
2023-11-12 18:02:36,339 [INFO] IPUIPlugin:80 - create IPUIPlugin
2023-11-12 18:02:36,339 [INFO] PluginManager:220 - loadIPPluginJar : add aes
2023-11-12 18:02:36,342 [INFO] IPUIPlugin:80 - create IPUIPlugin
2023-11-12 18:02:36,343 [INFO] PluginManager:220 - loadIPPluginJar : add nvic
2023-11-12 18:02:36,345 [INFO] IPUIPlugin:80 - create IPUIPlugin
2023-11-12 18:02:36,345 [INFO] PluginManager:220 - loadIPPluginJar : add hash
2023-11-12 18:02:36,352 [INFO] IPUIPlugin:80 - create IPUIPlugin
2023-11-12 18:02:36,356 [INFO] PluginManager:220 - loadIPPluginJar : add plateformsettings
2023-11-12 18:02:36,357 [INFO] IPUIPlugin:80 - create IPUIPlugin
2023-11-12 18:02:36,358 [INFO] PluginManager:220 - loadIPPluginJar : add quadspi
2023-11-12 18:02:36,362 [INFO] IPUIPlugin:80 - create IPUIPlugin
2023-11-12 18:02:36,363 [INFO] PluginManager:220 - loadIPPluginJar : add gic
2023-11-12 18:02:36,368 [INFO] IPUIPlugin:80 - create IPUIPlugin
2023-11-12 18:02:36,368 [INFO] PluginManager:220 - loadIPPluginJar : add freertos
2023-11-12 18:02:36,369 [INFO] IPUIPlugin:80 - create IPUIPlugin
2023-11-12 18:02:36,370 [INFO] PluginManager:220 - loadIPPluginJar : add comp
2023-11-12 18:02:36,372 [INFO] IPUIPlugin:80 - create IPUIPlugin
2023-11-12 18:02:36,372 [INFO] PluginManager:220 - loadIPPluginJar : add ipddr
2023-11-12 18:02:36,376 [INFO] IPUIPlugin:80 - create IPUIPlugin
2023-11-12 18:02:36,376 [INFO] PluginManager:220 - loadIPPluginJar : add stm32_wpan
2023-11-12 18:02:36,379 [INFO] IPUIPlugin:80 - create IPUIPlugin
2023-11-12 18:02:36,379 [INFO] PluginManager:220 - loadIPPluginJar : add dma3
2023-11-12 18:02:36,382 [INFO] IPUIPlugin:80 - create IPUIPlugin
2023-11-12 18:02:36,382 [INFO] PluginManager:220 - loadIPPluginJar : add i3c
2023-11-12 18:02:36,384 [INFO] IPUIPlugin:80 - create IPUIPlugin
2023-11-12 18:02:36,384 [INFO] PluginManager:220 - loadIPPluginJar : add tracer_emb
2023-11-12 18:02:36,388 [INFO] IPUIPlugin:80 - create IPUIPlugin
2023-11-12 18:02:36,388 [INFO] PluginManager:220 - loadIPPluginJar : add fmc
2023-11-12 18:02:36,390 [INFO] IPUIPlugin:80 - create IPUIPlugin
2023-11-12 18:02:36,390 [INFO] PluginManager:220 - loadIPPluginJar : add dfsdm
2023-11-12 18:02:36,395 [INFO] IPUIPlugin:80 - create IPUIPlugin
2023-11-12 18:02:36,395 [INFO] PluginManager:220 - loadIPPluginJar : add dma
2023-11-12 18:02:36,396 [INFO] IPUIPlugin:80 - create IPUIPlugin
2023-11-12 18:02:36,396 [INFO] PluginManager:220 - loadIPPluginJar : add fatfs
2023-11-12 18:02:36,399 [INFO] IPUIPlugin:80 - create IPUIPlugin
2023-11-12 18:02:36,399 [INFO] PluginManager:220 - loadIPPluginJar : add sai
2023-11-12 18:02:36,405 [INFO] IPUIPlugin:80 - create IPUIPlugin
2023-11-12 18:02:36,405 [INFO] PluginManager:220 - loadIPPluginJar : add linkedlist
2023-11-12 18:02:36,407 [INFO] IPUIPlugin:80 - create IPUIPlugin
2023-11-12 18:02:36,407 [INFO] PluginManager:220 - loadIPPluginJar : add spi
2023-11-12 18:02:36,409 [INFO] IPUIPlugin:80 - create IPUIPlugin
2023-11-12 18:02:36,409 [INFO] PluginManager:220 - loadIPPluginJar : add i2s
2023-11-12 18:02:36,414 [INFO] IPUIPlugin:80 - create IPUIPlugin
2023-11-12 18:02:36,414 [INFO] PluginManager:220 - loadIPPluginJar : add mdma
2023-11-12 18:02:36,416 [INFO] IPUIPlugin:80 - create IPUIPlugin
2023-11-12 18:02:36,416 [INFO] PluginManager:220 - loadIPPluginJar : add tim
2023-11-12 18:02:36,417 [INFO] IPUIPlugin:80 - create IPUIPlugin
2023-11-12 18:02:36,418 [INFO] PluginManager:220 - loadIPPluginJar : add cryp
2023-11-12 18:02:36,420 [INFO] IPUIPlugin:80 - create IPUIPlugin
2023-11-12 18:02:36,420 [INFO] PluginManager:220 - loadIPPluginJar : add opamp
2023-11-12 18:02:36,421 [INFO] IPUIPlugin:80 - create IPUIPlugin
2023-11-12 18:02:36,421 [INFO] PluginManager:220 - loadIPPluginJar : add ucpd
2023-11-12 18:02:36,426 [INFO] IPUIPlugin:80 - create IPUIPlugin
2023-11-12 18:02:36,426 [INFO] PluginManager:220 - loadIPPluginJar : add adc
2023-11-12 18:02:36,427 [INFO] IPUIPlugin:80 - create IPUIPlugin
2023-11-12 18:02:36,428 [INFO] PluginManager:220 - loadIPPluginJar : add gfxmmu
2023-11-12 18:02:36,430 [INFO] IPUIPlugin:80 - create IPUIPlugin
2023-11-12 18:02:36,430 [INFO] PluginManager:220 - loadIPPluginJar : add usbx
2023-11-12 18:02:36,432 [INFO] IPUIPlugin:80 - create IPUIPlugin
2023-11-12 18:02:36,432 [INFO] PluginManager:220 - loadIPPluginJar : add gtzc
2023-11-12 18:02:36,433 [INFO] IPUIPlugin:80 - create IPUIPlugin
2023-11-12 18:02:36,433 [INFO] PluginManager:220 - loadIPPluginJar : add genericplugin
2023-11-12 18:02:36,435 [INFO] IPUIPlugin:80 - create IPUIPlugin
2023-11-12 18:02:36,435 [INFO] PluginManager:220 - loadIPPluginJar : add usart
2023-11-12 18:02:36,437 [INFO] IPUIPlugin:80 - create IPUIPlugin
2023-11-12 18:02:36,437 [INFO] PluginManager:220 - loadIPPluginJar : add openamp
2023-11-12 18:02:36,439 [INFO] IPUIPlugin:80 - create IPUIPlugin
2023-11-12 18:02:36,439 [INFO] PluginManager:220 - loadIPPluginJar : add lorawan
2023-11-12 18:02:36,441 [INFO] IPUIPlugin:80 - create IPUIPlugin
2023-11-12 18:02:36,441 [INFO] PluginManager:220 - loadIPPluginJar : add pdm2pcm
2023-11-12 18:02:36,558 [INFO] CADModel:165 - CPN selected for project level
2023-11-12 18:02:36,558 [INFO] CADModel:114 - Register for checkConnection events
2023-11-12 18:02:36,558 [FATAL] Updater:308 - Updater called before beeing initialized
2023-11-12 18:02:36,558 [ERROR] CADModel:125 - Updater not yet initialized, retry later 
2023-11-12 18:02:36,719 [INFO] CADModel:165 - CPN selected for project level
2023-11-12 18:02:36,719 [INFO] CADModel:114 - Register for checkConnection events
2023-11-12 18:02:36,719 [FATAL] Updater:308 - Updater called before beeing initialized
2023-11-12 18:02:36,719 [ERROR] CADModel:125 - Updater not yet initialized, retry later 
2023-11-12 18:02:36,723 [FATAL] Updater:308 - Updater called before beeing initialized
2023-11-12 18:02:36,846 [FATAL] Updater:308 - Updater called before beeing initialized
2023-11-12 18:02:36,855 [INFO] DbMcusAds:53 - JSON generation date=Tue Mar 07 14:20:55 IST 2023 (1678179055114)
2023-11-12 18:02:36,856 [FATAL] Updater:308 - Updater called before beeing initialized
2023-11-12 18:02:36,907 [WARN] DetailPanel:346 - Failed to get advertising image, set to default
2023-11-12 18:02:37,019 [FATAL] Updater:308 - Updater called before beeing initialized
2023-11-12 18:02:37,021 [FATAL] Updater:308 - Updater called before beeing initialized
2023-11-12 18:02:37,022 [FATAL] Updater:308 - Updater called before beeing initialized
2023-11-12 18:02:37,022 [WARN] DetailPanel:346 - Failed to get advertising image, set to default
2023-11-12 18:02:37,023 [FATAL] Updater:308 - Updater called before beeing initialized
2023-11-12 18:02:37,065 [ERROR] Updater:1120 - MainUpdater not yet initialized. External WinMGr cannot be set.
2023-11-12 18:02:37,068 [INFO] Updater:1056 - Updater Version found : 6.9.2
2023-11-12 18:02:37,093 [INFO] ApplicationProperties:184 - Using Application install path: /opt/st/stm32cubeide_1.13.2/plugins/com.st.stm32cube.common.mx_6.9.2.202309101412
2023-11-12 18:02:37,241 [INFO] MainUpdater:2868 - connection check result : 10
2023-11-12 18:02:37,242 [INFO] MainUpdater:285 - Updater Check For Update Now.
2023-11-12 18:02:37,243 [INFO] MicroXplorer:498 - Change Database Version : DB.6.0.92
2023-11-12 18:02:37,250 [INFO] McuFinderGlobals:63 - Set McuFinder mode to 2 (CubeIDE integrated)
2023-11-12 18:02:37,254 [INFO] UserAuth:179 - activating auth plugin
2023-11-12 18:02:37,258 [INFO] UserAuth:393 - Internet connection configuration mode: 1
2023-11-12 18:02:37,278 [INFO] JxBrowserEngine:151 - Initiate JxBrowser Engine with user profile folder
2023-11-12 18:02:37,550 [INFO] CheckServerUpdateThread:120 - End of CheckServer Thread
2023-11-12 18:02:38,120 [INFO] WebApp:157 - Instantiating new browser for Auth
2023-11-12 18:02:38,803 [INFO] WebApp:753 - Register for checkConnection events
2023-11-12 18:02:38,803 [INFO] WebApp:390 - Apply proxy settings
2023-11-12 18:02:38,803 [INFO] WebApp:475 - Chromium requires no authentication
2023-11-12 18:02:38,815 [INFO] WebApp:418 - Direct internet connection detected
2023-11-12 18:02:38,854 [WARN] PackLoader:240 - Cannot read IP mode file for STMicroelectronics.X-CUBE-SMBUS.2.1.0
2023-11-12 18:02:38,950 [WARN] PackLoader:240 - Cannot read IP mode file for STMicroelectronics.X-CUBE-AZRTOS-F7.1.1.0
2023-11-12 18:02:38,976 [WARN] PackLoader:240 - Cannot read IP mode file for STMicroelectronics.FP-SNS-MOTENV1.4.3.2
2023-11-12 18:02:38,993 [WARN] PackLoader:240 - Cannot read IP mode file for STMicroelectronics.FP-SNS-FLIGHT1.5.0.2
2023-11-12 18:02:39,024 [WARN] PackLoader:240 - Cannot read IP mode file for STMicroelectronics.X-CUBE-DISPLAY.3.0.0
2023-11-12 18:02:39,055 [WARN] PackLoader:240 - Cannot read IP mode file for STMicroelectronics.X-CUBE-BLE1.7.0.0
2023-11-12 18:02:39,064 [WARN] PackLoader:240 - Cannot read IP mode file for emotas.I-CUBE-CANOPEN.1.3.0
2023-11-12 18:02:39,069 [WARN] PackLoader:240 - Cannot read IP mode file for STMicroelectronics.X-CUBE-TOUCHGFX.4.22.1
2023-11-12 18:02:39,077 [WARN] PackLoader:240 - Cannot read IP mode file for STMicroelectronics.FP-SNS-SMARTAG2.1.2.0
2023-11-12 18:02:39,100 [INFO] LogOutputStream:77 - [STDOUT_REDIRECT] 1 : Invalid condition id : UX_CORESTACK_Condition cause : null
2023-11-12 18:02:39,101 [INFO] LogOutputStream:77 - [STDOUT_REDIRECT] 1 : Invalid condition id : UX_CORESTACK_Condition cause : null
2023-11-12 18:02:39,101 [INFO] LogOutputStream:77 - [STDOUT_REDIRECT] 1 : Invalid condition id : UX_CORESTACK_Condition cause : null
2023-11-12 18:02:39,101 [INFO] LogOutputStream:77 - [STDOUT_REDIRECT] 1 : Invalid condition id : UX_CORESTACK_Condition cause : null
2023-11-12 18:02:39,102 [INFO] LogOutputStream:77 - [STDOUT_REDIRECT] 1 : Invalid condition id : UX_CORESTACK_Condition cause : null
2023-11-12 18:02:39,112 [WARN] PackLoader:240 - Cannot read IP mode file for STMicroelectronics.X-CUBE-AZRTOS-WL.2.0.0
2023-11-12 18:02:39,122 [INFO] WebApp:188 - Starting web application
2023-11-12 18:02:39,122 [INFO] WebApp:520 - Web application path used /opt/st/stm32cubeide_1.13.2/plugins/com.st.stm32cube.common.mx_6.9.2.202309101412/db/plugins/mcufinder/reactClient1/index.html
2023-11-12 18:02:39,127 [WARN] PackLoader:240 - Cannot read IP mode file for WES.I-CUBE-Cesium.1.3.0
2023-11-12 18:02:39,135 [WARN] PackLoader:240 - Cannot read IP mode file for STMicroelectronics.X-CUBE-BLE2.3.3.0
2023-11-12 18:02:39,167 [WARN] PackLoader:240 - Cannot read IP mode file for STMicroelectronics.X-CUBE-ALGOBUILD.1.3.0
2023-11-12 18:02:39,205 [WARN] PackLoader:240 - Cannot read IP mode file for STMicroelectronics.X-CUBE-AZRTOS-G0.1.1.0
2023-11-12 18:02:39,220 [WARN] PackLoader:240 - Cannot read IP mode file for STMicroelectronics.X-CUBE-NFC4.3.0.0
2023-11-12 18:02:39,238 [WARN] PackLoader:240 - Cannot read IP mode file for STMicroelectronics.X-CUBE-BLEMGR.3.0.0
2023-11-12 18:02:39,251 [WARN] PackLoader:240 - Cannot read IP mode file for STMicroelectronics.FP-ATR-SIGFOX1.3.2.0
2023-11-12 18:02:39,264 [WARN] PackLoader:240 - Cannot read IP mode file for STMicroelectronics.X-CUBE-GNSS1.6.0.0
2023-11-12 18:02:39,326 [WARN] PackLoader:240 - Cannot read IP mode file for STMicroelectronics.X-CUBE-AZRTOS-F4.1.1.0
2023-11-12 18:02:39,354 [WARN] PackLoader:240 - Cannot read IP mode file for wolfSSL.I-CUBE-wolfSSL.5.6.3
2023-11-12 18:02:39,394 [WARN] PackLoader:240 - Cannot read IP mode file for STMicroelectronics.X-CUBE-AZRTOS-L5.2.0.0
2023-11-12 18:02:39,421 [WARN] PackLoader:240 - Cannot read IP mode file for STMicroelectronics.X-CUBE-EEPRMA1.4.2.0
2023-11-12 18:02:39,443 [WARN] PackLoader:240 - Cannot read IP mode file for ITTIA_DB.I-CUBE-ITTIADB.8.8.0
2023-11-12 18:02:39,490 [WARN] PackLoader:240 - Cannot read IP mode file for STMicroelectronics.X-CUBE-BLEMGR.2.0.0
2023-11-12 18:02:39,555 [WARN] ConditionMgr:438 - getConditionDescription Invalid condition id : UX DEVICE CLASS RTOS Condition cause : null
2023-11-12 18:02:39,555 [WARN] ConditionMgr:438 - getConditionDescription Invalid condition id : UX DEVICE CLASS RTOS Condition cause : null
2023-11-12 18:02:39,571 [WARN] PackLoader:240 - Cannot read IP mode file for STMicroelectronics.X-CUBE-AZRTOS-H7.3.1.0
2023-11-12 18:02:39,572 [WARN] ConditionMgr:1039 - genDependencies : Invalid condition id : UX DEVICE CLASS RTOS Condition cause : null
2023-11-12 18:02:39,573 [WARN] ConditionMgr:1039 - genDependencies : Invalid condition id : UX DEVICE CLASS RTOS Condition cause : null
2023-11-12 18:02:39,574 [WARN] ConditionMgr:1039 - genDependencies : Invalid condition id : UX DEVICE CLASS RTOS Condition cause : null
2023-11-12 18:02:39,574 [WARN] ConditionMgr:1039 - genDependencies : Invalid condition id : UX DEVICE CLASS RTOS Condition cause : null
2023-11-12 18:02:39,575 [WARN] ConditionMgr:1039 - genDependencies : Invalid condition id : UX DEVICE CLASS RTOS Condition cause : null
2023-11-12 18:02:39,591 [WARN] PackLoader:240 - Cannot read IP mode file for STMicroelectronics.X-CUBE-NFC7.1.0.1
2023-11-12 18:02:39,613 [WARN] PackLoader:240 - Cannot read IP mode file for STMicroelectronics.X-CUBE-NFC6.3.0.0
2023-11-12 18:02:39,658 [WARN] PackLoader:240 - Cannot read IP mode file for STMicroelectronics.X-CUBE-AI.8.1.0
2023-11-12 18:02:39,695 [WARN] ConditionMgr:438 - getConditionDescription Invalid condition id : LAN8742 Phy interface Condition cause : null
2023-11-12 18:02:39,696 [WARN] PackLoader:240 - Cannot read IP mode file for STMicroelectronics.X-CUBE-AZRTOS-L4.2.0.0
2023-11-12 18:02:39,700 [WARN] ConditionMgr:1039 - genDependencies : Invalid condition id : LAN8742 Phy interface Condition cause : null
2023-11-12 18:02:39,701 [WARN] ConditionMgr:1039 - genDependencies : Invalid condition id : LAN8742 Phy interface Condition cause : null
2023-11-12 18:02:39,706 [WARN] ConditionMgr:1039 - genDependencies : Invalid condition id : LAN8742 Phy interface Condition cause : null
2023-11-12 18:02:39,720 [WARN] PackLoader:240 - Cannot read IP mode file for STMicroelectronics.X-CUBE-SFXS2LP1.4.0.0
2023-11-12 18:02:39,729 [WARN] PackLoader:240 - Cannot read IP mode file for STMicroelectronics.X-CUBE-ISPU.1.1.0
2023-11-12 18:02:39,776 [WARN] ConditionMgr:438 - getConditionDescription Invalid condition id : UX DEVICE CLASS RTOS Condition cause : null
2023-11-12 18:02:39,776 [WARN] ConditionMgr:438 - getConditionDescription Invalid condition id : UX DEVICE CLASS RTOS Condition cause : null
2023-11-12 18:02:39,779 [WARN] PackLoader:240 - Cannot read IP mode file for STMicroelectronics.X-CUBE-AZRTOS-WB.2.0.0
2023-11-12 18:02:39,781 [WARN] ConditionMgr:1039 - genDependencies : Invalid condition id : UX DEVICE CLASS RTOS Condition cause : null
2023-11-12 18:02:39,781 [WARN] ConditionMgr:1039 - genDependencies : Invalid condition id : UX DEVICE CLASS RTOS Condition cause : null
2023-11-12 18:02:39,782 [WARN] ConditionMgr:1039 - genDependencies : Invalid condition id : UX DEVICE CLASS RTOS Condition cause : null
2023-11-12 18:02:39,793 [WARN] ConditionMgr:1039 - genDependencies : Invalid condition id : UX DEVICE CLASS RTOS Condition cause : null
2023-11-12 18:02:39,793 [WARN] ConditionMgr:1039 - genDependencies : Invalid condition id : UX DEVICE CLASS RTOS Condition cause : null
2023-11-12 18:02:39,839 [WARN] PackLoader:240 - Cannot read IP mode file for STMicroelectronics.X-CUBE-SUBG2.5.0.0
2023-11-12 18:02:39,876 [WARN] PackLoader:240 - Cannot read IP mode file for STMicroelectronics.X-CUBE-TOF1.3.3.1
2023-11-12 18:02:39,916 [WARN] PackLoader:240 - Cannot read IP mode file for STMicroelectronics.X-CUBE-AZRTOS-G4.2.0.0
2023-11-12 18:02:39,930 [WARN] PackLoader:240 - Cannot read IP mode file for Infineon.AIROC-Wi-Fi-Bluetooth-STM32.1.5.1
2023-11-12 18:02:39,938 [WARN] PackLoader:240 - Cannot read IP mode file for STMicroelectronics.FP-SNS-MOTENVWB1.1.3.0
2023-11-12 18:02:40,013 [WARN] PackLoader:240 - Cannot read IP mode file for STMicroelectronics.X-CUBE-MEMS1.10.0.0
2023-11-12 18:02:40,248 [WARN] PackLoader:240 - Cannot read IP mode file for STMicroelectronics.X-CUBE-FREERTOS.1.1.0
2023-11-12 18:02:40,254 [WARN] PackLoader:240 - Cannot read IP mode file for portGmbH.I-Cube-SoM-uGOAL.1.1.0
2023-11-12 18:02:40,259 [WARN] PackLoader:240 - Cannot read IP mode file for STMicroelectronics.X-CUBE-ALS.1.0.1
2023-11-12 18:02:40,263 [WARN] PackLoader:240 - Cannot read IP mode file for STMicroelectronics.FP-ATR-ASTRA1.2.0.0
2023-11-12 18:02:40,264 [INFO] ThirdParty:978 - Integrity check success = true
2023-11-12 18:02:40,265 [INFO] IntegrityCheckThread:100 - exiting critical section [integrity check]
2023-11-12 18:02:40,265 [INFO] IntegrityCheckThread:103 - End integrity checks thread
2023-11-12 18:02:59,994 [ERROR] LogOutputStream:75 - [STDERR_REDIRECT] SLF4J: Failed to load class "org.slf4j.impl.StaticLoggerBinder".
2023-11-12 18:02:59,995 [ERROR] LogOutputStream:75 - [STDERR_REDIRECT] SLF4J: Defaulting to no-operation (NOP) logger implementation
2023-11-12 18:02:59,995 [ERROR] LogOutputStream:75 - [STDERR_REDIRECT] SLF4J: See http://www.slf4j.org/codes.html#StaticLoggerBinder for further details.
2023-11-12 18:16:23,762 [ERROR] LogOutputStream:75 - [STDERR_REDIRECT] 
