2023-11-12 18:17:29,365 [INFO] Activator:176 - 


2023-11-12 18:17:29,367 [INFO] Activator:177 - !SESSION log4j initialized
2023-11-12 18:17:32,379 [INFO] LogOutputStream:77 - [STDOUT_REDIRECT] 
2023-11-12 18:17:36,187 [INFO] ApplicationProperties:184 - Using Application install path: /opt/st/stm32cubeide_1.13.2/plugins/com.st.stm32cube.common.mx_6.9.2.202309101412
2023-11-12 18:17:36,269 [INFO] DbMcusXml:78 - Set database path to: /opt/st/stm32cubeide_1.13.2/plugins/com.st.stm32cube.common.mx_6.9.2.202309101412//db//mcu/
2023-11-12 18:17:36,270 [INFO] ApiDb:274 - Set plugin database path to: /opt/st/stm32cubeide_1.13.2/plugins/com.st.stm32cube.common.mx_6.9.2.202309101412//db//plugins/boardmanager/
2023-11-12 18:17:36,270 [WARN] ApiDb:259 - Overriding images path with different value:  => /opt/st/stm32cubeide_1.13.2/plugins/com.st.stm32cube.common.mx_6.9.2.202309101412//db//plugins/mcufinder/images/
2023-11-12 18:17:36,320 [INFO] ApiDb:250 - Set database path to: /home/tux/.stmcufinder/plugins/mcufinder//mcu/
2023-11-12 18:17:36,326 [INFO] DbMcusAds:125 - Set database path to: /home/tux/.stmcufinder/plugins/mcufinder//mcu/
2023-11-12 18:17:36,335 [INFO] CrossReferenceDbSqlite:203 - Set database path to: /home/tux/.stmcufinder/plugins/mcufinder//mcu/cs/
2023-11-12 18:17:36,672 [INFO] RulesReader:64 - Compatibility file has been processed (293 Rules)
2023-11-12 18:17:36,758 [INFO] DbMcusXml:78 - Set database path to: /opt/st/stm32cubeide_1.13.2/plugins/com.st.stm32cube.common.mx_6.9.2.202309101412//db//mcu/
2023-11-12 18:17:36,758 [INFO] ApiDb:274 - Set plugin database path to: /opt/st/stm32cubeide_1.13.2/plugins/com.st.stm32cube.common.mx_6.9.2.202309101412//db//plugins/boardmanager/
2023-11-12 18:17:36,759 [INFO] ApiDb:261 - Set plugin images path to: /opt/st/stm32cubeide_1.13.2/plugins/com.st.stm32cube.common.mx_6.9.2.202309101412//db//plugins/mcufinder/images/
2023-11-12 18:17:36,759 [WARN] DbFile:41 - Overriding database path with different value: /home/tux/.stmcufinder/plugins/mcufinder/ => /home/tux/.stmcufinder/plugins/mcufinder
2023-11-12 18:17:36,759 [INFO] ApiDb:250 - Set database path to: /home/tux/.stmcufinder/plugins/mcufinder//mcu/
2023-11-12 18:17:36,759 [WARN] DbFile:41 - Overriding database path with different value: /home/tux/.stmcufinder/plugins/mcufinder/ => /home/tux/.stmcufinder/plugins/mcufinder
2023-11-12 18:17:36,759 [INFO] DbMcusAds:125 - Set database path to: /home/tux/.stmcufinder/plugins/mcufinder//mcu/
2023-11-12 18:17:36,760 [WARN] DbFile:41 - Overriding database path with different value: /home/tux/.stmcufinder/plugins/mcufinder/ => /home/tux/.stmcufinder/plugins/mcufinder
2023-11-12 18:17:36,760 [WARN] DbFile:41 - Overriding database path with different value: /home/tux/.stmcufinder/plugins/mcufinder/ => /home/tux/.stmcufinder/plugins/mcufinder
2023-11-12 18:17:36,760 [INFO] CrossReferenceDbSqlite:203 - Set database path to: /home/tux/.stmcufinder/plugins/mcufinder//mcu/cs/
2023-11-12 18:17:36,856 [INFO] MainPanel:262 - HeapMemory: 268435456
2023-11-12 18:17:36,978 [INFO] DbMcusXml:78 - Set database path to: /opt/st/stm32cubeide_1.13.2/plugins/com.st.stm32cube.common.mx_6.9.2.202309101412//db//mcu/
2023-11-12 18:17:36,978 [INFO] ApiDb:274 - Set plugin database path to: /opt/st/stm32cubeide_1.13.2/plugins/com.st.stm32cube.common.mx_6.9.2.202309101412//db//plugins/boardmanager/
2023-11-12 18:17:36,978 [INFO] ApiDb:261 - Set plugin images path to: /opt/st/stm32cubeide_1.13.2/plugins/com.st.stm32cube.common.mx_6.9.2.202309101412//db//plugins/mcufinder/images/
2023-11-12 18:17:36,979 [WARN] DbFile:41 - Overriding database path with different value: /home/tux/.stmcufinder/plugins/mcufinder/ => /home/tux/.stmcufinder/plugins/mcufinder
2023-11-12 18:17:36,979 [INFO] ApiDb:250 - Set database path to: /home/tux/.stmcufinder/plugins/mcufinder//mcu/
2023-11-12 18:17:36,979 [WARN] DbFile:41 - Overriding database path with different value: /home/tux/.stmcufinder/plugins/mcufinder/ => /home/tux/.stmcufinder/plugins/mcufinder
2023-11-12 18:17:36,979 [INFO] DbMcusAds:125 - Set database path to: /home/tux/.stmcufinder/plugins/mcufinder//mcu/
2023-11-12 18:17:36,979 [WARN] DbFile:41 - Overriding database path with different value: /home/tux/.stmcufinder/plugins/mcufinder/ => /home/tux/.stmcufinder/plugins/mcufinder
2023-11-12 18:17:36,979 [WARN] DbFile:41 - Overriding database path with different value: /home/tux/.stmcufinder/plugins/mcufinder/ => /home/tux/.stmcufinder/plugins/mcufinder
2023-11-12 18:17:36,980 [INFO] CrossReferenceDbSqlite:203 - Set database path to: /home/tux/.stmcufinder/plugins/mcufinder//mcu/cs/
2023-11-12 18:17:37,011 [INFO] ApplicationProperties:184 - Using Application install path: /opt/st/stm32cubeide_1.13.2/plugins/com.st.stm32cube.common.mx_6.9.2.202309101412
2023-11-12 18:17:37,016 [INFO] PluginManage:196 - Search for loadable plugins [exclusion list=, ]
2023-11-12 18:17:37,017 [INFO] PluginManage:310 - Check plugin analytics
2023-11-12 18:17:37,452 [INFO] AnalyticsPlugin:253 - Accepted Software Licenses: 
2023-11-12 18:17:37,452 [INFO] AnalyticsPlugin:255 - Accepted CMSIS Pack Licenses: 
2023-11-12 18:17:37,452 [INFO] AnalyticsPlugin:257 - Accepted Firmware Licenses: 
2023-11-12 18:17:37,457 [INFO] PluginManage:359 - Loaded plugin analytics (category:tool,tabindex:-1)
2023-11-12 18:17:37,458 [INFO] PluginManage:310 - Check plugin cadmodel
2023-11-12 18:17:37,534 [INFO] CADModel:105 - Init CAD model plugin
2023-11-12 18:17:37,535 [INFO] PluginManage:359 - Loaded plugin cadmodel (category:power,tabindex:5)
2023-11-12 18:17:37,535 [INFO] PluginManage:310 - Check plugin clock
2023-11-12 18:17:37,554 [INFO] PluginManage:359 - Loaded plugin clock (category:base,tabindex:2)
2023-11-12 18:17:37,555 [INFO] PluginManage:310 - Check plugin ddr
2023-11-12 18:17:37,558 [INFO] PluginManage:359 - Loaded plugin ddr (category:tool,tabindex:6)
2023-11-12 18:17:37,559 [INFO] PluginManage:310 - Check plugin filemanager
2023-11-12 18:17:37,885 [INFO] PluginManage:359 - Loaded plugin filemanager (category:base,tabindex:10)
2023-11-12 18:17:37,886 [INFO] PluginManage:310 - Check plugin ipmanager
2023-11-12 18:17:37,901 [INFO] PluginManage:359 - Loaded plugin ipmanager (category:base,tabindex:5)
2023-11-12 18:17:37,902 [INFO] PluginManage:310 - Check plugin lpbam
2023-11-12 18:17:37,931 [INFO] PluginManage:359 - Loaded plugin lpbam (category:base,tabindex:0)
2023-11-12 18:17:37,932 [INFO] PluginManage:310 - Check plugin memorymap
2023-11-12 18:17:37,965 [INFO] PluginManage:359 - Loaded plugin memorymap (category:base,tabindex:4)
2023-11-12 18:17:37,965 [INFO] PluginManage:310 - Check plugin pinoutandconfiguration
2023-11-12 18:17:37,987 [INFO] PluginManage:359 - Loaded plugin pinoutandconfiguration (category:base,tabindex:1)
2023-11-12 18:17:37,988 [INFO] PluginManage:310 - Check plugin pinoutconfig
2023-11-12 18:17:38,337 [WARN] SupportedApi:132 - Cannot load RTOS API schema: s4s-elt-must-match.1: The content of 'definitions' must match (annotation?, (simpleType | complexType)?, (unique | key | keyref)*)). A problem was found starting at: attribute.
2023-11-12 18:17:38,920 [INFO] PluginManage:359 - Loaded plugin pinoutconfig (category:base,tabindex:0)
2023-11-12 18:17:38,921 [INFO] PluginManage:310 - Check plugin power
2023-11-12 18:17:38,984 [INFO] PluginManage:359 - Loaded plugin power (category:power,tabindex:4)
2023-11-12 18:17:38,992 [INFO] PluginManage:310 - Check plugin projectmanager
2023-11-12 18:17:39,139 [INFO] PluginManage:359 - Loaded plugin projectmanager (category:projectmanager,tabindex:3)
2023-11-12 18:17:39,139 [INFO] PluginManage:310 - Check plugin thirdparty
2023-11-12 18:17:39,587 [INFO] PluginManage:359 - Loaded plugin thirdparty (category:base,tabindex:-1)
2023-11-12 18:17:39,588 [INFO] PluginManage:310 - Check plugin tools
2023-11-12 18:17:39,592 [INFO] PluginManage:359 - Loaded plugin tools (category:base,tabindex:7)
2023-11-12 18:17:39,592 [INFO] PluginManage:310 - Check plugin tutovideos
2023-11-12 18:17:39,603 [WARN] IntegrityCheckThread:84 - waiting for thirdparty lock release [integrity check]
2023-11-12 18:17:39,604 [INFO] IntegrityCheckThread:86 - entering critical section [integrity check]
2023-11-12 18:17:39,605 [INFO] ThirdPartyUpdaterWithRetryManager:70 - Updater plugin not ready yet. [1/15]
2023-11-12 18:17:39,900 [INFO] PluginManage:359 - Loaded plugin tutovideos (category:base,tabindex:-1)
2023-11-12 18:17:39,901 [INFO] PluginManage:310 - Check plugin updater
2023-11-12 18:17:39,916 [INFO] PluginManage:359 - Loaded plugin updater (category:base,tabindex:12)
2023-11-12 18:17:39,917 [INFO] PluginManage:310 - Check plugin userauth
2023-11-12 18:17:39,925 [INFO] UserAuth:113 - Init User Auth plugin
2023-11-12 18:17:39,926 [INFO] PluginManage:359 - Loaded plugin userauth (category:base,tabindex:14)
2023-11-12 18:17:39,927 [INFO] PluginManage:283 - PluginManage : Loaded plugins [17]
2023-11-12 18:17:40,285 [INFO] PinOutPanel:1499 - setPackage(No Configuration,No Configuration)
2023-11-12 18:17:40,466 [INFO] CADModel:165 - CPN selected for project level
2023-11-12 18:17:40,467 [INFO] CADModel:114 - Register for checkConnection events
2023-11-12 18:17:40,478 [INFO] IPUIPlugin:80 - create IPUIPlugin
2023-11-12 18:17:40,479 [INFO] PluginManager:220 - loadIPPluginJar : add tsc
2023-11-12 18:17:40,487 [INFO] IPUIPlugin:80 - create IPUIPlugin
2023-11-12 18:17:40,487 [INFO] PluginManager:220 - loadIPPluginJar : add i2c
2023-11-12 18:17:40,490 [INFO] IPUIPlugin:80 - create IPUIPlugin
2023-11-12 18:17:40,491 [INFO] PluginManager:220 - loadIPPluginJar : add can
2023-11-12 18:17:40,500 [INFO] IPUIPlugin:80 - create IPUIPlugin
2023-11-12 18:17:40,502 [INFO] PluginManager:220 - loadIPPluginJar : add resmgrutility
2023-11-12 18:17:40,505 [INFO] IPUIPlugin:80 - create IPUIPlugin
2023-11-12 18:17:40,505 [INFO] PluginManager:220 - loadIPPluginJar : add ts
2023-11-12 18:17:40,508 [INFO] IPUIPlugin:80 - create IPUIPlugin
2023-11-12 18:17:40,511 [INFO] PluginManager:220 - loadIPPluginJar : add touchsensing
2023-11-12 18:17:40,513 [INFO] IPUIPlugin:80 - create IPUIPlugin
2023-11-12 18:17:40,513 [INFO] PluginManager:220 - loadIPPluginJar : add ltdc
2023-11-12 18:17:40,520 [INFO] IPUIPlugin:80 - create IPUIPlugin
2023-11-12 18:17:40,521 [INFO] PluginManager:220 - loadIPPluginJar : add gpio
2023-11-12 18:17:40,524 [INFO] IPUIPlugin:80 - create IPUIPlugin
2023-11-12 18:17:40,524 [INFO] PluginManager:220 - loadIPPluginJar : add aes
2023-11-12 18:17:40,529 [INFO] IPUIPlugin:80 - create IPUIPlugin
2023-11-12 18:17:40,530 [INFO] PluginManager:220 - loadIPPluginJar : add nvic
2023-11-12 18:17:40,536 [INFO] IPUIPlugin:80 - create IPUIPlugin
2023-11-12 18:17:40,536 [INFO] PluginManager:220 - loadIPPluginJar : add hash
2023-11-12 18:17:40,548 [INFO] IPUIPlugin:80 - create IPUIPlugin
2023-11-12 18:17:40,556 [INFO] PluginManager:220 - loadIPPluginJar : add plateformsettings
2023-11-12 18:17:40,558 [INFO] IPUIPlugin:80 - create IPUIPlugin
2023-11-12 18:17:40,559 [INFO] PluginManager:220 - loadIPPluginJar : add quadspi
2023-11-12 18:17:40,566 [INFO] IPUIPlugin:80 - create IPUIPlugin
2023-11-12 18:17:40,567 [INFO] PluginManager:220 - loadIPPluginJar : add gic
2023-11-12 18:17:40,574 [INFO] IPUIPlugin:80 - create IPUIPlugin
2023-11-12 18:17:40,574 [INFO] PluginManager:220 - loadIPPluginJar : add freertos
2023-11-12 18:17:40,576 [INFO] IPUIPlugin:80 - create IPUIPlugin
2023-11-12 18:17:40,576 [INFO] PluginManager:220 - loadIPPluginJar : add comp
2023-11-12 18:17:40,579 [INFO] IPUIPlugin:80 - create IPUIPlugin
2023-11-12 18:17:40,579 [INFO] PluginManager:220 - loadIPPluginJar : add ipddr
2023-11-12 18:17:40,586 [INFO] IPUIPlugin:80 - create IPUIPlugin
2023-11-12 18:17:40,586 [INFO] PluginManager:220 - loadIPPluginJar : add stm32_wpan
2023-11-12 18:17:40,588 [INFO] IPUIPlugin:80 - create IPUIPlugin
2023-11-12 18:17:40,588 [INFO] PluginManager:220 - loadIPPluginJar : add dma3
2023-11-12 18:17:40,592 [INFO] IPUIPlugin:80 - create IPUIPlugin
2023-11-12 18:17:40,593 [INFO] PluginManager:220 - loadIPPluginJar : add i3c
2023-11-12 18:17:40,596 [INFO] IPUIPlugin:80 - create IPUIPlugin
2023-11-12 18:17:40,596 [INFO] PluginManager:220 - loadIPPluginJar : add tracer_emb
2023-11-12 18:17:40,601 [INFO] IPUIPlugin:80 - create IPUIPlugin
2023-11-12 18:17:40,602 [INFO] PluginManager:220 - loadIPPluginJar : add fmc
2023-11-12 18:17:40,604 [INFO] IPUIPlugin:80 - create IPUIPlugin
2023-11-12 18:17:40,604 [INFO] PluginManager:220 - loadIPPluginJar : add dfsdm
2023-11-12 18:17:40,613 [INFO] IPUIPlugin:80 - create IPUIPlugin
2023-11-12 18:17:40,614 [INFO] PluginManager:220 - loadIPPluginJar : add dma
2023-11-12 18:17:40,618 [INFO] IPUIPlugin:80 - create IPUIPlugin
2023-11-12 18:17:40,618 [INFO] PluginManager:220 - loadIPPluginJar : add fatfs
2023-11-12 18:17:40,622 [INFO] IPUIPlugin:80 - create IPUIPlugin
2023-11-12 18:17:40,622 [INFO] PluginManager:220 - loadIPPluginJar : add sai
2023-11-12 18:17:40,636 [INFO] IPUIPlugin:80 - create IPUIPlugin
2023-11-12 18:17:40,636 [INFO] PluginManager:220 - loadIPPluginJar : add linkedlist
2023-11-12 18:17:40,639 [INFO] IPUIPlugin:80 - create IPUIPlugin
2023-11-12 18:17:40,640 [INFO] PluginManager:220 - loadIPPluginJar : add spi
2023-11-12 18:17:40,643 [INFO] IPUIPlugin:80 - create IPUIPlugin
2023-11-12 18:17:40,643 [INFO] PluginManager:220 - loadIPPluginJar : add i2s
2023-11-12 18:17:40,655 [INFO] IPUIPlugin:80 - create IPUIPlugin
2023-11-12 18:17:40,655 [INFO] PluginManager:220 - loadIPPluginJar : add mdma
2023-11-12 18:17:40,657 [INFO] IPUIPlugin:80 - create IPUIPlugin
2023-11-12 18:17:40,657 [INFO] PluginManager:220 - loadIPPluginJar : add tim
2023-11-12 18:17:40,661 [INFO] IPUIPlugin:80 - create IPUIPlugin
2023-11-12 18:17:40,661 [INFO] PluginManager:220 - loadIPPluginJar : add cryp
2023-11-12 18:17:40,667 [INFO] IPUIPlugin:80 - create IPUIPlugin
2023-11-12 18:17:40,667 [INFO] PluginManager:220 - loadIPPluginJar : add opamp
2023-11-12 18:17:40,669 [INFO] IPUIPlugin:80 - create IPUIPlugin
2023-11-12 18:17:40,670 [INFO] PluginManager:220 - loadIPPluginJar : add ucpd
2023-11-12 18:17:40,676 [INFO] IPUIPlugin:80 - create IPUIPlugin
2023-11-12 18:17:40,676 [INFO] PluginManager:220 - loadIPPluginJar : add adc
2023-11-12 18:17:40,679 [INFO] IPUIPlugin:80 - create IPUIPlugin
2023-11-12 18:17:40,679 [INFO] PluginManager:220 - loadIPPluginJar : add gfxmmu
2023-11-12 18:17:40,685 [INFO] IPUIPlugin:80 - create IPUIPlugin
2023-11-12 18:17:40,686 [INFO] PluginManager:220 - loadIPPluginJar : add usbx
2023-11-12 18:17:40,699 [INFO] IPUIPlugin:80 - create IPUIPlugin
2023-11-12 18:17:40,700 [INFO] PluginManager:220 - loadIPPluginJar : add gtzc
2023-11-12 18:17:40,702 [INFO] IPUIPlugin:80 - create IPUIPlugin
2023-11-12 18:17:40,703 [INFO] PluginManager:220 - loadIPPluginJar : add genericplugin
2023-11-12 18:17:40,706 [INFO] IPUIPlugin:80 - create IPUIPlugin
2023-11-12 18:17:40,706 [INFO] PluginManager:220 - loadIPPluginJar : add usart
2023-11-12 18:17:40,711 [INFO] IPUIPlugin:80 - create IPUIPlugin
2023-11-12 18:17:40,711 [INFO] PluginManager:220 - loadIPPluginJar : add openamp
2023-11-12 18:17:40,715 [INFO] IPUIPlugin:80 - create IPUIPlugin
2023-11-12 18:17:40,716 [INFO] PluginManager:220 - loadIPPluginJar : add lorawan
2023-11-12 18:17:40,718 [INFO] IPUIPlugin:80 - create IPUIPlugin
2023-11-12 18:17:40,718 [INFO] PluginManager:220 - loadIPPluginJar : add pdm2pcm
2023-11-12 18:17:40,841 [INFO] CADModel:165 - CPN selected for project level
2023-11-12 18:17:40,841 [INFO] CADModel:114 - Register for checkConnection events
2023-11-12 18:17:40,842 [FATAL] Updater:308 - Updater called before beeing initialized
2023-11-12 18:17:40,842 [ERROR] CADModel:125 - Updater not yet initialized, retry later 
2023-11-12 18:17:41,216 [INFO] CADModel:165 - CPN selected for project level
2023-11-12 18:17:41,217 [INFO] CADModel:114 - Register for checkConnection events
2023-11-12 18:17:41,222 [FATAL] Updater:308 - Updater called before beeing initialized
2023-11-12 18:17:41,223 [ERROR] CADModel:125 - Updater not yet initialized, retry later 
2023-11-12 18:17:41,241 [FATAL] Updater:308 - Updater called before beeing initialized
2023-11-12 18:17:41,530 [FATAL] Updater:308 - Updater called before beeing initialized
2023-11-12 18:17:41,537 [INFO] DbMcusAds:53 - JSON generation date=Tue Mar 07 14:20:55 IST 2023 (1678179055114)
2023-11-12 18:17:41,538 [FATAL] Updater:308 - Updater called before beeing initialized
2023-11-12 18:17:41,595 [WARN] DetailPanel:346 - Failed to get advertising image, set to default
2023-11-12 18:17:41,798 [FATAL] Updater:308 - Updater called before beeing initialized
2023-11-12 18:17:41,802 [FATAL] Updater:308 - Updater called before beeing initialized
2023-11-12 18:17:41,802 [FATAL] Updater:308 - Updater called before beeing initialized
2023-11-12 18:17:41,803 [WARN] DetailPanel:346 - Failed to get advertising image, set to default
2023-11-12 18:17:41,807 [FATAL] Updater:308 - Updater called before beeing initialized
2023-11-12 18:17:41,955 [ERROR] Updater:1120 - MainUpdater not yet initialized. External WinMGr cannot be set.
2023-11-12 18:17:41,959 [INFO] Updater:1056 - Updater Version found : 6.9.2
2023-11-12 18:17:42,010 [INFO] ApplicationProperties:184 - Using Application install path: /opt/st/stm32cubeide_1.13.2/plugins/com.st.stm32cube.common.mx_6.9.2.202309101412
2023-11-12 18:17:42,425 [INFO] MainUpdater:2868 - connection check result : 10
2023-11-12 18:17:42,427 [INFO] MainUpdater:285 - Updater Check For Update Now.
2023-11-12 18:17:42,428 [INFO] MicroXplorer:498 - Change Database Version : DB.6.0.92
2023-11-12 18:17:42,467 [INFO] McuFinderGlobals:63 - Set McuFinder mode to 2 (CubeIDE integrated)
2023-11-12 18:17:42,468 [INFO] UserAuth:179 - activating auth plugin
2023-11-12 18:17:42,484 [INFO] UserAuth:393 - Internet connection configuration mode: 1
2023-11-12 18:17:42,524 [INFO] JxBrowserEngine:151 - Initiate JxBrowser Engine with user profile folder
2023-11-12 18:17:42,610 [WARN] MainUpdater:1189 - Updater busy. Cannot search thirdparties
2023-11-12 18:17:42,610 [INFO] ThirdPartyUpdaterWithRetryManager:96 - Updater plugin is busy. [1/15]
2023-11-12 18:17:42,906 [INFO] CheckServerUpdateThread:120 - End of CheckServer Thread
2023-11-12 18:17:44,441 [INFO] WebApp:157 - Instantiating new browser for Auth
2023-11-12 18:17:45,290 [INFO] WebApp:753 - Register for checkConnection events
2023-11-12 18:17:45,290 [INFO] WebApp:390 - Apply proxy settings
2023-11-12 18:17:45,290 [INFO] WebApp:475 - Chromium requires no authentication
2023-11-12 18:17:45,299 [INFO] WebApp:418 - Direct internet connection detected
2023-11-12 18:17:45,469 [INFO] WebApp:188 - Starting web application
2023-11-12 18:17:45,469 [INFO] WebApp:520 - Web application path used /opt/st/stm32cubeide_1.13.2/plugins/com.st.stm32cube.common.mx_6.9.2.202309101412/db/plugins/mcufinder/reactClient1/index.html
2023-11-12 18:17:45,969 [WARN] PackLoader:240 - Cannot read IP mode file for STMicroelectronics.X-CUBE-SMBUS.2.1.0
2023-11-12 18:17:46,097 [WARN] PackLoader:240 - Cannot read IP mode file for STMicroelectronics.X-CUBE-AZRTOS-F7.1.1.0
2023-11-12 18:17:46,126 [WARN] PackLoader:240 - Cannot read IP mode file for STMicroelectronics.FP-SNS-MOTENV1.4.3.2
2023-11-12 18:17:46,149 [WARN] PackLoader:240 - Cannot read IP mode file for STMicroelectronics.FP-SNS-FLIGHT1.5.0.2
2023-11-12 18:17:46,181 [WARN] PackLoader:240 - Cannot read IP mode file for STMicroelectronics.X-CUBE-DISPLAY.3.0.0
2023-11-12 18:17:46,222 [WARN] PackLoader:240 - Cannot read IP mode file for STMicroelectronics.X-CUBE-BLE1.7.0.0
2023-11-12 18:17:46,246 [WARN] PackLoader:240 - Cannot read IP mode file for emotas.I-CUBE-CANOPEN.1.3.0
2023-11-12 18:17:46,267 [WARN] PackLoader:240 - Cannot read IP mode file for STMicroelectronics.X-CUBE-TOUCHGFX.4.22.1
2023-11-12 18:17:46,278 [WARN] PackLoader:240 - Cannot read IP mode file for STMicroelectronics.FP-SNS-SMARTAG2.1.2.0
2023-11-12 18:17:46,306 [INFO] LogOutputStream:77 - [STDOUT_REDIRECT] 1 : Invalid condition id : UX_CORESTACK_Condition cause : null
2023-11-12 18:17:46,307 [INFO] LogOutputStream:77 - [STDOUT_REDIRECT] 1 : Invalid condition id : UX_CORESTACK_Condition cause : null
2023-11-12 18:17:46,308 [INFO] LogOutputStream:77 - [STDOUT_REDIRECT] 1 : Invalid condition id : UX_CORESTACK_Condition cause : null
2023-11-12 18:17:46,309 [INFO] LogOutputStream:77 - [STDOUT_REDIRECT] 1 : Invalid condition id : UX_CORESTACK_Condition cause : null
2023-11-12 18:17:46,310 [INFO] LogOutputStream:77 - [STDOUT_REDIRECT] 1 : Invalid condition id : UX_CORESTACK_Condition cause : null
2023-11-12 18:17:46,322 [WARN] PackLoader:240 - Cannot read IP mode file for STMicroelectronics.X-CUBE-AZRTOS-WL.2.0.0
2023-11-12 18:17:46,339 [WARN] PackLoader:240 - Cannot read IP mode file for WES.I-CUBE-Cesium.1.3.0
2023-11-12 18:17:46,347 [WARN] PackLoader:240 - Cannot read IP mode file for STMicroelectronics.X-CUBE-BLE2.3.3.0
2023-11-12 18:17:46,360 [WARN] PackLoader:240 - Cannot read IP mode file for STMicroelectronics.X-CUBE-ALGOBUILD.1.3.0
2023-11-12 18:17:46,421 [WARN] PackLoader:240 - Cannot read IP mode file for STMicroelectronics.X-CUBE-AZRTOS-G0.1.1.0
2023-11-12 18:17:46,438 [WARN] PackLoader:240 - Cannot read IP mode file for STMicroelectronics.X-CUBE-NFC4.3.0.0
2023-11-12 18:17:46,464 [WARN] PackLoader:240 - Cannot read IP mode file for STMicroelectronics.X-CUBE-BLEMGR.3.0.0
2023-11-12 18:17:46,480 [WARN] PackLoader:240 - Cannot read IP mode file for STMicroelectronics.FP-ATR-SIGFOX1.3.2.0
2023-11-12 18:17:46,490 [WARN] PackLoader:240 - Cannot read IP mode file for STMicroelectronics.X-CUBE-GNSS1.6.0.0
2023-11-12 18:17:46,594 [WARN] PackLoader:240 - Cannot read IP mode file for STMicroelectronics.X-CUBE-AZRTOS-F4.1.1.0
2023-11-12 18:17:46,608 [WARN] PackLoader:240 - Cannot read IP mode file for wolfSSL.I-CUBE-wolfSSL.5.6.3
2023-11-12 18:17:46,672 [WARN] PackLoader:240 - Cannot read IP mode file for STMicroelectronics.X-CUBE-AZRTOS-L5.2.0.0
2023-11-12 18:17:46,698 [WARN] PackLoader:240 - Cannot read IP mode file for STMicroelectronics.X-CUBE-EEPRMA1.4.2.0
2023-11-12 18:17:46,721 [WARN] PackLoader:240 - Cannot read IP mode file for ITTIA_DB.I-CUBE-ITTIADB.8.8.0
2023-11-12 18:17:46,737 [WARN] PackLoader:240 - Cannot read IP mode file for STMicroelectronics.X-CUBE-BLEMGR.2.0.0
2023-11-12 18:17:46,829 [WARN] ConditionMgr:438 - getConditionDescription Invalid condition id : UX DEVICE CLASS RTOS Condition cause : null
2023-11-12 18:17:46,830 [WARN] ConditionMgr:438 - getConditionDescription Invalid condition id : UX DEVICE CLASS RTOS Condition cause : null
2023-11-12 18:17:46,872 [WARN] PackLoader:240 - Cannot read IP mode file for STMicroelectronics.X-CUBE-AZRTOS-H7.3.1.0
2023-11-12 18:17:46,875 [WARN] ConditionMgr:1039 - genDependencies : Invalid condition id : UX DEVICE CLASS RTOS Condition cause : null
2023-11-12 18:17:46,876 [WARN] ConditionMgr:1039 - genDependencies : Invalid condition id : UX DEVICE CLASS RTOS Condition cause : null
2023-11-12 18:17:46,877 [WARN] ConditionMgr:1039 - genDependencies : Invalid condition id : UX DEVICE CLASS RTOS Condition cause : null
2023-11-12 18:17:46,878 [WARN] ConditionMgr:1039 - genDependencies : Invalid condition id : UX DEVICE CLASS RTOS Condition cause : null
2023-11-12 18:17:46,878 [WARN] ConditionMgr:1039 - genDependencies : Invalid condition id : UX DEVICE CLASS RTOS Condition cause : null
2023-11-12 18:17:46,891 [WARN] PackLoader:240 - Cannot read IP mode file for STMicroelectronics.X-CUBE-NFC7.1.0.1
2023-11-12 18:17:46,902 [WARN] PackLoader:240 - Cannot read IP mode file for STMicroelectronics.X-CUBE-NFC6.3.0.0
2023-11-12 18:17:46,923 [WARN] PackLoader:240 - Cannot read IP mode file for STMicroelectronics.X-CUBE-AI.8.1.0
2023-11-12 18:17:46,994 [WARN] ConditionMgr:438 - getConditionDescription Invalid condition id : LAN8742 Phy interface Condition cause : null
2023-11-12 18:17:46,996 [WARN] PackLoader:240 - Cannot read IP mode file for STMicroelectronics.X-CUBE-AZRTOS-L4.2.0.0
2023-11-12 18:17:46,998 [WARN] ConditionMgr:1039 - genDependencies : Invalid condition id : LAN8742 Phy interface Condition cause : null
2023-11-12 18:17:46,999 [WARN] ConditionMgr:1039 - genDependencies : Invalid condition id : LAN8742 Phy interface Condition cause : null
2023-11-12 18:17:47,001 [WARN] ConditionMgr:1039 - genDependencies : Invalid condition id : LAN8742 Phy interface Condition cause : null
2023-11-12 18:17:47,019 [WARN] PackLoader:240 - Cannot read IP mode file for STMicroelectronics.X-CUBE-SFXS2LP1.4.0.0
2023-11-12 18:17:47,027 [WARN] PackLoader:240 - Cannot read IP mode file for STMicroelectronics.X-CUBE-ISPU.1.1.0
2023-11-12 18:17:47,059 [WARN] ConditionMgr:438 - getConditionDescription Invalid condition id : UX DEVICE CLASS RTOS Condition cause : null
2023-11-12 18:17:47,060 [WARN] ConditionMgr:438 - getConditionDescription Invalid condition id : UX DEVICE CLASS RTOS Condition cause : null
2023-11-12 18:17:47,067 [WARN] PackLoader:240 - Cannot read IP mode file for STMicroelectronics.X-CUBE-AZRTOS-WB.2.0.0
2023-11-12 18:17:47,071 [WARN] ConditionMgr:1039 - genDependencies : Invalid condition id : UX DEVICE CLASS RTOS Condition cause : null
2023-11-12 18:17:47,071 [WARN] ConditionMgr:1039 - genDependencies : Invalid condition id : UX DEVICE CLASS RTOS Condition cause : null
2023-11-12 18:17:47,072 [WARN] ConditionMgr:1039 - genDependencies : Invalid condition id : UX DEVICE CLASS RTOS Condition cause : null
2023-11-12 18:17:47,073 [WARN] ConditionMgr:1039 - genDependencies : Invalid condition id : UX DEVICE CLASS RTOS Condition cause : null
2023-11-12 18:17:47,074 [WARN] ConditionMgr:1039 - genDependencies : Invalid condition id : UX DEVICE CLASS RTOS Condition cause : null
2023-11-12 18:17:47,108 [WARN] PackLoader:240 - Cannot read IP mode file for STMicroelectronics.X-CUBE-SUBG2.5.0.0
2023-11-12 18:17:47,134 [WARN] PackLoader:240 - Cannot read IP mode file for STMicroelectronics.X-CUBE-TOF1.3.3.1
2023-11-12 18:17:47,168 [WARN] PackLoader:240 - Cannot read IP mode file for STMicroelectronics.X-CUBE-AZRTOS-G4.2.0.0
2023-11-12 18:17:47,204 [WARN] PackLoader:240 - Cannot read IP mode file for Infineon.AIROC-Wi-Fi-Bluetooth-STM32.1.5.1
2023-11-12 18:17:47,222 [WARN] PackLoader:240 - Cannot read IP mode file for STMicroelectronics.FP-SNS-MOTENVWB1.1.3.0
2023-11-12 18:17:47,305 [WARN] PackLoader:240 - Cannot read IP mode file for STMicroelectronics.X-CUBE-MEMS1.10.0.0
2023-11-12 18:17:47,704 [WARN] PackLoader:240 - Cannot read IP mode file for STMicroelectronics.X-CUBE-FREERTOS.1.1.0
2023-11-12 18:17:47,723 [WARN] PackLoader:240 - Cannot read IP mode file for portGmbH.I-Cube-SoM-uGOAL.1.1.0
2023-11-12 18:17:47,743 [WARN] PackLoader:240 - Cannot read IP mode file for STMicroelectronics.X-CUBE-ALS.1.0.1
2023-11-12 18:17:47,756 [WARN] PackLoader:240 - Cannot read IP mode file for STMicroelectronics.FP-ATR-ASTRA1.2.0.0
2023-11-12 18:17:47,761 [INFO] ThirdParty:978 - Integrity check success = true
2023-11-12 18:17:47,761 [INFO] IntegrityCheckThread:100 - exiting critical section [integrity check]
2023-11-12 18:17:47,761 [INFO] IntegrityCheckThread:103 - End integrity checks thread
2023-11-12 22:45:14,499 [INFO] Activator:176 - 


2023-11-12 22:45:14,502 [INFO] Activator:177 - !SESSION log4j initialized
2023-11-12 22:45:22,342 [INFO] LogOutputStream:77 - [STDOUT_REDIRECT] 
2023-11-12 22:45:25,922 [INFO] ApplicationProperties:184 - Using Application install path: /opt/st/stm32cubeide_1.13.2/plugins/com.st.stm32cube.common.mx_6.9.2.202309101412
2023-11-12 22:45:25,946 [INFO] DbMcusXml:78 - Set database path to: /opt/st/stm32cubeide_1.13.2/plugins/com.st.stm32cube.common.mx_6.9.2.202309101412//db//mcu/
2023-11-12 22:45:25,947 [INFO] ApiDb:274 - Set plugin database path to: /opt/st/stm32cubeide_1.13.2/plugins/com.st.stm32cube.common.mx_6.9.2.202309101412//db//plugins/boardmanager/
2023-11-12 22:45:25,947 [WARN] ApiDb:259 - Overriding images path with different value:  => /opt/st/stm32cubeide_1.13.2/plugins/com.st.stm32cube.common.mx_6.9.2.202309101412//db//plugins/mcufinder/images/
2023-11-12 22:45:25,957 [INFO] ApiDb:250 - Set database path to: /home/tux/.stmcufinder/plugins/mcufinder//mcu/
2023-11-12 22:45:25,960 [INFO] DbMcusAds:125 - Set database path to: /home/tux/.stmcufinder/plugins/mcufinder//mcu/
2023-11-12 22:45:25,963 [INFO] CrossReferenceDbSqlite:203 - Set database path to: /home/tux/.stmcufinder/plugins/mcufinder//mcu/cs/
2023-11-12 22:45:26,178 [INFO] RulesReader:64 - Compatibility file has been processed (293 Rules)
2023-11-12 22:45:26,317 [INFO] DbMcusXml:78 - Set database path to: /opt/st/stm32cubeide_1.13.2/plugins/com.st.stm32cube.common.mx_6.9.2.202309101412//db//mcu/
2023-11-12 22:45:26,317 [INFO] ApiDb:274 - Set plugin database path to: /opt/st/stm32cubeide_1.13.2/plugins/com.st.stm32cube.common.mx_6.9.2.202309101412//db//plugins/boardmanager/
2023-11-12 22:45:26,318 [INFO] ApiDb:261 - Set plugin images path to: /opt/st/stm32cubeide_1.13.2/plugins/com.st.stm32cube.common.mx_6.9.2.202309101412//db//plugins/mcufinder/images/
2023-11-12 22:45:26,322 [WARN] DbFile:41 - Overriding database path with different value: /home/tux/.stmcufinder/plugins/mcufinder/ => /home/tux/.stmcufinder/plugins/mcufinder
2023-11-12 22:45:26,323 [INFO] ApiDb:250 - Set database path to: /home/tux/.stmcufinder/plugins/mcufinder//mcu/
2023-11-12 22:45:26,323 [WARN] DbFile:41 - Overriding database path with different value: /home/tux/.stmcufinder/plugins/mcufinder/ => /home/tux/.stmcufinder/plugins/mcufinder
2023-11-12 22:45:26,323 [INFO] DbMcusAds:125 - Set database path to: /home/tux/.stmcufinder/plugins/mcufinder//mcu/
2023-11-12 22:45:26,323 [WARN] DbFile:41 - Overriding database path with different value: /home/tux/.stmcufinder/plugins/mcufinder/ => /home/tux/.stmcufinder/plugins/mcufinder
2023-11-12 22:45:26,324 [WARN] DbFile:41 - Overriding database path with different value: /home/tux/.stmcufinder/plugins/mcufinder/ => /home/tux/.stmcufinder/plugins/mcufinder
2023-11-12 22:45:26,324 [INFO] CrossReferenceDbSqlite:203 - Set database path to: /home/tux/.stmcufinder/plugins/mcufinder//mcu/cs/
2023-11-12 22:45:26,458 [INFO] MainPanel:262 - HeapMemory: 268435456
2023-11-12 22:45:26,558 [INFO] DbMcusXml:78 - Set database path to: /opt/st/stm32cubeide_1.13.2/plugins/com.st.stm32cube.common.mx_6.9.2.202309101412//db//mcu/
2023-11-12 22:45:26,559 [INFO] ApiDb:274 - Set plugin database path to: /opt/st/stm32cubeide_1.13.2/plugins/com.st.stm32cube.common.mx_6.9.2.202309101412//db//plugins/boardmanager/
2023-11-12 22:45:26,559 [INFO] ApiDb:261 - Set plugin images path to: /opt/st/stm32cubeide_1.13.2/plugins/com.st.stm32cube.common.mx_6.9.2.202309101412//db//plugins/mcufinder/images/
2023-11-12 22:45:26,559 [WARN] DbFile:41 - Overriding database path with different value: /home/tux/.stmcufinder/plugins/mcufinder/ => /home/tux/.stmcufinder/plugins/mcufinder
2023-11-12 22:45:26,560 [INFO] ApiDb:250 - Set database path to: /home/tux/.stmcufinder/plugins/mcufinder//mcu/
2023-11-12 22:45:26,560 [WARN] DbFile:41 - Overriding database path with different value: /home/tux/.stmcufinder/plugins/mcufinder/ => /home/tux/.stmcufinder/plugins/mcufinder
2023-11-12 22:45:26,560 [INFO] DbMcusAds:125 - Set database path to: /home/tux/.stmcufinder/plugins/mcufinder//mcu/
2023-11-12 22:45:26,560 [WARN] DbFile:41 - Overriding database path with different value: /home/tux/.stmcufinder/plugins/mcufinder/ => /home/tux/.stmcufinder/plugins/mcufinder
2023-11-12 22:45:26,561 [WARN] DbFile:41 - Overriding database path with different value: /home/tux/.stmcufinder/plugins/mcufinder/ => /home/tux/.stmcufinder/plugins/mcufinder
2023-11-12 22:45:26,561 [INFO] CrossReferenceDbSqlite:203 - Set database path to: /home/tux/.stmcufinder/plugins/mcufinder//mcu/cs/
2023-11-12 22:45:26,582 [INFO] ApplicationProperties:184 - Using Application install path: /opt/st/stm32cubeide_1.13.2/plugins/com.st.stm32cube.common.mx_6.9.2.202309101412
2023-11-12 22:45:26,584 [INFO] PluginManage:196 - Search for loadable plugins [exclusion list=, ]
2023-11-12 22:45:26,585 [INFO] PluginManage:310 - Check plugin analytics
2023-11-12 22:45:26,820 [INFO] AnalyticsPlugin:253 - Accepted Software Licenses: 
2023-11-12 22:45:26,821 [INFO] AnalyticsPlugin:255 - Accepted CMSIS Pack Licenses: 
2023-11-12 22:45:26,821 [INFO] AnalyticsPlugin:257 - Accepted Firmware Licenses: 
2023-11-12 22:45:26,826 [INFO] PluginManage:359 - Loaded plugin analytics (category:tool,tabindex:-1)
2023-11-12 22:45:26,826 [INFO] PluginManage:310 - Check plugin cadmodel
2023-11-12 22:45:26,889 [INFO] CADModel:105 - Init CAD model plugin
2023-11-12 22:45:26,890 [INFO] PluginManage:359 - Loaded plugin cadmodel (category:power,tabindex:5)
2023-11-12 22:45:26,890 [INFO] PluginManage:310 - Check plugin clock
2023-11-12 22:45:26,902 [INFO] PluginManage:359 - Loaded plugin clock (category:base,tabindex:2)
2023-11-12 22:45:26,902 [INFO] PluginManage:310 - Check plugin ddr
2023-11-12 22:45:26,906 [INFO] PluginManage:359 - Loaded plugin ddr (category:tool,tabindex:6)
2023-11-12 22:45:26,907 [INFO] PluginManage:310 - Check plugin filemanager
2023-11-12 22:45:27,045 [INFO] PluginManage:359 - Loaded plugin filemanager (category:base,tabindex:10)
2023-11-12 22:45:27,045 [INFO] PluginManage:310 - Check plugin ipmanager
2023-11-12 22:45:27,053 [INFO] PluginManage:359 - Loaded plugin ipmanager (category:base,tabindex:5)
2023-11-12 22:45:27,053 [INFO] PluginManage:310 - Check plugin lpbam
2023-11-12 22:45:27,061 [INFO] PluginManage:359 - Loaded plugin lpbam (category:base,tabindex:0)
2023-11-12 22:45:27,061 [INFO] PluginManage:310 - Check plugin memorymap
2023-11-12 22:45:27,071 [INFO] PluginManage:359 - Loaded plugin memorymap (category:base,tabindex:4)
2023-11-12 22:45:27,071 [INFO] PluginManage:310 - Check plugin pinoutandconfiguration
2023-11-12 22:45:27,079 [INFO] PluginManage:359 - Loaded plugin pinoutandconfiguration (category:base,tabindex:1)
2023-11-12 22:45:27,079 [INFO] PluginManage:310 - Check plugin pinoutconfig
2023-11-12 22:45:27,186 [WARN] SupportedApi:132 - Cannot load RTOS API schema: s4s-elt-must-match.1: The content of 'definitions' must match (annotation?, (simpleType | complexType)?, (unique | key | keyref)*)). A problem was found starting at: attribute.
2023-11-12 22:45:27,475 [INFO] PluginManage:359 - Loaded plugin pinoutconfig (category:base,tabindex:0)
2023-11-12 22:45:27,476 [INFO] PluginManage:310 - Check plugin power
2023-11-12 22:45:27,494 [INFO] PluginManage:359 - Loaded plugin power (category:power,tabindex:4)
2023-11-12 22:45:27,495 [INFO] PluginManage:310 - Check plugin projectmanager
2023-11-12 22:45:27,555 [INFO] PluginManage:359 - Loaded plugin projectmanager (category:projectmanager,tabindex:3)
2023-11-12 22:45:27,557 [INFO] PluginManage:310 - Check plugin thirdparty
2023-11-12 22:45:27,851 [INFO] PluginManage:359 - Loaded plugin thirdparty (category:base,tabindex:-1)
2023-11-12 22:45:27,851 [INFO] PluginManage:310 - Check plugin tools
2023-11-12 22:45:27,851 [WARN] IntegrityCheckThread:84 - waiting for thirdparty lock release [integrity check]
2023-11-12 22:45:27,853 [INFO] IntegrityCheckThread:86 - entering critical section [integrity check]
2023-11-12 22:45:27,854 [INFO] ThirdPartyUpdaterWithRetryManager:70 - Updater plugin not ready yet. [1/15]
2023-11-12 22:45:27,856 [INFO] PluginManage:359 - Loaded plugin tools (category:base,tabindex:7)
2023-11-12 22:45:27,856 [INFO] PluginManage:310 - Check plugin tutovideos
2023-11-12 22:45:28,171 [INFO] PluginManage:359 - Loaded plugin tutovideos (category:base,tabindex:-1)
2023-11-12 22:45:28,172 [INFO] PluginManage:310 - Check plugin updater
2023-11-12 22:45:28,193 [INFO] PluginManage:359 - Loaded plugin updater (category:base,tabindex:12)
2023-11-12 22:45:28,193 [INFO] PluginManage:310 - Check plugin userauth
2023-11-12 22:45:28,201 [INFO] UserAuth:113 - Init User Auth plugin
2023-11-12 22:45:28,201 [INFO] PluginManage:359 - Loaded plugin userauth (category:base,tabindex:14)
2023-11-12 22:45:28,202 [INFO] PluginManage:283 - PluginManage : Loaded plugins [17]
2023-11-12 22:45:28,580 [INFO] PinOutPanel:1499 - setPackage(No Configuration,No Configuration)
2023-11-12 22:45:28,726 [INFO] CADModel:165 - CPN selected for project level
2023-11-12 22:45:28,726 [INFO] CADModel:114 - Register for checkConnection events
2023-11-12 22:45:28,736 [INFO] IPUIPlugin:80 - create IPUIPlugin
2023-11-12 22:45:28,737 [INFO] PluginManager:220 - loadIPPluginJar : add tsc
2023-11-12 22:45:28,743 [INFO] IPUIPlugin:80 - create IPUIPlugin
2023-11-12 22:45:28,743 [INFO] PluginManager:220 - loadIPPluginJar : add i2c
2023-11-12 22:45:28,747 [INFO] IPUIPlugin:80 - create IPUIPlugin
2023-11-12 22:45:28,747 [INFO] PluginManager:220 - loadIPPluginJar : add can
2023-11-12 22:45:28,753 [INFO] IPUIPlugin:80 - create IPUIPlugin
2023-11-12 22:45:28,753 [INFO] PluginManager:220 - loadIPPluginJar : add resmgrutility
2023-11-12 22:45:28,755 [INFO] IPUIPlugin:80 - create IPUIPlugin
2023-11-12 22:45:28,755 [INFO] PluginManager:220 - loadIPPluginJar : add ts
2023-11-12 22:45:28,758 [INFO] IPUIPlugin:80 - create IPUIPlugin
2023-11-12 22:45:28,758 [INFO] PluginManager:220 - loadIPPluginJar : add touchsensing
2023-11-12 22:45:28,759 [INFO] IPUIPlugin:80 - create IPUIPlugin
2023-11-12 22:45:28,759 [INFO] PluginManager:220 - loadIPPluginJar : add ltdc
2023-11-12 22:45:28,764 [INFO] IPUIPlugin:80 - create IPUIPlugin
2023-11-12 22:45:28,764 [INFO] PluginManager:220 - loadIPPluginJar : add gpio
2023-11-12 22:45:28,767 [INFO] IPUIPlugin:80 - create IPUIPlugin
2023-11-12 22:45:28,767 [INFO] PluginManager:220 - loadIPPluginJar : add aes
2023-11-12 22:45:28,770 [INFO] IPUIPlugin:80 - create IPUIPlugin
2023-11-12 22:45:28,770 [INFO] PluginManager:220 - loadIPPluginJar : add nvic
2023-11-12 22:45:28,771 [INFO] IPUIPlugin:80 - create IPUIPlugin
2023-11-12 22:45:28,772 [INFO] PluginManager:220 - loadIPPluginJar : add hash
2023-11-12 22:45:28,776 [INFO] IPUIPlugin:80 - create IPUIPlugin
2023-11-12 22:45:28,778 [INFO] PluginManager:220 - loadIPPluginJar : add plateformsettings
2023-11-12 22:45:28,780 [INFO] IPUIPlugin:80 - create IPUIPlugin
2023-11-12 22:45:28,780 [INFO] PluginManager:220 - loadIPPluginJar : add quadspi
2023-11-12 22:45:28,783 [INFO] IPUIPlugin:80 - create IPUIPlugin
2023-11-12 22:45:28,784 [INFO] PluginManager:220 - loadIPPluginJar : add gic
2023-11-12 22:45:28,788 [INFO] IPUIPlugin:80 - create IPUIPlugin
2023-11-12 22:45:28,789 [INFO] PluginManager:220 - loadIPPluginJar : add freertos
2023-11-12 22:45:28,790 [INFO] IPUIPlugin:80 - create IPUIPlugin
2023-11-12 22:45:28,790 [INFO] PluginManager:220 - loadIPPluginJar : add comp
2023-11-12 22:45:28,792 [INFO] IPUIPlugin:80 - create IPUIPlugin
2023-11-12 22:45:28,792 [INFO] PluginManager:220 - loadIPPluginJar : add ipddr
2023-11-12 22:45:28,796 [INFO] IPUIPlugin:80 - create IPUIPlugin
2023-11-12 22:45:28,796 [INFO] PluginManager:220 - loadIPPluginJar : add stm32_wpan
2023-11-12 22:45:28,797 [INFO] IPUIPlugin:80 - create IPUIPlugin
2023-11-12 22:45:28,798 [INFO] PluginManager:220 - loadIPPluginJar : add dma3
2023-11-12 22:45:28,799 [INFO] IPUIPlugin:80 - create IPUIPlugin
2023-11-12 22:45:28,799 [INFO] PluginManager:220 - loadIPPluginJar : add i3c
2023-11-12 22:45:28,801 [INFO] IPUIPlugin:80 - create IPUIPlugin
2023-11-12 22:45:28,801 [INFO] PluginManager:220 - loadIPPluginJar : add tracer_emb
2023-11-12 22:45:28,804 [INFO] IPUIPlugin:80 - create IPUIPlugin
2023-11-12 22:45:28,804 [INFO] PluginManager:220 - loadIPPluginJar : add fmc
2023-11-12 22:45:28,806 [INFO] IPUIPlugin:80 - create IPUIPlugin
2023-11-12 22:45:28,806 [INFO] PluginManager:220 - loadIPPluginJar : add dfsdm
2023-11-12 22:45:28,810 [INFO] IPUIPlugin:80 - create IPUIPlugin
2023-11-12 22:45:28,811 [INFO] PluginManager:220 - loadIPPluginJar : add dma
2023-11-12 22:45:28,812 [INFO] IPUIPlugin:80 - create IPUIPlugin
2023-11-12 22:45:28,812 [INFO] PluginManager:220 - loadIPPluginJar : add fatfs
2023-11-12 22:45:28,814 [INFO] IPUIPlugin:80 - create IPUIPlugin
2023-11-12 22:45:28,814 [INFO] PluginManager:220 - loadIPPluginJar : add sai
2023-11-12 22:45:28,820 [INFO] IPUIPlugin:80 - create IPUIPlugin
2023-11-12 22:45:28,820 [INFO] PluginManager:220 - loadIPPluginJar : add linkedlist
2023-11-12 22:45:28,822 [INFO] IPUIPlugin:80 - create IPUIPlugin
2023-11-12 22:45:28,822 [INFO] PluginManager:220 - loadIPPluginJar : add spi
2023-11-12 22:45:28,825 [INFO] IPUIPlugin:80 - create IPUIPlugin
2023-11-12 22:45:28,825 [INFO] PluginManager:220 - loadIPPluginJar : add i2s
2023-11-12 22:45:28,830 [INFO] IPUIPlugin:80 - create IPUIPlugin
2023-11-12 22:45:28,830 [INFO] PluginManager:220 - loadIPPluginJar : add mdma
2023-11-12 22:45:28,832 [INFO] IPUIPlugin:80 - create IPUIPlugin
2023-11-12 22:45:28,832 [INFO] PluginManager:220 - loadIPPluginJar : add tim
2023-11-12 22:45:28,834 [INFO] IPUIPlugin:80 - create IPUIPlugin
2023-11-12 22:45:28,834 [INFO] PluginManager:220 - loadIPPluginJar : add cryp
2023-11-12 22:45:28,836 [INFO] IPUIPlugin:80 - create IPUIPlugin
2023-11-12 22:45:28,837 [INFO] PluginManager:220 - loadIPPluginJar : add opamp
2023-11-12 22:45:28,838 [INFO] IPUIPlugin:80 - create IPUIPlugin
2023-11-12 22:45:28,839 [INFO] PluginManager:220 - loadIPPluginJar : add ucpd
2023-11-12 22:45:28,844 [INFO] IPUIPlugin:80 - create IPUIPlugin
2023-11-12 22:45:28,844 [INFO] PluginManager:220 - loadIPPluginJar : add adc
2023-11-12 22:45:28,846 [INFO] IPUIPlugin:80 - create IPUIPlugin
2023-11-12 22:45:28,846 [INFO] PluginManager:220 - loadIPPluginJar : add gfxmmu
2023-11-12 22:45:28,849 [INFO] IPUIPlugin:80 - create IPUIPlugin
2023-11-12 22:45:28,849 [INFO] PluginManager:220 - loadIPPluginJar : add usbx
2023-11-12 22:45:28,851 [INFO] IPUIPlugin:80 - create IPUIPlugin
2023-11-12 22:45:28,851 [INFO] PluginManager:220 - loadIPPluginJar : add gtzc
2023-11-12 22:45:28,853 [INFO] IPUIPlugin:80 - create IPUIPlugin
2023-11-12 22:45:28,853 [INFO] PluginManager:220 - loadIPPluginJar : add genericplugin
2023-11-12 22:45:28,856 [INFO] IPUIPlugin:80 - create IPUIPlugin
2023-11-12 22:45:28,856 [INFO] PluginManager:220 - loadIPPluginJar : add usart
2023-11-12 22:45:28,859 [INFO] IPUIPlugin:80 - create IPUIPlugin
2023-11-12 22:45:28,859 [INFO] PluginManager:220 - loadIPPluginJar : add openamp
2023-11-12 22:45:28,862 [INFO] IPUIPlugin:80 - create IPUIPlugin
2023-11-12 22:45:28,862 [INFO] PluginManager:220 - loadIPPluginJar : add lorawan
2023-11-12 22:45:28,864 [INFO] IPUIPlugin:80 - create IPUIPlugin
2023-11-12 22:45:28,864 [INFO] PluginManager:220 - loadIPPluginJar : add pdm2pcm
2023-11-12 22:45:28,976 [INFO] CADModel:165 - CPN selected for project level
2023-11-12 22:45:28,977 [INFO] CADModel:114 - Register for checkConnection events
2023-11-12 22:45:28,977 [FATAL] Updater:308 - Updater called before beeing initialized
2023-11-12 22:45:28,977 [ERROR] CADModel:125 - Updater not yet initialized, retry later 
2023-11-12 22:45:29,141 [INFO] CADModel:165 - CPN selected for project level
2023-11-12 22:45:29,141 [INFO] CADModel:114 - Register for checkConnection events
2023-11-12 22:45:29,141 [FATAL] Updater:308 - Updater called before beeing initialized
2023-11-12 22:45:29,141 [ERROR] CADModel:125 - Updater not yet initialized, retry later 
2023-11-12 22:45:29,144 [FATAL] Updater:308 - Updater called before beeing initialized
2023-11-12 22:45:29,257 [FATAL] Updater:308 - Updater called before beeing initialized
2023-11-12 22:45:29,264 [INFO] DbMcusAds:53 - JSON generation date=Tue Mar 07 14:20:55 IST 2023 (1678179055114)
2023-11-12 22:45:29,264 [FATAL] Updater:308 - Updater called before beeing initialized
2023-11-12 22:45:29,340 [WARN] DetailPanel:346 - Failed to get advertising image, set to default
2023-11-12 22:45:29,441 [FATAL] Updater:308 - Updater called before beeing initialized
2023-11-12 22:45:29,442 [FATAL] Updater:308 - Updater called before beeing initialized
2023-11-12 22:45:29,442 [FATAL] Updater:308 - Updater called before beeing initialized
2023-11-12 22:45:29,442 [WARN] DetailPanel:346 - Failed to get advertising image, set to default
2023-11-12 22:45:29,443 [FATAL] Updater:308 - Updater called before beeing initialized
2023-11-12 22:45:29,483 [ERROR] Updater:1120 - MainUpdater not yet initialized. External WinMGr cannot be set.
2023-11-12 22:45:29,485 [INFO] Updater:1056 - Updater Version found : 6.9.2
2023-11-12 22:45:29,500 [INFO] ApplicationProperties:184 - Using Application install path: /opt/st/stm32cubeide_1.13.2/plugins/com.st.stm32cube.common.mx_6.9.2.202309101412
2023-11-12 22:45:29,623 [INFO] MainUpdater:2868 - connection check result : 10
2023-11-12 22:45:29,623 [INFO] MainUpdater:285 - Updater Check For Update Now.
2023-11-12 22:45:29,624 [INFO] MicroXplorer:498 - Change Database Version : DB.6.0.92
2023-11-12 22:45:29,629 [INFO] McuFinderGlobals:63 - Set McuFinder mode to 2 (CubeIDE integrated)
2023-11-12 22:45:29,629 [INFO] UserAuth:179 - activating auth plugin
2023-11-12 22:45:29,633 [INFO] UserAuth:393 - Internet connection configuration mode: 1
2023-11-12 22:45:29,646 [INFO] JxBrowserEngine:151 - Initiate JxBrowser Engine with user profile folder
2023-11-12 22:45:29,845 [INFO] CheckServerUpdateThread:120 - End of CheckServer Thread
2023-11-12 22:45:30,446 [INFO] WebApp:157 - Instantiating new browser for Auth
2023-11-12 22:45:31,050 [WARN] PackLoader:240 - Cannot read IP mode file for STMicroelectronics.X-CUBE-SMBUS.2.1.0
2023-11-12 22:45:31,103 [WARN] PackLoader:240 - Cannot read IP mode file for STMicroelectronics.X-CUBE-AZRTOS-F7.1.1.0
2023-11-12 22:45:31,121 [WARN] PackLoader:240 - Cannot read IP mode file for STMicroelectronics.FP-SNS-MOTENV1.4.3.2
2023-11-12 22:45:31,133 [WARN] PackLoader:240 - Cannot read IP mode file for STMicroelectronics.FP-SNS-FLIGHT1.5.0.2
2023-11-12 22:45:31,149 [WARN] PackLoader:240 - Cannot read IP mode file for STMicroelectronics.X-CUBE-DISPLAY.3.0.0
2023-11-12 22:45:31,170 [WARN] PackLoader:240 - Cannot read IP mode file for STMicroelectronics.X-CUBE-BLE1.7.0.0
2023-11-12 22:45:31,178 [WARN] PackLoader:240 - Cannot read IP mode file for emotas.I-CUBE-CANOPEN.1.3.0
2023-11-12 22:45:31,191 [WARN] PackLoader:240 - Cannot read IP mode file for STMicroelectronics.X-CUBE-TOUCHGFX.4.22.1
2023-11-12 22:45:31,198 [WARN] PackLoader:240 - Cannot read IP mode file for STMicroelectronics.FP-SNS-SMARTAG2.1.2.0
2023-11-12 22:45:31,248 [INFO] LogOutputStream:77 - [STDOUT_REDIRECT] 1 : Invalid condition id : UX_CORESTACK_Condition cause : null
2023-11-12 22:45:31,249 [INFO] LogOutputStream:77 - [STDOUT_REDIRECT] 1 : Invalid condition id : UX_CORESTACK_Condition cause : null
2023-11-12 22:45:31,249 [INFO] LogOutputStream:77 - [STDOUT_REDIRECT] 1 : Invalid condition id : UX_CORESTACK_Condition cause : null
2023-11-12 22:45:31,250 [INFO] LogOutputStream:77 - [STDOUT_REDIRECT] 1 : Invalid condition id : UX_CORESTACK_Condition cause : null
2023-11-12 22:45:31,250 [INFO] LogOutputStream:77 - [STDOUT_REDIRECT] 1 : Invalid condition id : UX_CORESTACK_Condition cause : null
2023-11-12 22:45:31,259 [WARN] PackLoader:240 - Cannot read IP mode file for STMicroelectronics.X-CUBE-AZRTOS-WL.2.0.0
2023-11-12 22:45:31,268 [INFO] WebApp:753 - Register for checkConnection events
2023-11-12 22:45:31,269 [INFO] WebApp:390 - Apply proxy settings
2023-11-12 22:45:31,269 [INFO] WebApp:475 - Chromium requires no authentication
2023-11-12 22:45:31,274 [WARN] PackLoader:240 - Cannot read IP mode file for WES.I-CUBE-Cesium.1.3.0
2023-11-12 22:45:31,277 [INFO] WebApp:418 - Direct internet connection detected
2023-11-12 22:45:31,281 [WARN] PackLoader:240 - Cannot read IP mode file for STMicroelectronics.X-CUBE-BLE2.3.3.0
2023-11-12 22:45:31,294 [WARN] PackLoader:240 - Cannot read IP mode file for STMicroelectronics.X-CUBE-ALGOBUILD.1.3.0
2023-11-12 22:45:31,339 [WARN] PackLoader:240 - Cannot read IP mode file for STMicroelectronics.X-CUBE-AZRTOS-G0.1.1.0
2023-11-12 22:45:31,367 [WARN] PackLoader:240 - Cannot read IP mode file for STMicroelectronics.X-CUBE-NFC4.3.0.0
2023-11-12 22:45:31,383 [WARN] PackLoader:240 - Cannot read IP mode file for STMicroelectronics.X-CUBE-BLEMGR.3.0.0
2023-11-12 22:45:31,392 [WARN] PackLoader:240 - Cannot read IP mode file for STMicroelectronics.FP-ATR-SIGFOX1.3.2.0
2023-11-12 22:45:31,403 [WARN] PackLoader:240 - Cannot read IP mode file for STMicroelectronics.X-CUBE-GNSS1.6.0.0
2023-11-12 22:45:31,435 [WARN] PackLoader:240 - Cannot read IP mode file for STMicroelectronics.X-CUBE-AZRTOS-F4.1.1.0
2023-11-12 22:45:31,448 [WARN] PackLoader:240 - Cannot read IP mode file for wolfSSL.I-CUBE-wolfSSL.5.6.3
2023-11-12 22:45:31,488 [WARN] PackLoader:240 - Cannot read IP mode file for STMicroelectronics.X-CUBE-AZRTOS-L5.2.0.0
2023-11-12 22:45:31,499 [WARN] PackLoader:240 - Cannot read IP mode file for STMicroelectronics.X-CUBE-EEPRMA1.4.2.0
2023-11-12 22:45:31,505 [WARN] PackLoader:240 - Cannot read IP mode file for ITTIA_DB.I-CUBE-ITTIADB.8.8.0
2023-11-12 22:45:31,514 [WARN] PackLoader:240 - Cannot read IP mode file for STMicroelectronics.X-CUBE-BLEMGR.2.0.0
2023-11-12 22:45:31,543 [WARN] ConditionMgr:438 - getConditionDescription Invalid condition id : UX DEVICE CLASS RTOS Condition cause : null
2023-11-12 22:45:31,544 [WARN] ConditionMgr:438 - getConditionDescription Invalid condition id : UX DEVICE CLASS RTOS Condition cause : null
2023-11-12 22:45:31,549 [WARN] PackLoader:240 - Cannot read IP mode file for STMicroelectronics.X-CUBE-AZRTOS-H7.3.1.0
2023-11-12 22:45:31,574 [WARN] ConditionMgr:1039 - genDependencies : Invalid condition id : UX DEVICE CLASS RTOS Condition cause : null
2023-11-12 22:45:31,574 [WARN] ConditionMgr:1039 - genDependencies : Invalid condition id : UX DEVICE CLASS RTOS Condition cause : null
2023-11-12 22:45:31,575 [WARN] ConditionMgr:1039 - genDependencies : Invalid condition id : UX DEVICE CLASS RTOS Condition cause : null
2023-11-12 22:45:31,576 [WARN] ConditionMgr:1039 - genDependencies : Invalid condition id : UX DEVICE CLASS RTOS Condition cause : null
2023-11-12 22:45:31,576 [WARN] ConditionMgr:1039 - genDependencies : Invalid condition id : UX DEVICE CLASS RTOS Condition cause : null
2023-11-12 22:45:31,585 [WARN] PackLoader:240 - Cannot read IP mode file for STMicroelectronics.X-CUBE-NFC7.1.0.1
2023-11-12 22:45:31,605 [WARN] PackLoader:240 - Cannot read IP mode file for STMicroelectronics.X-CUBE-NFC6.3.0.0
2023-11-12 22:45:31,623 [WARN] PackLoader:240 - Cannot read IP mode file for STMicroelectronics.X-CUBE-AI.8.1.0
2023-11-12 22:45:31,625 [INFO] WebApp:188 - Starting web application
2023-11-12 22:45:31,625 [INFO] WebApp:520 - Web application path used /opt/st/stm32cubeide_1.13.2/plugins/com.st.stm32cube.common.mx_6.9.2.202309101412/db/plugins/mcufinder/reactClient1/index.html
2023-11-12 22:45:31,673 [WARN] ConditionMgr:438 - getConditionDescription Invalid condition id : LAN8742 Phy interface Condition cause : null
2023-11-12 22:45:31,674 [WARN] PackLoader:240 - Cannot read IP mode file for STMicroelectronics.X-CUBE-AZRTOS-L4.2.0.0
2023-11-12 22:45:31,676 [WARN] ConditionMgr:1039 - genDependencies : Invalid condition id : LAN8742 Phy interface Condition cause : null
2023-11-12 22:45:31,676 [WARN] ConditionMgr:1039 - genDependencies : Invalid condition id : LAN8742 Phy interface Condition cause : null
2023-11-12 22:45:31,677 [WARN] ConditionMgr:1039 - genDependencies : Invalid condition id : LAN8742 Phy interface Condition cause : null
2023-11-12 22:45:31,687 [WARN] PackLoader:240 - Cannot read IP mode file for STMicroelectronics.X-CUBE-SFXS2LP1.4.0.0
2023-11-12 22:45:31,698 [WARN] PackLoader:240 - Cannot read IP mode file for STMicroelectronics.X-CUBE-ISPU.1.1.0
2023-11-12 22:45:31,716 [WARN] ConditionMgr:438 - getConditionDescription Invalid condition id : UX DEVICE CLASS RTOS Condition cause : null
2023-11-12 22:45:31,717 [WARN] ConditionMgr:438 - getConditionDescription Invalid condition id : UX DEVICE CLASS RTOS Condition cause : null
2023-11-12 22:45:31,720 [WARN] PackLoader:240 - Cannot read IP mode file for STMicroelectronics.X-CUBE-AZRTOS-WB.2.0.0
2023-11-12 22:45:31,721 [WARN] ConditionMgr:1039 - genDependencies : Invalid condition id : UX DEVICE CLASS RTOS Condition cause : null
2023-11-12 22:45:31,721 [WARN] ConditionMgr:1039 - genDependencies : Invalid condition id : UX DEVICE CLASS RTOS Condition cause : null
2023-11-12 22:45:31,722 [WARN] ConditionMgr:1039 - genDependencies : Invalid condition id : UX DEVICE CLASS RTOS Condition cause : null
2023-11-12 22:45:31,722 [WARN] ConditionMgr:1039 - genDependencies : Invalid condition id : UX DEVICE CLASS RTOS Condition cause : null
2023-11-12 22:45:31,723 [WARN] ConditionMgr:1039 - genDependencies : Invalid condition id : UX DEVICE CLASS RTOS Condition cause : null
2023-11-12 22:45:31,748 [WARN] PackLoader:240 - Cannot read IP mode file for STMicroelectronics.X-CUBE-SUBG2.5.0.0
2023-11-12 22:45:31,779 [WARN] PackLoader:240 - Cannot read IP mode file for STMicroelectronics.X-CUBE-TOF1.3.3.1
2023-11-12 22:45:31,818 [WARN] PackLoader:240 - Cannot read IP mode file for STMicroelectronics.X-CUBE-AZRTOS-G4.2.0.0
2023-11-12 22:45:31,848 [WARN] PackLoader:240 - Cannot read IP mode file for Infineon.AIROC-Wi-Fi-Bluetooth-STM32.1.5.1
2023-11-12 22:45:31,858 [WARN] PackLoader:240 - Cannot read IP mode file for STMicroelectronics.FP-SNS-MOTENVWB1.1.3.0
2023-11-12 22:45:31,952 [WARN] PackLoader:240 - Cannot read IP mode file for STMicroelectronics.X-CUBE-MEMS1.10.0.0
2023-11-12 22:45:32,248 [WARN] PackLoader:240 - Cannot read IP mode file for STMicroelectronics.X-CUBE-FREERTOS.1.1.0
2023-11-12 22:45:32,256 [WARN] PackLoader:240 - Cannot read IP mode file for portGmbH.I-Cube-SoM-uGOAL.1.1.0
2023-11-12 22:45:32,282 [WARN] PackLoader:240 - Cannot read IP mode file for STMicroelectronics.X-CUBE-ALS.1.0.1
2023-11-12 22:45:32,292 [WARN] PackLoader:240 - Cannot read IP mode file for STMicroelectronics.FP-ATR-ASTRA1.2.0.0
2023-11-12 22:45:32,295 [INFO] ThirdParty:978 - Integrity check success = true
2023-11-12 22:45:32,295 [INFO] IntegrityCheckThread:100 - exiting critical section [integrity check]
2023-11-12 22:45:32,296 [INFO] IntegrityCheckThread:103 - End integrity checks thread
2023-11-12 22:45:52,286 [ERROR] LogOutputStream:75 - [STDERR_REDIRECT] SLF4J: Failed to load class "org.slf4j.impl.StaticLoggerBinder".
2023-11-12 22:45:52,288 [ERROR] LogOutputStream:75 - [STDERR_REDIRECT] SLF4J: Defaulting to no-operation (NOP) logger implementation
2023-11-12 22:45:52,289 [ERROR] LogOutputStream:75 - [STDERR_REDIRECT] SLF4J: See http://www.slf4j.org/codes.html#StaticLoggerBinder for further details.
2023-11-12 22:48:23,327 [INFO] McuFinderGlobals:63 - Set McuFinder mode to 2 (CubeIDE integrated)
2023-11-12 22:48:23,330 [INFO] MainUpdater:2868 - connection check result : 10
2023-11-12 22:48:23,331 [INFO] McuFinderGlobals:76 - Set McuFinderConnectedMode to true
2023-11-12 22:48:23,591 [INFO] ServerAccessManage:473 - Download File mcusAds.json._tmp_
2023-11-12 22:48:23,709 [INFO] LoadUrlFilesThread:156 - End of LoadUrlFiles Thread
2023-11-12 22:48:23,912 [INFO] ServerAccessManage:473 - Download File cube-finder-db.zip
2023-11-12 22:48:26,016 [INFO] FileExtend:240 - Unzip File : cube-finder-db.zip
2023-11-12 22:48:26,018 [INFO] FileExtend:255 - Standard Zip Deflate
2023-11-12 22:48:26,804 [INFO] LoadUrlFilesThread:156 - End of LoadUrlFiles Thread
2023-11-12 22:48:27,850 [INFO] ServerAccessManage:473 - Download File crdb.zip
2023-11-12 22:48:29,435 [INFO] FileExtend:240 - Unzip File : crdb.zip
2023-11-12 22:48:29,436 [INFO] FileExtend:255 - Standard Zip Deflate
2023-11-12 22:48:29,623 [INFO] LoadUrlFilesThread:156 - End of LoadUrlFiles Thread
2023-11-12 22:48:29,755 [INFO] ServerAccessManage:473 - Download File tutoVideoDB.zip
2023-11-12 22:48:29,780 [INFO] FileExtend:240 - Unzip File : tutoVideoDB.zip
2023-11-12 22:48:29,781 [INFO] FileExtend:255 - Standard Zip Deflate
2023-11-12 22:48:29,889 [INFO] LoadUrlFilesThread:156 - End of LoadUrlFiles Thread
2023-11-12 22:48:29,893 [WARN] DbFile:41 - Overriding database path with different value: /home/tux/.stmcufinder/plugins/mcufinder/ => /home/tux/.stmcufinder/plugins/mcufinder
2023-11-12 22:48:30,014 [INFO] ServerAccessManage:473 - Download File api_config.json
2023-11-12 22:48:30,124 [INFO] LoadUrlFilesThread:156 - End of LoadUrlFiles Thread
2023-11-12 22:48:30,135 [INFO] DbMcusAds:53 - JSON generation date=Tue Mar 07 14:20:55 IST 2023 (1678179055335)
2023-11-12 22:48:30,215 [INFO] LoadUrlFilesThread:185 - End of LoadServerUrlFiles without Thread
2023-11-12 22:48:30,218 [INFO] TargetSelectorAdapter:259 - Refresh data is successful
2023-11-12 22:48:30,448 [INFO] ApiDb:581 - Connected to CubeFinder SQLite database (/home/tux/.stmcufinder/plugins/mcufinder/mcu/cube-finder-db.db)
2023-11-12 22:48:30,584 [INFO] ApiDb:668 - CubeFinder database Data Model version=2.1
2023-11-12 22:48:30,584 [INFO] ApiDb:669 - CubeFinder database Configuration version=3.0.37
2023-11-12 22:48:30,585 [INFO] ApiDb:670 - CubeFinder database generation date=2023-10-13 (1697197505)
2023-11-12 22:48:30,585 [INFO] ApiDb:671 - CubeFinder database FW Pack versions=[FP-ATR-ASTRA1_V2.0.0, FP-SNS-FLIGHT1_V5.0.1, FP-SNS-FLIGHT1_V5.0.2, FP-SNS-MOTENV1_V4.3.1, FP-SNS-MOTENV1_V4.3.2, FP-SNS-SMARTAG2_V1.2.0, I-CUBE-ITTIADB_V8.6.3-1, STM32Cube_FW_C0_V1.1.0, STM32Cube_FW_F4_V1.27.1, STM32Cube_FW_F7_V1.17.0, STM32Cube_FW_G0_V1.6.1, STM32Cube_FW_G4_V1.5.1, STM32Cube_FW_H5_V0.5.1, STM32Cube_FW_H5_V1.1.1, STM32Cube_FW_H7_V1.11.0, STM32Cube_FW_L0_V1.12.2, STM32Cube_FW_L5_V1.5.0, STM32Cube_FW_U5_V1.3.0, STM32Cube_FW_U5_V1.3.0RC4, STM32Cube_FW_WBA_V1.0.0RC1, STM32Cube_FW_WBA_V1.1.0RC1, STM32Cube_FW_WBA_V1.1.1, STM32Cube_FW_WB_V1.15.0RC1, STM32Cube_FW_WB_V1.16.0, STM32Cube_FW_WB_V1.16.0RC2, STM32Cube_FW_WB_V1.17.3, STM32Cube_FW_WL_V1.3.0, X-CUBE-ALGOBUILD_V1.3.0, X-CUBE-ALS_V1.0.1, X-CUBE-AZRTOS-F4_V1.1.0, X-CUBE-AZRTOS-F7_V1.1.0, X-CUBE-AZRTOS-G0_V1.1.0, X-CUBE-AZRTOS-G4_V2.0.0, X-CUBE-AZRTOS-H7_V3.1.0, X-CUBE-AZRTOS-L4_V1.0.0, X-CUBE-AZRTOS-L4_V2.0.0, X-CUBE-AZRTOS-L5_V1.1.0, X-CUBE-AZRTOS-WB_V2.0.0, X-CUBE-AZRTOS-WL_V2.0.0, X-CUBE-BLE1_V7.0.0, X-CUBE-BLE2_V3.3.0, X-CUBE-BLEMGR_V2.0.0, X-CUBE-EEPRMA1_V4.1.0, X-CUBE-FREERTOS_V1.1.0, X-CUBE-GNSS1_V6.0.0, X-CUBE-MEMS1_V10.0.0, X-CUBE-MEMS1_V9.1.0, X-CUBE-MEMS1_V9.4.0, X-CUBE-MEMS1_V9.6.0, X-CUBE-NFC4_V3.0.0, X-CUBE-NFC7_V1.0.1, X-CUBE-SFXS2LP1_V4.0.0, X-CUBE-SUBG2_V5.0.0, X-CUBE-TOF1_V3.3.1]
2023-11-12 22:48:33,273 [INFO] ApiDb:240 - Found 323 in-development CPN: [B-G473E-ZEST1S, B-WB1M-WPAN1, B-WL5M-SUBG1, NUCLEO-C031C6, NUCLEO-H503RB, NUCLEO-H563ZI, NUCLEO-U545RE-Q, NUCLEO-U5A5ZJ-Q, NUCLEO-WBA52CG, STEVAL-PROTEUS1, STEVAL-SMARTAG2, STEVAL-STWINBX1, STM320518-EVAL, STM32C0116-DK, STM32C011D6Y3TR, STM32C011D6Y6TR, STM32C011F4P3, STM32C011F4P6, STM32C011F4U3, STM32C011F4U6TR, STM32C011F6P3, STM32C011F6P6, STM32C011F6U3, STM32C011F6U6TR, STM32C011J4M3, STM32C011J4M6, STM32C011J6M3, STM32C011J6M6, STM32C0316-DK, STM32C031C4T3, STM32C031C4T6, STM32C031C4U3, STM32C031C4U6, STM32C031C6T3, STM32C031C6T6, STM32C031C6U3, STM32C031C6U6, STM32C031F4P3, STM32C031F4P6, STM32C031F6P3, STM32C031F6P6, STM32C031G4U3, STM32C031G4U6, STM32C031G6U3, STM32C031G6U6, STM32C031K4T3, STM32C031K4T6, STM32C031K4U3, STM32C031K4U6, STM32C031K6T3, STM32C031K6T6, STM32C031K6U3, STM32C031K6U6, STM32G071K8TXN, STM32G071K8UXN, STM32G081GBU6N, STM32G081KBT6N, STM32G081KBUXN, STM32G0B1CCT6N, STM32G0B1KCT6, STM32G0B1NEY6TR, STM32G0B1RCT6N, STM32G0C1CCT6, STM32G0C1CCT6N, STM32G0C1CCU6N, STM32G0C1CET6N, STM32G0C1CEU6N, STM32G0C1KCT6, STM32G0C1NEY6TR, STM32G0C1RCI6N, STM32G0C1RCT6N, STM32G0C1REI6N, STM32G0C1RET6N, STM32G0C1VCI6, STM32G0C1VEI6, STM32G471CCT6, STM32G471CCU6, STM32G471CET3, STM32G471CET6, STM32G471CEU3, STM32G471CEU6, STM32G471MCT6, STM32G471MET3, STM32G471MET6, STM32G471MEY6TR, STM32G471QCT6, STM32G471QET3, STM32G471RCT6, STM32G471RET3, STM32G471RET6, STM32G471VCH6, STM32G471VCI6, STM32G471VCT6, STM32G471VEH3, STM32G471VEH6, STM32G471VEI3, STM32G471VEI6, STM32G471VET3, STM32G471VET6, STM32G474CCT6, STM32H503CBT6, STM32H503CBU6, STM32H503EBY6TR, STM32H503KBU6, STM32H503RBT6, STM32H562AGI6, STM32H562AII6, STM32H562IGK6, STM32H562IGT6, STM32H562IIK6, STM32H562IIT6, STM32H562RGT6, STM32H562RGV6, STM32H562RIT6, STM32H562RIV6, STM32H562VGT6, STM32H562VIT6, STM32H562ZGT6, STM32H562ZIT6, STM32H563AGI6, STM32H563AII3Q, STM32H563AII6, STM32H563IGK6, STM32H563IGT6, STM32H563IIK3Q, STM32H563IIK6, STM32H563IIT3Q, STM32H563IIT6, STM32H563MIY3QTR, STM32H563RGT6, STM32H563RGV6, STM32H563RIT6, STM32H563RIV6, STM32H563VGT6, STM32H563VIT3Q, STM32H563VIT6, STM32H563ZGT6, STM32H563ZIT3Q, STM32H563ZIT6, STM32H573AII3Q, STM32H573AII6, STM32H573I-DK, STM32H573IIK3Q, STM32H573IIK6, STM32H573IIT3Q, STM32H573IIT6, STM32H573MIY3QTR, STM32H573RIT6, STM32H573RIV6, STM32H573VIT3Q, STM32H573VIT6, STM32H573ZIT3Q, STM32H573ZIT6, STM32L4R5QGI6STR, STM32MP131AAE3, STM32MP131AAF3, STM32MP131AAG3, STM32MP131CAE3, STM32MP131CAF3, STM32MP131CAG3, STM32MP131DAE7, STM32MP131DAF7, STM32MP131DAG7, STM32MP131FAE7, STM32MP131FAF7, STM32MP131FAG7, STM32MP133AAE3, STM32MP133AAF3, STM32MP133AAG3, STM32MP133CAE3, STM32MP133CAF3, STM32MP133CAG3, STM32MP133DAE7, STM32MP133DAF7, STM32MP133DAG7, STM32MP133FAE7, STM32MP133FAF7, STM32MP133FAG7, STM32MP135AAE3, STM32MP135AAF3, STM32MP135AAG3, STM32MP135CAE3, STM32MP135CAF3, STM32MP135CAG3, STM32MP135DAE7, STM32MP135DAF7, STM32MP135DAG7, STM32MP135F-DK, STM32MP135FAE7, STM32MP135FAF7, STM32MP135FAF7T, STM32MP135FAF7U, STM32MP135FAG7, STM32U535CBT6, STM32U535CBT6Q, STM32U535CBU6, STM32U535CBU6Q, STM32U535CCT6, STM32U535CCT6Q, STM32U535CCU6, STM32U535CCU6Q, STM32U535CET6, STM32U535CET6Q, STM32U535CEU6, STM32U535CEU6Q, STM32U535JEY6QTR, STM32U535NCY6QTR, STM32U535NEY6QTR, STM32U535RBI6, STM32U535RBI6Q, STM32U535RBT6, STM32U535RBT6Q, STM32U535RCI6, STM32U535RCI6Q, STM32U535RCT6, STM32U535RCT6Q, STM32U535REI6, STM32U535REI6Q, STM32U535RET6, STM32U535RET6Q, STM32U535VCI6, STM32U535VCI6Q, STM32U535VCT6, STM32U535VCT6Q, STM32U535VEI6, STM32U535VEI6Q, STM32U535VET6, STM32U535VET6Q, STM32U545CET6, STM32U545CET6Q, STM32U545CEU6, STM32U545CEU6Q, STM32U545JEY6QTR, STM32U545NEY6QTR, STM32U545REI6, STM32U545REI6Q, STM32U545RET6, STM32U545RET6Q, STM32U545VEI6, STM32U545VEI6Q, STM32U545VET6, STM32U545VET6Q, STM32U595AIH6, STM32U595AIH6Q, STM32U595AJH6, STM32U595AJH6Q, STM32U595QII6, STM32U595QII6Q, STM32U595QJI6, STM32U595QJI6Q, STM32U595RIT6, STM32U595RIT6Q, STM32U595RJT6, STM32U595RJT6Q, STM32U595VIT6, STM32U595VIT6Q, STM32U595VJT6, STM32U595VJT6Q, STM32U595ZIT6, STM32U595ZIT6Q, STM32U595ZIY6QTR, STM32U595ZJT6, STM32U595ZJT6Q, STM32U595ZJY6QTR, STM32U599BJY6QTR, STM32U599NIH6Q, STM32U599NJH6Q, STM32U599VIT6Q, STM32U599VJT6, STM32U599VJT6Q, STM32U599ZIT6Q, STM32U599ZIY6QTR, STM32U599ZJT6Q, STM32U599ZJY6QTR, STM32U5A5AJH6, STM32U5A5AJH6Q, STM32U5A5QJI6, STM32U5A5QJI6Q, STM32U5A5RJT6, STM32U5A5RJT6Q, STM32U5A5VJT6, STM32U5A5VJT6Q, STM32U5A5ZJT6, STM32U5A5ZJT6Q, STM32U5A5ZJY6QTR, STM32U5A9BJY6QTR, STM32U5A9J-DK, STM32U5A9NJH6Q, STM32U5A9VJT6Q, STM32U5A9ZJT6Q, STM32U5A9ZJY6QTR, STM32U5F7VIT6, STM32U5F7VIT6Q, STM32U5F7VJT6, STM32U5F7VJT6Q, STM32U5F9BJY6QTR, STM32U5F9NJH6Q, STM32U5F9VIT6Q, STM32U5F9VJT6Q, STM32U5F9ZIJ6QTR, STM32U5F9ZIT6Q, STM32U5F9ZJJ6QTR, STM32U5F9ZJT6Q, STM32U5G7VJT6, STM32U5G7VJT6Q, STM32U5G9BJY6QTR, STM32U5G9J-DK1, STM32U5G9J-DK2, STM32U5G9NJH6Q, STM32U5G9VJT6Q, STM32U5G9ZJJ6QTR, STM32U5G9ZJT6Q, STM32WB1MMCH6, STM32WBA52CEU6, STM32WBA52CEU6T, STM32WBA52CGU6, STM32WBA52CGU6T, STM32WBA52KEU6, STM32WBA52KEU6T, STM32WBA52KGU6, STM32WBA52KGU6T, STM32WL5MOCH6, STM32WL5MOCH6TR]
2023-11-12 22:48:33,279 [INFO] DbMcus:217 - Found 3848 MCUs, 3848 are supported
2023-11-12 22:48:33,280 [INFO] ApiDb:423 - Load user favorites file /home/tux/.stm32cubeide/favorites.mcus.txt: 0 item(s)
2023-11-12 22:48:33,280 [INFO] ApiDb:427 - User favorites MCUs=[]
2023-11-12 22:48:33,281 [INFO] DbMcus:223 - Set 0 / 0 favorites MCUs
2023-11-12 22:48:33,595 [INFO] ApiDb:668 - CubeFinder database Data Model version=2.1
2023-11-12 22:48:33,595 [INFO] ApiDb:669 - CubeFinder database Configuration version=3.0.37
2023-11-12 22:48:33,595 [INFO] ApiDb:670 - CubeFinder database generation date=2023-10-13 (1697197505)
2023-11-12 22:48:33,595 [INFO] ApiDb:671 - CubeFinder database FW Pack versions=[FP-ATR-ASTRA1_V2.0.0, FP-SNS-FLIGHT1_V5.0.1, FP-SNS-FLIGHT1_V5.0.2, FP-SNS-MOTENV1_V4.3.1, FP-SNS-MOTENV1_V4.3.2, FP-SNS-SMARTAG2_V1.2.0, I-CUBE-ITTIADB_V8.6.3-1, STM32Cube_FW_C0_V1.1.0, STM32Cube_FW_F4_V1.27.1, STM32Cube_FW_F7_V1.17.0, STM32Cube_FW_G0_V1.6.1, STM32Cube_FW_G4_V1.5.1, STM32Cube_FW_H5_V0.5.1, STM32Cube_FW_H5_V1.1.1, STM32Cube_FW_H7_V1.11.0, STM32Cube_FW_L0_V1.12.2, STM32Cube_FW_L5_V1.5.0, STM32Cube_FW_U5_V1.3.0, STM32Cube_FW_U5_V1.3.0RC4, STM32Cube_FW_WBA_V1.0.0RC1, STM32Cube_FW_WBA_V1.1.0RC1, STM32Cube_FW_WBA_V1.1.1, STM32Cube_FW_WB_V1.15.0RC1, STM32Cube_FW_WB_V1.16.0, STM32Cube_FW_WB_V1.16.0RC2, STM32Cube_FW_WB_V1.17.3, STM32Cube_FW_WL_V1.3.0, X-CUBE-ALGOBUILD_V1.3.0, X-CUBE-ALS_V1.0.1, X-CUBE-AZRTOS-F4_V1.1.0, X-CUBE-AZRTOS-F7_V1.1.0, X-CUBE-AZRTOS-G0_V1.1.0, X-CUBE-AZRTOS-G4_V2.0.0, X-CUBE-AZRTOS-H7_V3.1.0, X-CUBE-AZRTOS-L4_V1.0.0, X-CUBE-AZRTOS-L4_V2.0.0, X-CUBE-AZRTOS-L5_V1.1.0, X-CUBE-AZRTOS-WB_V2.0.0, X-CUBE-AZRTOS-WL_V2.0.0, X-CUBE-BLE1_V7.0.0, X-CUBE-BLE2_V3.3.0, X-CUBE-BLEMGR_V2.0.0, X-CUBE-EEPRMA1_V4.1.0, X-CUBE-FREERTOS_V1.1.0, X-CUBE-GNSS1_V6.0.0, X-CUBE-MEMS1_V10.0.0, X-CUBE-MEMS1_V9.1.0, X-CUBE-MEMS1_V9.4.0, X-CUBE-MEMS1_V9.6.0, X-CUBE-NFC4_V3.0.0, X-CUBE-NFC7_V1.0.1, X-CUBE-SFXS2LP1_V4.0.0, X-CUBE-SUBG2_V5.0.0, X-CUBE-TOF1_V3.3.1]
2023-11-12 22:48:33,659 [INFO] DbBoardsSqlite:226 - include board P-NUCLEO-WB55-NUCLEO as a kit item of type 'Nucleo-64'
2023-11-12 22:48:33,659 [INFO] DbBoardsSqlite:226 - include board P-NUCLEO-WB55-USBDONGLE as a kit item of type 'Nucleo USB Dongle'
2023-11-12 22:48:33,660 [INFO] DbBoardsSqlite:226 - include board STEVAL-IDP005V1 as a kit item of type 'Evaluation Board'
2023-11-12 22:48:33,660 [INFO] DbBoardsSqlite:226 - include board STEVAL-IDP005V2 as a kit item of type 'Evaluation Board'
2023-11-12 22:48:33,705 [INFO] ApiDb:240 - Found 323 in-development CPN: [B-G473E-ZEST1S, B-WB1M-WPAN1, B-WL5M-SUBG1, NUCLEO-C031C6, NUCLEO-H503RB, NUCLEO-H563ZI, NUCLEO-U545RE-Q, NUCLEO-U5A5ZJ-Q, NUCLEO-WBA52CG, STEVAL-PROTEUS1, STEVAL-SMARTAG2, STEVAL-STWINBX1, STM320518-EVAL, STM32C0116-DK, STM32C011D6Y3TR, STM32C011D6Y6TR, STM32C011F4P3, STM32C011F4P6, STM32C011F4U3, STM32C011F4U6TR, STM32C011F6P3, STM32C011F6P6, STM32C011F6U3, STM32C011F6U6TR, STM32C011J4M3, STM32C011J4M6, STM32C011J6M3, STM32C011J6M6, STM32C0316-DK, STM32C031C4T3, STM32C031C4T6, STM32C031C4U3, STM32C031C4U6, STM32C031C6T3, STM32C031C6T6, STM32C031C6U3, STM32C031C6U6, STM32C031F4P3, STM32C031F4P6, STM32C031F6P3, STM32C031F6P6, STM32C031G4U3, STM32C031G4U6, STM32C031G6U3, STM32C031G6U6, STM32C031K4T3, STM32C031K4T6, STM32C031K4U3, STM32C031K4U6, STM32C031K6T3, STM32C031K6T6, STM32C031K6U3, STM32C031K6U6, STM32G071K8TXN, STM32G071K8UXN, STM32G081GBU6N, STM32G081KBT6N, STM32G081KBUXN, STM32G0B1CCT6N, STM32G0B1KCT6, STM32G0B1NEY6TR, STM32G0B1RCT6N, STM32G0C1CCT6, STM32G0C1CCT6N, STM32G0C1CCU6N, STM32G0C1CET6N, STM32G0C1CEU6N, STM32G0C1KCT6, STM32G0C1NEY6TR, STM32G0C1RCI6N, STM32G0C1RCT6N, STM32G0C1REI6N, STM32G0C1RET6N, STM32G0C1VCI6, STM32G0C1VEI6, STM32G471CCT6, STM32G471CCU6, STM32G471CET3, STM32G471CET6, STM32G471CEU3, STM32G471CEU6, STM32G471MCT6, STM32G471MET3, STM32G471MET6, STM32G471MEY6TR, STM32G471QCT6, STM32G471QET3, STM32G471RCT6, STM32G471RET3, STM32G471RET6, STM32G471VCH6, STM32G471VCI6, STM32G471VCT6, STM32G471VEH3, STM32G471VEH6, STM32G471VEI3, STM32G471VEI6, STM32G471VET3, STM32G471VET6, STM32G474CCT6, STM32H503CBT6, STM32H503CBU6, STM32H503EBY6TR, STM32H503KBU6, STM32H503RBT6, STM32H562AGI6, STM32H562AII6, STM32H562IGK6, STM32H562IGT6, STM32H562IIK6, STM32H562IIT6, STM32H562RGT6, STM32H562RGV6, STM32H562RIT6, STM32H562RIV6, STM32H562VGT6, STM32H562VIT6, STM32H562ZGT6, STM32H562ZIT6, STM32H563AGI6, STM32H563AII3Q, STM32H563AII6, STM32H563IGK6, STM32H563IGT6, STM32H563IIK3Q, STM32H563IIK6, STM32H563IIT3Q, STM32H563IIT6, STM32H563MIY3QTR, STM32H563RGT6, STM32H563RGV6, STM32H563RIT6, STM32H563RIV6, STM32H563VGT6, STM32H563VIT3Q, STM32H563VIT6, STM32H563ZGT6, STM32H563ZIT3Q, STM32H563ZIT6, STM32H573AII3Q, STM32H573AII6, STM32H573I-DK, STM32H573IIK3Q, STM32H573IIK6, STM32H573IIT3Q, STM32H573IIT6, STM32H573MIY3QTR, STM32H573RIT6, STM32H573RIV6, STM32H573VIT3Q, STM32H573VIT6, STM32H573ZIT3Q, STM32H573ZIT6, STM32L4R5QGI6STR, STM32MP131AAE3, STM32MP131AAF3, STM32MP131AAG3, STM32MP131CAE3, STM32MP131CAF3, STM32MP131CAG3, STM32MP131DAE7, STM32MP131DAF7, STM32MP131DAG7, STM32MP131FAE7, STM32MP131FAF7, STM32MP131FAG7, STM32MP133AAE3, STM32MP133AAF3, STM32MP133AAG3, STM32MP133CAE3, STM32MP133CAF3, STM32MP133CAG3, STM32MP133DAE7, STM32MP133DAF7, STM32MP133DAG7, STM32MP133FAE7, STM32MP133FAF7, STM32MP133FAG7, STM32MP135AAE3, STM32MP135AAF3, STM32MP135AAG3, STM32MP135CAE3, STM32MP135CAF3, STM32MP135CAG3, STM32MP135DAE7, STM32MP135DAF7, STM32MP135DAG7, STM32MP135F-DK, STM32MP135FAE7, STM32MP135FAF7, STM32MP135FAF7T, STM32MP135FAF7U, STM32MP135FAG7, STM32U535CBT6, STM32U535CBT6Q, STM32U535CBU6, STM32U535CBU6Q, STM32U535CCT6, STM32U535CCT6Q, STM32U535CCU6, STM32U535CCU6Q, STM32U535CET6, STM32U535CET6Q, STM32U535CEU6, STM32U535CEU6Q, STM32U535JEY6QTR, STM32U535NCY6QTR, STM32U535NEY6QTR, STM32U535RBI6, STM32U535RBI6Q, STM32U535RBT6, STM32U535RBT6Q, STM32U535RCI6, STM32U535RCI6Q, STM32U535RCT6, STM32U535RCT6Q, STM32U535REI6, STM32U535REI6Q, STM32U535RET6, STM32U535RET6Q, STM32U535VCI6, STM32U535VCI6Q, STM32U535VCT6, STM32U535VCT6Q, STM32U535VEI6, STM32U535VEI6Q, STM32U535VET6, STM32U535VET6Q, STM32U545CET6, STM32U545CET6Q, STM32U545CEU6, STM32U545CEU6Q, STM32U545JEY6QTR, STM32U545NEY6QTR, STM32U545REI6, STM32U545REI6Q, STM32U545RET6, STM32U545RET6Q, STM32U545VEI6, STM32U545VEI6Q, STM32U545VET6, STM32U545VET6Q, STM32U595AIH6, STM32U595AIH6Q, STM32U595AJH6, STM32U595AJH6Q, STM32U595QII6, STM32U595QII6Q, STM32U595QJI6, STM32U595QJI6Q, STM32U595RIT6, STM32U595RIT6Q, STM32U595RJT6, STM32U595RJT6Q, STM32U595VIT6, STM32U595VIT6Q, STM32U595VJT6, STM32U595VJT6Q, STM32U595ZIT6, STM32U595ZIT6Q, STM32U595ZIY6QTR, STM32U595ZJT6, STM32U595ZJT6Q, STM32U595ZJY6QTR, STM32U599BJY6QTR, STM32U599NIH6Q, STM32U599NJH6Q, STM32U599VIT6Q, STM32U599VJT6, STM32U599VJT6Q, STM32U599ZIT6Q, STM32U599ZIY6QTR, STM32U599ZJT6Q, STM32U599ZJY6QTR, STM32U5A5AJH6, STM32U5A5AJH6Q, STM32U5A5QJI6, STM32U5A5QJI6Q, STM32U5A5RJT6, STM32U5A5RJT6Q, STM32U5A5VJT6, STM32U5A5VJT6Q, STM32U5A5ZJT6, STM32U5A5ZJT6Q, STM32U5A5ZJY6QTR, STM32U5A9BJY6QTR, STM32U5A9J-DK, STM32U5A9NJH6Q, STM32U5A9VJT6Q, STM32U5A9ZJT6Q, STM32U5A9ZJY6QTR, STM32U5F7VIT6, STM32U5F7VIT6Q, STM32U5F7VJT6, STM32U5F7VJT6Q, STM32U5F9BJY6QTR, STM32U5F9NJH6Q, STM32U5F9VIT6Q, STM32U5F9VJT6Q, STM32U5F9ZIJ6QTR, STM32U5F9ZIT6Q, STM32U5F9ZJJ6QTR, STM32U5F9ZJT6Q, STM32U5G7VJT6, STM32U5G7VJT6Q, STM32U5G9BJY6QTR, STM32U5G9J-DK1, STM32U5G9J-DK2, STM32U5G9NJH6Q, STM32U5G9VJT6Q, STM32U5G9ZJJ6QTR, STM32U5G9ZJT6Q, STM32WB1MMCH6, STM32WBA52CEU6, STM32WBA52CEU6T, STM32WBA52CGU6, STM32WBA52CGU6T, STM32WBA52KEU6, STM32WBA52KEU6T, STM32WBA52KGU6, STM32WBA52KGU6T, STM32WL5MOCH6, STM32WL5MOCH6TR]
2023-11-12 22:48:33,822 [INFO] BoardInfo:880 - No configuration file found for board P-NUCLEO-WB55
2023-11-12 22:48:33,822 [INFO] DbBoards:157 - Kit is not supported: P-NUCLEO-WB55
2023-11-12 22:48:33,825 [INFO] BoardInfo:880 - No configuration file found for board STEVAL-BFA001V1B
2023-11-12 22:48:33,826 [INFO] DbBoards:157 - Kit is not supported: STEVAL-BFA001V1B
2023-11-12 22:48:33,826 [INFO] BoardInfo:880 - No configuration file found for board STEVAL-BFA001V2B
2023-11-12 22:48:33,826 [INFO] DbBoards:157 - Kit is not supported: STEVAL-BFA001V2B
2023-11-12 22:48:33,904 [INFO] DbBoards:161 - Found 190 boards, 187 are supported
2023-11-12 22:48:33,907 [INFO] ApiDb:423 - Load user favorites file /home/tux/.stm32cubeide/favorites.boards.txt: 0 item(s)
2023-11-12 22:48:33,907 [INFO] ApiDb:427 - User favorites Boards=[]
2023-11-12 22:48:33,908 [INFO] DbBoards:190 - Set 0 / 0 favorites Boards
2023-11-12 22:48:33,910 [INFO] ApiDb:668 - CubeFinder database Data Model version=2.1
2023-11-12 22:48:33,910 [INFO] ApiDb:669 - CubeFinder database Configuration version=3.0.37
2023-11-12 22:48:33,910 [INFO] ApiDb:670 - CubeFinder database generation date=2023-10-13 (1697197505)
2023-11-12 22:48:33,910 [INFO] ApiDb:671 - CubeFinder database FW Pack versions=[FP-ATR-ASTRA1_V2.0.0, FP-SNS-FLIGHT1_V5.0.1, FP-SNS-FLIGHT1_V5.0.2, FP-SNS-MOTENV1_V4.3.1, FP-SNS-MOTENV1_V4.3.2, FP-SNS-SMARTAG2_V1.2.0, I-CUBE-ITTIADB_V8.6.3-1, STM32Cube_FW_C0_V1.1.0, STM32Cube_FW_F4_V1.27.1, STM32Cube_FW_F7_V1.17.0, STM32Cube_FW_G0_V1.6.1, STM32Cube_FW_G4_V1.5.1, STM32Cube_FW_H5_V0.5.1, STM32Cube_FW_H5_V1.1.1, STM32Cube_FW_H7_V1.11.0, STM32Cube_FW_L0_V1.12.2, STM32Cube_FW_L5_V1.5.0, STM32Cube_FW_U5_V1.3.0, STM32Cube_FW_U5_V1.3.0RC4, STM32Cube_FW_WBA_V1.0.0RC1, STM32Cube_FW_WBA_V1.1.0RC1, STM32Cube_FW_WBA_V1.1.1, STM32Cube_FW_WB_V1.15.0RC1, STM32Cube_FW_WB_V1.16.0, STM32Cube_FW_WB_V1.16.0RC2, STM32Cube_FW_WB_V1.17.3, STM32Cube_FW_WL_V1.3.0, X-CUBE-ALGOBUILD_V1.3.0, X-CUBE-ALS_V1.0.1, X-CUBE-AZRTOS-F4_V1.1.0, X-CUBE-AZRTOS-F7_V1.1.0, X-CUBE-AZRTOS-G0_V1.1.0, X-CUBE-AZRTOS-G4_V2.0.0, X-CUBE-AZRTOS-H7_V3.1.0, X-CUBE-AZRTOS-L4_V1.0.0, X-CUBE-AZRTOS-L4_V2.0.0, X-CUBE-AZRTOS-L5_V1.1.0, X-CUBE-AZRTOS-WB_V2.0.0, X-CUBE-AZRTOS-WL_V2.0.0, X-CUBE-BLE1_V7.0.0, X-CUBE-BLE2_V3.3.0, X-CUBE-BLEMGR_V2.0.0, X-CUBE-EEPRMA1_V4.1.0, X-CUBE-FREERTOS_V1.1.0, X-CUBE-GNSS1_V6.0.0, X-CUBE-MEMS1_V10.0.0, X-CUBE-MEMS1_V9.1.0, X-CUBE-MEMS1_V9.4.0, X-CUBE-MEMS1_V9.6.0, X-CUBE-NFC4_V3.0.0, X-CUBE-NFC7_V1.0.1, X-CUBE-SFXS2LP1_V4.0.0, X-CUBE-SUBG2_V5.0.0, X-CUBE-TOF1_V3.3.1]
2023-11-12 22:48:35,376 [ERROR] DbExamplesSqlite:437 - Missing JSON key: board_cpn
2023-11-12 22:48:35,377 [ERROR] DbExamplesSqlite:437 - Missing JSON key: board_cpn
2023-11-12 22:48:35,377 [ERROR] DbExamplesSqlite:437 - Missing JSON key: board_cpn
2023-11-12 22:48:35,377 [ERROR] DbExamplesSqlite:437 - Missing JSON key: board_cpn
2023-11-12 22:48:35,395 [INFO] DbExamplesSqlite:395 - Ignored 27 examples not supported by CubeIDE
2023-11-12 22:48:35,396 [INFO] DbExamplesSqlite:396 - Found 7221 examples active
2023-11-12 22:48:35,396 [INFO] DbExamplesSqlite:397 - Found 777 examples obsolete
2023-11-12 22:48:35,396 [INFO] DbExamplesSqlite:398 - Found 0 examples under development
2023-11-12 22:48:35,397 [INFO] DbExamplesSqlite:399 - Found 74 examples not building
2023-11-12 22:48:35,401 [INFO] DbExamples:125 - Found 7268 examples
2023-11-12 22:48:35,431 [INFO] DbExamples:222 - Found 93 boards with related examples
2023-11-12 22:48:35,434 [INFO] DbExamples:235 - Found 79 MCUs with related examples
2023-11-12 22:48:35,470 [INFO] ApiDb:414 - User favorites file not found: /home/tux/.stm32cubeide/favorites.examples.txt
2023-11-12 22:48:35,471 [INFO] DbExamples:250 - Set 0 / 0 favorites Examples
2023-11-12 22:48:35,820 [INFO] McuFinderGlobals:76 - Set McuFinderConnectedMode to true
2023-11-12 22:48:35,830 [INFO] MultiScanPanel:200 - Auto-refresh data requested => check proxy status ongoing
2023-11-12 22:48:35,836 [INFO] FinderPluginLoader:95 - Searching for filters in installed packs
2023-11-12 22:48:38,613 [INFO] LoadUrlFilesThread:185 - End of LoadServerUrlFiles without Thread
2023-11-12 22:48:38,702 [INFO] DetailPanel:341 - Set advertising image to /home/tux/STM32Cube/Repository//en.prom-stm32h5-mcu-finder.jpg
2023-11-12 22:49:47,314 [INFO] MultiScanPanel:200 - Auto-refresh data requested => check proxy status ongoing
2023-11-12 22:49:47,604 [INFO] LoadUrlFilesThread:185 - End of LoadServerUrlFiles without Thread
2023-11-12 22:49:47,605 [INFO] DetailPanel:341 - Set advertising image to /home/tux/STM32Cube/Repository//en.prom-stm32h5-mcu-finder.jpg
2023-11-12 22:49:47,617 [INFO] DbBoards:634 - Loading board mini-images...
2023-11-12 22:49:50,394 [INFO] DbBoards:657 - Loaded 190 board mini-images
2023-11-12 22:50:06,612 [INFO] MetaSearchPanel:254 - search for filter with key=Nucleo-32
2023-11-12 22:50:06,613 [INFO] MetaSearchPanel:355 - search for filter component Type
2023-11-12 22:50:06,614 [INFO] MetaSearchPanel:329 - Collapse all filters sections
2023-11-12 22:50:16,132 [INFO] MetaSearchPanel:254 - search for filter with key=Nucleo-32
2023-11-12 22:50:16,132 [INFO] MetaSearchPanel:355 - search for filter component Type
2023-11-12 22:50:16,132 [INFO] MetaSearchPanel:329 - Collapse all filters sections
2023-11-12 23:55:53,783 [ERROR] LogOutputStream:75 - [STDERR_REDIRECT] 
2023-11-12 23:55:53,791 [ERROR] LogOutputStream:75 - [STDERR_REDIRECT] SWT SessionManagerDBus: Failed to UnregisterClient: The connection is closed
