2024-03-21 00:00:11,495 [ERROR] LogOutputStream:75 - [STDERR_REDIRECT] Mar 21, 2024 12:00:11 AM java.util.prefs.FileSystemPreferences checkLockFile0ErrorCode
2024-03-21 00:00:11,550 [ERROR] LogOutputStream:75 - [STDERR_REDIRECT] WARNING: Could not lock System prefs. Unix error code 29560.
2024-03-21 00:00:11,550 [ERROR] LogOutputStream:75 - [STDERR_REDIRECT] 
2024-03-21 00:00:11,552 [ERROR] LogOutputStream:75 - [STDERR_REDIRECT] Mar 21, 2024 12:00:11 AM java.util.prefs.FileSystemPreferences syncWorld
2024-03-21 00:00:11,553 [ERROR] LogOutputStream:75 - [STDERR_REDIRECT] WARNING: Couldn't flush system prefs: java.util.prefs.BackingStoreException: Couldn't get file lock.
2024-03-21 00:00:11,553 [ERROR] LogOutputStream:75 - [STDERR_REDIRECT] 
2024-03-21 00:00:41,494 [ERROR] LogOutputStream:75 - [STDERR_REDIRECT] Mar 21, 2024 12:00:41 AM java.util.prefs.FileSystemPreferences checkLockFile0ErrorCode
2024-03-21 00:00:41,494 [ERROR] LogOutputStream:75 - [STDERR_REDIRECT] WARNING: Could not lock System prefs. Unix error code 29560.
2024-03-21 00:00:41,494 [ERROR] LogOutputStream:75 - [STDERR_REDIRECT] 
2024-03-21 00:00:41,495 [ERROR] LogOutputStream:75 - [STDERR_REDIRECT] Mar 21, 2024 12:00:41 AM java.util.prefs.FileSystemPreferences syncWorld
2024-03-21 00:00:41,495 [ERROR] LogOutputStream:75 - [STDERR_REDIRECT] WARNING: Couldn't flush system prefs: java.util.prefs.BackingStoreException: Couldn't get file lock.
2024-03-21 00:00:41,495 [ERROR] LogOutputStream:75 - [STDERR_REDIRECT] 
2024-03-21 00:01:11,494 [ERROR] LogOutputStream:75 - [STDERR_REDIRECT] Mar 21, 2024 12:01:11 AM java.util.prefs.FileSystemPreferences checkLockFile0ErrorCode
2024-03-21 00:01:11,495 [ERROR] LogOutputStream:75 - [STDERR_REDIRECT] WARNING: Could not lock System prefs. Unix error code 29560.
2024-03-21 00:01:11,495 [ERROR] LogOutputStream:75 - [STDERR_REDIRECT] 
2024-03-21 00:01:11,496 [ERROR] LogOutputStream:75 - [STDERR_REDIRECT] Mar 21, 2024 12:01:11 AM java.util.prefs.FileSystemPreferences syncWorld
2024-03-21 00:01:11,496 [ERROR] LogOutputStream:75 - [STDERR_REDIRECT] WARNING: Couldn't flush system prefs: java.util.prefs.BackingStoreException: Couldn't get file lock.
2024-03-21 00:01:11,497 [ERROR] LogOutputStream:75 - [STDERR_REDIRECT] 
2024-03-21 00:01:41,494 [ERROR] LogOutputStream:75 - [STDERR_REDIRECT] Mar 21, 2024 12:01:41 AM java.util.prefs.FileSystemPreferences checkLockFile0ErrorCode
2024-03-21 00:01:41,495 [ERROR] LogOutputStream:75 - [STDERR_REDIRECT] WARNING: Could not lock System prefs. Unix error code 29560.
2024-03-21 00:01:41,495 [ERROR] LogOutputStream:75 - [STDERR_REDIRECT] 
2024-03-21 00:01:41,496 [ERROR] LogOutputStream:75 - [STDERR_REDIRECT] Mar 21, 2024 12:01:41 AM java.util.prefs.FileSystemPreferences syncWorld
2024-03-21 00:01:41,496 [ERROR] LogOutputStream:75 - [STDERR_REDIRECT] WARNING: Couldn't flush system prefs: java.util.prefs.BackingStoreException: Couldn't get file lock.
2024-03-21 00:01:41,497 [ERROR] LogOutputStream:75 - [STDERR_REDIRECT] 
2024-03-21 00:02:11,494 [ERROR] LogOutputStream:75 - [STDERR_REDIRECT] Mar 21, 2024 12:02:11 AM java.util.prefs.FileSystemPreferences checkLockFile0ErrorCode
2024-03-21 00:02:11,494 [ERROR] LogOutputStream:75 - [STDERR_REDIRECT] WARNING: Could not lock System prefs. Unix error code 29560.
2024-03-21 00:02:11,495 [ERROR] LogOutputStream:75 - [STDERR_REDIRECT] 
2024-03-21 00:02:11,497 [ERROR] LogOutputStream:75 - [STDERR_REDIRECT] Mar 21, 2024 12:02:11 AM java.util.prefs.FileSystemPreferences syncWorld
2024-03-21 00:02:11,498 [ERROR] LogOutputStream:75 - [STDERR_REDIRECT] WARNING: Couldn't flush system prefs: java.util.prefs.BackingStoreException: Couldn't get file lock.
2024-03-21 00:02:11,499 [ERROR] LogOutputStream:75 - [STDERR_REDIRECT] 
2024-03-21 00:02:41,494 [ERROR] LogOutputStream:75 - [STDERR_REDIRECT] Mar 21, 2024 12:02:41 AM java.util.prefs.FileSystemPreferences checkLockFile0ErrorCode
2024-03-21 00:02:41,495 [ERROR] LogOutputStream:75 - [STDERR_REDIRECT] WARNING: Could not lock System prefs. Unix error code 29560.
2024-03-21 00:02:41,495 [ERROR] LogOutputStream:75 - [STDERR_REDIRECT] 
2024-03-21 00:02:41,496 [ERROR] LogOutputStream:75 - [STDERR_REDIRECT] Mar 21, 2024 12:02:41 AM java.util.prefs.FileSystemPreferences syncWorld
2024-03-21 00:02:41,497 [ERROR] LogOutputStream:75 - [STDERR_REDIRECT] WARNING: Couldn't flush system prefs: java.util.prefs.BackingStoreException: Couldn't get file lock.
2024-03-21 00:02:41,497 [ERROR] LogOutputStream:75 - [STDERR_REDIRECT] 
2024-03-21 00:03:11,494 [ERROR] LogOutputStream:75 - [STDERR_REDIRECT] Mar 21, 2024 12:03:11 AM java.util.prefs.FileSystemPreferences checkLockFile0ErrorCode
2024-03-21 00:03:11,495 [ERROR] LogOutputStream:75 - [STDERR_REDIRECT] WARNING: Could not lock System prefs. Unix error code 29560.
2024-03-21 00:03:11,495 [ERROR] LogOutputStream:75 - [STDERR_REDIRECT] 
2024-03-21 00:03:11,497 [ERROR] LogOutputStream:75 - [STDERR_REDIRECT] Mar 21, 2024 12:03:11 AM java.util.prefs.FileSystemPreferences syncWorld
2024-03-21 00:03:11,497 [ERROR] LogOutputStream:75 - [STDERR_REDIRECT] WARNING: Couldn't flush system prefs: java.util.prefs.BackingStoreException: Couldn't get file lock.
2024-03-21 00:03:11,498 [ERROR] LogOutputStream:75 - [STDERR_REDIRECT] 
2024-03-21 00:03:41,494 [ERROR] LogOutputStream:75 - [STDERR_REDIRECT] Mar 21, 2024 12:03:41 AM java.util.prefs.FileSystemPreferences checkLockFile0ErrorCode
2024-03-21 00:03:41,495 [ERROR] LogOutputStream:75 - [STDERR_REDIRECT] WARNING: Could not lock System prefs. Unix error code 29560.
2024-03-21 00:03:41,495 [ERROR] LogOutputStream:75 - [STDERR_REDIRECT] 
2024-03-21 00:03:41,496 [ERROR] LogOutputStream:75 - [STDERR_REDIRECT] Mar 21, 2024 12:03:41 AM java.util.prefs.FileSystemPreferences syncWorld
2024-03-21 00:03:41,496 [ERROR] LogOutputStream:75 - [STDERR_REDIRECT] WARNING: Couldn't flush system prefs: java.util.prefs.BackingStoreException: Couldn't get file lock.
2024-03-21 00:03:41,496 [ERROR] LogOutputStream:75 - [STDERR_REDIRECT] 
2024-03-21 00:04:11,495 [ERROR] LogOutputStream:75 - [STDERR_REDIRECT] Mar 21, 2024 12:04:11 AM java.util.prefs.FileSystemPreferences checkLockFile0ErrorCode
2024-03-21 00:04:11,495 [ERROR] LogOutputStream:75 - [STDERR_REDIRECT] WARNING: Could not lock System prefs. Unix error code 29560.
2024-03-21 00:04:11,495 [ERROR] LogOutputStream:75 - [STDERR_REDIRECT] 
2024-03-21 00:04:11,496 [ERROR] LogOutputStream:75 - [STDERR_REDIRECT] Mar 21, 2024 12:04:11 AM java.util.prefs.FileSystemPreferences syncWorld
2024-03-21 00:04:11,496 [ERROR] LogOutputStream:75 - [STDERR_REDIRECT] WARNING: Couldn't flush system prefs: java.util.prefs.BackingStoreException: Couldn't get file lock.
2024-03-21 00:04:11,496 [ERROR] LogOutputStream:75 - [STDERR_REDIRECT] 
